3.6554 	INFO 	Loaded monitor calibration from ['2023_05_12 15:00']
3.6643 	WARNING 	User requested fullscreen with size [1024  768], but screen is actually [1920, 1080]. Using actual size
3.8196 	EXP 	Created window1 = Window(allowGUI=False, allowStencil=False, autoLog=True, backendConf=UNKNOWN, backgroundFit=<method-wrapper '__getattribute__' of attributeSetter object at 0x7fde815c7790>, backgroundImage=<method-wrapper '__getattribute__' of attributeSetter object at 0x7fde815c76a0>, bitsMode=UNKNOWN, blendMode='avg', bpc=(8, 8, 8), color=array([0, 0, 0]), colorSpace='rgb', depthBits=8, fullscr=True, gamma=None, gammaErrorPolicy='raise', infoMsg=UNKNOWN, lms=UNKNOWN, monitor=<psychopy.monitors.calibTools.Monitor object at 0x7fdec2eb1250>, multiSample=False, name='window1', numSamples=2, pos=[0.0, 0.0], screen=0, size=array([3840, 2160]), stencilBits=0, stereo=False, title='PsychoPy', units='height', useFBO=True, useRetina=True, viewOri=0.0, viewPos=None, viewScale=None, waitBlanking=True, winType='pyglet')
3.8197 	EXP 	window1: backgroundImage = ''
3.8197 	EXP 	window1: backgroundFit = 'none'
3.8669 	EXP 	window1: Attempting to measure frame rate of screen (0) ...
3.8670 	EXP 	window1: recordFrameIntervals = False
3.9993 	EXP 	window1: recordFrameIntervals = True
4.8331 	WARNING 	Couldn't measure a consistent frame rate!
  - Is your graphics card set to sync to vertical blank?
  - Are you running other processes on your computer?

6.5430 	INFO 	keyboard.Keyboard is using iohub backend.
6.5431 	INFO 	keyboard.Keyboard is using iohub backend.
6.5431 	EXP 	motion-experiment: status = STARTED
6.5508 	EXP 	Created dots = DotStim(__class__=<class 'psychopy.visual.dot.DotStim'>, autoLog=True, coherence=1.0, color=array([1., 1., 1.]), colorSpace='rgb', contrast=1.0, depth=0.0, dir=1.0, dotLife=10.0, dotSize=6.0, element=None, fieldAnchor=UNKNOWN, fieldPos=array([0., 0.]), fieldShape='circle', fieldSize=array([0.5, 0.5]), nDots=50, name='dots', noiseDots='direction', opacity=1, rgb=UNKNOWN, signalDots='same', speed=0.002, units='height', win=Window(...))
6.5552 	EXP 	Created fixation_circle = ShapeStim(__class__=<class 'psychopy.visual.shape.ShapeStim'>, anchor=('center', 'center'), autoDraw=False, autoLog=True, closeShape=True, color=method-wrapper(...), colorSpace='rgb', contrast=None, depth=-1.0, draggable=False, fillColor=array([0.00392157, 0.00392157, 0.00392157]), fillColorSpace='rgb', fillRGB=array([0.00392157, 0.00392157, 0.00392157]), interpolate=True, lineColor=array([0.00392157, 0.00392157, 0.00392157]), lineColorSpace='rgb', lineRGB=array([0.00392157, 0.00392157, 0.00392157]), lineWidth=1.0, name='fixation_circle', opacity=1, ori=0.0, pos=array([0., 0.]), size=array([0.1, 0.1]), units='height', vertices=ndarray(...), win=Window(...), windingRule=None)
6.5565 	EXP 	Created fixation_cross = ShapeStim(__class__=<class 'psychopy.visual.shape.ShapeStim'>, anchor=('center', 'center'), autoDraw=False, autoLog=True, closeShape=True, color=method-wrapper(...), colorSpace='rgb', contrast=None, depth=-2.0, draggable=False, fillColor=array([-1, -1, -1]), fillColorSpace='rgb', fillRGB=array([-1, -1, -1]), interpolate=True, lineColor=array([-1., -1., -1.]), lineColorSpace='rgb', lineRGB=array([-1, -1, -1]), lineWidth=1.0, name='fixation_cross', opacity=1, ori=0.0, pos=array([0., 0.]), size=array([0.025, 0.025]), units='height', vertices=ndarray(...), win=Window(...), windingRule=None)
6.5579 	EXP 	Created fixation_green = ShapeStim(__class__=<class 'psychopy.visual.shape.ShapeStim'>, anchor=('center', 'center'), autoDraw=False, autoLog=True, closeShape=True, color=method-wrapper(...), colorSpace='rgb', contrast=None, depth=-3.0, draggable=False, fillColor=array([-1.        ,  0.00392157, -1.        ]), fillColorSpace='rgb', fillRGB=array([-1.        ,  0.00392157, -1.        ]), interpolate=True, lineColor=array([-1.        ,  0.00392157, -1.        ]), lineColorSpace='rgb', lineRGB=array([-1.        ,  0.00392157, -1.        ]), lineWidth=1.0, name='fixation_green', opacity=1, ori=0.0, pos=array([0., 0.]), size=array([0.025, 0.025]), units='height', vertices=ndarray(...), win=Window(...), windingRule=None)
0.0151 	EXP 	Imported conditions.xlsx as conditions, 12 conditions, 2 params
0.0160 	EXP 	New trial (rep=0, index=0): <Trial 0 (0 in rep 0) data={'direction': 180, 'coherence': 0.8, 'thisN': 0, 'thisTrialN': 0, 'thisRepN': 0}>
0.0213 	EXP 	dots: dir = 180.0
0.0213 	EXP 	dots: coherence = 0.8
0.0213 	EXP 	fixation_circle: autoDraw = True
0.0213 	EXP 	fixation_cross: autoDraw = True
0.0940 	EXP 	dots: autoDraw = True
0.5918 	EXP 	dots: autoDraw = False
0.5966 	INFO 	Keyboard events cleared
0.5963 	EXP 	fixation_green: autoDraw = True
0.6115 	EXP 	fixation_circle: autoDraw = False
0.6115 	EXP 	fixation_cross: autoDraw = False
2.6769 	EXP 	New trial (rep=0, index=1): <Trial 1 (1 in rep 0) data={'direction': 180, 'coherence': 0.6, 'thisN': 1, 'thisTrialN': 1, 'thisRepN': 0}>
2.6992 	DATA 	Keypress: right
2.7025 	WARNING 	t of last frame was 39.90ms (=1/25)
2.7025 	EXP 	dots: autoDraw = False
2.7025 	EXP 	fixation_circle: autoDraw = False
2.7025 	EXP 	fixation_cross: autoDraw = False
2.7025 	EXP 	fixation_green: autoDraw = False
2.7025 	EXP 	dots: dir = 180.0
2.7025 	EXP 	dots: coherence = 0.6
2.7025 	EXP 	fixation_circle: autoDraw = True
2.7025 	EXP 	fixation_cross: autoDraw = True
2.7747 	EXP 	dots: autoDraw = True
3.2626 	EXP 	dots: autoDraw = False
3.2755 	INFO 	Keyboard events cleared
3.2751 	EXP 	fixation_green: autoDraw = True
3.2946 	EXP 	fixation_circle: autoDraw = False
3.2946 	EXP 	fixation_cross: autoDraw = False
3.6766 	EXP 	New trial (rep=0, index=2): <Trial 2 (2 in rep 0) data={'direction': 0, 'coherence': 0.4, 'thisN': 2, 'thisTrialN': 2, 'thisRepN': 0}>
3.6790 	DATA 	Keypress: left
3.6820 	EXP 	dots: autoDraw = False
3.6820 	EXP 	fixation_circle: autoDraw = False
3.6820 	EXP 	fixation_cross: autoDraw = False
3.6820 	EXP 	fixation_green: autoDraw = False
3.6820 	EXP 	dots: dir = 0.0
3.6820 	EXP 	dots: coherence = 0.4
3.6820 	EXP 	fixation_circle: autoDraw = True
3.6820 	EXP 	fixation_cross: autoDraw = True
3.7751 	EXP 	dots: autoDraw = True
4.2625 	EXP 	dots: autoDraw = False
4.2754 	INFO 	Keyboard events cleared
4.2750 	EXP 	fixation_green: autoDraw = True
4.2790 	EXP 	fixation_circle: autoDraw = False
4.2790 	EXP 	fixation_cross: autoDraw = False
4.5525 	WARNING 	t of last frame was 110.77ms (=1/9)
4.6592 	EXP 	New trial (rep=0, index=3): <Trial 3 (3 in rep 0) data={'direction': 0, 'coherence': 0.2, 'thisN': 3, 'thisTrialN': 3, 'thisRepN': 0}>
4.6607 	DATA 	Keypress: right
4.6635 	EXP 	dots: autoDraw = False
4.6635 	EXP 	fixation_circle: autoDraw = False
4.6635 	EXP 	fixation_cross: autoDraw = False
4.6635 	EXP 	fixation_green: autoDraw = False
4.6635 	EXP 	dots: dir = 0.0
4.6635 	EXP 	dots: coherence = 0.2
4.6635 	EXP 	fixation_circle: autoDraw = True
4.6635 	EXP 	fixation_cross: autoDraw = True
4.7455 	EXP 	dots: autoDraw = True
5.2417 	EXP 	dots: autoDraw = False
5.2447 	INFO 	Keyboard events cleared
5.2445 	EXP 	fixation_green: autoDraw = True
5.2613 	EXP 	fixation_circle: autoDraw = False
5.2613 	EXP 	fixation_cross: autoDraw = False
5.6265 	EXP 	New trial (rep=0, index=4): <Trial 4 (4 in rep 0) data={'direction': 180, 'coherence': 0.2, 'thisN': 4, 'thisTrialN': 4, 'thisRepN': 0}>
5.6289 	DATA 	Keypress: left
5.6323 	EXP 	dots: autoDraw = False
5.6323 	EXP 	fixation_circle: autoDraw = False
5.6323 	EXP 	fixation_cross: autoDraw = False
5.6323 	EXP 	fixation_green: autoDraw = False
5.6323 	EXP 	dots: dir = 180.0
5.6323 	EXP 	dots: coherence = 0.2
5.6323 	EXP 	fixation_circle: autoDraw = True
5.6323 	EXP 	fixation_cross: autoDraw = True
5.7251 	EXP 	dots: autoDraw = True
6.2126 	EXP 	dots: autoDraw = False
6.2254 	INFO 	Keyboard events cleared
6.2251 	EXP 	fixation_green: autoDraw = True
6.2281 	EXP 	fixation_circle: autoDraw = False
6.2281 	EXP 	fixation_cross: autoDraw = False
6.7430 	EXP 	New trial (rep=0, index=5): <Trial 5 (5 in rep 0) data={'direction': 180, 'coherence': 0.4, 'thisN': 5, 'thisTrialN': 5, 'thisRepN': 0}>
6.7552 	DATA 	Keypress: left
6.7583 	EXP 	dots: autoDraw = False
6.7583 	EXP 	fixation_circle: autoDraw = False
6.7583 	EXP 	fixation_cross: autoDraw = False
6.7583 	EXP 	fixation_green: autoDraw = False
6.7583 	EXP 	dots: dir = 180.0
6.7583 	EXP 	dots: coherence = 0.4
6.7583 	EXP 	fixation_circle: autoDraw = True
6.7583 	EXP 	fixation_cross: autoDraw = True
6.8288 	EXP 	dots: autoDraw = True
7.3252 	EXP 	dots: autoDraw = False
7.3419 	INFO 	Keyboard events cleared
7.3416 	EXP 	fixation_green: autoDraw = True
7.3463 	EXP 	fixation_circle: autoDraw = False
7.3463 	EXP 	fixation_cross: autoDraw = False
7.7600 	EXP 	New trial (rep=0, index=6): <Trial 6 (6 in rep 0) data={'direction': 0, 'coherence': 0.6, 'thisN': 6, 'thisTrialN': 6, 'thisRepN': 0}>
7.7628 	DATA 	Keypress: left
7.7658 	EXP 	dots: autoDraw = False
7.7658 	EXP 	fixation_circle: autoDraw = False
7.7658 	EXP 	fixation_cross: autoDraw = False
7.7658 	EXP 	fixation_green: autoDraw = False
7.7658 	EXP 	dots: dir = 0.0
7.7658 	EXP 	dots: coherence = 0.6
7.7658 	EXP 	fixation_circle: autoDraw = True
7.7658 	EXP 	fixation_cross: autoDraw = True
7.8583 	EXP 	dots: autoDraw = True
8.3445 	EXP 	dots: autoDraw = False
8.3588 	INFO 	Keyboard events cleared
8.3585 	EXP 	fixation_green: autoDraw = True
8.3623 	EXP 	fixation_circle: autoDraw = False
8.3623 	EXP 	fixation_cross: autoDraw = False
8.6591 	EXP 	New trial (rep=0, index=7): <Trial 7 (7 in rep 0) data={'direction': 0, 'coherence': 0, 'thisN': 7, 'thisTrialN': 7, 'thisRepN': 0}>
8.6612 	DATA 	Keypress: right
8.6642 	EXP 	dots: autoDraw = False
8.6642 	EXP 	fixation_circle: autoDraw = False
8.6642 	EXP 	fixation_cross: autoDraw = False
8.6642 	EXP 	fixation_green: autoDraw = False
8.6642 	EXP 	dots: dir = 0.0
8.6642 	EXP 	dots: coherence = 0.0
8.6642 	EXP 	fixation_circle: autoDraw = True
8.6642 	EXP 	fixation_cross: autoDraw = True
8.7446 	EXP 	dots: autoDraw = True
9.2419 	EXP 	dots: autoDraw = False
9.2471 	INFO 	Keyboard events cleared
9.2468 	EXP 	fixation_green: autoDraw = True
9.2585 	EXP 	fixation_circle: autoDraw = False
9.2585 	EXP 	fixation_cross: autoDraw = False
9.8270 	EXP 	New trial (rep=0, index=8): <Trial 8 (8 in rep 0) data={'direction': 180, 'coherence': 0, 'thisN': 8, 'thisTrialN': 8, 'thisRepN': 0}>
9.8298 	DATA 	Keypress: right
9.8332 	EXP 	dots: autoDraw = False
9.8332 	EXP 	fixation_circle: autoDraw = False
9.8332 	EXP 	fixation_cross: autoDraw = False
9.8332 	EXP 	fixation_green: autoDraw = False
9.8332 	EXP 	dots: dir = 180.0
9.8332 	EXP 	dots: coherence = 0.0
9.8332 	EXP 	fixation_circle: autoDraw = True
9.8332 	EXP 	fixation_cross: autoDraw = True
9.9250 	EXP 	dots: autoDraw = True
10.4112 	EXP 	dots: autoDraw = False
10.4247 	INFO 	Keyboard events cleared
10.4245 	EXP 	fixation_green: autoDraw = True
10.4328 	EXP 	fixation_circle: autoDraw = False
10.4328 	EXP 	fixation_cross: autoDraw = False
10.9468 	EXP 	New trial (rep=0, index=9): <Trial 9 (9 in rep 0) data={'direction': 0, 'coherence': 0.8, 'thisN': 9, 'thisTrialN': 9, 'thisRepN': 0}>
10.9492 	DATA 	Keypress: right
10.9580 	EXP 	dots: autoDraw = False
10.9580 	EXP 	fixation_circle: autoDraw = False
10.9580 	EXP 	fixation_cross: autoDraw = False
10.9580 	EXP 	fixation_green: autoDraw = False
10.9580 	EXP 	dots: dir = 0.0
10.9580 	EXP 	dots: coherence = 0.8
10.9580 	EXP 	fixation_circle: autoDraw = True
10.9580 	EXP 	fixation_cross: autoDraw = True
11.0418 	EXP 	dots: autoDraw = True
11.5295 	EXP 	dots: autoDraw = False
11.5420 	INFO 	Keyboard events cleared
11.5418 	EXP 	fixation_green: autoDraw = True
11.5455 	EXP 	fixation_circle: autoDraw = False
11.5455 	EXP 	fixation_cross: autoDraw = False
11.7100 	EXP 	New trial (rep=0, index=10): <Trial 10 (10 in rep 0) data={'direction': 180, 'coherence': 1, 'thisN': 10, 'thisTrialN': 10, 'thisRepN': 0}>
11.7123 	DATA 	Keypress: right
11.7155 	EXP 	dots: autoDraw = False
11.7155 	EXP 	fixation_circle: autoDraw = False
11.7155 	EXP 	fixation_cross: autoDraw = False
11.7155 	EXP 	fixation_green: autoDraw = False
11.7155 	EXP 	dots: dir = 180.0
11.7155 	EXP 	dots: coherence = 1.0
11.7155 	EXP 	fixation_circle: autoDraw = True
11.7155 	EXP 	fixation_cross: autoDraw = True
11.8085 	EXP 	dots: autoDraw = True
12.2946 	EXP 	dots: autoDraw = False
12.3082 	INFO 	Keyboard events cleared
12.3080 	EXP 	fixation_green: autoDraw = True
12.3116 	EXP 	fixation_circle: autoDraw = False
12.3116 	EXP 	fixation_cross: autoDraw = False
12.6808 	EXP 	New trial (rep=0, index=11): <Trial 11 (11 in rep 0) data={'direction': 0, 'coherence': 1, 'thisN': 11, 'thisTrialN': 11, 'thisRepN': 0}>
12.6829 	DATA 	Keypress: left
12.6918 	EXP 	dots: autoDraw = False
12.6918 	EXP 	fixation_circle: autoDraw = False
12.6918 	EXP 	fixation_cross: autoDraw = False
12.6918 	EXP 	fixation_green: autoDraw = False
12.6918 	EXP 	dots: dir = 0.0
12.6918 	EXP 	dots: coherence = 1.0
12.6918 	EXP 	fixation_circle: autoDraw = True
12.6918 	EXP 	fixation_cross: autoDraw = True
12.7789 	EXP 	dots: autoDraw = True
13.2751 	EXP 	dots: autoDraw = False
13.2782 	INFO 	Keyboard events cleared
13.2779 	EXP 	fixation_circle: autoDraw = False
13.2779 	EXP 	fixation_cross: autoDraw = False
13.2779 	EXP 	fixation_green: autoDraw = True
13.6643 	EXP 	New trial (rep=1, index=0): <Trial 12 (0 in rep 1) data={'direction': 0, 'coherence': 0.2, 'thisN': 12, 'thisTrialN': 0, 'thisRepN': 1}>
13.6662 	DATA 	Keypress: right
13.6752 	EXP 	dots: autoDraw = False
13.6752 	EXP 	fixation_circle: autoDraw = False
13.6752 	EXP 	fixation_cross: autoDraw = False
13.6752 	EXP 	fixation_green: autoDraw = False
13.6752 	EXP 	dots: dir = 0.0
13.6752 	EXP 	dots: coherence = 0.2
13.6752 	EXP 	fixation_circle: autoDraw = True
13.6752 	EXP 	fixation_cross: autoDraw = True
13.7616 	EXP 	dots: autoDraw = True
14.2768 	INFO 	Keyboard events cleared
14.2765 	EXP 	dots: autoDraw = False
14.2765 	EXP 	fixation_circle: autoDraw = False
14.2765 	EXP 	fixation_cross: autoDraw = False
14.2765 	EXP 	fixation_green: autoDraw = True
14.8466 	EXP 	New trial (rep=1, index=1): <Trial 13 (1 in rep 1) data={'direction': 180, 'coherence': 0.6, 'thisN': 13, 'thisTrialN': 1, 'thisRepN': 1}>
14.8490 	DATA 	Keypress: left
14.8584 	EXP 	dots: autoDraw = False
14.8584 	EXP 	fixation_circle: autoDraw = False
14.8584 	EXP 	fixation_cross: autoDraw = False
14.8584 	EXP 	fixation_green: autoDraw = False
14.8584 	EXP 	dots: dir = 180.0
14.8584 	EXP 	dots: coherence = 0.6
14.8584 	EXP 	fixation_circle: autoDraw = True
14.8584 	EXP 	fixation_cross: autoDraw = True
14.9417 	EXP 	dots: autoDraw = True
15.4281 	EXP 	dots: autoDraw = False
15.4449 	INFO 	Keyboard events cleared
15.4447 	EXP 	fixation_circle: autoDraw = False
15.4447 	EXP 	fixation_cross: autoDraw = False
15.4447 	EXP 	fixation_green: autoDraw = True
15.8476 	EXP 	New trial (rep=1, index=2): <Trial 14 (2 in rep 1) data={'direction': 180, 'coherence': 0.2, 'thisN': 14, 'thisTrialN': 2, 'thisRepN': 1}>
15.8497 	DATA 	Keypress: left
15.8585 	EXP 	dots: autoDraw = False
15.8585 	EXP 	fixation_circle: autoDraw = False
15.8585 	EXP 	fixation_cross: autoDraw = False
15.8585 	EXP 	fixation_green: autoDraw = False
15.8585 	EXP 	dots: dir = 180.0
15.8585 	EXP 	dots: coherence = 0.2
15.8585 	EXP 	fixation_circle: autoDraw = True
15.8585 	EXP 	fixation_cross: autoDraw = True
15.9456 	EXP 	dots: autoDraw = True
16.4419 	EXP 	dots: autoDraw = False
16.4461 	INFO 	Keyboard events cleared
16.4457 	EXP 	fixation_circle: autoDraw = False
16.4457 	EXP 	fixation_cross: autoDraw = False
16.4457 	EXP 	fixation_green: autoDraw = True
17.9434 	EXP 	New trial (rep=1, index=3): <Trial 15 (3 in rep 1) data={'direction': 180, 'coherence': 0, 'thisN': 15, 'thisTrialN': 3, 'thisRepN': 1}>
17.9462 	DATA 	Keypress: right
17.9496 	EXP 	dots: autoDraw = False
17.9496 	EXP 	fixation_circle: autoDraw = False
17.9496 	EXP 	fixation_cross: autoDraw = False
17.9496 	EXP 	fixation_green: autoDraw = False
17.9496 	EXP 	dots: dir = 180.0
17.9496 	EXP 	dots: coherence = 0.0
17.9496 	EXP 	fixation_circle: autoDraw = True
17.9496 	EXP 	fixation_cross: autoDraw = True
18.0419 	EXP 	dots: autoDraw = True
18.5436 	INFO 	Keyboard events cleared
18.5430 	EXP 	dots: autoDraw = False
18.5430 	EXP 	fixation_green: autoDraw = True
18.5598 	EXP 	fixation_circle: autoDraw = False
18.5598 	EXP 	fixation_cross: autoDraw = False
19.0782 	DATA 	Keypress: escape
19.1762 	EXP 	motion-experiment: status = STOPPED
19.1796 	EXP 	fixation_green: autoDraw = False
19.1796 	EXP 	motion-experiment: status = STOPPED
19.1857 	INFO 	saved data to '/Users/kbonnen/Library/CloudStorage/OneDrive-IndianaUniversity/Courses/V768-Measuring-Perception/V768-Psychophysics-labs/08-motion-adaptation/motion-experiment/data/267276_motion-experiment_2025-03-07_14h36.55.802.csv'
19.1867 	INFO 	saved data to /Users/kbonnen/Library/CloudStorage/OneDrive-IndianaUniversity/Courses/V768-Measuring-Perception/V768-Psychophysics-labs/08-motion-adaptation/motion-experiment/data/267276_motion-experiment_2025-03-07_14h36.55.802.psydat
