3.5607 	INFO 	Loaded monitor calibration from ['2023_05_12 15:00']
3.5691 	WARNING 	User requested fullscreen with size [1024  768], but screen is actually [1920, 1080]. Using actual size
3.7211 	EXP 	Created window1 = Window(allowGUI=False, allowStencil=False, autoLog=True, backendConf=UNKNOWN, backgroundFit=<method-wrapper '__getattribute__' of attributeSetter object at 0x7fb0414985e0>, backgroundImage=<method-wrapper '__getattribute__' of attributeSetter object at 0x7fb0414984f0>, bitsMode=UNKNOWN, blendMode='avg', bpc=(8, 8, 8), color=array([0, 0, 0]), colorSpace='rgb', depthBits=8, fullscr=True, gamma=None, gammaErrorPolicy='raise', infoMsg=UNKNOWN, lms=UNKNOWN, monitor=<psychopy.monitors.calibTools.Monitor object at 0x7fb0415f10a0>, multiSample=False, name='window1', numSamples=2, pos=[0.0, 0.0], screen=0, size=array([3840, 2160]), stencilBits=0, stereo=False, title='PsychoPy', units='height', useFBO=True, useRetina=True, viewOri=0.0, viewPos=None, viewScale=None, waitBlanking=True, winType='pyglet')
3.7211 	EXP 	window1: backgroundImage = ''
3.7211 	EXP 	window1: backgroundFit = 'none'
3.7686 	EXP 	window1: Attempting to measure frame rate of screen (0) ...
3.7686 	EXP 	window1: recordFrameIntervals = False
3.8961 	EXP 	window1: recordFrameIntervals = True
4.7299 	WARNING 	Couldn't measure a consistent frame rate!
  - Is your graphics card set to sync to vertical blank?
  - Are you running other processes on your computer?

6.4318 	INFO 	keyboard.Keyboard is using iohub backend.
6.4319 	INFO 	keyboard.Keyboard is using iohub backend.
6.4319 	EXP 	motion-experiment: status = STARTED
6.4394 	EXP 	Created dots = DotStim(__class__=<class 'psychopy.visual.dot.DotStim'>, autoLog=True, coherence=1.0, color=array([1., 1., 1.]), colorSpace='rgb', contrast=1.0, depth=0.0, dir=0.0, dotLife=10.0, dotSize=6.0, element=None, fieldAnchor=UNKNOWN, fieldPos=array([0., 0.]), fieldShape='circle', fieldSize=array([0.5, 0.5]), nDots=50, name='dots', noiseDots='direction', opacity=1, rgb=UNKNOWN, signalDots='same', speed=0.002, units='height', win=Window(...))
6.4439 	EXP 	Created fixation_circle = ShapeStim(__class__=<class 'psychopy.visual.shape.ShapeStim'>, anchor=('center', 'center'), autoDraw=False, autoLog=True, closeShape=True, color=method-wrapper(...), colorSpace='rgb', contrast=None, depth=-1.0, draggable=False, fillColor=array([0.00392157, 0.00392157, 0.00392157]), fillColorSpace='rgb', fillRGB=array([0.00392157, 0.00392157, 0.00392157]), interpolate=True, lineColor=array([0.00392157, 0.00392157, 0.00392157]), lineColorSpace='rgb', lineRGB=array([0.00392157, 0.00392157, 0.00392157]), lineWidth=1.0, name='fixation_circle', opacity=1, ori=0.0, pos=array([0., 0.]), size=array([0.1, 0.1]), units='height', vertices=ndarray(...), win=Window(...), windingRule=None)
6.4453 	EXP 	Created fixation_cross = ShapeStim(__class__=<class 'psychopy.visual.shape.ShapeStim'>, anchor=('center', 'center'), autoDraw=False, autoLog=True, closeShape=True, color=method-wrapper(...), colorSpace='rgb', contrast=None, depth=-2.0, draggable=False, fillColor=array([-1, -1, -1]), fillColorSpace='rgb', fillRGB=array([-1, -1, -1]), interpolate=True, lineColor=array([-1., -1., -1.]), lineColorSpace='rgb', lineRGB=array([-1, -1, -1]), lineWidth=1.0, name='fixation_cross', opacity=1, ori=0.0, pos=array([0., 0.]), size=array([0.025, 0.025]), units='height', vertices=ndarray(...), win=Window(...), windingRule=None)
6.4467 	EXP 	Created fixation_green = ShapeStim(__class__=<class 'psychopy.visual.shape.ShapeStim'>, anchor=('center', 'center'), autoDraw=False, autoLog=True, closeShape=True, color=method-wrapper(...), colorSpace='rgb', contrast=None, depth=-3.0, draggable=False, fillColor=array([-1.        ,  0.00392157, -1.        ]), fillColorSpace='rgb', fillRGB=array([-1.        ,  0.00392157, -1.        ]), interpolate=True, lineColor=array([-1.        ,  0.00392157, -1.        ]), lineColorSpace='rgb', lineRGB=array([-1.        ,  0.00392157, -1.        ]), lineWidth=1.0, name='fixation_green', opacity=1, ori=0.0, pos=array([0., 0.]), size=array([0.025, 0.025]), units='height', vertices=ndarray(...), win=Window(...), windingRule=None)
0.0082 	EXP 	New trial (rep=0, index=0): <Trial 0 (0 in rep 0) data={'thisN': 0, 'thisTrialN': 0, 'thisRepN': 0}>
0.0132 	EXP 	fixation_circle: autoDraw = True
0.0132 	EXP 	fixation_cross: autoDraw = True
0.0993 	EXP 	dots: autoDraw = True
0.5880 	INFO 	Keyboard events cleared
0.5877 	EXP 	dots: autoDraw = False
0.5877 	EXP 	fixation_green: autoDraw = True
0.6044 	EXP 	fixation_circle: autoDraw = False
0.6044 	EXP 	fixation_cross: autoDraw = False
1.4075 	EXP 	New trial (rep=1, index=0): <Trial 1 (0 in rep 1) data={'thisN': 1, 'thisTrialN': 0, 'thisRepN': 1}>
1.4287 	DATA 	Keypress: right
1.4320 	WARNING 	t of last frame was 48.78ms (=1/20)
1.4320 	EXP 	dots: autoDraw = False
1.4320 	EXP 	fixation_circle: autoDraw = False
1.4320 	EXP 	fixation_cross: autoDraw = False
1.4320 	EXP 	fixation_green: autoDraw = False
1.4320 	EXP 	fixation_circle: autoDraw = True
1.4320 	EXP 	fixation_cross: autoDraw = True
1.5024 	EXP 	dots: autoDraw = True
1.9999 	EXP 	dots: autoDraw = False
2.0028 	INFO 	Keyboard events cleared
2.0025 	EXP 	fixation_green: autoDraw = True
2.0211 	EXP 	fixation_circle: autoDraw = False
2.0211 	EXP 	fixation_cross: autoDraw = False
3.0181 	EXP 	New trial (rep=2, index=0): <Trial 2 (0 in rep 2) data={'thisN': 2, 'thisTrialN': 0, 'thisRepN': 2}>
3.0296 	DATA 	Keypress: right
3.0326 	EXP 	dots: autoDraw = False
3.0326 	EXP 	fixation_circle: autoDraw = False
3.0326 	EXP 	fixation_cross: autoDraw = False
3.0326 	EXP 	fixation_green: autoDraw = False
3.0326 	EXP 	fixation_circle: autoDraw = True
3.0326 	EXP 	fixation_cross: autoDraw = True
3.1165 	EXP 	dots: autoDraw = True
3.6025 	EXP 	dots: autoDraw = False
3.6159 	INFO 	Keyboard events cleared
3.6156 	EXP 	fixation_green: autoDraw = True
3.6184 	EXP 	fixation_circle: autoDraw = False
3.6184 	EXP 	fixation_cross: autoDraw = False
5.6193 	DATA 	Keypress: escape
5.7038 	EXP 	motion-experiment: status = STOPPED
5.7165 	EXP 	fixation_green: autoDraw = False
5.7166 	EXP 	motion-experiment: status = STOPPED
5.7188 	INFO 	saved data to '/Users/kbonnen/Library/CloudStorage/OneDrive-IndianaUniversity/Courses/V768-Measuring-Perception/V768-Psychophysics-labs/08-motion-adaptation/motion-experiment/data/477413_motion-experiment_2025-03-07_14h24.17.933.csv'
5.7197 	INFO 	saved data to /Users/kbonnen/Library/CloudStorage/OneDrive-IndianaUniversity/Courses/V768-Measuring-Perception/V768-Psychophysics-labs/08-motion-adaptation/motion-experiment/data/477413_motion-experiment_2025-03-07_14h24.17.933.psydat
