4.6050 	DEBUG 	Fullscreen settings ignored as running in pilot mode.
4.6060 	INFO 	Loaded monitor calibration from ['2023_05_12 15:00']
4.7601 	EXP 	Created window1 = Window(allowGUI=False, allowStencil=False, autoLog=True, backendConf=UNKNOWN, backgroundFit=<method-wrapper '__getattribute__' of attributeSetter object at 0x7feadc77b4f0>, backgroundImage=<method-wrapper '__getattribute__' of attributeSetter object at 0x7feadc77b490>, bitsMode=UNKNOWN, blendMode='avg', bpc=(8, 8, 8), color=array([-1, -1, -1]), colorSpace='rgb', depthBits=8, fullscr=False, gamma=None, gammaErrorPolicy='raise', infoMsg=UNKNOWN, lms=UNKNOWN, monitor=<psychopy.monitors.calibTools.Monitor object at 0x7feae9bdb430>, multiSample=False, name='window1', numSamples=2, pos=[356.0, 191.0], screen=0, size=array([1600, 1200]), stencilBits=0, stereo=False, title='PsychoPy', units='height', useFBO=True, useRetina=True, viewOri=0.0, viewPos=None, viewScale=None, waitBlanking=True, winType='pyglet')
4.7601 	EXP 	window1: backgroundImage = ''
4.7601 	EXP 	window1: backgroundFit = 'none'
4.7677 	DEBUG 	TextBox2 loaded 1 chars with 0 blanks and 1 valid
4.7683 	DEBUG 	TextBox2 loaded 1 chars with 0 blanks and 1 valid
4.7688 	DEBUG 	TextBox2 loaded 1 chars with 0 blanks and 1 valid
4.7695 	DEBUG 	TextBox2 loaded 1 chars with 0 blanks and 1 valid
4.7701 	DEBUG 	TextBox2 loaded 1 chars with 0 blanks and 1 valid
4.7704 	DEBUG 	TextBox2 loaded 1 chars with 0 blanks and 1 valid
4.7709 	DEBUG 	TextBox2 loaded 1 chars with 0 blanks and 1 valid
4.7716 	DEBUG 	TextBox2 loaded 1 chars with 0 blanks and 1 valid
4.7717 	DEBUG 	TextBox2 loaded 1 chars with 0 blanks and 1 valid
4.7719 	DEBUG 	TextBox2 loaded 1 chars with 0 blanks and 1 valid
4.7724 	DEBUG 	TextBox2 loaded 1 chars with 0 blanks and 1 valid
4.7729 	DEBUG 	TextBox2 loaded 1 chars with 0 blanks and 1 valid
4.7733 	DEBUG 	TextBox2 loaded 1 chars with 0 blanks and 1 valid
4.7738 	DEBUG 	TextBox2 loaded 1 chars with 0 blanks and 1 valid
4.7742 	DEBUG 	TextBox2 loaded 1 chars with 0 blanks and 1 valid
4.7747 	DEBUG 	TextBox2 loaded 1 chars with 0 blanks and 1 valid
4.7753 	DEBUG 	TextBox2 loaded 1 chars with 0 blanks and 1 valid
4.7755 	DEBUG 	TextBox2 loaded 1 chars with 0 blanks and 1 valid
4.7758 	DEBUG 	TextBox2 loaded 1 chars with 0 blanks and 1 valid
4.7765 	DEBUG 	TextBox2 loaded 1 chars with 0 blanks and 1 valid
4.7767 	DEBUG 	TextBox2 loaded 1 chars with 0 blanks and 1 valid
4.7769 	DEBUG 	Uploading Texture Font fontname to graphics card
4.7798 	DEBUG 	Upload of Texture Font fontname complete
4.7846 	DEBUG 	TextBox2 loaded 1 chars with 0 blanks and 1 valid
4.7853 	DEBUG 	TextBox2 loaded 1 chars with 0 blanks and 1 valid
4.7860 	DEBUG 	TextBox2 loaded 1 chars with 0 blanks and 1 valid
4.7862 	DEBUG 	Uploading Texture Font fontname to graphics card
4.7880 	DEBUG 	Upload of Texture Font fontname complete
4.7895 	EXP 	window1: Attempting to measure frame rate of screen (0) ...
4.7895 	EXP 	window1: recordFrameIntervals = False
4.8881 	EXP 	window1: recordFrameIntervals = True
5.7239 	WARNING 	Couldn't measure a consistent frame rate!
  - Is your graphics card set to sync to vertical blank?
  - Are you running other processes on your computer?

5.7319 	DEBUG 	TextBox2 loaded 1 chars with 0 blanks and 1 valid
5.7325 	DEBUG 	TextBox2 loaded 1 chars with 0 blanks and 1 valid
5.7334 	DEBUG 	TextBox2 loaded 1 chars with 0 blanks and 1 valid
5.7347 	DEBUG 	TextBox2 loaded 1 chars with 0 blanks and 1 valid
5.7358 	DEBUG 	TextBox2 loaded 1 chars with 0 blanks and 1 valid
5.7370 	DEBUG 	TextBox2 loaded 1 chars with 0 blanks and 1 valid
5.7375 	DEBUG 	TextBox2 loaded 1 chars with 0 blanks and 1 valid
5.7384 	DEBUG 	TextBox2 loaded 1 chars with 0 blanks and 1 valid
5.7395 	DEBUG 	TextBox2 loaded 1 chars with 0 blanks and 1 valid
5.7404 	DEBUG 	TextBox2 loaded 1 chars with 0 blanks and 1 valid
5.7407 	DEBUG 	Uploading Texture Font fontname to graphics card
5.7437 	DEBUG 	Upload of Texture Font fontname complete
5.7614 	WARNING 	launchHubServer: If using the iohub mouse or eyetracker devices, fullScr should be True.
7.4189 	INFO 	keyboard.Keyboard is using iohub backend.
7.4190 	EXP 	3d-motion-direction-estimation: status = STARTED
7.4262 	EXP 	Created polygon = ShapeStim(__class__=<class 'psychopy.visual.shape.ShapeStim'>, anchor=('center', 'center'), autoDraw=False, autoLog=True, closeShape=True, color=method-wrapper(...), colorSpace='rgb', contrast=None, depth=-2.0, draggable=False, fillColor=array([1, 1, 1]), fillColorSpace='rgb', fillRGB=array([1, 1, 1]), interpolate=True, lineColor=array([1., 1., 1.]), lineColorSpace='rgb', lineRGB=array([1, 1, 1]), lineWidth=1.0, name='polygon', opacity=1, ori=0.0, pos=array([0., 0.]), size=array([0.05, 0.05]), units='height', vertices=ndarray(...), win=Window(...), windingRule=None)
0.0132 	EXP 	Created dot_left_0 = ShapeStim(__class__=<class 'psychopy.visual.shape.ShapeStim'>, anchor=('center', 'center'), autoDraw=False, autoLog=True, closeShape=True, color=method-wrapper(...), colorSpace='rgb', contrast=None, depth=0, draggable=False, fillColor=array([-1, -1,  1]), fillColorSpace='rgb', fillRGB=array([-1, -1,  1]), interpolate=True, lineColor=array([-1., -1.,  1.]), lineColorSpace='rgb', lineRGB=array([-1, -1,  1]), lineWidth=1.5, name='dot_left_0', opacity=1.0, ori=0.0, pos=array([0.1, 0. ]), size=array([0.05, 0.05]), units='height', vertices=ndarray(...), win=Window(...), windingRule=None)
0.0154 	EXP 	Created dot_left_1 = ShapeStim(__class__=<class 'psychopy.visual.shape.ShapeStim'>, anchor=('center', 'center'), autoDraw=False, autoLog=True, closeShape=True, color=method-wrapper(...), colorSpace='rgb', contrast=None, depth=0, draggable=False, fillColor=array([-1, -1,  1]), fillColorSpace='rgb', fillRGB=array([-1, -1,  1]), interpolate=True, lineColor=array([-1., -1.,  1.]), lineColorSpace='rgb', lineRGB=array([-1, -1,  1]), lineWidth=1.5, name='dot_left_1', opacity=1.0, ori=0.0, pos=array([0.1, 0. ]), size=array([0.05, 0.05]), units='height', vertices=ndarray(...), win=Window(...), windingRule=None)
0.0174 	EXP 	Created dot_left_2 = ShapeStim(__class__=<class 'psychopy.visual.shape.ShapeStim'>, anchor=('center', 'center'), autoDraw=False, autoLog=True, closeShape=True, color=method-wrapper(...), colorSpace='rgb', contrast=None, depth=0, draggable=False, fillColor=array([-1, -1,  1]), fillColorSpace='rgb', fillRGB=array([-1, -1,  1]), interpolate=True, lineColor=array([-1., -1.,  1.]), lineColorSpace='rgb', lineRGB=array([-1, -1,  1]), lineWidth=1.5, name='dot_left_2', opacity=1.0, ori=0.0, pos=array([0.1, 0. ]), size=array([0.05, 0.05]), units='height', vertices=ndarray(...), win=Window(...), windingRule=None)
0.0195 	EXP 	Created dot_left_3 = ShapeStim(__class__=<class 'psychopy.visual.shape.ShapeStim'>, anchor=('center', 'center'), autoDraw=False, autoLog=True, closeShape=True, color=method-wrapper(...), colorSpace='rgb', contrast=None, depth=0, draggable=False, fillColor=array([-1, -1,  1]), fillColorSpace='rgb', fillRGB=array([-1, -1,  1]), interpolate=True, lineColor=array([-1., -1.,  1.]), lineColorSpace='rgb', lineRGB=array([-1, -1,  1]), lineWidth=1.5, name='dot_left_3', opacity=1.0, ori=0.0, pos=array([0.1, 0. ]), size=array([0.05, 0.05]), units='height', vertices=ndarray(...), win=Window(...), windingRule=None)
0.0217 	EXP 	Created dot_left_4 = ShapeStim(__class__=<class 'psychopy.visual.shape.ShapeStim'>, anchor=('center', 'center'), autoDraw=False, autoLog=True, closeShape=True, color=method-wrapper(...), colorSpace='rgb', contrast=None, depth=0, draggable=False, fillColor=array([-1, -1,  1]), fillColorSpace='rgb', fillRGB=array([-1, -1,  1]), interpolate=True, lineColor=array([-1., -1.,  1.]), lineColorSpace='rgb', lineRGB=array([-1, -1,  1]), lineWidth=1.5, name='dot_left_4', opacity=1.0, ori=0.0, pos=array([0.1, 0. ]), size=array([0.05, 0.05]), units='height', vertices=ndarray(...), win=Window(...), windingRule=None)
0.0236 	EXP 	Created dot_left_5 = ShapeStim(__class__=<class 'psychopy.visual.shape.ShapeStim'>, anchor=('center', 'center'), autoDraw=False, autoLog=True, closeShape=True, color=method-wrapper(...), colorSpace='rgb', contrast=None, depth=0, draggable=False, fillColor=array([-1, -1,  1]), fillColorSpace='rgb', fillRGB=array([-1, -1,  1]), interpolate=True, lineColor=array([-1., -1.,  1.]), lineColorSpace='rgb', lineRGB=array([-1, -1,  1]), lineWidth=1.5, name='dot_left_5', opacity=1.0, ori=0.0, pos=array([0.1, 0. ]), size=array([0.05, 0.05]), units='height', vertices=ndarray(...), win=Window(...), windingRule=None)
0.0256 	EXP 	Created dot_left_6 = ShapeStim(__class__=<class 'psychopy.visual.shape.ShapeStim'>, anchor=('center', 'center'), autoDraw=False, autoLog=True, closeShape=True, color=method-wrapper(...), colorSpace='rgb', contrast=None, depth=0, draggable=False, fillColor=array([-1, -1,  1]), fillColorSpace='rgb', fillRGB=array([-1, -1,  1]), interpolate=True, lineColor=array([-1., -1.,  1.]), lineColorSpace='rgb', lineRGB=array([-1, -1,  1]), lineWidth=1.5, name='dot_left_6', opacity=1.0, ori=0.0, pos=array([0.1, 0. ]), size=array([0.05, 0.05]), units='height', vertices=ndarray(...), win=Window(...), windingRule=None)
0.0276 	EXP 	Created dot_left_7 = ShapeStim(__class__=<class 'psychopy.visual.shape.ShapeStim'>, anchor=('center', 'center'), autoDraw=False, autoLog=True, closeShape=True, color=method-wrapper(...), colorSpace='rgb', contrast=None, depth=0, draggable=False, fillColor=array([-1, -1,  1]), fillColorSpace='rgb', fillRGB=array([-1, -1,  1]), interpolate=True, lineColor=array([-1., -1.,  1.]), lineColorSpace='rgb', lineRGB=array([-1, -1,  1]), lineWidth=1.5, name='dot_left_7', opacity=1.0, ori=0.0, pos=array([0.1, 0. ]), size=array([0.05, 0.05]), units='height', vertices=ndarray(...), win=Window(...), windingRule=None)
0.0296 	EXP 	Created dot_left_8 = ShapeStim(__class__=<class 'psychopy.visual.shape.ShapeStim'>, anchor=('center', 'center'), autoDraw=False, autoLog=True, closeShape=True, color=method-wrapper(...), colorSpace='rgb', contrast=None, depth=0, draggable=False, fillColor=array([-1, -1,  1]), fillColorSpace='rgb', fillRGB=array([-1, -1,  1]), interpolate=True, lineColor=array([-1., -1.,  1.]), lineColorSpace='rgb', lineRGB=array([-1, -1,  1]), lineWidth=1.5, name='dot_left_8', opacity=1.0, ori=0.0, pos=array([0.1, 0. ]), size=array([0.05, 0.05]), units='height', vertices=ndarray(...), win=Window(...), windingRule=None)
0.0317 	EXP 	Created dot_left_9 = ShapeStim(__class__=<class 'psychopy.visual.shape.ShapeStim'>, anchor=('center', 'center'), autoDraw=False, autoLog=True, closeShape=True, color=method-wrapper(...), colorSpace='rgb', contrast=None, depth=0, draggable=False, fillColor=array([-1, -1,  1]), fillColorSpace='rgb', fillRGB=array([-1, -1,  1]), interpolate=True, lineColor=array([-1., -1.,  1.]), lineColorSpace='rgb', lineRGB=array([-1, -1,  1]), lineWidth=1.5, name='dot_left_9', opacity=1.0, ori=0.0, pos=array([0.1, 0. ]), size=array([0.05, 0.05]), units='height', vertices=ndarray(...), win=Window(...), windingRule=None)
0.0340 	EXP 	Created dot_left_10 = ShapeStim(__class__=<class 'psychopy.visual.shape.ShapeStim'>, anchor=('center', 'center'), autoDraw=False, autoLog=True, closeShape=True, color=method-wrapper(...), colorSpace='rgb', contrast=None, depth=0, draggable=False, fillColor=array([-1, -1,  1]), fillColorSpace='rgb', fillRGB=array([-1, -1,  1]), interpolate=True, lineColor=array([-1., -1.,  1.]), lineColorSpace='rgb', lineRGB=array([-1, -1,  1]), lineWidth=1.5, name='dot_left_10', opacity=1.0, ori=0.0, pos=array([0.1, 0. ]), size=array([0.05, 0.05]), units='height', vertices=ndarray(...), win=Window(...), windingRule=None)
0.0361 	EXP 	Created dot_left_11 = ShapeStim(__class__=<class 'psychopy.visual.shape.ShapeStim'>, anchor=('center', 'center'), autoDraw=False, autoLog=True, closeShape=True, color=method-wrapper(...), colorSpace='rgb', contrast=None, depth=0, draggable=False, fillColor=array([-1, -1,  1]), fillColorSpace='rgb', fillRGB=array([-1, -1,  1]), interpolate=True, lineColor=array([-1., -1.,  1.]), lineColorSpace='rgb', lineRGB=array([-1, -1,  1]), lineWidth=1.5, name='dot_left_11', opacity=1.0, ori=0.0, pos=array([0.1, 0. ]), size=array([0.05, 0.05]), units='height', vertices=ndarray(...), win=Window(...), windingRule=None)
0.0381 	EXP 	Created dot_left_12 = ShapeStim(__class__=<class 'psychopy.visual.shape.ShapeStim'>, anchor=('center', 'center'), autoDraw=False, autoLog=True, closeShape=True, color=method-wrapper(...), colorSpace='rgb', contrast=None, depth=0, draggable=False, fillColor=array([-1, -1,  1]), fillColorSpace='rgb', fillRGB=array([-1, -1,  1]), interpolate=True, lineColor=array([-1., -1.,  1.]), lineColorSpace='rgb', lineRGB=array([-1, -1,  1]), lineWidth=1.5, name='dot_left_12', opacity=1.0, ori=0.0, pos=array([0.1, 0. ]), size=array([0.05, 0.05]), units='height', vertices=ndarray(...), win=Window(...), windingRule=None)
0.0400 	EXP 	Created dot_left_13 = ShapeStim(__class__=<class 'psychopy.visual.shape.ShapeStim'>, anchor=('center', 'center'), autoDraw=False, autoLog=True, closeShape=True, color=method-wrapper(...), colorSpace='rgb', contrast=None, depth=0, draggable=False, fillColor=array([-1, -1,  1]), fillColorSpace='rgb', fillRGB=array([-1, -1,  1]), interpolate=True, lineColor=array([-1., -1.,  1.]), lineColorSpace='rgb', lineRGB=array([-1, -1,  1]), lineWidth=1.5, name='dot_left_13', opacity=1.0, ori=0.0, pos=array([0.1, 0. ]), size=array([0.05, 0.05]), units='height', vertices=ndarray(...), win=Window(...), windingRule=None)
0.0419 	EXP 	Created dot_left_14 = ShapeStim(__class__=<class 'psychopy.visual.shape.ShapeStim'>, anchor=('center', 'center'), autoDraw=False, autoLog=True, closeShape=True, color=method-wrapper(...), colorSpace='rgb', contrast=None, depth=0, draggable=False, fillColor=array([-1, -1,  1]), fillColorSpace='rgb', fillRGB=array([-1, -1,  1]), interpolate=True, lineColor=array([-1., -1.,  1.]), lineColorSpace='rgb', lineRGB=array([-1, -1,  1]), lineWidth=1.5, name='dot_left_14', opacity=1.0, ori=0.0, pos=array([0.1, 0. ]), size=array([0.05, 0.05]), units='height', vertices=ndarray(...), win=Window(...), windingRule=None)
0.0450 	WARNING 	t of last frame was 40.25ms (=1/24)
0.0450 	EXP 	dot_left_0: autoDraw = True
0.0450 	EXP 	polygon: autoDraw = True
1.0135 	EXP 	polygon: autoDraw = False
1.0135 	EXP 	dot_left_0: autoDraw = False
1.0135 	EXP 	dot_left_1: autoDraw = False
1.0135 	EXP 	dot_left_2: autoDraw = False
1.0135 	EXP 	dot_left_3: autoDraw = False
1.0135 	EXP 	dot_left_4: autoDraw = False
1.0135 	EXP 	dot_left_5: autoDraw = False
1.0135 	EXP 	dot_left_6: autoDraw = False
1.0135 	EXP 	dot_left_7: autoDraw = False
1.0135 	EXP 	dot_left_8: autoDraw = False
1.0135 	EXP 	dot_left_9: autoDraw = False
1.0135 	EXP 	dot_left_10: autoDraw = False
1.0135 	EXP 	dot_left_11: autoDraw = False
1.0135 	EXP 	dot_left_12: autoDraw = False
1.0135 	EXP 	dot_left_13: autoDraw = False
1.0135 	EXP 	dot_left_14: autoDraw = False
1.0153 	EXP 	3d-motion-direction-estimation: status = STOPPED
1.0172 	INFO 	saved data to '/Users/kbonnen/Library/CloudStorage/OneDrive-IndianaUniversity/Courses/V768-Measuring-Perception/V768-Psychophysics-labs/07-3d-motion/3d-motion-direction-estimation/data/132527_3d-motion-direction-estimation_2025-02-25_00h05.43.846.csv'
1.0177 	INFO 	saved data to /Users/kbonnen/Library/CloudStorage/OneDrive-IndianaUniversity/Courses/V768-Measuring-Perception/V768-Psychophysics-labs/07-3d-motion/3d-motion-direction-estimation/data/132527_3d-motion-direction-estimation_2025-02-25_00h05.43.846.psydat
1.1724 	DEBUG 	Saving data for 3d-motion-direction-estimation ExperimentHandler
