4.0264 	DEBUG 	Fullscreen settings ignored as running in pilot mode.
4.0276 	INFO 	Loaded monitor calibration from ['2023_05_12 15:00']
4.1781 	EXP 	Created window1 = Window(allowGUI=False, allowStencil=False, autoLog=True, backendConf=UNKNOWN, backgroundFit=<method-wrapper '__getattribute__' of attributeSetter object at 0x7fe4d2330790>, backgroundImage=<method-wrapper '__getattribute__' of attributeSetter object at 0x7fe4d2330670>, bitsMode=UNKNOWN, blendMode='avg', bpc=(8, 8, 8), color=array([-1, -1, -1]), colorSpace='rgb', depthBits=8, fullscr=False, gamma=None, gammaErrorPolicy='raise', infoMsg=UNKNOWN, lms=UNKNOWN, monitor=<psychopy.monitors.calibTools.Monitor object at 0x7fe4e9e436a0>, multiSample=False, name='window1', numSamples=2, pos=[356.0, 191.0], screen=0, size=array([1600, 1200]), stencilBits=0, stereo=False, title='PsychoPy', units='height', useFBO=True, useRetina=True, viewOri=0.0, viewPos=None, viewScale=None, waitBlanking=True, winType='pyglet')
4.1782 	EXP 	window1: backgroundImage = ''
4.1782 	EXP 	window1: backgroundFit = 'none'
4.1877 	DEBUG 	TextBox2 loaded 1 chars with 0 blanks and 1 valid
4.1882 	DEBUG 	TextBox2 loaded 1 chars with 0 blanks and 1 valid
4.1887 	DEBUG 	TextBox2 loaded 1 chars with 0 blanks and 1 valid
4.1894 	DEBUG 	TextBox2 loaded 1 chars with 0 blanks and 1 valid
4.1901 	DEBUG 	TextBox2 loaded 1 chars with 0 blanks and 1 valid
4.1903 	DEBUG 	TextBox2 loaded 1 chars with 0 blanks and 1 valid
4.1908 	DEBUG 	TextBox2 loaded 1 chars with 0 blanks and 1 valid
4.1915 	DEBUG 	TextBox2 loaded 1 chars with 0 blanks and 1 valid
4.1917 	DEBUG 	TextBox2 loaded 1 chars with 0 blanks and 1 valid
4.1918 	DEBUG 	TextBox2 loaded 1 chars with 0 blanks and 1 valid
4.1923 	DEBUG 	TextBox2 loaded 1 chars with 0 blanks and 1 valid
4.1928 	DEBUG 	TextBox2 loaded 1 chars with 0 blanks and 1 valid
4.1933 	DEBUG 	TextBox2 loaded 1 chars with 0 blanks and 1 valid
4.1938 	DEBUG 	TextBox2 loaded 1 chars with 0 blanks and 1 valid
4.1942 	DEBUG 	TextBox2 loaded 1 chars with 0 blanks and 1 valid
4.1947 	DEBUG 	TextBox2 loaded 1 chars with 0 blanks and 1 valid
4.1952 	DEBUG 	TextBox2 loaded 1 chars with 0 blanks and 1 valid
4.1954 	DEBUG 	TextBox2 loaded 1 chars with 0 blanks and 1 valid
4.1957 	DEBUG 	TextBox2 loaded 1 chars with 0 blanks and 1 valid
4.1964 	DEBUG 	TextBox2 loaded 1 chars with 0 blanks and 1 valid
4.1967 	DEBUG 	TextBox2 loaded 1 chars with 0 blanks and 1 valid
4.1968 	DEBUG 	Uploading Texture Font fontname to graphics card
4.1998 	DEBUG 	Upload of Texture Font fontname complete
4.2047 	DEBUG 	TextBox2 loaded 1 chars with 0 blanks and 1 valid
4.2054 	DEBUG 	TextBox2 loaded 1 chars with 0 blanks and 1 valid
4.2061 	DEBUG 	TextBox2 loaded 1 chars with 0 blanks and 1 valid
4.2063 	DEBUG 	Uploading Texture Font fontname to graphics card
4.2082 	DEBUG 	Upload of Texture Font fontname complete
4.2096 	EXP 	window1: Attempting to measure frame rate of screen (0) ...
4.2096 	EXP 	window1: recordFrameIntervals = False
4.3205 	EXP 	window1: recordFrameIntervals = True
5.1541 	WARNING 	Couldn't measure a consistent frame rate!
  - Is your graphics card set to sync to vertical blank?
  - Are you running other processes on your computer?

5.1622 	DEBUG 	TextBox2 loaded 1 chars with 0 blanks and 1 valid
5.1628 	DEBUG 	TextBox2 loaded 1 chars with 0 blanks and 1 valid
5.1638 	DEBUG 	TextBox2 loaded 1 chars with 0 blanks and 1 valid
5.1651 	DEBUG 	TextBox2 loaded 1 chars with 0 blanks and 1 valid
5.1662 	DEBUG 	TextBox2 loaded 1 chars with 0 blanks and 1 valid
5.1674 	DEBUG 	TextBox2 loaded 1 chars with 0 blanks and 1 valid
5.1680 	DEBUG 	TextBox2 loaded 1 chars with 0 blanks and 1 valid
5.1690 	DEBUG 	TextBox2 loaded 1 chars with 0 blanks and 1 valid
5.1702 	DEBUG 	TextBox2 loaded 1 chars with 0 blanks and 1 valid
5.1712 	DEBUG 	TextBox2 loaded 1 chars with 0 blanks and 1 valid
5.1715 	DEBUG 	Uploading Texture Font fontname to graphics card
5.1756 	DEBUG 	Upload of Texture Font fontname complete
5.1941 	WARNING 	launchHubServer: If using the iohub mouse or eyetracker devices, fullScr should be True.
6.8541 	INFO 	keyboard.Keyboard is using iohub backend.
6.8541 	EXP 	3d-motion-direction-estimation: status = STARTED
6.8617 	EXP 	Created polygon = ShapeStim(__class__=<class 'psychopy.visual.shape.ShapeStim'>, anchor=('center', 'center'), autoDraw=False, autoLog=True, closeShape=True, color=method-wrapper(...), colorSpace='rgb', contrast=None, depth=-2.0, draggable=False, fillColor=array([1, 1, 1]), fillColorSpace='rgb', fillRGB=array([1, 1, 1]), interpolate=True, lineColor=array([1., 1., 1.]), lineColorSpace='rgb', lineRGB=array([1, 1, 1]), lineWidth=1.0, name='polygon', opacity=1, ori=0.0, pos=array([0., 0.]), size=array([0.05, 0.05]), units='height', vertices=ndarray(...), win=Window(...), windingRule=None)
0.0123 	EXP 	Created dot_left_0 = ShapeStim(__class__=<class 'psychopy.visual.shape.ShapeStim'>, anchor=('center', 'center'), autoDraw=False, autoLog=True, closeShape=True, color=method-wrapper(...), colorSpace='rgb', contrast=None, depth=0, draggable=False, fillColor=array([-1, -1,  1]), fillColorSpace='rgb', fillRGB=array([-1, -1,  1]), interpolate=True, lineColor=array([-1., -1.,  1.]), lineColorSpace='rgb', lineRGB=array([-1, -1,  1]), lineWidth=1.5, name='dot_left_0', opacity=1.0, ori=0.0, pos=array([0.1, 0. ]), size=array([0.01, 0.01]), units='height', vertices=ndarray(...), win=Window(...), windingRule=None)
0.0145 	EXP 	Created dot_left_1 = ShapeStim(__class__=<class 'psychopy.visual.shape.ShapeStim'>, anchor=('center', 'center'), autoDraw=False, autoLog=True, closeShape=True, color=method-wrapper(...), colorSpace='rgb', contrast=None, depth=0, draggable=False, fillColor=array([-1, -1,  1]), fillColorSpace='rgb', fillRGB=array([-1, -1,  1]), interpolate=True, lineColor=array([-1., -1.,  1.]), lineColorSpace='rgb', lineRGB=array([-1, -1,  1]), lineWidth=1.5, name='dot_left_1', opacity=1.0, ori=0.0, pos=array([0.1, 0.1]), size=array([0.01, 0.01]), units='height', vertices=ndarray(...), win=Window(...), windingRule=None)
0.0165 	EXP 	Created dot_left_2 = ShapeStim(__class__=<class 'psychopy.visual.shape.ShapeStim'>, anchor=('center', 'center'), autoDraw=False, autoLog=True, closeShape=True, color=method-wrapper(...), colorSpace='rgb', contrast=None, depth=0, draggable=False, fillColor=array([-1, -1,  1]), fillColorSpace='rgb', fillRGB=array([-1, -1,  1]), interpolate=True, lineColor=array([-1., -1.,  1.]), lineColorSpace='rgb', lineRGB=array([-1, -1,  1]), lineWidth=1.5, name='dot_left_2', opacity=1.0, ori=0.0, pos=array([0.1, 0.2]), size=array([0.01, 0.01]), units='height', vertices=ndarray(...), win=Window(...), windingRule=None)
0.0186 	EXP 	Created dot_left_3 = ShapeStim(__class__=<class 'psychopy.visual.shape.ShapeStim'>, anchor=('center', 'center'), autoDraw=False, autoLog=True, closeShape=True, color=method-wrapper(...), colorSpace='rgb', contrast=None, depth=0, draggable=False, fillColor=array([-1, -1,  1]), fillColorSpace='rgb', fillRGB=array([-1, -1,  1]), interpolate=True, lineColor=array([-1., -1.,  1.]), lineColorSpace='rgb', lineRGB=array([-1, -1,  1]), lineWidth=1.5, name='dot_left_3', opacity=1.0, ori=0.0, pos=array([0.1, 0.3]), size=array([0.01, 0.01]), units='height', vertices=ndarray(...), win=Window(...), windingRule=None)
0.0208 	EXP 	Created dot_left_4 = ShapeStim(__class__=<class 'psychopy.visual.shape.ShapeStim'>, anchor=('center', 'center'), autoDraw=False, autoLog=True, closeShape=True, color=method-wrapper(...), colorSpace='rgb', contrast=None, depth=0, draggable=False, fillColor=array([-1, -1,  1]), fillColorSpace='rgb', fillRGB=array([-1, -1,  1]), interpolate=True, lineColor=array([-1., -1.,  1.]), lineColorSpace='rgb', lineRGB=array([-1, -1,  1]), lineWidth=1.5, name='dot_left_4', opacity=1.0, ori=0.0, pos=array([0.1, 0.4]), size=array([0.01, 0.01]), units='height', vertices=ndarray(...), win=Window(...), windingRule=None)
0.0228 	EXP 	Created dot_left_5 = ShapeStim(__class__=<class 'psychopy.visual.shape.ShapeStim'>, anchor=('center', 'center'), autoDraw=False, autoLog=True, closeShape=True, color=method-wrapper(...), colorSpace='rgb', contrast=None, depth=0, draggable=False, fillColor=array([-1, -1,  1]), fillColorSpace='rgb', fillRGB=array([-1, -1,  1]), interpolate=True, lineColor=array([-1., -1.,  1.]), lineColorSpace='rgb', lineRGB=array([-1, -1,  1]), lineWidth=1.5, name='dot_left_5', opacity=1.0, ori=0.0, pos=array([0.1, 0.5]), size=array([0.01, 0.01]), units='height', vertices=ndarray(...), win=Window(...), windingRule=None)
0.0247 	EXP 	Created dot_left_6 = ShapeStim(__class__=<class 'psychopy.visual.shape.ShapeStim'>, anchor=('center', 'center'), autoDraw=False, autoLog=True, closeShape=True, color=method-wrapper(...), colorSpace='rgb', contrast=None, depth=0, draggable=False, fillColor=array([-1, -1,  1]), fillColorSpace='rgb', fillRGB=array([-1, -1,  1]), interpolate=True, lineColor=array([-1., -1.,  1.]), lineColorSpace='rgb', lineRGB=array([-1, -1,  1]), lineWidth=1.5, name='dot_left_6', opacity=1.0, ori=0.0, pos=array([0.1, 0.6]), size=array([0.01, 0.01]), units='height', vertices=ndarray(...), win=Window(...), windingRule=None)
0.0267 	EXP 	Created dot_left_7 = ShapeStim(__class__=<class 'psychopy.visual.shape.ShapeStim'>, anchor=('center', 'center'), autoDraw=False, autoLog=True, closeShape=True, color=method-wrapper(...), colorSpace='rgb', contrast=None, depth=0, draggable=False, fillColor=array([-1, -1,  1]), fillColorSpace='rgb', fillRGB=array([-1, -1,  1]), interpolate=True, lineColor=array([-1., -1.,  1.]), lineColorSpace='rgb', lineRGB=array([-1, -1,  1]), lineWidth=1.5, name='dot_left_7', opacity=1.0, ori=0.0, pos=array([0.1, 0.7]), size=array([0.01, 0.01]), units='height', vertices=ndarray(...), win=Window(...), windingRule=None)
0.0287 	EXP 	Created dot_left_8 = ShapeStim(__class__=<class 'psychopy.visual.shape.ShapeStim'>, anchor=('center', 'center'), autoDraw=False, autoLog=True, closeShape=True, color=method-wrapper(...), colorSpace='rgb', contrast=None, depth=0, draggable=False, fillColor=array([-1, -1,  1]), fillColorSpace='rgb', fillRGB=array([-1, -1,  1]), interpolate=True, lineColor=array([-1., -1.,  1.]), lineColorSpace='rgb', lineRGB=array([-1, -1,  1]), lineWidth=1.5, name='dot_left_8', opacity=1.0, ori=0.0, pos=array([0.1, 0.8]), size=array([0.01, 0.01]), units='height', vertices=ndarray(...), win=Window(...), windingRule=None)
0.0307 	EXP 	Created dot_left_9 = ShapeStim(__class__=<class 'psychopy.visual.shape.ShapeStim'>, anchor=('center', 'center'), autoDraw=False, autoLog=True, closeShape=True, color=method-wrapper(...), colorSpace='rgb', contrast=None, depth=0, draggable=False, fillColor=array([-1, -1,  1]), fillColorSpace='rgb', fillRGB=array([-1, -1,  1]), interpolate=True, lineColor=array([-1., -1.,  1.]), lineColorSpace='rgb', lineRGB=array([-1, -1,  1]), lineWidth=1.5, name='dot_left_9', opacity=1.0, ori=0.0, pos=array([0.1, 0.9]), size=array([0.01, 0.01]), units='height', vertices=ndarray(...), win=Window(...), windingRule=None)
0.0330 	EXP 	Created dot_left_10 = ShapeStim(__class__=<class 'psychopy.visual.shape.ShapeStim'>, anchor=('center', 'center'), autoDraw=False, autoLog=True, closeShape=True, color=method-wrapper(...), colorSpace='rgb', contrast=None, depth=0, draggable=False, fillColor=array([-1, -1,  1]), fillColorSpace='rgb', fillRGB=array([-1, -1,  1]), interpolate=True, lineColor=array([-1., -1.,  1.]), lineColorSpace='rgb', lineRGB=array([-1, -1,  1]), lineWidth=1.5, name='dot_left_10', opacity=1.0, ori=0.0, pos=array([0.1, 1. ]), size=array([0.01, 0.01]), units='height', vertices=ndarray(...), win=Window(...), windingRule=None)
0.0351 	EXP 	Created dot_left_11 = ShapeStim(__class__=<class 'psychopy.visual.shape.ShapeStim'>, anchor=('center', 'center'), autoDraw=False, autoLog=True, closeShape=True, color=method-wrapper(...), colorSpace='rgb', contrast=None, depth=0, draggable=False, fillColor=array([-1, -1,  1]), fillColorSpace='rgb', fillRGB=array([-1, -1,  1]), interpolate=True, lineColor=array([-1., -1.,  1.]), lineColorSpace='rgb', lineRGB=array([-1, -1,  1]), lineWidth=1.5, name='dot_left_11', opacity=1.0, ori=0.0, pos=array([0.1, 1.1]), size=array([0.01, 0.01]), units='height', vertices=ndarray(...), win=Window(...), windingRule=None)
0.0370 	EXP 	Created dot_left_12 = ShapeStim(__class__=<class 'psychopy.visual.shape.ShapeStim'>, anchor=('center', 'center'), autoDraw=False, autoLog=True, closeShape=True, color=method-wrapper(...), colorSpace='rgb', contrast=None, depth=0, draggable=False, fillColor=array([-1, -1,  1]), fillColorSpace='rgb', fillRGB=array([-1, -1,  1]), interpolate=True, lineColor=array([-1., -1.,  1.]), lineColorSpace='rgb', lineRGB=array([-1, -1,  1]), lineWidth=1.5, name='dot_left_12', opacity=1.0, ori=0.0, pos=array([0.1, 1.2]), size=array([0.01, 0.01]), units='height', vertices=ndarray(...), win=Window(...), windingRule=None)
0.0390 	EXP 	Created dot_left_13 = ShapeStim(__class__=<class 'psychopy.visual.shape.ShapeStim'>, anchor=('center', 'center'), autoDraw=False, autoLog=True, closeShape=True, color=method-wrapper(...), colorSpace='rgb', contrast=None, depth=0, draggable=False, fillColor=array([-1, -1,  1]), fillColorSpace='rgb', fillRGB=array([-1, -1,  1]), interpolate=True, lineColor=array([-1., -1.,  1.]), lineColorSpace='rgb', lineRGB=array([-1, -1,  1]), lineWidth=1.5, name='dot_left_13', opacity=1.0, ori=0.0, pos=array([0.1, 1.3]), size=array([0.01, 0.01]), units='height', vertices=ndarray(...), win=Window(...), windingRule=None)
0.0409 	EXP 	Created dot_left_14 = ShapeStim(__class__=<class 'psychopy.visual.shape.ShapeStim'>, anchor=('center', 'center'), autoDraw=False, autoLog=True, closeShape=True, color=method-wrapper(...), colorSpace='rgb', contrast=None, depth=0, draggable=False, fillColor=array([-1, -1,  1]), fillColorSpace='rgb', fillRGB=array([-1, -1,  1]), interpolate=True, lineColor=array([-1., -1.,  1.]), lineColorSpace='rgb', lineRGB=array([-1, -1,  1]), lineWidth=1.5, name='dot_left_14', opacity=1.0, ori=0.0, pos=array([0.1, 1.4]), size=array([0.01, 0.01]), units='height', vertices=ndarray(...), win=Window(...), windingRule=None)
0.0490 	WARNING 	t of last frame was 44.45ms (=1/22)
0.0490 	EXP 	dot_left_0: autoDraw = True
0.0490 	EXP 	dot_left_1: autoDraw = True
0.0490 	EXP 	dot_left_2: autoDraw = True
0.0490 	EXP 	dot_left_3: autoDraw = True
0.0490 	EXP 	dot_left_4: autoDraw = True
0.0490 	EXP 	dot_left_5: autoDraw = True
0.0490 	EXP 	dot_left_6: autoDraw = True
0.0490 	EXP 	dot_left_7: autoDraw = True
0.0490 	EXP 	dot_left_8: autoDraw = True
0.0490 	EXP 	dot_left_9: autoDraw = True
0.0490 	EXP 	dot_left_10: autoDraw = True
0.0490 	EXP 	dot_left_11: autoDraw = True
0.0490 	EXP 	dot_left_12: autoDraw = True
0.0490 	EXP 	dot_left_13: autoDraw = True
0.0490 	EXP 	dot_left_14: autoDraw = True
0.0490 	EXP 	polygon: autoDraw = True
0.5970 	WARNING 	t of last frame was 84.46ms (=1/11)
1.0119 	EXP 	polygon: autoDraw = False
1.0119 	EXP 	dot_left_0: autoDraw = False
1.0119 	EXP 	dot_left_1: autoDraw = False
1.0119 	EXP 	dot_left_2: autoDraw = False
1.0119 	EXP 	dot_left_3: autoDraw = False
1.0119 	EXP 	dot_left_4: autoDraw = False
1.0119 	EXP 	dot_left_5: autoDraw = False
1.0119 	EXP 	dot_left_6: autoDraw = False
1.0119 	EXP 	dot_left_7: autoDraw = False
1.0119 	EXP 	dot_left_8: autoDraw = False
1.0119 	EXP 	dot_left_9: autoDraw = False
1.0119 	EXP 	dot_left_10: autoDraw = False
1.0119 	EXP 	dot_left_11: autoDraw = False
1.0119 	EXP 	dot_left_12: autoDraw = False
1.0119 	EXP 	dot_left_13: autoDraw = False
1.0119 	EXP 	dot_left_14: autoDraw = False
1.0135 	EXP 	3d-motion-direction-estimation: status = STOPPED
1.0151 	INFO 	saved data to '/Users/kbonnen/Library/CloudStorage/OneDrive-IndianaUniversity/Courses/V768-Measuring-Perception/V768-Psychophysics-labs/07-3d-motion/3d-motion-direction-estimation/data/201399_3d-motion-direction-estimation_2025-02-25_00h09.34.637.csv'
1.0154 	INFO 	saved data to /Users/kbonnen/Library/CloudStorage/OneDrive-IndianaUniversity/Courses/V768-Measuring-Perception/V768-Psychophysics-labs/07-3d-motion/3d-motion-direction-estimation/data/201399_3d-motion-direction-estimation_2025-02-25_00h09.34.637.psydat
1.1703 	DEBUG 	Saving data for 3d-motion-direction-estimation ExperimentHandler
