4.0692 	DEBUG 	Fullscreen settings ignored as running in pilot mode.
4.0705 	INFO 	Loaded monitor calibration from ['2023_05_12 15:00']
4.2258 	EXP 	Created window1 = Window(allowGUI=False, allowStencil=False, autoLog=True, backendConf=UNKNOWN, backgroundFit=<method-wrapper '__getattribute__' of attributeSetter object at 0x7fa508648700>, backgroundImage=<method-wrapper '__getattribute__' of attributeSetter object at 0x7fa508648610>, bitsMode=UNKNOWN, blendMode='avg', bpc=(8, 8, 8), color=array([-1, -1, -1]), colorSpace='rgb', depthBits=8, fullscr=False, gamma=None, gammaErrorPolicy='raise', infoMsg=UNKNOWN, lms=UNKNOWN, monitor=<psychopy.monitors.calibTools.Monitor object at 0x7fa529ad3640>, multiSample=False, name='window1', numSamples=2, pos=[356.0, 191.0], screen=0, size=array([1600, 1200]), stencilBits=0, stereo=False, title='PsychoPy', units='height', useFBO=True, useRetina=True, viewOri=0.0, viewPos=None, viewScale=None, waitBlanking=True, winType='pyglet')
4.2259 	EXP 	window1: backgroundImage = ''
4.2259 	EXP 	window1: backgroundFit = 'none'
4.2358 	DEBUG 	TextBox2 loaded 1 chars with 0 blanks and 1 valid
4.2364 	DEBUG 	TextBox2 loaded 1 chars with 0 blanks and 1 valid
4.2369 	DEBUG 	TextBox2 loaded 1 chars with 0 blanks and 1 valid
4.2376 	DEBUG 	TextBox2 loaded 1 chars with 0 blanks and 1 valid
4.2383 	DEBUG 	TextBox2 loaded 1 chars with 0 blanks and 1 valid
4.2386 	DEBUG 	TextBox2 loaded 1 chars with 0 blanks and 1 valid
4.2391 	DEBUG 	TextBox2 loaded 1 chars with 0 blanks and 1 valid
4.2398 	DEBUG 	TextBox2 loaded 1 chars with 0 blanks and 1 valid
4.2400 	DEBUG 	TextBox2 loaded 1 chars with 0 blanks and 1 valid
4.2402 	DEBUG 	TextBox2 loaded 1 chars with 0 blanks and 1 valid
4.2407 	DEBUG 	TextBox2 loaded 1 chars with 0 blanks and 1 valid
4.2412 	DEBUG 	TextBox2 loaded 1 chars with 0 blanks and 1 valid
4.2417 	DEBUG 	TextBox2 loaded 1 chars with 0 blanks and 1 valid
4.2422 	DEBUG 	TextBox2 loaded 1 chars with 0 blanks and 1 valid
4.2426 	DEBUG 	TextBox2 loaded 1 chars with 0 blanks and 1 valid
4.2431 	DEBUG 	TextBox2 loaded 1 chars with 0 blanks and 1 valid
4.2436 	DEBUG 	TextBox2 loaded 1 chars with 0 blanks and 1 valid
4.2438 	DEBUG 	TextBox2 loaded 1 chars with 0 blanks and 1 valid
4.2441 	DEBUG 	TextBox2 loaded 1 chars with 0 blanks and 1 valid
4.2448 	DEBUG 	TextBox2 loaded 1 chars with 0 blanks and 1 valid
4.2450 	DEBUG 	TextBox2 loaded 1 chars with 0 blanks and 1 valid
4.2452 	DEBUG 	Uploading Texture Font fontname to graphics card
4.2482 	DEBUG 	Upload of Texture Font fontname complete
4.2530 	DEBUG 	TextBox2 loaded 1 chars with 0 blanks and 1 valid
4.2537 	DEBUG 	TextBox2 loaded 1 chars with 0 blanks and 1 valid
4.2544 	DEBUG 	TextBox2 loaded 1 chars with 0 blanks and 1 valid
4.2545 	DEBUG 	Uploading Texture Font fontname to graphics card
4.2564 	DEBUG 	Upload of Texture Font fontname complete
4.2579 	EXP 	window1: Attempting to measure frame rate of screen (0) ...
4.2579 	EXP 	window1: recordFrameIntervals = False
4.3510 	EXP 	window1: recordFrameIntervals = True
5.1878 	WARNING 	Couldn't measure a consistent frame rate!
  - Is your graphics card set to sync to vertical blank?
  - Are you running other processes on your computer?

5.1961 	DEBUG 	TextBox2 loaded 1 chars with 0 blanks and 1 valid
5.1966 	DEBUG 	TextBox2 loaded 1 chars with 0 blanks and 1 valid
5.1975 	DEBUG 	TextBox2 loaded 1 chars with 0 blanks and 1 valid
5.1988 	DEBUG 	TextBox2 loaded 1 chars with 0 blanks and 1 valid
5.1999 	DEBUG 	TextBox2 loaded 1 chars with 0 blanks and 1 valid
5.2011 	DEBUG 	TextBox2 loaded 1 chars with 0 blanks and 1 valid
5.2016 	DEBUG 	TextBox2 loaded 1 chars with 0 blanks and 1 valid
5.2026 	DEBUG 	TextBox2 loaded 1 chars with 0 blanks and 1 valid
5.2038 	DEBUG 	TextBox2 loaded 1 chars with 0 blanks and 1 valid
5.2048 	DEBUG 	TextBox2 loaded 1 chars with 0 blanks and 1 valid
5.2051 	DEBUG 	Uploading Texture Font fontname to graphics card
5.2084 	DEBUG 	Upload of Texture Font fontname complete
5.2267 	WARNING 	launchHubServer: If using the iohub mouse or eyetracker devices, fullScr should be True.
6.8857 	INFO 	keyboard.Keyboard is using iohub backend.
6.8857 	EXP 	3d-motion-direction-estimation: status = STARTED
6.8924 	EXP 	Created polygon = ShapeStim(__class__=<class 'psychopy.visual.shape.ShapeStim'>, anchor=('center', 'center'), autoDraw=False, autoLog=True, closeShape=True, color=method-wrapper(...), colorSpace='rgb', contrast=None, depth=-2.0, draggable=False, fillColor=array([1, 1, 1]), fillColorSpace='rgb', fillRGB=array([1, 1, 1]), interpolate=True, lineColor=array([1., 1., 1.]), lineColorSpace='rgb', lineRGB=array([1, 1, 1]), lineWidth=1.0, name='polygon', opacity=1, ori=0.0, pos=array([0., 0.]), size=array([0.05, 0.05]), units='height', vertices=ndarray(...), win=Window(...), windingRule=None)
0.0127 	EXP 	Created dot_left_0 = ShapeStim(__class__=<class 'psychopy.visual.shape.ShapeStim'>, anchor=('center', 'center'), autoDraw=False, autoLog=True, closeShape=True, color=method-wrapper(...), colorSpace='rgb', contrast=None, depth=0, draggable=False, fillColor=array([-1, -1,  1]), fillColorSpace='rgb', fillRGB=array([-1, -1,  1]), interpolate=True, lineColor=array([-1., -1.,  1.]), lineColorSpace='rgb', lineRGB=array([-1, -1,  1]), lineWidth=1.5, name='dot_left_0', opacity=1.0, ori=0.0, pos=array([0.1, 0. ]), size=array([0.05, 0.05]), units='height', vertices=ndarray(...), win=Window(...), windingRule=None)
0.0149 	EXP 	Created dot_left_1 = ShapeStim(__class__=<class 'psychopy.visual.shape.ShapeStim'>, anchor=('center', 'center'), autoDraw=False, autoLog=True, closeShape=True, color=method-wrapper(...), colorSpace='rgb', contrast=None, depth=0, draggable=False, fillColor=array([-1, -1,  1]), fillColorSpace='rgb', fillRGB=array([-1, -1,  1]), interpolate=True, lineColor=array([-1., -1.,  1.]), lineColorSpace='rgb', lineRGB=array([-1, -1,  1]), lineWidth=1.5, name='dot_left_1', opacity=1.0, ori=0.0, pos=array([0.1, 0.1]), size=array([0.05, 0.05]), units='height', vertices=ndarray(...), win=Window(...), windingRule=None)
0.0169 	EXP 	Created dot_left_2 = ShapeStim(__class__=<class 'psychopy.visual.shape.ShapeStim'>, anchor=('center', 'center'), autoDraw=False, autoLog=True, closeShape=True, color=method-wrapper(...), colorSpace='rgb', contrast=None, depth=0, draggable=False, fillColor=array([-1, -1,  1]), fillColorSpace='rgb', fillRGB=array([-1, -1,  1]), interpolate=True, lineColor=array([-1., -1.,  1.]), lineColorSpace='rgb', lineRGB=array([-1, -1,  1]), lineWidth=1.5, name='dot_left_2', opacity=1.0, ori=0.0, pos=array([0.1, 0.2]), size=array([0.05, 0.05]), units='height', vertices=ndarray(...), win=Window(...), windingRule=None)
0.0189 	EXP 	Created dot_left_3 = ShapeStim(__class__=<class 'psychopy.visual.shape.ShapeStim'>, anchor=('center', 'center'), autoDraw=False, autoLog=True, closeShape=True, color=method-wrapper(...), colorSpace='rgb', contrast=None, depth=0, draggable=False, fillColor=array([-1, -1,  1]), fillColorSpace='rgb', fillRGB=array([-1, -1,  1]), interpolate=True, lineColor=array([-1., -1.,  1.]), lineColorSpace='rgb', lineRGB=array([-1, -1,  1]), lineWidth=1.5, name='dot_left_3', opacity=1.0, ori=0.0, pos=array([0.1, 0.3]), size=array([0.05, 0.05]), units='height', vertices=ndarray(...), win=Window(...), windingRule=None)
0.0211 	EXP 	Created dot_left_4 = ShapeStim(__class__=<class 'psychopy.visual.shape.ShapeStim'>, anchor=('center', 'center'), autoDraw=False, autoLog=True, closeShape=True, color=method-wrapper(...), colorSpace='rgb', contrast=None, depth=0, draggable=False, fillColor=array([-1, -1,  1]), fillColorSpace='rgb', fillRGB=array([-1, -1,  1]), interpolate=True, lineColor=array([-1., -1.,  1.]), lineColorSpace='rgb', lineRGB=array([-1, -1,  1]), lineWidth=1.5, name='dot_left_4', opacity=1.0, ori=0.0, pos=array([0.1, 0.4]), size=array([0.05, 0.05]), units='height', vertices=ndarray(...), win=Window(...), windingRule=None)
0.0231 	EXP 	Created dot_left_5 = ShapeStim(__class__=<class 'psychopy.visual.shape.ShapeStim'>, anchor=('center', 'center'), autoDraw=False, autoLog=True, closeShape=True, color=method-wrapper(...), colorSpace='rgb', contrast=None, depth=0, draggable=False, fillColor=array([-1, -1,  1]), fillColorSpace='rgb', fillRGB=array([-1, -1,  1]), interpolate=True, lineColor=array([-1., -1.,  1.]), lineColorSpace='rgb', lineRGB=array([-1, -1,  1]), lineWidth=1.5, name='dot_left_5', opacity=1.0, ori=0.0, pos=array([0.1, 0.5]), size=array([0.05, 0.05]), units='height', vertices=ndarray(...), win=Window(...), windingRule=None)
0.0251 	EXP 	Created dot_left_6 = ShapeStim(__class__=<class 'psychopy.visual.shape.ShapeStim'>, anchor=('center', 'center'), autoDraw=False, autoLog=True, closeShape=True, color=method-wrapper(...), colorSpace='rgb', contrast=None, depth=0, draggable=False, fillColor=array([-1, -1,  1]), fillColorSpace='rgb', fillRGB=array([-1, -1,  1]), interpolate=True, lineColor=array([-1., -1.,  1.]), lineColorSpace='rgb', lineRGB=array([-1, -1,  1]), lineWidth=1.5, name='dot_left_6', opacity=1.0, ori=0.0, pos=array([0.1, 0.6]), size=array([0.05, 0.05]), units='height', vertices=ndarray(...), win=Window(...), windingRule=None)
0.0271 	EXP 	Created dot_left_7 = ShapeStim(__class__=<class 'psychopy.visual.shape.ShapeStim'>, anchor=('center', 'center'), autoDraw=False, autoLog=True, closeShape=True, color=method-wrapper(...), colorSpace='rgb', contrast=None, depth=0, draggable=False, fillColor=array([-1, -1,  1]), fillColorSpace='rgb', fillRGB=array([-1, -1,  1]), interpolate=True, lineColor=array([-1., -1.,  1.]), lineColorSpace='rgb', lineRGB=array([-1, -1,  1]), lineWidth=1.5, name='dot_left_7', opacity=1.0, ori=0.0, pos=array([0.1, 0.7]), size=array([0.05, 0.05]), units='height', vertices=ndarray(...), win=Window(...), windingRule=None)
0.0291 	EXP 	Created dot_left_8 = ShapeStim(__class__=<class 'psychopy.visual.shape.ShapeStim'>, anchor=('center', 'center'), autoDraw=False, autoLog=True, closeShape=True, color=method-wrapper(...), colorSpace='rgb', contrast=None, depth=0, draggable=False, fillColor=array([-1, -1,  1]), fillColorSpace='rgb', fillRGB=array([-1, -1,  1]), interpolate=True, lineColor=array([-1., -1.,  1.]), lineColorSpace='rgb', lineRGB=array([-1, -1,  1]), lineWidth=1.5, name='dot_left_8', opacity=1.0, ori=0.0, pos=array([0.1, 0.8]), size=array([0.05, 0.05]), units='height', vertices=ndarray(...), win=Window(...), windingRule=None)
0.0312 	EXP 	Created dot_left_9 = ShapeStim(__class__=<class 'psychopy.visual.shape.ShapeStim'>, anchor=('center', 'center'), autoDraw=False, autoLog=True, closeShape=True, color=method-wrapper(...), colorSpace='rgb', contrast=None, depth=0, draggable=False, fillColor=array([-1, -1,  1]), fillColorSpace='rgb', fillRGB=array([-1, -1,  1]), interpolate=True, lineColor=array([-1., -1.,  1.]), lineColorSpace='rgb', lineRGB=array([-1, -1,  1]), lineWidth=1.5, name='dot_left_9', opacity=1.0, ori=0.0, pos=array([0.1, 0.9]), size=array([0.05, 0.05]), units='height', vertices=ndarray(...), win=Window(...), windingRule=None)
0.0334 	EXP 	Created dot_left_10 = ShapeStim(__class__=<class 'psychopy.visual.shape.ShapeStim'>, anchor=('center', 'center'), autoDraw=False, autoLog=True, closeShape=True, color=method-wrapper(...), colorSpace='rgb', contrast=None, depth=0, draggable=False, fillColor=array([-1, -1,  1]), fillColorSpace='rgb', fillRGB=array([-1, -1,  1]), interpolate=True, lineColor=array([-1., -1.,  1.]), lineColorSpace='rgb', lineRGB=array([-1, -1,  1]), lineWidth=1.5, name='dot_left_10', opacity=1.0, ori=0.0, pos=array([0.1, 1. ]), size=array([0.05, 0.05]), units='height', vertices=ndarray(...), win=Window(...), windingRule=None)
0.0355 	EXP 	Created dot_left_11 = ShapeStim(__class__=<class 'psychopy.visual.shape.ShapeStim'>, anchor=('center', 'center'), autoDraw=False, autoLog=True, closeShape=True, color=method-wrapper(...), colorSpace='rgb', contrast=None, depth=0, draggable=False, fillColor=array([-1, -1,  1]), fillColorSpace='rgb', fillRGB=array([-1, -1,  1]), interpolate=True, lineColor=array([-1., -1.,  1.]), lineColorSpace='rgb', lineRGB=array([-1, -1,  1]), lineWidth=1.5, name='dot_left_11', opacity=1.0, ori=0.0, pos=array([0.1, 1.1]), size=array([0.05, 0.05]), units='height', vertices=ndarray(...), win=Window(...), windingRule=None)
0.0374 	EXP 	Created dot_left_12 = ShapeStim(__class__=<class 'psychopy.visual.shape.ShapeStim'>, anchor=('center', 'center'), autoDraw=False, autoLog=True, closeShape=True, color=method-wrapper(...), colorSpace='rgb', contrast=None, depth=0, draggable=False, fillColor=array([-1, -1,  1]), fillColorSpace='rgb', fillRGB=array([-1, -1,  1]), interpolate=True, lineColor=array([-1., -1.,  1.]), lineColorSpace='rgb', lineRGB=array([-1, -1,  1]), lineWidth=1.5, name='dot_left_12', opacity=1.0, ori=0.0, pos=array([0.1, 1.2]), size=array([0.05, 0.05]), units='height', vertices=ndarray(...), win=Window(...), windingRule=None)
0.0393 	EXP 	Created dot_left_13 = ShapeStim(__class__=<class 'psychopy.visual.shape.ShapeStim'>, anchor=('center', 'center'), autoDraw=False, autoLog=True, closeShape=True, color=method-wrapper(...), colorSpace='rgb', contrast=None, depth=0, draggable=False, fillColor=array([-1, -1,  1]), fillColorSpace='rgb', fillRGB=array([-1, -1,  1]), interpolate=True, lineColor=array([-1., -1.,  1.]), lineColorSpace='rgb', lineRGB=array([-1, -1,  1]), lineWidth=1.5, name='dot_left_13', opacity=1.0, ori=0.0, pos=array([0.1, 1.3]), size=array([0.05, 0.05]), units='height', vertices=ndarray(...), win=Window(...), windingRule=None)
0.0413 	EXP 	Created dot_left_14 = ShapeStim(__class__=<class 'psychopy.visual.shape.ShapeStim'>, anchor=('center', 'center'), autoDraw=False, autoLog=True, closeShape=True, color=method-wrapper(...), colorSpace='rgb', contrast=None, depth=0, draggable=False, fillColor=array([-1, -1,  1]), fillColorSpace='rgb', fillRGB=array([-1, -1,  1]), interpolate=True, lineColor=array([-1., -1.,  1.]), lineColorSpace='rgb', lineRGB=array([-1, -1,  1]), lineWidth=1.5, name='dot_left_14', opacity=1.0, ori=0.0, pos=array([0.1, 1.4]), size=array([0.05, 0.05]), units='height', vertices=ndarray(...), win=Window(...), windingRule=None)
0.0499 	WARNING 	t of last frame was 44.91ms (=1/22)
0.0499 	EXP 	dot_left_0: autoDraw = True
0.0499 	EXP 	dot_left_1: autoDraw = True
0.0499 	EXP 	dot_left_2: autoDraw = True
0.0499 	EXP 	dot_left_3: autoDraw = True
0.0499 	EXP 	dot_left_4: autoDraw = True
0.0499 	EXP 	dot_left_5: autoDraw = True
0.0499 	EXP 	dot_left_6: autoDraw = True
0.0499 	EXP 	dot_left_7: autoDraw = True
0.0499 	EXP 	dot_left_8: autoDraw = True
0.0499 	EXP 	dot_left_9: autoDraw = True
0.0499 	EXP 	dot_left_10: autoDraw = True
0.0499 	EXP 	dot_left_11: autoDraw = True
0.0499 	EXP 	dot_left_12: autoDraw = True
0.0499 	EXP 	dot_left_13: autoDraw = True
0.0499 	EXP 	dot_left_14: autoDraw = True
0.0499 	EXP 	polygon: autoDraw = True
0.6024 	WARNING 	t of last frame was 91.42ms (=1/10)
1.0101 	EXP 	polygon: autoDraw = False
1.0101 	EXP 	dot_left_0: autoDraw = False
1.0101 	EXP 	dot_left_1: autoDraw = False
1.0101 	EXP 	dot_left_2: autoDraw = False
1.0101 	EXP 	dot_left_3: autoDraw = False
1.0101 	EXP 	dot_left_4: autoDraw = False
1.0101 	EXP 	dot_left_5: autoDraw = False
1.0101 	EXP 	dot_left_6: autoDraw = False
1.0101 	EXP 	dot_left_7: autoDraw = False
1.0101 	EXP 	dot_left_8: autoDraw = False
1.0101 	EXP 	dot_left_9: autoDraw = False
1.0101 	EXP 	dot_left_10: autoDraw = False
1.0101 	EXP 	dot_left_11: autoDraw = False
1.0101 	EXP 	dot_left_12: autoDraw = False
1.0101 	EXP 	dot_left_13: autoDraw = False
1.0101 	EXP 	dot_left_14: autoDraw = False
1.0119 	EXP 	3d-motion-direction-estimation: status = STOPPED
1.0137 	INFO 	saved data to '/Users/kbonnen/Library/CloudStorage/OneDrive-IndianaUniversity/Courses/V768-Measuring-Perception/V768-Psychophysics-labs/07-3d-motion/3d-motion-direction-estimation/data/214178_3d-motion-direction-estimation_2025-02-25_00h08.33.120.csv'
1.0141 	INFO 	saved data to /Users/kbonnen/Library/CloudStorage/OneDrive-IndianaUniversity/Courses/V768-Measuring-Perception/V768-Psychophysics-labs/07-3d-motion/3d-motion-direction-estimation/data/214178_3d-motion-direction-estimation_2025-02-25_00h08.33.120.psydat
1.1815 	DEBUG 	Saving data for 3d-motion-direction-estimation ExperimentHandler
