3.8988 	DEBUG 	Fullscreen settings ignored as running in pilot mode.
3.9000 	INFO 	Loaded monitor calibration from ['2023_05_12 15:00']
4.0488 	EXP 	Created window1 = Window(allowGUI=False, allowStencil=False, autoLog=True, backendConf=UNKNOWN, backgroundFit=<method-wrapper '__getattribute__' of attributeSetter object at 0x7f8ae289b850>, backgroundImage=<method-wrapper '__getattribute__' of attributeSetter object at 0x7f8ae289b760>, bitsMode=UNKNOWN, blendMode='avg', bpc=(8, 8, 8), color=array([-1, -1, -1]), colorSpace='rgb', depthBits=8, fullscr=False, gamma=None, gammaErrorPolicy='raise', infoMsg=UNKNOWN, lms=UNKNOWN, monitor=<psychopy.monitors.calibTools.Monitor object at 0x7f8ae2b33790>, multiSample=False, name='window1', numSamples=2, pos=[356.0, 191.0], screen=0, size=array([1600, 1200]), stencilBits=0, stereo=False, title='PsychoPy', units='height', useFBO=True, useRetina=True, viewOri=0.0, viewPos=None, viewScale=None, waitBlanking=True, winType='pyglet')
4.0488 	EXP 	window1: backgroundImage = ''
4.0489 	EXP 	window1: backgroundFit = 'none'
4.0576 	DEBUG 	TextBox2 loaded 1 chars with 0 blanks and 1 valid
4.0581 	DEBUG 	TextBox2 loaded 1 chars with 0 blanks and 1 valid
4.0587 	DEBUG 	TextBox2 loaded 1 chars with 0 blanks and 1 valid
4.0594 	DEBUG 	TextBox2 loaded 1 chars with 0 blanks and 1 valid
4.0600 	DEBUG 	TextBox2 loaded 1 chars with 0 blanks and 1 valid
4.0603 	DEBUG 	TextBox2 loaded 1 chars with 0 blanks and 1 valid
4.0608 	DEBUG 	TextBox2 loaded 1 chars with 0 blanks and 1 valid
4.0615 	DEBUG 	TextBox2 loaded 1 chars with 0 blanks and 1 valid
4.0616 	DEBUG 	TextBox2 loaded 1 chars with 0 blanks and 1 valid
4.0618 	DEBUG 	TextBox2 loaded 1 chars with 0 blanks and 1 valid
4.0623 	DEBUG 	TextBox2 loaded 1 chars with 0 blanks and 1 valid
4.0628 	DEBUG 	TextBox2 loaded 1 chars with 0 blanks and 1 valid
4.0632 	DEBUG 	TextBox2 loaded 1 chars with 0 blanks and 1 valid
4.0637 	DEBUG 	TextBox2 loaded 1 chars with 0 blanks and 1 valid
4.0641 	DEBUG 	TextBox2 loaded 1 chars with 0 blanks and 1 valid
4.0647 	DEBUG 	TextBox2 loaded 1 chars with 0 blanks and 1 valid
4.0652 	DEBUG 	TextBox2 loaded 1 chars with 0 blanks and 1 valid
4.0654 	DEBUG 	TextBox2 loaded 1 chars with 0 blanks and 1 valid
4.0657 	DEBUG 	TextBox2 loaded 1 chars with 0 blanks and 1 valid
4.0664 	DEBUG 	TextBox2 loaded 1 chars with 0 blanks and 1 valid
4.0666 	DEBUG 	TextBox2 loaded 1 chars with 0 blanks and 1 valid
4.0668 	DEBUG 	Uploading Texture Font fontname to graphics card
4.0697 	DEBUG 	Upload of Texture Font fontname complete
4.0745 	DEBUG 	TextBox2 loaded 1 chars with 0 blanks and 1 valid
4.0752 	DEBUG 	TextBox2 loaded 1 chars with 0 blanks and 1 valid
4.0759 	DEBUG 	TextBox2 loaded 1 chars with 0 blanks and 1 valid
4.0760 	DEBUG 	Uploading Texture Font fontname to graphics card
4.0779 	DEBUG 	Upload of Texture Font fontname complete
4.0793 	EXP 	window1: Attempting to measure frame rate of screen (0) ...
4.0793 	EXP 	window1: recordFrameIntervals = False
4.1833 	EXP 	window1: recordFrameIntervals = True
5.0175 	WARNING 	Couldn't measure a consistent frame rate!
  - Is your graphics card set to sync to vertical blank?
  - Are you running other processes on your computer?

5.0248 	DEBUG 	TextBox2 loaded 1 chars with 0 blanks and 1 valid
5.0253 	DEBUG 	TextBox2 loaded 1 chars with 0 blanks and 1 valid
5.0262 	DEBUG 	TextBox2 loaded 1 chars with 0 blanks and 1 valid
5.0274 	DEBUG 	TextBox2 loaded 1 chars with 0 blanks and 1 valid
5.0284 	DEBUG 	TextBox2 loaded 1 chars with 0 blanks and 1 valid
5.0294 	DEBUG 	TextBox2 loaded 1 chars with 0 blanks and 1 valid
5.0298 	DEBUG 	TextBox2 loaded 1 chars with 0 blanks and 1 valid
5.0307 	DEBUG 	TextBox2 loaded 1 chars with 0 blanks and 1 valid
5.0317 	DEBUG 	TextBox2 loaded 1 chars with 0 blanks and 1 valid
5.0326 	DEBUG 	TextBox2 loaded 1 chars with 0 blanks and 1 valid
5.0329 	DEBUG 	Uploading Texture Font fontname to graphics card
5.0358 	DEBUG 	Upload of Texture Font fontname complete
5.0532 	WARNING 	launchHubServer: If using the iohub mouse or eyetracker devices, fullScr should be True.
6.7079 	INFO 	keyboard.Keyboard is using iohub backend.
6.7080 	EXP 	3d-motion-direction-estimation: status = STARTED
6.7149 	EXP 	Created polygon = ShapeStim(__class__=<class 'psychopy.visual.shape.ShapeStim'>, anchor=('center', 'center'), autoDraw=False, autoLog=True, closeShape=True, color=method-wrapper(...), colorSpace='rgb', contrast=None, depth=-2.0, draggable=False, fillColor=array([1, 1, 1]), fillColorSpace='rgb', fillRGB=array([1, 1, 1]), interpolate=True, lineColor=array([1., 1., 1.]), lineColorSpace='rgb', lineRGB=array([1, 1, 1]), lineWidth=1.0, name='polygon', opacity=1, ori=0.0, pos=array([0., 0.]), size=array([0.05, 0.05]), units='height', vertices=ndarray(...), win=Window(...), windingRule=None)
0.0127 	EXP 	Created dot_left_0 = ShapeStim(__class__=<class 'psychopy.visual.shape.ShapeStim'>, anchor=('center', 'center'), autoDraw=False, autoLog=True, closeShape=True, color=method-wrapper(...), colorSpace='rgb', contrast=None, depth=0, draggable=False, fillColor=array([-1, -1,  1]), fillColorSpace='rgb', fillRGB=array([-1, -1,  1]), interpolate=True, lineColor=array([-1., -1.,  1.]), lineColorSpace='rgb', lineRGB=array([-1, -1,  1]), lineWidth=1.5, name='dot_left_0', opacity=1.0, ori=0.0, pos=array([0.1, 0. ]), size=array([0.05, 0.05]), units='height', vertices=ndarray(...), win=Window(...), windingRule=None)
0.0148 	EXP 	Created dot_left_1 = ShapeStim(__class__=<class 'psychopy.visual.shape.ShapeStim'>, anchor=('center', 'center'), autoDraw=False, autoLog=True, closeShape=True, color=method-wrapper(...), colorSpace='rgb', contrast=None, depth=0, draggable=False, fillColor=array([-1, -1,  1]), fillColorSpace='rgb', fillRGB=array([-1, -1,  1]), interpolate=True, lineColor=array([-1., -1.,  1.]), lineColorSpace='rgb', lineRGB=array([-1, -1,  1]), lineWidth=1.5, name='dot_left_1', opacity=1.0, ori=0.0, pos=array([0.1, 0.1]), size=array([0.05, 0.05]), units='height', vertices=ndarray(...), win=Window(...), windingRule=None)
0.0168 	EXP 	Created dot_left_2 = ShapeStim(__class__=<class 'psychopy.visual.shape.ShapeStim'>, anchor=('center', 'center'), autoDraw=False, autoLog=True, closeShape=True, color=method-wrapper(...), colorSpace='rgb', contrast=None, depth=0, draggable=False, fillColor=array([-1, -1,  1]), fillColorSpace='rgb', fillRGB=array([-1, -1,  1]), interpolate=True, lineColor=array([-1., -1.,  1.]), lineColorSpace='rgb', lineRGB=array([-1, -1,  1]), lineWidth=1.5, name='dot_left_2', opacity=1.0, ori=0.0, pos=array([0.1, 0.2]), size=array([0.05, 0.05]), units='height', vertices=ndarray(...), win=Window(...), windingRule=None)
0.0188 	EXP 	Created dot_left_3 = ShapeStim(__class__=<class 'psychopy.visual.shape.ShapeStim'>, anchor=('center', 'center'), autoDraw=False, autoLog=True, closeShape=True, color=method-wrapper(...), colorSpace='rgb', contrast=None, depth=0, draggable=False, fillColor=array([-1, -1,  1]), fillColorSpace='rgb', fillRGB=array([-1, -1,  1]), interpolate=True, lineColor=array([-1., -1.,  1.]), lineColorSpace='rgb', lineRGB=array([-1, -1,  1]), lineWidth=1.5, name='dot_left_3', opacity=1.0, ori=0.0, pos=array([0.1, 0.3]), size=array([0.05, 0.05]), units='height', vertices=ndarray(...), win=Window(...), windingRule=None)
0.0210 	EXP 	Created dot_left_4 = ShapeStim(__class__=<class 'psychopy.visual.shape.ShapeStim'>, anchor=('center', 'center'), autoDraw=False, autoLog=True, closeShape=True, color=method-wrapper(...), colorSpace='rgb', contrast=None, depth=0, draggable=False, fillColor=array([-1, -1,  1]), fillColorSpace='rgb', fillRGB=array([-1, -1,  1]), interpolate=True, lineColor=array([-1., -1.,  1.]), lineColorSpace='rgb', lineRGB=array([-1, -1,  1]), lineWidth=1.5, name='dot_left_4', opacity=1.0, ori=0.0, pos=array([0.1, 0.4]), size=array([0.05, 0.05]), units='height', vertices=ndarray(...), win=Window(...), windingRule=None)
0.0230 	EXP 	Created dot_left_5 = ShapeStim(__class__=<class 'psychopy.visual.shape.ShapeStim'>, anchor=('center', 'center'), autoDraw=False, autoLog=True, closeShape=True, color=method-wrapper(...), colorSpace='rgb', contrast=None, depth=0, draggable=False, fillColor=array([-1, -1,  1]), fillColorSpace='rgb', fillRGB=array([-1, -1,  1]), interpolate=True, lineColor=array([-1., -1.,  1.]), lineColorSpace='rgb', lineRGB=array([-1, -1,  1]), lineWidth=1.5, name='dot_left_5', opacity=1.0, ori=0.0, pos=array([0.1, 0.5]), size=array([0.05, 0.05]), units='height', vertices=ndarray(...), win=Window(...), windingRule=None)
0.0251 	EXP 	Created dot_left_6 = ShapeStim(__class__=<class 'psychopy.visual.shape.ShapeStim'>, anchor=('center', 'center'), autoDraw=False, autoLog=True, closeShape=True, color=method-wrapper(...), colorSpace='rgb', contrast=None, depth=0, draggable=False, fillColor=array([-1, -1,  1]), fillColorSpace='rgb', fillRGB=array([-1, -1,  1]), interpolate=True, lineColor=array([-1., -1.,  1.]), lineColorSpace='rgb', lineRGB=array([-1, -1,  1]), lineWidth=1.5, name='dot_left_6', opacity=1.0, ori=0.0, pos=array([0.1, 0.6]), size=array([0.05, 0.05]), units='height', vertices=ndarray(...), win=Window(...), windingRule=None)
0.0270 	EXP 	Created dot_left_7 = ShapeStim(__class__=<class 'psychopy.visual.shape.ShapeStim'>, anchor=('center', 'center'), autoDraw=False, autoLog=True, closeShape=True, color=method-wrapper(...), colorSpace='rgb', contrast=None, depth=0, draggable=False, fillColor=array([-1, -1,  1]), fillColorSpace='rgb', fillRGB=array([-1, -1,  1]), interpolate=True, lineColor=array([-1., -1.,  1.]), lineColorSpace='rgb', lineRGB=array([-1, -1,  1]), lineWidth=1.5, name='dot_left_7', opacity=1.0, ori=0.0, pos=array([0.1, 0.7]), size=array([0.05, 0.05]), units='height', vertices=ndarray(...), win=Window(...), windingRule=None)
0.0289 	EXP 	Created dot_left_8 = ShapeStim(__class__=<class 'psychopy.visual.shape.ShapeStim'>, anchor=('center', 'center'), autoDraw=False, autoLog=True, closeShape=True, color=method-wrapper(...), colorSpace='rgb', contrast=None, depth=0, draggable=False, fillColor=array([-1, -1,  1]), fillColorSpace='rgb', fillRGB=array([-1, -1,  1]), interpolate=True, lineColor=array([-1., -1.,  1.]), lineColorSpace='rgb', lineRGB=array([-1, -1,  1]), lineWidth=1.5, name='dot_left_8', opacity=1.0, ori=0.0, pos=array([0.1, 0.8]), size=array([0.05, 0.05]), units='height', vertices=ndarray(...), win=Window(...), windingRule=None)
0.0308 	EXP 	Created dot_left_9 = ShapeStim(__class__=<class 'psychopy.visual.shape.ShapeStim'>, anchor=('center', 'center'), autoDraw=False, autoLog=True, closeShape=True, color=method-wrapper(...), colorSpace='rgb', contrast=None, depth=0, draggable=False, fillColor=array([-1, -1,  1]), fillColorSpace='rgb', fillRGB=array([-1, -1,  1]), interpolate=True, lineColor=array([-1., -1.,  1.]), lineColorSpace='rgb', lineRGB=array([-1, -1,  1]), lineWidth=1.5, name='dot_left_9', opacity=1.0, ori=0.0, pos=array([0.1, 0.9]), size=array([0.05, 0.05]), units='height', vertices=ndarray(...), win=Window(...), windingRule=None)
0.0331 	EXP 	Created dot_left_10 = ShapeStim(__class__=<class 'psychopy.visual.shape.ShapeStim'>, anchor=('center', 'center'), autoDraw=False, autoLog=True, closeShape=True, color=method-wrapper(...), colorSpace='rgb', contrast=None, depth=0, draggable=False, fillColor=array([-1, -1,  1]), fillColorSpace='rgb', fillRGB=array([-1, -1,  1]), interpolate=True, lineColor=array([-1., -1.,  1.]), lineColorSpace='rgb', lineRGB=array([-1, -1,  1]), lineWidth=1.5, name='dot_left_10', opacity=1.0, ori=0.0, pos=array([0.1, 1. ]), size=array([0.05, 0.05]), units='height', vertices=ndarray(...), win=Window(...), windingRule=None)
0.0351 	EXP 	Created dot_left_11 = ShapeStim(__class__=<class 'psychopy.visual.shape.ShapeStim'>, anchor=('center', 'center'), autoDraw=False, autoLog=True, closeShape=True, color=method-wrapper(...), colorSpace='rgb', contrast=None, depth=0, draggable=False, fillColor=array([-1, -1,  1]), fillColorSpace='rgb', fillRGB=array([-1, -1,  1]), interpolate=True, lineColor=array([-1., -1.,  1.]), lineColorSpace='rgb', lineRGB=array([-1, -1,  1]), lineWidth=1.5, name='dot_left_11', opacity=1.0, ori=0.0, pos=array([0.1, 1.1]), size=array([0.05, 0.05]), units='height', vertices=ndarray(...), win=Window(...), windingRule=None)
0.0370 	EXP 	Created dot_left_12 = ShapeStim(__class__=<class 'psychopy.visual.shape.ShapeStim'>, anchor=('center', 'center'), autoDraw=False, autoLog=True, closeShape=True, color=method-wrapper(...), colorSpace='rgb', contrast=None, depth=0, draggable=False, fillColor=array([-1, -1,  1]), fillColorSpace='rgb', fillRGB=array([-1, -1,  1]), interpolate=True, lineColor=array([-1., -1.,  1.]), lineColorSpace='rgb', lineRGB=array([-1, -1,  1]), lineWidth=1.5, name='dot_left_12', opacity=1.0, ori=0.0, pos=array([0.1, 1.2]), size=array([0.05, 0.05]), units='height', vertices=ndarray(...), win=Window(...), windingRule=None)
0.0390 	EXP 	Created dot_left_13 = ShapeStim(__class__=<class 'psychopy.visual.shape.ShapeStim'>, anchor=('center', 'center'), autoDraw=False, autoLog=True, closeShape=True, color=method-wrapper(...), colorSpace='rgb', contrast=None, depth=0, draggable=False, fillColor=array([-1, -1,  1]), fillColorSpace='rgb', fillRGB=array([-1, -1,  1]), interpolate=True, lineColor=array([-1., -1.,  1.]), lineColorSpace='rgb', lineRGB=array([-1, -1,  1]), lineWidth=1.5, name='dot_left_13', opacity=1.0, ori=0.0, pos=array([0.1, 1.3]), size=array([0.05, 0.05]), units='height', vertices=ndarray(...), win=Window(...), windingRule=None)
0.0409 	EXP 	Created dot_left_14 = ShapeStim(__class__=<class 'psychopy.visual.shape.ShapeStim'>, anchor=('center', 'center'), autoDraw=False, autoLog=True, closeShape=True, color=method-wrapper(...), colorSpace='rgb', contrast=None, depth=0, draggable=False, fillColor=array([-1, -1,  1]), fillColorSpace='rgb', fillRGB=array([-1, -1,  1]), interpolate=True, lineColor=array([-1., -1.,  1.]), lineColorSpace='rgb', lineRGB=array([-1, -1,  1]), lineWidth=1.5, name='dot_left_14', opacity=1.0, ori=0.0, pos=array([0.1, 1.4]), size=array([0.05, 0.05]), units='height', vertices=ndarray(...), win=Window(...), windingRule=None)
0.0442 	WARNING 	t of last frame was 39.31ms (=1/25)
0.0442 	EXP 	dot_left_0: autoDraw = True
0.0442 	EXP 	polygon: autoDraw = True
1.0030 	EXP 	polygon: autoDraw = False
1.0030 	EXP 	dot_left_0: autoDraw = False
1.0030 	EXP 	dot_left_1: autoDraw = False
1.0030 	EXP 	dot_left_2: autoDraw = False
1.0030 	EXP 	dot_left_3: autoDraw = False
1.0030 	EXP 	dot_left_4: autoDraw = False
1.0030 	EXP 	dot_left_5: autoDraw = False
1.0030 	EXP 	dot_left_6: autoDraw = False
1.0030 	EXP 	dot_left_7: autoDraw = False
1.0030 	EXP 	dot_left_8: autoDraw = False
1.0030 	EXP 	dot_left_9: autoDraw = False
1.0030 	EXP 	dot_left_10: autoDraw = False
1.0030 	EXP 	dot_left_11: autoDraw = False
1.0030 	EXP 	dot_left_12: autoDraw = False
1.0030 	EXP 	dot_left_13: autoDraw = False
1.0030 	EXP 	dot_left_14: autoDraw = False
1.0048 	EXP 	3d-motion-direction-estimation: status = STOPPED
1.0068 	INFO 	saved data to '/Users/kbonnen/Library/CloudStorage/OneDrive-IndianaUniversity/Courses/V768-Measuring-Perception/V768-Psychophysics-labs/07-3d-motion/3d-motion-direction-estimation/data/250157_3d-motion-direction-estimation_2025-02-25_00h06.26.816.csv'
1.0072 	INFO 	saved data to /Users/kbonnen/Library/CloudStorage/OneDrive-IndianaUniversity/Courses/V768-Measuring-Perception/V768-Psychophysics-labs/07-3d-motion/3d-motion-direction-estimation/data/250157_3d-motion-direction-estimation_2025-02-25_00h06.26.816.psydat
1.1879 	DEBUG 	Saving data for 3d-motion-direction-estimation ExperimentHandler
