4.1777 	INFO 	Loaded monitor calibration from ['2023_05_12 15:00']
4.3412 	EXP 	Created window1 = Window(allowGUI=False, allowStencil=False, autoLog=True, backendConf=UNKNOWN, backgroundFit=<method-wrapper '__getattribute__' of attributeSetter object at 0x7fa62a060820>, backgroundImage=<method-wrapper '__getattribute__' of attributeSetter object at 0x7fa62a060700>, bitsMode=UNKNOWN, blendMode='avg', bpc=(8, 8, 8), color=array([-1, -1, -1]), colorSpace='rgb', depthBits=8, fullscr=True, gamma=None, gammaErrorPolicy='raise', infoMsg=UNKNOWN, lms=UNKNOWN, monitor=<psychopy.monitors.calibTools.Monitor object at 0x7fa64815a6a0>, multiSample=False, name='window1', numSamples=2, pos=[0.0, 0.0], screen=0, size=array([3024, 1964]), stencilBits=0, stereo=False, title='PsychoPy', units='height', useFBO=True, useRetina=True, viewOri=0.0, viewPos=None, viewScale=None, waitBlanking=True, winType='pyglet')
4.3413 	EXP 	window1: backgroundImage = ''
4.3413 	EXP 	window1: backgroundFit = 'none'
4.3861 	EXP 	window1: Attempting to measure frame rate of screen (0) ...
4.3861 	EXP 	window1: recordFrameIntervals = False
4.5056 	EXP 	window1: recordFrameIntervals = True
5.3395 	WARNING 	Couldn't measure a consistent frame rate!
  - Is your graphics card set to sync to vertical blank?
  - Are you running other processes on your computer?

7.0293 	INFO 	keyboard.Keyboard is using iohub backend.
7.0294 	EXP 	3d-motion-direction-estimation: status = STARTED
7.0374 	EXP 	Created polygon = ShapeStim(__class__=<class 'psychopy.visual.shape.ShapeStim'>, anchor=('center', 'center'), autoDraw=False, autoLog=True, closeShape=True, color=method-wrapper(...), colorSpace='rgb', contrast=None, depth=-2.0, draggable=False, fillColor=array([1, 1, 1]), fillColorSpace='rgb', fillRGB=array([1, 1, 1]), interpolate=True, lineColor=array([1., 1., 1.]), lineColorSpace='rgb', lineRGB=array([1, 1, 1]), lineWidth=1.0, name='polygon', opacity=1, ori=0.0, pos=array([0., 0.]), size=array([0.05, 0.05]), units='height', vertices=ndarray(...), win=Window(...), windingRule=None)
0.0118 	EXP 	Created dot_left_0 = ShapeStim(__class__=<class 'psychopy.visual.shape.ShapeStim'>, anchor=('center', 'center'), autoDraw=False, autoLog=True, closeShape=True, color=method-wrapper(...), colorSpace='rgb', contrast=None, depth=0, draggable=False, fillColor=array([0. , 0. , 0.5]), fillColorSpace='rgb', fillRGB=array([0. , 0. , 0.5]), interpolate=True, lineColor=array([0. , 0. , 0.5]), lineColorSpace='rgb', lineRGB=array([0. , 0. , 0.5]), lineWidth=1.5, name='dot_left_0', opacity=1.0, ori=0.0, pos=array([ 0.16974319, -0.05151817]), size=array([0.01, 0.01]), units='height', vertices=ndarray(...), win=Window(...), windingRule=None)
0.0140 	EXP 	Created dot_left_0 = ShapeStim(__class__=<class 'psychopy.visual.shape.ShapeStim'>, anchor=('center', 'center'), autoDraw=False, autoLog=True, closeShape=True, color=method-wrapper(...), colorSpace='rgb', contrast=None, depth=0, draggable=False, fillColor=array([0.5, 0. , 0. ]), fillColorSpace='rgb', fillRGB=array([0.5, 0. , 0. ]), interpolate=True, lineColor=array([0.5, 0. , 0. ]), lineColorSpace='rgb', lineRGB=array([0.5, 0. , 0. ]), lineWidth=1.5, name='dot_left_0', opacity=1.0, ori=0.0, pos=array([ 0.14272955, -0.05151817]), size=array([0.01, 0.01]), units='height', vertices=ndarray(...), win=Window(...), windingRule=None)
0.0159 	EXP 	Created dot_left_1 = ShapeStim(__class__=<class 'psychopy.visual.shape.ShapeStim'>, anchor=('center', 'center'), autoDraw=False, autoLog=True, closeShape=True, color=method-wrapper(...), colorSpace='rgb', contrast=None, depth=0, draggable=False, fillColor=array([0. , 0. , 0.5]), fillColorSpace='rgb', fillRGB=array([0. , 0. , 0.5]), interpolate=True, lineColor=array([0. , 0. , 0.5]), lineColorSpace='rgb', lineRGB=array([0. , 0. , 0.5]), lineWidth=1.5, name='dot_left_1', opacity=1.0, ori=0.0, pos=array([0.23058192, 0.24218637]), size=array([0.01, 0.01]), units='height', vertices=ndarray(...), win=Window(...), windingRule=None)
0.0177 	EXP 	Created dot_left_1 = ShapeStim(__class__=<class 'psychopy.visual.shape.ShapeStim'>, anchor=('center', 'center'), autoDraw=False, autoLog=True, closeShape=True, color=method-wrapper(...), colorSpace='rgb', contrast=None, depth=0, draggable=False, fillColor=array([0.5, 0. , 0. ]), fillColorSpace='rgb', fillRGB=array([0.5, 0. , 0. ]), interpolate=True, lineColor=array([0.5, 0. , 0. ]), lineColorSpace='rgb', lineRGB=array([0.5, 0. , 0. ]), lineWidth=1.5, name='dot_left_1', opacity=1.0, ori=0.0, pos=array([0.20388267, 0.24218637]), size=array([0.01, 0.01]), units='height', vertices=ndarray(...), win=Window(...), windingRule=None)
0.0195 	EXP 	Created dot_left_2 = ShapeStim(__class__=<class 'psychopy.visual.shape.ShapeStim'>, anchor=('center', 'center'), autoDraw=False, autoLog=True, closeShape=True, color=method-wrapper(...), colorSpace='rgb', contrast=None, depth=0, draggable=False, fillColor=array([0. , 0. , 0.5]), fillColorSpace='rgb', fillRGB=array([0. , 0. , 0.5]), interpolate=True, lineColor=array([0. , 0. , 0.5]), lineColorSpace='rgb', lineRGB=array([0. , 0. , 0.5]), lineWidth=1.5, name='dot_left_2', opacity=1.0, ori=0.0, pos=array([0.09998572, 0.00582559]), size=array([0.01, 0.01]), units='height', vertices=ndarray(...), win=Window(...), windingRule=None)
0.0215 	EXP 	Created dot_left_2 = ShapeStim(__class__=<class 'psychopy.visual.shape.ShapeStim'>, anchor=('center', 'center'), autoDraw=False, autoLog=True, closeShape=True, color=method-wrapper(...), colorSpace='rgb', contrast=None, depth=0, draggable=False, fillColor=array([0.5, 0. , 0. ]), fillColorSpace='rgb', fillRGB=array([0.5, 0. , 0. ]), interpolate=True, lineColor=array([0.5, 0. , 0. ]), lineColorSpace='rgb', lineRGB=array([0.5, 0. , 0. ]), lineWidth=1.5, name='dot_left_2', opacity=1.0, ori=0.0, pos=array([0.09590972, 0.00582559]), size=array([0.01, 0.01]), units='height', vertices=ndarray(...), win=Window(...), windingRule=None)
0.0234 	EXP 	Created dot_left_3 = ShapeStim(__class__=<class 'psychopy.visual.shape.ShapeStim'>, anchor=('center', 'center'), autoDraw=False, autoLog=True, closeShape=True, color=method-wrapper(...), colorSpace='rgb', contrast=None, depth=0, draggable=False, fillColor=array([0. , 0. , 0.5]), fillColorSpace='rgb', fillRGB=array([0. , 0. , 0.5]), interpolate=True, lineColor=array([0. , 0. , 0.5]), lineColorSpace='rgb', lineRGB=array([0. , 0. , 0.5]), lineWidth=1.5, name='dot_left_3', opacity=1.0, ori=0.0, pos=array([-0.11212247, -0.16613982]), size=array([0.01, 0.01]), units='height', vertices=ndarray(...), win=Window(...), windingRule=None)
0.0253 	EXP 	Created dot_left_3 = ShapeStim(__class__=<class 'psychopy.visual.shape.ShapeStim'>, anchor=('center', 'center'), autoDraw=False, autoLog=True, closeShape=True, color=method-wrapper(...), colorSpace='rgb', contrast=None, depth=0, draggable=False, fillColor=array([0.5, 0. , 0. ]), fillColorSpace='rgb', fillRGB=array([0.5, 0. , 0. ]), interpolate=True, lineColor=array([0.5, 0. , 0. ]), lineColorSpace='rgb', lineRGB=array([0.5, 0. , 0. ]), lineWidth=1.5, name='dot_left_3', opacity=1.0, ori=0.0, pos=array([-0.09581664, -0.16613982]), size=array([0.01, 0.01]), units='height', vertices=ndarray(...), win=Window(...), windingRule=None)
0.0272 	EXP 	Created dot_left_4 = ShapeStim(__class__=<class 'psychopy.visual.shape.ShapeStim'>, anchor=('center', 'center'), autoDraw=False, autoLog=True, closeShape=True, color=method-wrapper(...), colorSpace='rgb', contrast=None, depth=0, draggable=False, fillColor=array([0. , 0. , 0.5]), fillColorSpace='rgb', fillRGB=array([0. , 0. , 0.5]), interpolate=True, lineColor=array([0. , 0. , 0.5]), lineColorSpace='rgb', lineRGB=array([0. , 0. , 0.5]), lineWidth=1.5, name='dot_left_4', opacity=1.0, ori=0.0, pos=array([0.07670398, 0.18371822]), size=array([0.01, 0.01]), units='height', vertices=ndarray(...), win=Window(...), windingRule=None)
0.0289 	EXP 	Created dot_left_4 = ShapeStim(__class__=<class 'psychopy.visual.shape.ShapeStim'>, anchor=('center', 'center'), autoDraw=False, autoLog=True, closeShape=True, color=method-wrapper(...), colorSpace='rgb', contrast=None, depth=0, draggable=False, fillColor=array([0.5, 0. , 0. ]), fillColorSpace='rgb', fillRGB=array([0.5, 0. , 0. ]), interpolate=True, lineColor=array([0.5, 0. , 0. ]), lineColorSpace='rgb', lineRGB=array([0.5, 0. , 0. ]), lineWidth=1.5, name='dot_left_4', opacity=1.0, ori=0.0, pos=array([0.07142677, 0.18371822]), size=array([0.01, 0.01]), units='height', vertices=ndarray(...), win=Window(...), windingRule=None)
0.0308 	EXP 	Created dot_left_5 = ShapeStim(__class__=<class 'psychopy.visual.shape.ShapeStim'>, anchor=('center', 'center'), autoDraw=False, autoLog=True, closeShape=True, color=method-wrapper(...), colorSpace='rgb', contrast=None, depth=0, draggable=False, fillColor=array([0. , 0. , 0.5]), fillColorSpace='rgb', fillRGB=array([0. , 0. , 0.5]), interpolate=True, lineColor=array([0. , 0. , 0.5]), lineColorSpace='rgb', lineRGB=array([0. , 0. , 0.5]), lineWidth=1.5, name='dot_left_5', opacity=1.0, ori=0.0, pos=array([-0.07822778,  0.2337998 ]), size=array([0.01, 0.01]), units='height', vertices=ndarray(...), win=Window(...), windingRule=None)
0.0326 	EXP 	Created dot_left_5 = ShapeStim(__class__=<class 'psychopy.visual.shape.ShapeStim'>, anchor=('center', 'center'), autoDraw=False, autoLog=True, closeShape=True, color=method-wrapper(...), colorSpace='rgb', contrast=None, depth=0, draggable=False, fillColor=array([0.5, 0. , 0. ]), fillColorSpace='rgb', fillRGB=array([0.5, 0. , 0. ]), interpolate=True, lineColor=array([0.5, 0. , 0. ]), lineColorSpace='rgb', lineRGB=array([0.5, 0. , 0. ]), lineWidth=1.5, name='dot_left_5', opacity=1.0, ori=0.0, pos=array([-0.06917776,  0.2337998 ]), size=array([0.01, 0.01]), units='height', vertices=ndarray(...), win=Window(...), windingRule=None)
0.0344 	EXP 	Created dot_left_6 = ShapeStim(__class__=<class 'psychopy.visual.shape.ShapeStim'>, anchor=('center', 'center'), autoDraw=False, autoLog=True, closeShape=True, color=method-wrapper(...), colorSpace='rgb', contrast=None, depth=0, draggable=False, fillColor=array([0. , 0. , 0.5]), fillColorSpace='rgb', fillRGB=array([0. , 0. , 0.5]), interpolate=True, lineColor=array([0. , 0. , 0.5]), lineColorSpace='rgb', lineRGB=array([0. , 0. , 0.5]), lineWidth=1.5, name='dot_left_6', opacity=1.0, ori=0.0, pos=array([ 0.08068613, -0.21074324]), size=array([0.01, 0.01]), units='height', vertices=ndarray(...), win=Window(...), windingRule=None)
0.0362 	EXP 	Created dot_left_6 = ShapeStim(__class__=<class 'psychopy.visual.shape.ShapeStim'>, anchor=('center', 'center'), autoDraw=False, autoLog=True, closeShape=True, color=method-wrapper(...), colorSpace='rgb', contrast=None, depth=0, draggable=False, fillColor=array([0.5, 0. , 0. ]), fillColorSpace='rgb', fillRGB=array([0.5, 0. , 0. ]), interpolate=True, lineColor=array([0.5, 0. , 0. ]), lineColorSpace='rgb', lineRGB=array([0.5, 0. , 0. ]), lineWidth=1.5, name='dot_left_6', opacity=1.0, ori=0.0, pos=array([ 0.0919446 , -0.21074324]), size=array([0.01, 0.01]), units='height', vertices=ndarray(...), win=Window(...), windingRule=None)
0.0379 	EXP 	Created dot_left_7 = ShapeStim(__class__=<class 'psychopy.visual.shape.ShapeStim'>, anchor=('center', 'center'), autoDraw=False, autoLog=True, closeShape=True, color=method-wrapper(...), colorSpace='rgb', contrast=None, depth=0, draggable=False, fillColor=array([0. , 0. , 0.5]), fillColorSpace='rgb', fillRGB=array([0. , 0. , 0.5]), interpolate=True, lineColor=array([0. , 0. , 0.5]), lineColorSpace='rgb', lineRGB=array([0. , 0. , 0.5]), lineWidth=1.5, name='dot_left_7', opacity=1.0, ori=0.0, pos=array([-0.18657202, -0.07687987]), size=array([0.01, 0.01]), units='height', vertices=ndarray(...), win=Window(...), windingRule=None)
0.0397 	EXP 	Created dot_left_7 = ShapeStim(__class__=<class 'psychopy.visual.shape.ShapeStim'>, anchor=('center', 'center'), autoDraw=False, autoLog=True, closeShape=True, color=method-wrapper(...), colorSpace='rgb', contrast=None, depth=0, draggable=False, fillColor=array([0.5, 0. , 0. ]), fillColorSpace='rgb', fillRGB=array([0.5, 0. , 0. ]), interpolate=True, lineColor=array([0.5, 0. , 0. ]), lineColorSpace='rgb', lineRGB=array([0.5, 0. , 0. ]), lineWidth=1.5, name='dot_left_7', opacity=1.0, ori=0.0, pos=array([-0.16794543, -0.07687987]), size=array([0.01, 0.01]), units='height', vertices=ndarray(...), win=Window(...), windingRule=None)
0.0416 	EXP 	Created dot_left_8 = ShapeStim(__class__=<class 'psychopy.visual.shape.ShapeStim'>, anchor=('center', 'center'), autoDraw=False, autoLog=True, closeShape=True, color=method-wrapper(...), colorSpace='rgb', contrast=None, depth=0, draggable=False, fillColor=array([0. , 0. , 0.5]), fillColorSpace='rgb', fillRGB=array([0. , 0. , 0.5]), interpolate=True, lineColor=array([0. , 0. , 0.5]), lineColorSpace='rgb', lineRGB=array([0. , 0. , 0.5]), lineWidth=1.5, name='dot_left_8', opacity=1.0, ori=0.0, pos=array([ 0.22390733, -0.25628505]), size=array([0.01, 0.01]), units='height', vertices=ndarray(...), win=Window(...), windingRule=None)
0.0433 	EXP 	Created dot_left_8 = ShapeStim(__class__=<class 'psychopy.visual.shape.ShapeStim'>, anchor=('center', 'center'), autoDraw=False, autoLog=True, closeShape=True, color=method-wrapper(...), colorSpace='rgb', contrast=None, depth=0, draggable=False, fillColor=array([0.5, 0. , 0. ]), fillColorSpace='rgb', fillRGB=array([0.5, 0. , 0. ]), interpolate=True, lineColor=array([0.5, 0. , 0. ]), lineColorSpace='rgb', lineRGB=array([0.5, 0. , 0. ]), lineWidth=1.5, name='dot_left_8', opacity=1.0, ori=0.0, pos=array([ 0.20741277, -0.25628505]), size=array([0.01, 0.01]), units='height', vertices=ndarray(...), win=Window(...), windingRule=None)
0.0452 	EXP 	Created dot_left_9 = ShapeStim(__class__=<class 'psychopy.visual.shape.ShapeStim'>, anchor=('center', 'center'), autoDraw=False, autoLog=True, closeShape=True, color=method-wrapper(...), colorSpace='rgb', contrast=None, depth=0, draggable=False, fillColor=array([0. , 0. , 0.5]), fillColorSpace='rgb', fillRGB=array([0. , 0. , 0.5]), interpolate=True, lineColor=array([0. , 0. , 0.5]), lineColorSpace='rgb', lineRGB=array([0. , 0. , 0.5]), lineWidth=1.5, name='dot_left_9', opacity=1.0, ori=0.0, pos=array([-0.12872073,  0.13721289]), size=array([0.01, 0.01]), units='height', vertices=ndarray(...), win=Window(...), windingRule=None)
0.0469 	EXP 	Created dot_left_9 = ShapeStim(__class__=<class 'psychopy.visual.shape.ShapeStim'>, anchor=('center', 'center'), autoDraw=False, autoLog=True, closeShape=True, color=method-wrapper(...), colorSpace='rgb', contrast=None, depth=0, draggable=False, fillColor=array([0.5, 0. , 0. ]), fillColorSpace='rgb', fillRGB=array([0.5, 0. , 0. ]), interpolate=True, lineColor=array([0.5, 0. , 0. ]), lineColorSpace='rgb', lineRGB=array([0.5, 0. , 0. ]), lineWidth=1.5, name='dot_left_9', opacity=1.0, ori=0.0, pos=array([-0.10587598,  0.13721289]), size=array([0.01, 0.01]), units='height', vertices=ndarray(...), win=Window(...), windingRule=None)
0.0487 	EXP 	Created dot_left_10 = ShapeStim(__class__=<class 'psychopy.visual.shape.ShapeStim'>, anchor=('center', 'center'), autoDraw=False, autoLog=True, closeShape=True, color=method-wrapper(...), colorSpace='rgb', contrast=None, depth=0, draggable=False, fillColor=array([0. , 0. , 0.5]), fillColorSpace='rgb', fillRGB=array([0. , 0. , 0.5]), interpolate=True, lineColor=array([0. , 0. , 0.5]), lineColorSpace='rgb', lineRGB=array([0. , 0. , 0.5]), lineWidth=1.5, name='dot_left_10', opacity=1.0, ori=0.0, pos=array([ 0.14753501, -0.01386442]), size=array([0.01, 0.01]), units='height', vertices=ndarray(...), win=Window(...), windingRule=None)
0.0504 	EXP 	Created dot_left_10 = ShapeStim(__class__=<class 'psychopy.visual.shape.ShapeStim'>, anchor=('center', 'center'), autoDraw=False, autoLog=True, closeShape=True, color=method-wrapper(...), colorSpace='rgb', contrast=None, depth=0, draggable=False, fillColor=array([0.5, 0. , 0. ]), fillColorSpace='rgb', fillRGB=array([0.5, 0. , 0. ]), interpolate=True, lineColor=array([0.5, 0. , 0. ]), lineColorSpace='rgb', lineRGB=array([0.5, 0. , 0. ]), lineWidth=1.5, name='dot_left_10', opacity=1.0, ori=0.0, pos=array([ 0.13452503, -0.01386442]), size=array([0.01, 0.01]), units='height', vertices=ndarray(...), win=Window(...), windingRule=None)
0.0523 	EXP 	Created dot_left_11 = ShapeStim(__class__=<class 'psychopy.visual.shape.ShapeStim'>, anchor=('center', 'center'), autoDraw=False, autoLog=True, closeShape=True, color=method-wrapper(...), colorSpace='rgb', contrast=None, depth=0, draggable=False, fillColor=array([0. , 0. , 0.5]), fillColorSpace='rgb', fillRGB=array([0. , 0. , 0.5]), interpolate=True, lineColor=array([0. , 0. , 0.5]), lineColorSpace='rgb', lineRGB=array([0. , 0. , 0.5]), lineWidth=1.5, name='dot_left_11', opacity=1.0, ori=0.0, pos=array([ 0.19569013, -0.01566154]), size=array([0.01, 0.01]), units='height', vertices=ndarray(...), win=Window(...), windingRule=None)
0.0541 	EXP 	Created dot_left_11 = ShapeStim(__class__=<class 'psychopy.visual.shape.ShapeStim'>, anchor=('center', 'center'), autoDraw=False, autoLog=True, closeShape=True, color=method-wrapper(...), colorSpace='rgb', contrast=None, depth=0, draggable=False, fillColor=array([0.5, 0. , 0. ]), fillColorSpace='rgb', fillRGB=array([0.5, 0. , 0. ]), interpolate=True, lineColor=array([0.5, 0. , 0. ]), lineColorSpace='rgb', lineRGB=array([0.5, 0. , 0. ]), lineWidth=1.5, name='dot_left_11', opacity=1.0, ori=0.0, pos=array([ 0.20243442, -0.01566154]), size=array([0.01, 0.01]), units='height', vertices=ndarray(...), win=Window(...), windingRule=None)
0.0560 	EXP 	Created dot_left_12 = ShapeStim(__class__=<class 'psychopy.visual.shape.ShapeStim'>, anchor=('center', 'center'), autoDraw=False, autoLog=True, closeShape=True, color=method-wrapper(...), colorSpace='rgb', contrast=None, depth=0, draggable=False, fillColor=array([0. , 0. , 0.5]), fillColorSpace='rgb', fillRGB=array([0. , 0. , 0.5]), interpolate=True, lineColor=array([0. , 0. , 0.5]), lineColorSpace='rgb', lineRGB=array([0. , 0. , 0.5]), lineWidth=1.5, name='dot_left_12', opacity=1.0, ori=0.0, pos=array([-0.167577  ,  0.18779671]), size=array([0.01, 0.01]), units='height', vertices=ndarray(...), win=Window(...), windingRule=None)
0.0577 	EXP 	Created dot_left_12 = ShapeStim(__class__=<class 'psychopy.visual.shape.ShapeStim'>, anchor=('center', 'center'), autoDraw=False, autoLog=True, closeShape=True, color=method-wrapper(...), colorSpace='rgb', contrast=None, depth=0, draggable=False, fillColor=array([0.5, 0. , 0. ]), fillColorSpace='rgb', fillRGB=array([0.5, 0. , 0. ]), interpolate=True, lineColor=array([0.5, 0. , 0. ]), lineColorSpace='rgb', lineRGB=array([0.5, 0. , 0. ]), lineWidth=1.5, name='dot_left_12', opacity=1.0, ori=0.0, pos=array([-0.17008752,  0.18779671]), size=array([0.01, 0.01]), units='height', vertices=ndarray(...), win=Window(...), windingRule=None)
0.0596 	EXP 	Created dot_left_13 = ShapeStim(__class__=<class 'psychopy.visual.shape.ShapeStim'>, anchor=('center', 'center'), autoDraw=False, autoLog=True, closeShape=True, color=method-wrapper(...), colorSpace='rgb', contrast=None, depth=0, draggable=False, fillColor=array([0. , 0. , 0.5]), fillColorSpace='rgb', fillRGB=array([0. , 0. , 0.5]), interpolate=True, lineColor=array([0. , 0. , 0.5]), lineColorSpace='rgb', lineRGB=array([0. , 0. , 0.5]), lineWidth=1.5, name='dot_left_13', opacity=1.0, ori=0.0, pos=array([-0.02179022,  0.00597701]), size=array([0.01, 0.01]), units='height', vertices=ndarray(...), win=Window(...), windingRule=None)
0.0614 	EXP 	Created dot_left_13 = ShapeStim(__class__=<class 'psychopy.visual.shape.ShapeStim'>, anchor=('center', 'center'), autoDraw=False, autoLog=True, closeShape=True, color=method-wrapper(...), colorSpace='rgb', contrast=None, depth=0, draggable=False, fillColor=array([0.5, 0. , 0. ]), fillColorSpace='rgb', fillRGB=array([0.5, 0. , 0. ]), interpolate=True, lineColor=array([0.5, 0. , 0. ]), lineColorSpace='rgb', lineRGB=array([0.5, 0. , 0. ]), lineWidth=1.5, name='dot_left_13', opacity=1.0, ori=0.0, pos=array([-0.01460747,  0.00597701]), size=array([0.01, 0.01]), units='height', vertices=ndarray(...), win=Window(...), windingRule=None)
0.0633 	EXP 	Created dot_left_14 = ShapeStim(__class__=<class 'psychopy.visual.shape.ShapeStim'>, anchor=('center', 'center'), autoDraw=False, autoLog=True, closeShape=True, color=method-wrapper(...), colorSpace='rgb', contrast=None, depth=0, draggable=False, fillColor=array([0. , 0. , 0.5]), fillColorSpace='rgb', fillRGB=array([0. , 0. , 0.5]), interpolate=True, lineColor=array([0. , 0. , 0.5]), lineColorSpace='rgb', lineRGB=array([0. , 0. , 0.5]), lineWidth=1.5, name='dot_left_14', opacity=1.0, ori=0.0, pos=array([-0.23760616, -0.23141368]), size=array([0.01, 0.01]), units='height', vertices=ndarray(...), win=Window(...), windingRule=None)
0.0650 	EXP 	Created dot_left_14 = ShapeStim(__class__=<class 'psychopy.visual.shape.ShapeStim'>, anchor=('center', 'center'), autoDraw=False, autoLog=True, closeShape=True, color=method-wrapper(...), colorSpace='rgb', contrast=None, depth=0, draggable=False, fillColor=array([0.5, 0. , 0. ]), fillColorSpace='rgb', fillRGB=array([0.5, 0. , 0. ]), interpolate=True, lineColor=array([0.5, 0. , 0. ]), lineColorSpace='rgb', lineRGB=array([0.5, 0. , 0. ]), lineWidth=1.5, name='dot_left_14', opacity=1.0, ori=0.0, pos=array([-0.23192292, -0.23141368]), size=array([0.01, 0.01]), units='height', vertices=ndarray(...), win=Window(...), windingRule=None)
0.0770 	WARNING 	t of last frame was 68.70ms (=1/14)
0.0770 	EXP 	dot_left_0: autoDraw = True
0.0770 	EXP 	dot_left_1: autoDraw = True
0.0770 	EXP 	dot_left_2: autoDraw = True
0.0770 	EXP 	dot_left_3: autoDraw = True
0.0770 	EXP 	dot_left_4: autoDraw = True
0.0770 	EXP 	dot_left_5: autoDraw = True
0.0770 	EXP 	dot_left_6: autoDraw = True
0.0770 	EXP 	dot_left_7: autoDraw = True
0.0770 	EXP 	dot_left_8: autoDraw = True
0.0770 	EXP 	dot_left_9: autoDraw = True
0.0770 	EXP 	dot_left_10: autoDraw = True
0.0770 	EXP 	dot_left_11: autoDraw = True
0.0770 	EXP 	dot_left_12: autoDraw = True
0.0770 	EXP 	dot_left_13: autoDraw = True
0.0770 	EXP 	dot_left_14: autoDraw = True
0.0770 	EXP 	dot_left_0: autoDraw = True
0.0770 	EXP 	dot_left_1: autoDraw = True
0.0770 	EXP 	dot_left_2: autoDraw = True
0.0770 	EXP 	dot_left_3: autoDraw = True
0.0770 	EXP 	dot_left_4: autoDraw = True
0.0770 	EXP 	dot_left_5: autoDraw = True
0.0770 	EXP 	dot_left_6: autoDraw = True
0.0770 	EXP 	dot_left_7: autoDraw = True
0.0770 	EXP 	dot_left_8: autoDraw = True
0.0770 	EXP 	dot_left_9: autoDraw = True
0.0770 	EXP 	dot_left_10: autoDraw = True
0.0770 	EXP 	dot_left_11: autoDraw = True
0.0770 	EXP 	dot_left_12: autoDraw = True
0.0770 	EXP 	dot_left_13: autoDraw = True
0.0770 	EXP 	dot_left_14: autoDraw = True
0.0770 	EXP 	polygon: autoDraw = True
0.2875 	WARNING 	t of last frame was 85.66ms (=1/11)
5.0045 	EXP 	polygon: autoDraw = False
5.0045 	EXP 	dot_left_0: autoDraw = False
5.0045 	EXP 	dot_left_1: autoDraw = False
5.0045 	EXP 	dot_left_2: autoDraw = False
5.0045 	EXP 	dot_left_3: autoDraw = False
5.0045 	EXP 	dot_left_4: autoDraw = False
5.0045 	EXP 	dot_left_5: autoDraw = False
5.0045 	EXP 	dot_left_6: autoDraw = False
5.0045 	EXP 	dot_left_7: autoDraw = False
5.0045 	EXP 	dot_left_8: autoDraw = False
5.0045 	EXP 	dot_left_9: autoDraw = False
5.0045 	EXP 	dot_left_10: autoDraw = False
5.0045 	EXP 	dot_left_11: autoDraw = False
5.0045 	EXP 	dot_left_12: autoDraw = False
5.0045 	EXP 	dot_left_13: autoDraw = False
5.0045 	EXP 	dot_left_14: autoDraw = False
5.0045 	EXP 	dot_left_0: autoDraw = False
5.0045 	EXP 	dot_left_1: autoDraw = False
5.0045 	EXP 	dot_left_2: autoDraw = False
5.0045 	EXP 	dot_left_3: autoDraw = False
5.0045 	EXP 	dot_left_4: autoDraw = False
5.0045 	EXP 	dot_left_5: autoDraw = False
5.0045 	EXP 	dot_left_6: autoDraw = False
5.0045 	EXP 	dot_left_7: autoDraw = False
5.0045 	EXP 	dot_left_8: autoDraw = False
5.0045 	EXP 	dot_left_9: autoDraw = False
5.0045 	EXP 	dot_left_10: autoDraw = False
5.0045 	EXP 	dot_left_11: autoDraw = False
5.0045 	EXP 	dot_left_12: autoDraw = False
5.0045 	EXP 	dot_left_13: autoDraw = False
5.0045 	EXP 	dot_left_14: autoDraw = False
5.0046 	EXP 	3d-motion-direction-estimation: status = STOPPED
5.0065 	INFO 	saved data to '/Users/kbonnen/Library/CloudStorage/OneDrive-IndianaUniversity/Courses/V768-Measuring-Perception/V768-Psychophysics-labs/07-3d-motion/3d-motion-direction-estimation/data/341197_3d-motion-direction-estimation_2025-02-25_10h29.31.565.csv'
5.0069 	INFO 	saved data to /Users/kbonnen/Library/CloudStorage/OneDrive-IndianaUniversity/Courses/V768-Measuring-Perception/V768-Psychophysics-labs/07-3d-motion/3d-motion-direction-estimation/data/341197_3d-motion-direction-estimation_2025-02-25_10h29.31.565.psydat
