4.0392 	INFO 	Loaded monitor calibration from ['2023_05_12 15:00']
4.1963 	EXP 	Created window1 = Window(allowGUI=False, allowStencil=False, autoLog=True, backendConf=UNKNOWN, backgroundFit=<method-wrapper '__getattribute__' of attributeSetter object at 0x7f7a59731790>, backgroundImage=<method-wrapper '__getattribute__' of attributeSetter object at 0x7f7a59731670>, bitsMode=UNKNOWN, blendMode='avg', bpc=(8, 8, 8), color=array([0, 0, 0]), colorSpace='rgb', depthBits=8, fullscr=True, gamma=None, gammaErrorPolicy='raise', infoMsg=UNKNOWN, lms=UNKNOWN, monitor=<psychopy.monitors.calibTools.Monitor object at 0x7f7a59809670>, multiSample=False, name='window1', numSamples=2, pos=[0.0, 0.0], screen=0, size=array([3024, 1964]), stencilBits=0, stereo=False, title='PsychoPy', units='height', useFBO=True, useRetina=True, viewOri=0.0, viewPos=None, viewScale=None, waitBlanking=True, winType='pyglet')
4.1964 	EXP 	window1: backgroundImage = ''
4.1964 	EXP 	window1: backgroundFit = 'none'
4.2393 	EXP 	window1: Attempting to measure frame rate of screen (0) ...
4.2393 	EXP 	window1: recordFrameIntervals = False
4.3674 	EXP 	window1: recordFrameIntervals = True
5.2016 	WARNING 	Couldn't measure a consistent frame rate!
  - Is your graphics card set to sync to vertical blank?
  - Are you running other processes on your computer?

6.8886 	INFO 	keyboard.Keyboard is using iohub backend.
6.8887 	EXP 	3d-motion-direction-estimation: status = STARTED
0.0126 	EXP 	Created dot_left_0 = ShapeStim(__class__=<class 'psychopy.visual.shape.ShapeStim'>, anchor=('center', 'center'), autoDraw=False, autoLog=True, closeShape=True, color=method-wrapper(...), colorSpace='rgb', contrast=None, depth=0, draggable=False, fillColor=array([0, 0, 1]), fillColorSpace='rgb', fillRGB=array([0, 0, 1]), interpolate=True, lineColor=array([0., 0., 1.]), lineColorSpace='rgb', lineRGB=array([0, 0, 1]), lineWidth=1.5, name='dot_left_0', opacity=1.0, ori=0.0, pos=array([0.04574719, 0.12653835]), size=array([0.01, 0.01]), units='height', vertices=ndarray(...), win=Window(...), windingRule=None)
0.0146 	EXP 	Created dot_left_0 = ShapeStim(__class__=<class 'psychopy.visual.shape.ShapeStim'>, anchor=('center', 'center'), autoDraw=False, autoLog=True, closeShape=True, color=method-wrapper(...), colorSpace='rgb', contrast=None, depth=0, draggable=False, fillColor=array([1, 0, 0]), fillColorSpace='rgb', fillRGB=array([1, 0, 0]), interpolate=True, lineColor=array([1., 0., 0.]), lineColorSpace='rgb', lineRGB=array([1, 0, 0]), lineWidth=1.5, name='dot_left_0', opacity=1.0, ori=0.0, pos=array([0.07074719, 0.12653835]), size=array([0.01, 0.01]), units='height', vertices=ndarray(...), win=Window(...), windingRule=None)
0.0190 	EXP 	dot_left_0: autoDraw = True
0.0190 	EXP 	dot_left_0: autoDraw = True
6.7859 	WARNING 	t of last frame was 110.33ms (=1/9)
10.3438 	DATA 	Keypress: escape
10.3468 	WARNING 	t of last frame was 36.67ms (=1/27)
10.3627 	EXP 	3d-motion-direction-estimation: status = STOPPED
10.3761 	EXP 	dot_left_0: autoDraw = False
10.3761 	EXP 	dot_left_0: autoDraw = False
10.3762 	EXP 	3d-motion-direction-estimation: status = STOPPED
10.3773 	INFO 	saved data to '/Users/kbonnen/Library/CloudStorage/OneDrive-IndianaUniversity/Courses/V768-Measuring-Perception/V768-Psychophysics-labs/07-3d-motion/3d-motion-direction-estimation/data/437264_3d-motion-direction-estimation_2025-02-25_10h36.04.212.csv'
10.3777 	INFO 	saved data to /Users/kbonnen/Library/CloudStorage/OneDrive-IndianaUniversity/Courses/V768-Measuring-Perception/V768-Psychophysics-labs/07-3d-motion/3d-motion-direction-estimation/data/437264_3d-motion-direction-estimation_2025-02-25_10h36.04.212.psydat
