4.4601 	INFO 	Loaded monitor calibration from ['2023_05_12 15:00']
4.6259 	EXP 	Created window1 = Window(allowGUI=False, allowStencil=False, autoLog=True, backendConf=UNKNOWN, backgroundFit=<method-wrapper '__getattribute__' of attributeSetter object at 0x7fea20b38940>, backgroundImage=<method-wrapper '__getattribute__' of attributeSetter object at 0x7fea20b38820>, bitsMode=UNKNOWN, blendMode='avg', bpc=(8, 8, 8), color=array([-1, -1, -1]), colorSpace='rgb', depthBits=8, fullscr=True, gamma=None, gammaErrorPolicy='raise', infoMsg=UNKNOWN, lms=UNKNOWN, monitor=<psychopy.monitors.calibTools.Monitor object at 0x7fe9f5b1a820>, multiSample=False, name='window1', numSamples=2, pos=[0.0, 0.0], screen=0, size=array([3024, 1964]), stencilBits=0, stereo=False, title='PsychoPy', units='height', useFBO=True, useRetina=True, viewOri=0.0, viewPos=None, viewScale=None, waitBlanking=True, winType='pyglet')
4.6260 	EXP 	window1: backgroundImage = ''
4.6260 	EXP 	window1: backgroundFit = 'none'
4.6685 	EXP 	window1: Attempting to measure frame rate of screen (0) ...
4.6685 	EXP 	window1: recordFrameIntervals = False
4.7877 	EXP 	window1: recordFrameIntervals = True
5.6219 	WARNING 	Couldn't measure a consistent frame rate!
  - Is your graphics card set to sync to vertical blank?
  - Are you running other processes on your computer?

7.3140 	INFO 	keyboard.Keyboard is using iohub backend.
7.3140 	EXP 	3d-motion-direction-estimation: status = STARTED
7.3216 	EXP 	Created polygon = ShapeStim(__class__=<class 'psychopy.visual.shape.ShapeStim'>, anchor=('center', 'center'), autoDraw=False, autoLog=True, closeShape=True, color=method-wrapper(...), colorSpace='rgb', contrast=None, depth=-2.0, draggable=False, fillColor=array([1, 1, 1]), fillColorSpace='rgb', fillRGB=array([1, 1, 1]), interpolate=True, lineColor=array([1., 1., 1.]), lineColorSpace='rgb', lineRGB=array([1, 1, 1]), lineWidth=1.0, name='polygon', opacity=1, ori=0.0, pos=array([0., 0.]), size=array([0.05, 0.05]), units='height', vertices=ndarray(...), win=Window(...), windingRule=None)
0.0115 	EXP 	Created dot_left_0 = ShapeStim(__class__=<class 'psychopy.visual.shape.ShapeStim'>, anchor=('center', 'center'), autoDraw=False, autoLog=True, closeShape=True, color=method-wrapper(...), colorSpace='rgb', contrast=None, depth=0, draggable=False, fillColor=array([0, 0, 1]), fillColorSpace='rgb', fillRGB=array([0, 0, 1]), interpolate=True, lineColor=array([0., 0., 1.]), lineColorSpace='rgb', lineRGB=array([0, 0, 1]), lineWidth=1.5, name='dot_left_0', opacity=1.0, ori=0.0, pos=array([0.00212362, 0.06988411]), size=array([0.01, 0.01]), units='height', vertices=ndarray(...), win=Window(...), windingRule=None)
0.0137 	EXP 	Created dot_left_0 = ShapeStim(__class__=<class 'psychopy.visual.shape.ShapeStim'>, anchor=('center', 'center'), autoDraw=False, autoLog=True, closeShape=True, color=method-wrapper(...), colorSpace='rgb', contrast=None, depth=0, draggable=False, fillColor=array([1, 0, 0]), fillColorSpace='rgb', fillRGB=array([1, 0, 0]), interpolate=True, lineColor=array([1., 0., 0.]), lineColorSpace='rgb', lineRGB=array([1, 0, 0]), lineWidth=1.5, name='dot_left_0', opacity=1.0, ori=0.0, pos=array([0.00749861, 0.06988411]), size=array([0.01, 0.01]), units='height', vertices=ndarray(...), win=Window(...), windingRule=None)
0.0155 	EXP 	Created dot_left_1 = ShapeStim(__class__=<class 'psychopy.visual.shape.ShapeStim'>, anchor=('center', 'center'), autoDraw=False, autoLog=True, closeShape=True, color=method-wrapper(...), colorSpace='rgb', contrast=None, depth=0, draggable=False, fillColor=array([0, 0, 1]), fillColorSpace='rgb', fillRGB=array([0, 0, 1]), interpolate=True, lineColor=array([0., 0., 1.]), lineColorSpace='rgb', lineRGB=array([0, 0, 1]), lineWidth=1.5, name='dot_left_1', opacity=1.0, ori=0.0, pos=array([ 0.13992218, -0.03189649]), size=array([0.01, 0.01]), units='height', vertices=ndarray(...), win=Window(...), windingRule=None)
0.0173 	EXP 	Created dot_left_1 = ShapeStim(__class__=<class 'psychopy.visual.shape.ShapeStim'>, anchor=('center', 'center'), autoDraw=False, autoLog=True, closeShape=True, color=method-wrapper(...), colorSpace='rgb', contrast=None, depth=0, draggable=False, fillColor=array([1, 0, 0]), fillColorSpace='rgb', fillRGB=array([1, 0, 0]), interpolate=True, lineColor=array([1., 0., 0.]), lineColorSpace='rgb', lineRGB=array([1, 0, 0]), lineWidth=1.5, name='dot_left_1', opacity=1.0, ori=0.0, pos=array([ 0.11763273, -0.03189649]), size=array([0.01, 0.01]), units='height', vertices=ndarray(...), win=Window(...), windingRule=None)
0.0197 	EXP 	Created dot_left_2 = ShapeStim(__class__=<class 'psychopy.visual.shape.ShapeStim'>, anchor=('center', 'center'), autoDraw=False, autoLog=True, closeShape=True, color=method-wrapper(...), colorSpace='rgb', contrast=None, depth=0, draggable=False, fillColor=array([0, 0, 1]), fillColorSpace='rgb', fillRGB=array([0, 0, 1]), interpolate=True, lineColor=array([0., 0., 1.]), lineColorSpace='rgb', lineRGB=array([0, 0, 1]), lineWidth=1.5, name='dot_left_2', opacity=1.0, ori=0.0, pos=array([-0.01193822,  0.02855589]), size=array([0.01, 0.01]), units='height', vertices=ndarray(...), win=Window(...), windingRule=None)
0.0218 	EXP 	Created dot_left_2 = ShapeStim(__class__=<class 'psychopy.visual.shape.ShapeStim'>, anchor=('center', 'center'), autoDraw=False, autoLog=True, closeShape=True, color=method-wrapper(...), colorSpace='rgb', contrast=None, depth=0, draggable=False, fillColor=array([1, 0, 0]), fillColorSpace='rgb', fillRGB=array([1, 0, 0]), interpolate=True, lineColor=array([1., 0., 0.]), lineColorSpace='rgb', lineRGB=array([1, 0, 0]), lineWidth=1.5, name='dot_left_2', opacity=1.0, ori=0.0, pos=array([0.0054367 , 0.02855589]), size=array([0.01, 0.01]), units='height', vertices=ndarray(...), win=Window(...), windingRule=None)
0.0237 	EXP 	Created dot_left_3 = ShapeStim(__class__=<class 'psychopy.visual.shape.ShapeStim'>, anchor=('center', 'center'), autoDraw=False, autoLog=True, closeShape=True, color=method-wrapper(...), colorSpace='rgb', contrast=None, depth=0, draggable=False, fillColor=array([0, 0, 1]), fillColorSpace='rgb', fillRGB=array([0, 0, 1]), interpolate=True, lineColor=array([0., 0., 1.]), lineColorSpace='rgb', lineRGB=array([0, 0, 1]), lineWidth=1.5, name='dot_left_3', opacity=1.0, ori=0.0, pos=array([ 0.24744484, -0.21873745]), size=array([0.01, 0.01]), units='height', vertices=ndarray(...), win=Window(...), windingRule=None)
0.0256 	EXP 	Created dot_left_3 = ShapeStim(__class__=<class 'psychopy.visual.shape.ShapeStim'>, anchor=('center', 'center'), autoDraw=False, autoLog=True, closeShape=True, color=method-wrapper(...), colorSpace='rgb', contrast=None, depth=0, draggable=False, fillColor=array([1, 0, 0]), fillColorSpace='rgb', fillRGB=array([1, 0, 0]), interpolate=True, lineColor=array([1., 0., 0.]), lineColorSpace='rgb', lineRGB=array([1, 0, 0]), lineWidth=1.5, name='dot_left_3', opacity=1.0, ori=0.0, pos=array([ 0.24944495, -0.21873745]), size=array([0.01, 0.01]), units='height', vertices=ndarray(...), win=Window(...), windingRule=None)
0.0273 	EXP 	Created dot_left_4 = ShapeStim(__class__=<class 'psychopy.visual.shape.ShapeStim'>, anchor=('center', 'center'), autoDraw=False, autoLog=True, closeShape=True, color=method-wrapper(...), colorSpace='rgb', contrast=None, depth=0, draggable=False, fillColor=array([0, 0, 1]), fillColorSpace='rgb', fillRGB=array([0, 0, 1]), interpolate=True, lineColor=array([0., 0., 1.]), lineColorSpace='rgb', lineRGB=array([0, 0, 1]), lineWidth=1.5, name='dot_left_4', opacity=1.0, ori=0.0, pos=array([0.18540206, 0.15929785]), size=array([0.01, 0.01]), units='height', vertices=ndarray(...), win=Window(...), windingRule=None)
0.0290 	EXP 	Created dot_left_4 = ShapeStim(__class__=<class 'psychopy.visual.shape.ShapeStim'>, anchor=('center', 'center'), autoDraw=False, autoLog=True, closeShape=True, color=method-wrapper(...), colorSpace='rgb', contrast=None, depth=0, draggable=False, fillColor=array([1, 0, 0]), fillColorSpace='rgb', fillRGB=array([1, 0, 0]), interpolate=True, lineColor=array([1., 0., 0.]), lineColorSpace='rgb', lineRGB=array([1, 0, 0]), lineWidth=1.5, name='dot_left_4', opacity=1.0, ori=0.0, pos=array([0.17281054, 0.15929785]), size=array([0.01, 0.01]), units='height', vertices=ndarray(...), win=Window(...), windingRule=None)
0.0309 	EXP 	Created dot_left_5 = ShapeStim(__class__=<class 'psychopy.visual.shape.ShapeStim'>, anchor=('center', 'center'), autoDraw=False, autoLog=True, closeShape=True, color=method-wrapper(...), colorSpace='rgb', contrast=None, depth=0, draggable=False, fillColor=array([0, 0, 1]), fillColorSpace='rgb', fillRGB=array([0, 0, 1]), interpolate=True, lineColor=array([0., 0., 1.]), lineColorSpace='rgb', lineRGB=array([0, 0, 1]), lineWidth=1.5, name='dot_left_5', opacity=1.0, ori=0.0, pos=array([ 0.00367781, -0.01369469]), size=array([0.01, 0.01]), units='height', vertices=ndarray(...), win=Window(...), windingRule=None)
0.0327 	EXP 	Created dot_left_5 = ShapeStim(__class__=<class 'psychopy.visual.shape.ShapeStim'>, anchor=('center', 'center'), autoDraw=False, autoLog=True, closeShape=True, color=method-wrapper(...), colorSpace='rgb', contrast=None, depth=0, draggable=False, fillColor=array([1, 0, 0]), fillColorSpace='rgb', fillRGB=array([1, 0, 0]), interpolate=True, lineColor=array([1., 0., 0.]), lineColorSpace='rgb', lineRGB=array([1, 0, 0]), lineWidth=1.5, name='dot_left_5', opacity=1.0, ori=0.0, pos=array([-0.0045061 , -0.01369469]), size=array([0.01, 0.01]), units='height', vertices=ndarray(...), win=Window(...), windingRule=None)
0.0344 	EXP 	Created dot_left_6 = ShapeStim(__class__=<class 'psychopy.visual.shape.ShapeStim'>, anchor=('center', 'center'), autoDraw=False, autoLog=True, closeShape=True, color=method-wrapper(...), colorSpace='rgb', contrast=None, depth=0, draggable=False, fillColor=array([0, 0, 1]), fillColorSpace='rgb', fillRGB=array([0, 0, 1]), interpolate=True, lineColor=array([0., 0., 1.]), lineColorSpace='rgb', lineRGB=array([0, 0, 1]), lineWidth=1.5, name='dot_left_6', opacity=1.0, ori=0.0, pos=array([-0.22742459,  0.06060934]), size=array([0.01, 0.01]), units='height', vertices=ndarray(...), win=Window(...), windingRule=None)
0.0361 	EXP 	Created dot_left_6 = ShapeStim(__class__=<class 'psychopy.visual.shape.ShapeStim'>, anchor=('center', 'center'), autoDraw=False, autoLog=True, closeShape=True, color=method-wrapper(...), colorSpace='rgb', contrast=None, depth=0, draggable=False, fillColor=array([1, 0, 0]), fillColorSpace='rgb', fillRGB=array([1, 0, 0]), interpolate=True, lineColor=array([1., 0., 0.]), lineColorSpace='rgb', lineRGB=array([1, 0, 0]), lineWidth=1.5, name='dot_left_6', opacity=1.0, ori=0.0, pos=array([-0.24422515,  0.06060934]), size=array([0.01, 0.01]), units='height', vertices=ndarray(...), win=Window(...), windingRule=None)
0.0378 	EXP 	Created dot_left_7 = ShapeStim(__class__=<class 'psychopy.visual.shape.ShapeStim'>, anchor=('center', 'center'), autoDraw=False, autoLog=True, closeShape=True, color=method-wrapper(...), colorSpace='rgb', contrast=None, depth=0, draggable=False, fillColor=array([0, 0, 1]), fillColorSpace='rgb', fillRGB=array([0, 0, 1]), interpolate=True, lineColor=array([0., 0., 1.]), lineColorSpace='rgb', lineRGB=array([0, 0, 1]), lineWidth=1.5, name='dot_left_7', opacity=1.0, ori=0.0, pos=array([ 0.06749532, -0.21028542]), size=array([0.01, 0.01]), units='height', vertices=ndarray(...), win=Window(...), windingRule=None)
0.0395 	EXP 	Created dot_left_7 = ShapeStim(__class__=<class 'psychopy.visual.shape.ShapeStim'>, anchor=('center', 'center'), autoDraw=False, autoLog=True, closeShape=True, color=method-wrapper(...), colorSpace='rgb', contrast=None, depth=0, draggable=False, fillColor=array([1, 0, 0]), fillColorSpace='rgb', fillRGB=array([1, 0, 0]), interpolate=True, lineColor=array([1., 0., 0.]), lineColorSpace='rgb', lineRGB=array([1, 0, 0]), lineWidth=1.5, name='dot_left_7', opacity=1.0, ori=0.0, pos=array([ 0.07776918, -0.21028542]), size=array([0.01, 0.01]), units='height', vertices=ndarray(...), win=Window(...), windingRule=None)
0.0415 	EXP 	Created dot_left_8 = ShapeStim(__class__=<class 'psychopy.visual.shape.ShapeStim'>, anchor=('center', 'center'), autoDraw=False, autoLog=True, closeShape=True, color=method-wrapper(...), colorSpace='rgb', contrast=None, depth=0, draggable=False, fillColor=array([0, 0, 1]), fillColorSpace='rgb', fillRGB=array([0, 0, 1]), interpolate=True, lineColor=array([0., 0., 1.]), lineColorSpace='rgb', lineRGB=array([0, 0, 1]), lineWidth=1.5, name='dot_left_8', opacity=1.0, ori=0.0, pos=array([0.10762916, 0.22978711]), size=array([0.01, 0.01]), units='height', vertices=ndarray(...), win=Window(...), windingRule=None)
0.0432 	EXP 	Created dot_left_8 = ShapeStim(__class__=<class 'psychopy.visual.shape.ShapeStim'>, anchor=('center', 'center'), autoDraw=False, autoLog=True, closeShape=True, color=method-wrapper(...), colorSpace='rgb', contrast=None, depth=0, draggable=False, fillColor=array([1, 0, 0]), fillColorSpace='rgb', fillRGB=array([1, 0, 0]), interpolate=True, lineColor=array([1., 0., 0.]), lineColorSpace='rgb', lineRGB=array([1, 0, 0]), lineWidth=1.5, name='dot_left_8', opacity=1.0, ori=0.0, pos=array([0.12191275, 0.22978711]), size=array([0.01, 0.01]), units='height', vertices=ndarray(...), win=Window(...), windingRule=None)
0.0449 	EXP 	Created dot_left_9 = ShapeStim(__class__=<class 'psychopy.visual.shape.ShapeStim'>, anchor=('center', 'center'), autoDraw=False, autoLog=True, closeShape=True, color=method-wrapper(...), colorSpace='rgb', contrast=None, depth=0, draggable=False, fillColor=array([0, 0, 1]), fillColorSpace='rgb', fillRGB=array([0, 0, 1]), interpolate=True, lineColor=array([0., 0., 1.]), lineColorSpace='rgb', lineRGB=array([0, 0, 1]), lineWidth=1.5, name='dot_left_9', opacity=1.0, ori=0.0, pos=array([-0.14906018,  0.09510036]), size=array([0.01, 0.01]), units='height', vertices=ndarray(...), win=Window(...), windingRule=None)
0.0466 	EXP 	Created dot_left_9 = ShapeStim(__class__=<class 'psychopy.visual.shape.ShapeStim'>, anchor=('center', 'center'), autoDraw=False, autoLog=True, closeShape=True, color=method-wrapper(...), colorSpace='rgb', contrast=None, depth=0, draggable=False, fillColor=array([1, 0, 0]), fillColorSpace='rgb', fillRGB=array([1, 0, 0]), interpolate=True, lineColor=array([1., 0., 0.]), lineColorSpace='rgb', lineRGB=array([1, 0, 0]), lineWidth=1.5, name='dot_left_9', opacity=1.0, ori=0.0, pos=array([-0.16293989,  0.09510036]), size=array([0.01, 0.01]), units='height', vertices=ndarray(...), win=Window(...), windingRule=None)
0.0484 	EXP 	Created dot_left_10 = ShapeStim(__class__=<class 'psychopy.visual.shape.ShapeStim'>, anchor=('center', 'center'), autoDraw=False, autoLog=True, closeShape=True, color=method-wrapper(...), colorSpace='rgb', contrast=None, depth=0, draggable=False, fillColor=array([0, 0, 1]), fillColorSpace='rgb', fillRGB=array([0, 0, 1]), interpolate=True, lineColor=array([0., 0., 1.]), lineColorSpace='rgb', lineRGB=array([0, 0, 1]), lineWidth=1.5, name='dot_left_10', opacity=1.0, ori=0.0, pos=array([-0.23264983, -0.04933344]), size=array([0.01, 0.01]), units='height', vertices=ndarray(...), win=Window(...), windingRule=None)
0.0501 	EXP 	Created dot_left_10 = ShapeStim(__class__=<class 'psychopy.visual.shape.ShapeStim'>, anchor=('center', 'center'), autoDraw=False, autoLog=True, closeShape=True, color=method-wrapper(...), colorSpace='rgb', contrast=None, depth=0, draggable=False, fillColor=array([1, 0, 0]), fillColorSpace='rgb', fillRGB=array([1, 0, 0]), interpolate=True, lineColor=array([1., 0., 0.]), lineColorSpace='rgb', lineRGB=array([1, 0, 0]), lineWidth=1.5, name='dot_left_10', opacity=1.0, ori=0.0, pos=array([-0.24321481, -0.04933344]), size=array([0.01, 0.01]), units='height', vertices=ndarray(...), win=Window(...), windingRule=None)
0.0518 	EXP 	Created dot_left_11 = ShapeStim(__class__=<class 'psychopy.visual.shape.ShapeStim'>, anchor=('center', 'center'), autoDraw=False, autoLog=True, closeShape=True, color=method-wrapper(...), colorSpace='rgb', contrast=None, depth=0, draggable=False, fillColor=array([0, 0, 1]), fillColorSpace='rgb', fillRGB=array([0, 0, 1]), interpolate=True, lineColor=array([0., 0., 1.]), lineColorSpace='rgb', lineRGB=array([0, 0, 1]), lineWidth=1.5, name='dot_left_11', opacity=1.0, ori=0.0, pos=array([0.21495388, 0.15757435]), size=array([0.01, 0.01]), units='height', vertices=ndarray(...), win=Window(...), windingRule=None)
0.0537 	EXP 	Created dot_left_11 = ShapeStim(__class__=<class 'psychopy.visual.shape.ShapeStim'>, anchor=('center', 'center'), autoDraw=False, autoLog=True, closeShape=True, color=method-wrapper(...), colorSpace='rgb', contrast=None, depth=0, draggable=False, fillColor=array([1, 0, 0]), fillColorSpace='rgb', fillRGB=array([1, 0, 0]), interpolate=True, lineColor=array([1., 0., 0.]), lineColorSpace='rgb', lineRGB=array([1, 0, 0]), lineWidth=1.5, name='dot_left_11', opacity=1.0, ori=0.0, pos=array([0.23473558, 0.15757435]), size=array([0.01, 0.01]), units='height', vertices=ndarray(...), win=Window(...), windingRule=None)
0.0554 	EXP 	Created dot_left_12 = ShapeStim(__class__=<class 'psychopy.visual.shape.ShapeStim'>, anchor=('center', 'center'), autoDraw=False, autoLog=True, closeShape=True, color=method-wrapper(...), colorSpace='rgb', contrast=None, depth=0, draggable=False, fillColor=array([0, 0, 1]), fillColorSpace='rgb', fillRGB=array([0, 0, 1]), interpolate=True, lineColor=array([0., 0., 1.]), lineColorSpace='rgb', lineRGB=array([0, 0, 1]), lineWidth=1.5, name='dot_left_12', opacity=1.0, ori=0.0, pos=array([ 0.11007589, -0.13833215]), size=array([0.01, 0.01]), units='height', vertices=ndarray(...), win=Window(...), windingRule=None)
0.0571 	EXP 	Created dot_left_12 = ShapeStim(__class__=<class 'psychopy.visual.shape.ShapeStim'>, anchor=('center', 'center'), autoDraw=False, autoLog=True, closeShape=True, color=method-wrapper(...), colorSpace='rgb', contrast=None, depth=0, draggable=False, fillColor=array([1, 0, 0]), fillColorSpace='rgb', fillRGB=array([1, 0, 0]), interpolate=True, lineColor=array([1., 0., 0.]), lineColorSpace='rgb', lineRGB=array([1, 0, 0]), lineWidth=1.5, name='dot_left_12', opacity=1.0, ori=0.0, pos=array([ 0.08803279, -0.13833215]), size=array([0.01, 0.01]), units='height', vertices=ndarray(...), win=Window(...), windingRule=None)
0.0588 	EXP 	Created dot_left_13 = ShapeStim(__class__=<class 'psychopy.visual.shape.ShapeStim'>, anchor=('center', 'center'), autoDraw=False, autoLog=True, closeShape=True, color=method-wrapper(...), colorSpace='rgb', contrast=None, depth=0, draggable=False, fillColor=array([0, 0, 1]), fillColorSpace='rgb', fillRGB=array([0, 0, 1]), interpolate=True, lineColor=array([0., 0., 1.]), lineColorSpace='rgb', lineRGB=array([0, 0, 1]), lineWidth=1.5, name='dot_left_13', opacity=1.0, ori=0.0, pos=array([-0.17331632, -0.14156313]), size=array([0.01, 0.01]), units='height', vertices=ndarray(...), win=Window(...), windingRule=None)
0.0605 	EXP 	Created dot_left_13 = ShapeStim(__class__=<class 'psychopy.visual.shape.ShapeStim'>, anchor=('center', 'center'), autoDraw=False, autoLog=True, closeShape=True, color=method-wrapper(...), colorSpace='rgb', contrast=None, depth=0, draggable=False, fillColor=array([1, 0, 0]), fillColorSpace='rgb', fillRGB=array([1, 0, 0]), interpolate=True, lineColor=array([1., 0., 0.]), lineColorSpace='rgb', lineRGB=array([1, 0, 0]), lineWidth=1.5, name='dot_left_13', opacity=1.0, ori=0.0, pos=array([-0.19140478, -0.14156313]), size=array([0.01, 0.01]), units='height', vertices=ndarray(...), win=Window(...), windingRule=None)
0.0622 	EXP 	Created dot_left_14 = ShapeStim(__class__=<class 'psychopy.visual.shape.ShapeStim'>, anchor=('center', 'center'), autoDraw=False, autoLog=True, closeShape=True, color=method-wrapper(...), colorSpace='rgb', contrast=None, depth=0, draggable=False, fillColor=array([0, 0, 1]), fillColorSpace='rgb', fillRGB=array([0, 0, 1]), interpolate=True, lineColor=array([0., 0., 1.]), lineColorSpace='rgb', lineRGB=array([0, 0, 1]), lineWidth=1.5, name='dot_left_14', opacity=1.0, ori=0.0, pos=array([-0.16943449, -0.20922254]), size=array([0.01, 0.01]), units='height', vertices=ndarray(...), win=Window(...), windingRule=None)
0.0639 	EXP 	Created dot_left_14 = ShapeStim(__class__=<class 'psychopy.visual.shape.ShapeStim'>, anchor=('center', 'center'), autoDraw=False, autoLog=True, closeShape=True, color=method-wrapper(...), colorSpace='rgb', contrast=None, depth=0, draggable=False, fillColor=array([1, 0, 0]), fillColorSpace='rgb', fillRGB=array([1, 0, 0]), interpolate=True, lineColor=array([1., 0., 0.]), lineColorSpace='rgb', lineRGB=array([1, 0, 0]), lineWidth=1.5, name='dot_left_14', opacity=1.0, ori=0.0, pos=array([-0.19231055, -0.20922254]), size=array([0.01, 0.01]), units='height', vertices=ndarray(...), win=Window(...), windingRule=None)
0.0775 	WARNING 	t of last frame was 69.60ms (=1/14)
0.0775 	EXP 	dot_left_0: autoDraw = True
0.0775 	EXP 	dot_left_1: autoDraw = True
0.0775 	EXP 	dot_left_2: autoDraw = True
0.0775 	EXP 	dot_left_3: autoDraw = True
0.0775 	EXP 	dot_left_4: autoDraw = True
0.0775 	EXP 	dot_left_5: autoDraw = True
0.0775 	EXP 	dot_left_6: autoDraw = True
0.0775 	EXP 	dot_left_7: autoDraw = True
0.0775 	EXP 	dot_left_8: autoDraw = True
0.0775 	EXP 	dot_left_9: autoDraw = True
0.0775 	EXP 	dot_left_10: autoDraw = True
0.0775 	EXP 	dot_left_11: autoDraw = True
0.0775 	EXP 	dot_left_12: autoDraw = True
0.0775 	EXP 	dot_left_13: autoDraw = True
0.0775 	EXP 	dot_left_14: autoDraw = True
0.0775 	EXP 	dot_left_0: autoDraw = True
0.0775 	EXP 	dot_left_1: autoDraw = True
0.0775 	EXP 	dot_left_2: autoDraw = True
0.0775 	EXP 	dot_left_3: autoDraw = True
0.0775 	EXP 	dot_left_4: autoDraw = True
0.0775 	EXP 	dot_left_5: autoDraw = True
0.0775 	EXP 	dot_left_6: autoDraw = True
0.0775 	EXP 	dot_left_7: autoDraw = True
0.0775 	EXP 	dot_left_8: autoDraw = True
0.0775 	EXP 	dot_left_9: autoDraw = True
0.0775 	EXP 	dot_left_10: autoDraw = True
0.0775 	EXP 	dot_left_11: autoDraw = True
0.0775 	EXP 	dot_left_12: autoDraw = True
0.0775 	EXP 	dot_left_13: autoDraw = True
0.0775 	EXP 	dot_left_14: autoDraw = True
0.0775 	EXP 	polygon: autoDraw = True
0.3085 	WARNING 	t of last frame was 87.87ms (=1/11)
5.0169 	EXP 	polygon: autoDraw = False
5.0169 	EXP 	dot_left_0: autoDraw = False
5.0169 	EXP 	dot_left_1: autoDraw = False
5.0169 	EXP 	dot_left_2: autoDraw = False
5.0169 	EXP 	dot_left_3: autoDraw = False
5.0169 	EXP 	dot_left_4: autoDraw = False
5.0169 	EXP 	dot_left_5: autoDraw = False
5.0169 	EXP 	dot_left_6: autoDraw = False
5.0169 	EXP 	dot_left_7: autoDraw = False
5.0169 	EXP 	dot_left_8: autoDraw = False
5.0169 	EXP 	dot_left_9: autoDraw = False
5.0169 	EXP 	dot_left_10: autoDraw = False
5.0169 	EXP 	dot_left_11: autoDraw = False
5.0169 	EXP 	dot_left_12: autoDraw = False
5.0169 	EXP 	dot_left_13: autoDraw = False
5.0169 	EXP 	dot_left_14: autoDraw = False
5.0169 	EXP 	dot_left_0: autoDraw = False
5.0169 	EXP 	dot_left_1: autoDraw = False
5.0169 	EXP 	dot_left_2: autoDraw = False
5.0169 	EXP 	dot_left_3: autoDraw = False
5.0169 	EXP 	dot_left_4: autoDraw = False
5.0169 	EXP 	dot_left_5: autoDraw = False
5.0169 	EXP 	dot_left_6: autoDraw = False
5.0169 	EXP 	dot_left_7: autoDraw = False
5.0169 	EXP 	dot_left_8: autoDraw = False
5.0169 	EXP 	dot_left_9: autoDraw = False
5.0169 	EXP 	dot_left_10: autoDraw = False
5.0169 	EXP 	dot_left_11: autoDraw = False
5.0169 	EXP 	dot_left_12: autoDraw = False
5.0169 	EXP 	dot_left_13: autoDraw = False
5.0169 	EXP 	dot_left_14: autoDraw = False
5.0171 	EXP 	3d-motion-direction-estimation: status = STOPPED
5.0193 	INFO 	saved data to '/Users/kbonnen/Library/CloudStorage/OneDrive-IndianaUniversity/Courses/V768-Measuring-Perception/V768-Psychophysics-labs/07-3d-motion/3d-motion-direction-estimation/data/474807_3d-motion-direction-estimation_2025-02-25_10h30.06.599.csv'
5.0197 	INFO 	saved data to /Users/kbonnen/Library/CloudStorage/OneDrive-IndianaUniversity/Courses/V768-Measuring-Perception/V768-Psychophysics-labs/07-3d-motion/3d-motion-direction-estimation/data/474807_3d-motion-direction-estimation_2025-02-25_10h30.06.599.psydat
