8.3702 	DEBUG 	Fullscreen settings ignored as running in pilot mode.
8.3714 	INFO 	Loaded monitor calibration from ['2023_05_12 15:00']
8.5245 	EXP 	Created window1 = Window(allowGUI=False, allowStencil=False, autoLog=True, backendConf=UNKNOWN, backgroundFit=<method-wrapper '__getattribute__' of attributeSetter object at 0x7fe4e21926d0>, backgroundImage=<method-wrapper '__getattribute__' of attributeSetter object at 0x7fe4e21925e0>, bitsMode=UNKNOWN, blendMode='avg', bpc=(8, 8, 8), color=array([-1, -1, -1]), colorSpace='rgb', depthBits=8, fullscr=False, gamma=None, gammaErrorPolicy='raise', infoMsg=UNKNOWN, lms=UNKNOWN, monitor=<psychopy.monitors.calibTools.Monitor object at 0x7fe5018aa610>, multiSample=False, name='window1', numSamples=2, pos=[356.0, 191.0], screen=0, size=array([1600, 1200]), stencilBits=0, stereo=False, title='PsychoPy', units='height', useFBO=True, useRetina=True, viewOri=0.0, viewPos=None, viewScale=None, waitBlanking=True, winType='pyglet')
8.5245 	EXP 	window1: backgroundImage = ''
8.5245 	EXP 	window1: backgroundFit = 'none'
8.5348 	DEBUG 	TextBox2 loaded 1 chars with 0 blanks and 1 valid
8.5353 	DEBUG 	TextBox2 loaded 1 chars with 0 blanks and 1 valid
8.5358 	DEBUG 	TextBox2 loaded 1 chars with 0 blanks and 1 valid
8.5365 	DEBUG 	TextBox2 loaded 1 chars with 0 blanks and 1 valid
8.5372 	DEBUG 	TextBox2 loaded 1 chars with 0 blanks and 1 valid
8.5375 	DEBUG 	TextBox2 loaded 1 chars with 0 blanks and 1 valid
8.5380 	DEBUG 	TextBox2 loaded 1 chars with 0 blanks and 1 valid
8.5386 	DEBUG 	TextBox2 loaded 1 chars with 0 blanks and 1 valid
8.5388 	DEBUG 	TextBox2 loaded 1 chars with 0 blanks and 1 valid
8.5390 	DEBUG 	TextBox2 loaded 1 chars with 0 blanks and 1 valid
8.5395 	DEBUG 	TextBox2 loaded 1 chars with 0 blanks and 1 valid
8.5400 	DEBUG 	TextBox2 loaded 1 chars with 0 blanks and 1 valid
8.5404 	DEBUG 	TextBox2 loaded 1 chars with 0 blanks and 1 valid
8.5409 	DEBUG 	TextBox2 loaded 1 chars with 0 blanks and 1 valid
8.5414 	DEBUG 	TextBox2 loaded 1 chars with 0 blanks and 1 valid
8.5419 	DEBUG 	TextBox2 loaded 1 chars with 0 blanks and 1 valid
8.5424 	DEBUG 	TextBox2 loaded 1 chars with 0 blanks and 1 valid
8.5427 	DEBUG 	TextBox2 loaded 1 chars with 0 blanks and 1 valid
8.5429 	DEBUG 	TextBox2 loaded 1 chars with 0 blanks and 1 valid
8.5436 	DEBUG 	TextBox2 loaded 1 chars with 0 blanks and 1 valid
8.5439 	DEBUG 	TextBox2 loaded 1 chars with 0 blanks and 1 valid
8.5440 	DEBUG 	Uploading Texture Font fontname to graphics card
8.5471 	DEBUG 	Upload of Texture Font fontname complete
8.5519 	DEBUG 	TextBox2 loaded 1 chars with 0 blanks and 1 valid
8.5526 	DEBUG 	TextBox2 loaded 1 chars with 0 blanks and 1 valid
8.5533 	DEBUG 	TextBox2 loaded 1 chars with 0 blanks and 1 valid
8.5535 	DEBUG 	Uploading Texture Font fontname to graphics card
8.5553 	DEBUG 	Upload of Texture Font fontname complete
8.5568 	EXP 	window1: Attempting to measure frame rate of screen (0) ...
8.5568 	EXP 	window1: recordFrameIntervals = False
8.6706 	EXP 	window1: recordFrameIntervals = True
9.5042 	WARNING 	Couldn't measure a consistent frame rate!
  - Is your graphics card set to sync to vertical blank?
  - Are you running other processes on your computer?

9.5111 	DEBUG 	TextBox2 loaded 1 chars with 0 blanks and 1 valid
9.5116 	DEBUG 	TextBox2 loaded 1 chars with 0 blanks and 1 valid
9.5126 	DEBUG 	TextBox2 loaded 1 chars with 0 blanks and 1 valid
9.5137 	DEBUG 	TextBox2 loaded 1 chars with 0 blanks and 1 valid
9.5147 	DEBUG 	TextBox2 loaded 1 chars with 0 blanks and 1 valid
9.5157 	DEBUG 	TextBox2 loaded 1 chars with 0 blanks and 1 valid
9.5161 	DEBUG 	TextBox2 loaded 1 chars with 0 blanks and 1 valid
9.5170 	DEBUG 	TextBox2 loaded 1 chars with 0 blanks and 1 valid
9.5180 	DEBUG 	TextBox2 loaded 1 chars with 0 blanks and 1 valid
9.5188 	DEBUG 	TextBox2 loaded 1 chars with 0 blanks and 1 valid
9.5191 	DEBUG 	Uploading Texture Font fontname to graphics card
9.5217 	DEBUG 	Upload of Texture Font fontname complete
9.5394 	WARNING 	launchHubServer: If using the iohub mouse or eyetracker devices, fullScr should be True.
11.1944 	INFO 	keyboard.Keyboard is using iohub backend.
11.1945 	EXP 	3d-motion-direction-estimation: status = STARTED
11.2015 	EXP 	Created polygon = ShapeStim(__class__=<class 'psychopy.visual.shape.ShapeStim'>, anchor=('center', 'center'), autoDraw=False, autoLog=True, closeShape=True, color=method-wrapper(...), colorSpace='rgb', contrast=None, depth=-2.0, draggable=False, fillColor=array([1, 1, 1]), fillColorSpace='rgb', fillRGB=array([1, 1, 1]), interpolate=True, lineColor=array([1., 1., 1.]), lineColorSpace='rgb', lineRGB=array([1, 1, 1]), lineWidth=1.0, name='polygon', opacity=1, ori=0.0, pos=array([0., 0.]), size=array([0.05, 0.05]), units='height', vertices=ndarray(...), win=Window(...), windingRule=None)
0.0119 	EXP 	Created dot_left_0 = ShapeStim(__class__=<class 'psychopy.visual.shape.ShapeStim'>, anchor=('center', 'center'), autoDraw=False, autoLog=True, closeShape=True, color=method-wrapper(...), colorSpace='rgb', contrast=None, depth=0, draggable=False, fillColor=array([-1, -1,  1]), fillColorSpace='rgb', fillRGB=array([-1, -1,  1]), interpolate=True, lineColor=array([-1., -1.,  1.]), lineColorSpace='rgb', lineRGB=array([-1, -1,  1]), lineWidth=1.5, name='dot_left_0', opacity=1.0, ori=0.0, pos=array([-0.23215118, -0.10384195]), size=array([0.01, 0.01]), units='height', vertices=ndarray(...), win=Window(...), windingRule=None)
0.0140 	EXP 	Created dot_left_0 = ShapeStim(__class__=<class 'psychopy.visual.shape.ShapeStim'>, anchor=('center', 'center'), autoDraw=False, autoLog=True, closeShape=True, color=method-wrapper(...), colorSpace='rgb', contrast=None, depth=0, draggable=False, fillColor=array([ 1, -1, -1]), fillColorSpace='rgb', fillRGB=array([ 1, -1, -1]), interpolate=True, lineColor=array([ 1., -1., -1.]), lineColorSpace='rgb', lineRGB=array([ 1, -1, -1]), lineWidth=1.5, name='dot_left_0', opacity=1.0, ori=0.0, pos=array([-0.22885229, -0.10384195]), size=array([0.01, 0.01]), units='height', vertices=ndarray(...), win=Window(...), windingRule=None)
0.0160 	EXP 	Created dot_left_1 = ShapeStim(__class__=<class 'psychopy.visual.shape.ShapeStim'>, anchor=('center', 'center'), autoDraw=False, autoLog=True, closeShape=True, color=method-wrapper(...), colorSpace='rgb', contrast=None, depth=0, draggable=False, fillColor=array([-1, -1,  1]), fillColorSpace='rgb', fillRGB=array([-1, -1,  1]), interpolate=True, lineColor=array([-1., -1.,  1.]), lineColorSpace='rgb', lineRGB=array([-1, -1,  1]), lineWidth=1.5, name='dot_left_1', opacity=1.0, ori=0.0, pos=array([-0.02022593,  0.19328387]), size=array([0.01, 0.01]), units='height', vertices=ndarray(...), win=Window(...), windingRule=None)
0.0180 	EXP 	Created dot_left_1 = ShapeStim(__class__=<class 'psychopy.visual.shape.ShapeStim'>, anchor=('center', 'center'), autoDraw=False, autoLog=True, closeShape=True, color=method-wrapper(...), colorSpace='rgb', contrast=None, depth=0, draggable=False, fillColor=array([ 1, -1, -1]), fillColorSpace='rgb', fillRGB=array([ 1, -1, -1]), interpolate=True, lineColor=array([ 1., -1., -1.]), lineColorSpace='rgb', lineRGB=array([ 1, -1, -1]), lineWidth=1.5, name='dot_left_1', opacity=1.0, ori=0.0, pos=array([-0.04005757,  0.19328387]), size=array([0.01, 0.01]), units='height', vertices=ndarray(...), win=Window(...), windingRule=None)
0.0201 	EXP 	Created dot_left_2 = ShapeStim(__class__=<class 'psychopy.visual.shape.ShapeStim'>, anchor=('center', 'center'), autoDraw=False, autoLog=True, closeShape=True, color=method-wrapper(...), colorSpace='rgb', contrast=None, depth=0, draggable=False, fillColor=array([-1, -1,  1]), fillColorSpace='rgb', fillRGB=array([-1, -1,  1]), interpolate=True, lineColor=array([-1., -1.,  1.]), lineColorSpace='rgb', lineRGB=array([-1, -1,  1]), lineWidth=1.5, name='dot_left_2', opacity=1.0, ori=0.0, pos=array([0.04282592, 0.20668058]), size=array([0.01, 0.01]), units='height', vertices=ndarray(...), win=Window(...), windingRule=None)
0.0221 	EXP 	Created dot_left_2 = ShapeStim(__class__=<class 'psychopy.visual.shape.ShapeStim'>, anchor=('center', 'center'), autoDraw=False, autoLog=True, closeShape=True, color=method-wrapper(...), colorSpace='rgb', contrast=None, depth=0, draggable=False, fillColor=array([ 1, -1, -1]), fillColorSpace='rgb', fillRGB=array([ 1, -1, -1]), interpolate=True, lineColor=array([ 1., -1., -1.]), lineColorSpace='rgb', lineRGB=array([ 1, -1, -1]), lineWidth=1.5, name='dot_left_2', opacity=1.0, ori=0.0, pos=array([0.04079264, 0.20668058]), size=array([0.01, 0.01]), units='height', vertices=ndarray(...), win=Window(...), windingRule=None)
0.0240 	EXP 	Created dot_left_3 = ShapeStim(__class__=<class 'psychopy.visual.shape.ShapeStim'>, anchor=('center', 'center'), autoDraw=False, autoLog=True, closeShape=True, color=method-wrapper(...), colorSpace='rgb', contrast=None, depth=0, draggable=False, fillColor=array([-1, -1,  1]), fillColorSpace='rgb', fillRGB=array([-1, -1,  1]), interpolate=True, lineColor=array([-1., -1.,  1.]), lineColorSpace='rgb', lineRGB=array([-1, -1,  1]), lineWidth=1.5, name='dot_left_3', opacity=1.0, ori=0.0, pos=array([ 0.19794593, -0.16260009]), size=array([0.01, 0.01]), units='height', vertices=ndarray(...), win=Window(...), windingRule=None)
0.0259 	EXP 	Created dot_left_3 = ShapeStim(__class__=<class 'psychopy.visual.shape.ShapeStim'>, anchor=('center', 'center'), autoDraw=False, autoLog=True, closeShape=True, color=method-wrapper(...), colorSpace='rgb', contrast=None, depth=0, draggable=False, fillColor=array([ 1, -1, -1]), fillColorSpace='rgb', fillRGB=array([ 1, -1, -1]), interpolate=True, lineColor=array([ 1., -1., -1.]), lineColorSpace='rgb', lineRGB=array([ 1, -1, -1]), lineWidth=1.5, name='dot_left_3', opacity=1.0, ori=0.0, pos=array([ 0.18277166, -0.16260009]), size=array([0.01, 0.01]), units='height', vertices=ndarray(...), win=Window(...), windingRule=None)
0.0278 	EXP 	Created dot_left_4 = ShapeStim(__class__=<class 'psychopy.visual.shape.ShapeStim'>, anchor=('center', 'center'), autoDraw=False, autoLog=True, closeShape=True, color=method-wrapper(...), colorSpace='rgb', contrast=None, depth=0, draggable=False, fillColor=array([-1, -1,  1]), fillColorSpace='rgb', fillRGB=array([-1, -1,  1]), interpolate=True, lineColor=array([-1., -1.,  1.]), lineColorSpace='rgb', lineRGB=array([-1, -1,  1]), lineWidth=1.5, name='dot_left_4', opacity=1.0, ori=0.0, pos=array([-0.08229095, -0.02356289]), size=array([0.01, 0.01]), units='height', vertices=ndarray(...), win=Window(...), windingRule=None)
0.0297 	EXP 	Created dot_left_4 = ShapeStim(__class__=<class 'psychopy.visual.shape.ShapeStim'>, anchor=('center', 'center'), autoDraw=False, autoLog=True, closeShape=True, color=method-wrapper(...), colorSpace='rgb', contrast=None, depth=0, draggable=False, fillColor=array([ 1, -1, -1]), fillColorSpace='rgb', fillRGB=array([ 1, -1, -1]), interpolate=True, lineColor=array([ 1., -1., -1.]), lineColorSpace='rgb', lineRGB=array([ 1, -1, -1]), lineWidth=1.5, name='dot_left_4', opacity=1.0, ori=0.0, pos=array([-0.06915152, -0.02356289]), size=array([0.01, 0.01]), units='height', vertices=ndarray(...), win=Window(...), windingRule=None)
0.0318 	EXP 	Created dot_left_5 = ShapeStim(__class__=<class 'psychopy.visual.shape.ShapeStim'>, anchor=('center', 'center'), autoDraw=False, autoLog=True, closeShape=True, color=method-wrapper(...), colorSpace='rgb', contrast=None, depth=0, draggable=False, fillColor=array([-1, -1,  1]), fillColorSpace='rgb', fillRGB=array([-1, -1,  1]), interpolate=True, lineColor=array([-1., -1.,  1.]), lineColorSpace='rgb', lineRGB=array([-1, -1,  1]), lineWidth=1.5, name='dot_left_5', opacity=1.0, ori=0.0, pos=array([-0.06447416,  0.25167026]), size=array([0.01, 0.01]), units='height', vertices=ndarray(...), win=Window(...), windingRule=None)
0.0338 	EXP 	Created dot_left_5 = ShapeStim(__class__=<class 'psychopy.visual.shape.ShapeStim'>, anchor=('center', 'center'), autoDraw=False, autoLog=True, closeShape=True, color=method-wrapper(...), colorSpace='rgb', contrast=None, depth=0, draggable=False, fillColor=array([ 1, -1, -1]), fillColorSpace='rgb', fillRGB=array([ 1, -1, -1]), interpolate=True, lineColor=array([ 1., -1., -1.]), lineColorSpace='rgb', lineRGB=array([ 1, -1, -1]), lineWidth=1.5, name='dot_left_5', opacity=1.0, ori=0.0, pos=array([-0.06823802,  0.25167026]), size=array([0.01, 0.01]), units='height', vertices=ndarray(...), win=Window(...), windingRule=None)
0.0357 	EXP 	Created dot_left_6 = ShapeStim(__class__=<class 'psychopy.visual.shape.ShapeStim'>, anchor=('center', 'center'), autoDraw=False, autoLog=True, closeShape=True, color=method-wrapper(...), colorSpace='rgb', contrast=None, depth=0, draggable=False, fillColor=array([-1, -1,  1]), fillColorSpace='rgb', fillRGB=array([-1, -1,  1]), interpolate=True, lineColor=array([-1., -1.,  1.]), lineColorSpace='rgb', lineRGB=array([-1, -1,  1]), lineWidth=1.5, name='dot_left_6', opacity=1.0, ori=0.0, pos=array([-0.03803404, -0.24510033]), size=array([0.01, 0.01]), units='height', vertices=ndarray(...), win=Window(...), windingRule=None)
0.0377 	EXP 	Created dot_left_6 = ShapeStim(__class__=<class 'psychopy.visual.shape.ShapeStim'>, anchor=('center', 'center'), autoDraw=False, autoLog=True, closeShape=True, color=method-wrapper(...), colorSpace='rgb', contrast=None, depth=0, draggable=False, fillColor=array([ 1, -1, -1]), fillColorSpace='rgb', fillRGB=array([ 1, -1, -1]), interpolate=True, lineColor=array([ 1., -1., -1.]), lineColorSpace='rgb', lineRGB=array([ 1, -1, -1]), lineWidth=1.5, name='dot_left_6', opacity=1.0, ori=0.0, pos=array([-0.06392735, -0.24510033]), size=array([0.01, 0.01]), units='height', vertices=ndarray(...), win=Window(...), windingRule=None)
0.0400 	EXP 	Created dot_left_7 = ShapeStim(__class__=<class 'psychopy.visual.shape.ShapeStim'>, anchor=('center', 'center'), autoDraw=False, autoLog=True, closeShape=True, color=method-wrapper(...), colorSpace='rgb', contrast=None, depth=0, draggable=False, fillColor=array([-1, -1,  1]), fillColorSpace='rgb', fillRGB=array([-1, -1,  1]), interpolate=True, lineColor=array([-1., -1.,  1.]), lineColorSpace='rgb', lineRGB=array([-1, -1,  1]), lineWidth=1.5, name='dot_left_7', opacity=1.0, ori=0.0, pos=array([ 0.06272058, -0.15088598]), size=array([0.01, 0.01]), units='height', vertices=ndarray(...), win=Window(...), windingRule=None)
0.0419 	EXP 	Created dot_left_7 = ShapeStim(__class__=<class 'psychopy.visual.shape.ShapeStim'>, anchor=('center', 'center'), autoDraw=False, autoLog=True, closeShape=True, color=method-wrapper(...), colorSpace='rgb', contrast=None, depth=0, draggable=False, fillColor=array([ 1, -1, -1]), fillColorSpace='rgb', fillRGB=array([ 1, -1, -1]), interpolate=True, lineColor=array([ 1., -1., -1.]), lineColorSpace='rgb', lineRGB=array([ 1, -1, -1]), lineWidth=1.5, name='dot_left_7', opacity=1.0, ori=0.0, pos=array([ 0.0779622 , -0.15088598]), size=array([0.01, 0.01]), units='height', vertices=ndarray(...), win=Window(...), windingRule=None)
0.0438 	EXP 	Created dot_left_8 = ShapeStim(__class__=<class 'psychopy.visual.shape.ShapeStim'>, anchor=('center', 'center'), autoDraw=False, autoLog=True, closeShape=True, color=method-wrapper(...), colorSpace='rgb', contrast=None, depth=0, draggable=False, fillColor=array([-1, -1,  1]), fillColorSpace='rgb', fillRGB=array([-1, -1,  1]), interpolate=True, lineColor=array([-1., -1.,  1.]), lineColorSpace='rgb', lineRGB=array([-1, -1,  1]), lineWidth=1.5, name='dot_left_8', opacity=1.0, ori=0.0, pos=array([-0.0377338, -0.0111567]), size=array([0.01, 0.01]), units='height', vertices=ndarray(...), win=Window(...), windingRule=None)
0.0459 	EXP 	Created dot_left_8 = ShapeStim(__class__=<class 'psychopy.visual.shape.ShapeStim'>, anchor=('center', 'center'), autoDraw=False, autoLog=True, closeShape=True, color=method-wrapper(...), colorSpace='rgb', contrast=None, depth=0, draggable=False, fillColor=array([ 1, -1, -1]), fillColorSpace='rgb', fillRGB=array([ 1, -1, -1]), interpolate=True, lineColor=array([ 1., -1., -1.]), lineColorSpace='rgb', lineRGB=array([ 1, -1, -1]), lineWidth=1.5, name='dot_left_8', opacity=1.0, ori=0.0, pos=array([-0.03023837, -0.0111567 ]), size=array([0.01, 0.01]), units='height', vertices=ndarray(...), win=Window(...), windingRule=None)
0.0478 	EXP 	Created dot_left_9 = ShapeStim(__class__=<class 'psychopy.visual.shape.ShapeStim'>, anchor=('center', 'center'), autoDraw=False, autoLog=True, closeShape=True, color=method-wrapper(...), colorSpace='rgb', contrast=None, depth=0, draggable=False, fillColor=array([-1, -1,  1]), fillColorSpace='rgb', fillRGB=array([-1, -1,  1]), interpolate=True, lineColor=array([-1., -1.,  1.]), lineColorSpace='rgb', lineRGB=array([-1, -1,  1]), lineWidth=1.5, name='dot_left_9', opacity=1.0, ori=0.0, pos=array([-0.16734007, -0.00385853]), size=array([0.01, 0.01]), units='height', vertices=ndarray(...), win=Window(...), windingRule=None)
0.0497 	EXP 	Created dot_left_9 = ShapeStim(__class__=<class 'psychopy.visual.shape.ShapeStim'>, anchor=('center', 'center'), autoDraw=False, autoLog=True, closeShape=True, color=method-wrapper(...), colorSpace='rgb', contrast=None, depth=0, draggable=False, fillColor=array([ 1, -1, -1]), fillColorSpace='rgb', fillRGB=array([ 1, -1, -1]), interpolate=True, lineColor=array([ 1., -1., -1.]), lineColorSpace='rgb', lineRGB=array([ 1, -1, -1]), lineWidth=1.5, name='dot_left_9', opacity=1.0, ori=0.0, pos=array([-0.14805349, -0.00385853]), size=array([0.01, 0.01]), units='height', vertices=ndarray(...), win=Window(...), windingRule=None)
0.0515 	EXP 	Created dot_left_10 = ShapeStim(__class__=<class 'psychopy.visual.shape.ShapeStim'>, anchor=('center', 'center'), autoDraw=False, autoLog=True, closeShape=True, color=method-wrapper(...), colorSpace='rgb', contrast=None, depth=0, draggable=False, fillColor=array([-1, -1,  1]), fillColorSpace='rgb', fillRGB=array([-1, -1,  1]), interpolate=True, lineColor=array([-1., -1.,  1.]), lineColorSpace='rgb', lineRGB=array([-1, -1,  1]), lineWidth=1.5, name='dot_left_10', opacity=1.0, ori=0.0, pos=array([-0.14776731,  0.07095305]), size=array([0.01, 0.01]), units='height', vertices=ndarray(...), win=Window(...), windingRule=None)
0.0534 	EXP 	Created dot_left_10 = ShapeStim(__class__=<class 'psychopy.visual.shape.ShapeStim'>, anchor=('center', 'center'), autoDraw=False, autoLog=True, closeShape=True, color=method-wrapper(...), colorSpace='rgb', contrast=None, depth=0, draggable=False, fillColor=array([ 1, -1, -1]), fillColorSpace='rgb', fillRGB=array([ 1, -1, -1]), interpolate=True, lineColor=array([ 1., -1., -1.]), lineColorSpace='rgb', lineRGB=array([ 1, -1, -1]), lineWidth=1.5, name='dot_left_10', opacity=1.0, ori=0.0, pos=array([-0.1377941 ,  0.07095305]), size=array([0.01, 0.01]), units='height', vertices=ndarray(...), win=Window(...), windingRule=None)
0.0553 	EXP 	Created dot_left_11 = ShapeStim(__class__=<class 'psychopy.visual.shape.ShapeStim'>, anchor=('center', 'center'), autoDraw=False, autoLog=True, closeShape=True, color=method-wrapper(...), colorSpace='rgb', contrast=None, depth=0, draggable=False, fillColor=array([-1, -1,  1]), fillColorSpace='rgb', fillRGB=array([-1, -1,  1]), interpolate=True, lineColor=array([-1., -1.,  1.]), lineColorSpace='rgb', lineRGB=array([-1, -1,  1]), lineWidth=1.5, name='dot_left_11', opacity=1.0, ori=0.0, pos=array([-0.02813605, -0.01332725]), size=array([0.01, 0.01]), units='height', vertices=ndarray(...), win=Window(...), windingRule=None)
0.0574 	EXP 	Created dot_left_11 = ShapeStim(__class__=<class 'psychopy.visual.shape.ShapeStim'>, anchor=('center', 'center'), autoDraw=False, autoLog=True, closeShape=True, color=method-wrapper(...), colorSpace='rgb', contrast=None, depth=0, draggable=False, fillColor=array([ 1, -1, -1]), fillColorSpace='rgb', fillRGB=array([ 1, -1, -1]), interpolate=True, lineColor=array([ 1., -1., -1.]), lineColorSpace='rgb', lineRGB=array([ 1, -1, -1]), lineWidth=1.5, name='dot_left_11', opacity=1.0, ori=0.0, pos=array([-0.00523599, -0.01332725]), size=array([0.01, 0.01]), units='height', vertices=ndarray(...), win=Window(...), windingRule=None)
0.0598 	EXP 	Created dot_left_12 = ShapeStim(__class__=<class 'psychopy.visual.shape.ShapeStim'>, anchor=('center', 'center'), autoDraw=False, autoLog=True, closeShape=True, color=method-wrapper(...), colorSpace='rgb', contrast=None, depth=0, draggable=False, fillColor=array([-1, -1,  1]), fillColorSpace='rgb', fillRGB=array([-1, -1,  1]), interpolate=True, lineColor=array([-1., -1.,  1.]), lineColorSpace='rgb', lineRGB=array([-1, -1,  1]), lineWidth=1.5, name='dot_left_12', opacity=1.0, ori=0.0, pos=array([-0.21195234,  0.04309286]), size=array([0.01, 0.01]), units='height', vertices=ndarray(...), win=Window(...), windingRule=None)
0.0620 	EXP 	Created dot_left_12 = ShapeStim(__class__=<class 'psychopy.visual.shape.ShapeStim'>, anchor=('center', 'center'), autoDraw=False, autoLog=True, closeShape=True, color=method-wrapper(...), colorSpace='rgb', contrast=None, depth=0, draggable=False, fillColor=array([ 1, -1, -1]), fillColorSpace='rgb', fillRGB=array([ 1, -1, -1]), interpolate=True, lineColor=array([ 1., -1., -1.]), lineColorSpace='rgb', lineRGB=array([ 1, -1, -1]), lineWidth=1.5, name='dot_left_12', opacity=1.0, ori=0.0, pos=array([-0.19313069,  0.04309286]), size=array([0.01, 0.01]), units='height', vertices=ndarray(...), win=Window(...), windingRule=None)
0.0639 	EXP 	Created dot_left_13 = ShapeStim(__class__=<class 'psychopy.visual.shape.ShapeStim'>, anchor=('center', 'center'), autoDraw=False, autoLog=True, closeShape=True, color=method-wrapper(...), colorSpace='rgb', contrast=None, depth=0, draggable=False, fillColor=array([-1, -1,  1]), fillColorSpace='rgb', fillRGB=array([-1, -1,  1]), interpolate=True, lineColor=array([-1., -1.,  1.]), lineColorSpace='rgb', lineRGB=array([-1, -1,  1]), lineWidth=1.5, name='dot_left_13', opacity=1.0, ori=0.0, pos=array([-0.06171811,  0.00466781]), size=array([0.01, 0.01]), units='height', vertices=ndarray(...), win=Window(...), windingRule=None)
0.0662 	EXP 	Created dot_left_13 = ShapeStim(__class__=<class 'psychopy.visual.shape.ShapeStim'>, anchor=('center', 'center'), autoDraw=False, autoLog=True, closeShape=True, color=method-wrapper(...), colorSpace='rgb', contrast=None, depth=0, draggable=False, fillColor=array([ 1, -1, -1]), fillColorSpace='rgb', fillRGB=array([ 1, -1, -1]), interpolate=True, lineColor=array([ 1., -1., -1.]), lineColorSpace='rgb', lineRGB=array([ 1, -1, -1]), lineWidth=1.5, name='dot_left_13', opacity=1.0, ori=0.0, pos=array([-0.0390449 ,  0.00466781]), size=array([0.01, 0.01]), units='height', vertices=ndarray(...), win=Window(...), windingRule=None)
0.0684 	EXP 	Created dot_left_14 = ShapeStim(__class__=<class 'psychopy.visual.shape.ShapeStim'>, anchor=('center', 'center'), autoDraw=False, autoLog=True, closeShape=True, color=method-wrapper(...), colorSpace='rgb', contrast=None, depth=0, draggable=False, fillColor=array([-1, -1,  1]), fillColorSpace='rgb', fillRGB=array([-1, -1,  1]), interpolate=True, lineColor=array([-1., -1.,  1.]), lineColorSpace='rgb', lineRGB=array([-1, -1,  1]), lineWidth=1.5, name='dot_left_14', opacity=1.0, ori=0.0, pos=array([-0.22204777, -0.14867844]), size=array([0.01, 0.01]), units='height', vertices=ndarray(...), win=Window(...), windingRule=None)
0.0711 	EXP 	Created dot_left_14 = ShapeStim(__class__=<class 'psychopy.visual.shape.ShapeStim'>, anchor=('center', 'center'), autoDraw=False, autoLog=True, closeShape=True, color=method-wrapper(...), colorSpace='rgb', contrast=None, depth=0, draggable=False, fillColor=array([ 1, -1, -1]), fillColorSpace='rgb', fillRGB=array([ 1, -1, -1]), interpolate=True, lineColor=array([ 1., -1., -1.]), lineColorSpace='rgb', lineRGB=array([ 1, -1, -1]), lineWidth=1.5, name='dot_left_14', opacity=1.0, ori=0.0, pos=array([-0.2024441 , -0.14867844]), size=array([0.01, 0.01]), units='height', vertices=ndarray(...), win=Window(...), windingRule=None)
0.0863 	WARNING 	t of last frame was 82.03ms (=1/12)
0.0863 	EXP 	dot_left_0: autoDraw = True
0.0863 	EXP 	dot_left_1: autoDraw = True
0.0863 	EXP 	dot_left_2: autoDraw = True
0.0863 	EXP 	dot_left_3: autoDraw = True
0.0863 	EXP 	dot_left_4: autoDraw = True
0.0863 	EXP 	dot_left_5: autoDraw = True
0.0863 	EXP 	dot_left_6: autoDraw = True
0.0863 	EXP 	dot_left_7: autoDraw = True
0.0863 	EXP 	dot_left_8: autoDraw = True
0.0863 	EXP 	dot_left_9: autoDraw = True
0.0863 	EXP 	dot_left_10: autoDraw = True
0.0863 	EXP 	dot_left_11: autoDraw = True
0.0863 	EXP 	dot_left_12: autoDraw = True
0.0863 	EXP 	dot_left_13: autoDraw = True
0.0863 	EXP 	dot_left_14: autoDraw = True
0.0863 	EXP 	dot_left_0: autoDraw = True
0.0863 	EXP 	dot_left_1: autoDraw = True
0.0863 	EXP 	dot_left_2: autoDraw = True
0.0863 	EXP 	dot_left_3: autoDraw = True
0.0863 	EXP 	dot_left_4: autoDraw = True
0.0863 	EXP 	dot_left_5: autoDraw = True
0.0863 	EXP 	dot_left_6: autoDraw = True
0.0863 	EXP 	dot_left_7: autoDraw = True
0.0863 	EXP 	dot_left_8: autoDraw = True
0.0863 	EXP 	dot_left_9: autoDraw = True
0.0863 	EXP 	dot_left_10: autoDraw = True
0.0863 	EXP 	dot_left_11: autoDraw = True
0.0863 	EXP 	dot_left_12: autoDraw = True
0.0863 	EXP 	dot_left_13: autoDraw = True
0.0863 	EXP 	dot_left_14: autoDraw = True
0.0863 	EXP 	polygon: autoDraw = True
0.2959 	WARNING 	t of last frame was 60.38ms (=1/16)
0.9809 	DEBUG 	Saving data for 3d-motion-direction-estimation ExperimentHandler
0.9812 	INFO 	saved data to /Users/kbonnen/Library/CloudStorage/OneDrive-IndianaUniversity/Courses/V768-Measuring-Perception/V768-Psychophysics-labs/07-3d-motion/3d-motion-direction-estimation/data/503811_3d-motion-direction-estimation_2025-02-25_00h47.49.995.psydat
0.9814 	INFO 	saved data to '/Users/kbonnen/Library/CloudStorage/OneDrive-IndianaUniversity/Courses/V768-Measuring-Perception/V768-Psychophysics-labs/07-3d-motion/3d-motion-direction-estimation/data/503811_3d-motion-direction-estimation_2025-02-25_00h47.49.995.csv'
