4.0284 	DEBUG 	Fullscreen settings ignored as running in pilot mode.
4.0294 	INFO 	Loaded monitor calibration from ['2023_05_12 15:00']
4.1810 	EXP 	Created window1 = Window(allowGUI=False, allowStencil=False, autoLog=True, backendConf=UNKNOWN, backgroundFit=<method-wrapper '__getattribute__' of attributeSetter object at 0x7fb180817550>, backgroundImage=<method-wrapper '__getattribute__' of attributeSetter object at 0x7fb1808174f0>, bitsMode=UNKNOWN, blendMode='avg', bpc=(8, 8, 8), color=array([-1, -1, -1]), colorSpace='rgb', depthBits=8, fullscr=False, gamma=None, gammaErrorPolicy='raise', infoMsg=UNKNOWN, lms=UNKNOWN, monitor=<psychopy.monitors.calibTools.Monitor object at 0x7fb1a2142490>, multiSample=False, name='window1', numSamples=2, pos=[356.0, 191.0], screen=0, size=array([1600, 1200]), stencilBits=0, stereo=False, title='PsychoPy', units='height', useFBO=True, useRetina=True, viewOri=0.0, viewPos=None, viewScale=None, waitBlanking=True, winType='pyglet')
4.1811 	EXP 	window1: backgroundImage = ''
4.1811 	EXP 	window1: backgroundFit = 'none'
4.1911 	DEBUG 	TextBox2 loaded 1 chars with 0 blanks and 1 valid
4.1916 	DEBUG 	TextBox2 loaded 1 chars with 0 blanks and 1 valid
4.1922 	DEBUG 	TextBox2 loaded 1 chars with 0 blanks and 1 valid
4.1929 	DEBUG 	TextBox2 loaded 1 chars with 0 blanks and 1 valid
4.1935 	DEBUG 	TextBox2 loaded 1 chars with 0 blanks and 1 valid
4.1938 	DEBUG 	TextBox2 loaded 1 chars with 0 blanks and 1 valid
4.1943 	DEBUG 	TextBox2 loaded 1 chars with 0 blanks and 1 valid
4.1950 	DEBUG 	TextBox2 loaded 1 chars with 0 blanks and 1 valid
4.1951 	DEBUG 	TextBox2 loaded 1 chars with 0 blanks and 1 valid
4.1953 	DEBUG 	TextBox2 loaded 1 chars with 0 blanks and 1 valid
4.1958 	DEBUG 	TextBox2 loaded 1 chars with 0 blanks and 1 valid
4.1963 	DEBUG 	TextBox2 loaded 1 chars with 0 blanks and 1 valid
4.1968 	DEBUG 	TextBox2 loaded 1 chars with 0 blanks and 1 valid
4.1972 	DEBUG 	TextBox2 loaded 1 chars with 0 blanks and 1 valid
4.1977 	DEBUG 	TextBox2 loaded 1 chars with 0 blanks and 1 valid
4.1982 	DEBUG 	TextBox2 loaded 1 chars with 0 blanks and 1 valid
4.1987 	DEBUG 	TextBox2 loaded 1 chars with 0 blanks and 1 valid
4.1989 	DEBUG 	TextBox2 loaded 1 chars with 0 blanks and 1 valid
4.1992 	DEBUG 	TextBox2 loaded 1 chars with 0 blanks and 1 valid
4.1999 	DEBUG 	TextBox2 loaded 1 chars with 0 blanks and 1 valid
4.2001 	DEBUG 	TextBox2 loaded 1 chars with 0 blanks and 1 valid
4.2003 	DEBUG 	Uploading Texture Font fontname to graphics card
4.2032 	DEBUG 	Upload of Texture Font fontname complete
4.2081 	DEBUG 	TextBox2 loaded 1 chars with 0 blanks and 1 valid
4.2088 	DEBUG 	TextBox2 loaded 1 chars with 0 blanks and 1 valid
4.2095 	DEBUG 	TextBox2 loaded 1 chars with 0 blanks and 1 valid
4.2096 	DEBUG 	Uploading Texture Font fontname to graphics card
4.2115 	DEBUG 	Upload of Texture Font fontname complete
4.2129 	EXP 	window1: Attempting to measure frame rate of screen (0) ...
4.2129 	EXP 	window1: recordFrameIntervals = False
4.3220 	EXP 	window1: recordFrameIntervals = True
5.1557 	WARNING 	Couldn't measure a consistent frame rate!
  - Is your graphics card set to sync to vertical blank?
  - Are you running other processes on your computer?

5.1634 	DEBUG 	TextBox2 loaded 1 chars with 0 blanks and 1 valid
5.1641 	DEBUG 	TextBox2 loaded 1 chars with 0 blanks and 1 valid
5.1650 	DEBUG 	TextBox2 loaded 1 chars with 0 blanks and 1 valid
5.1662 	DEBUG 	TextBox2 loaded 1 chars with 0 blanks and 1 valid
5.1673 	DEBUG 	TextBox2 loaded 1 chars with 0 blanks and 1 valid
5.1683 	DEBUG 	TextBox2 loaded 1 chars with 0 blanks and 1 valid
5.1688 	DEBUG 	TextBox2 loaded 1 chars with 0 blanks and 1 valid
5.1697 	DEBUG 	TextBox2 loaded 1 chars with 0 blanks and 1 valid
5.1707 	DEBUG 	TextBox2 loaded 1 chars with 0 blanks and 1 valid
5.1717 	DEBUG 	TextBox2 loaded 1 chars with 0 blanks and 1 valid
5.1720 	DEBUG 	Uploading Texture Font fontname to graphics card
5.1748 	DEBUG 	Upload of Texture Font fontname complete
5.1923 	WARNING 	launchHubServer: If using the iohub mouse or eyetracker devices, fullScr should be True.
6.8556 	INFO 	keyboard.Keyboard is using iohub backend.
6.8556 	EXP 	3d-motion-direction-estimation: status = STARTED
6.8621 	EXP 	Created polygon = ShapeStim(__class__=<class 'psychopy.visual.shape.ShapeStim'>, anchor=('center', 'center'), autoDraw=False, autoLog=True, closeShape=True, color=method-wrapper(...), colorSpace='rgb', contrast=None, depth=-2.0, draggable=False, fillColor=array([1, 1, 1]), fillColorSpace='rgb', fillRGB=array([1, 1, 1]), interpolate=True, lineColor=array([1., 1., 1.]), lineColorSpace='rgb', lineRGB=array([1, 1, 1]), lineWidth=1.0, name='polygon', opacity=1, ori=0.0, pos=array([0., 0.]), size=array([0.05, 0.05]), units='height', vertices=ndarray(...), win=Window(...), windingRule=None)
0.0126 	EXP 	Created dot_left_0 = ShapeStim(__class__=<class 'psychopy.visual.shape.ShapeStim'>, anchor=('center', 'center'), autoDraw=False, autoLog=True, closeShape=True, color=method-wrapper(...), colorSpace='rgb', contrast=None, depth=0, draggable=False, fillColor=array([-1, -1,  1]), fillColorSpace='rgb', fillRGB=array([-1, -1,  1]), interpolate=True, lineColor=array([-1., -1.,  1.]), lineColorSpace='rgb', lineRGB=array([-1, -1,  1]), lineWidth=1.5, name='dot_left_0', opacity=1.0, ori=0.0, pos=array([0.41785726, 0.07647456]), size=array([0.01, 0.01]), units='height', vertices=ndarray(...), win=Window(...), windingRule=None)
0.0148 	EXP 	Created dot_left_0 = ShapeStim(__class__=<class 'psychopy.visual.shape.ShapeStim'>, anchor=('center', 'center'), autoDraw=False, autoLog=True, closeShape=True, color=method-wrapper(...), colorSpace='rgb', contrast=None, depth=0, draggable=False, fillColor=array([ 1, -1, -1]), fillColorSpace='rgb', fillRGB=array([ 1, -1, -1]), interpolate=True, lineColor=array([ 1., -1., -1.]), lineColorSpace='rgb', lineRGB=array([ 1, -1, -1]), lineWidth=1.5, name='dot_left_0', opacity=1.0, ori=0.0, pos=array([0.41785726, 0.07647456]), size=array([0.01, 0.01]), units='height', vertices=ndarray(...), win=Window(...), windingRule=None)
0.0168 	EXP 	Created dot_left_1 = ShapeStim(__class__=<class 'psychopy.visual.shape.ShapeStim'>, anchor=('center', 'center'), autoDraw=False, autoLog=True, closeShape=True, color=method-wrapper(...), colorSpace='rgb', contrast=None, depth=0, draggable=False, fillColor=array([-1, -1,  1]), fillColorSpace='rgb', fillRGB=array([-1, -1,  1]), interpolate=True, lineColor=array([-1., -1.,  1.]), lineColorSpace='rgb', lineRGB=array([-1, -1,  1]), lineWidth=1.5, name='dot_left_1', opacity=1.0, ori=0.0, pos=array([-0.21028939, -0.33998263]), size=array([0.01, 0.01]), units='height', vertices=ndarray(...), win=Window(...), windingRule=None)
0.0190 	EXP 	Created dot_left_1 = ShapeStim(__class__=<class 'psychopy.visual.shape.ShapeStim'>, anchor=('center', 'center'), autoDraw=False, autoLog=True, closeShape=True, color=method-wrapper(...), colorSpace='rgb', contrast=None, depth=0, draggable=False, fillColor=array([ 1, -1, -1]), fillColorSpace='rgb', fillRGB=array([ 1, -1, -1]), interpolate=True, lineColor=array([ 1., -1., -1.]), lineColorSpace='rgb', lineRGB=array([ 1, -1, -1]), lineWidth=1.5, name='dot_left_1', opacity=1.0, ori=0.0, pos=array([-0.21028939, -0.33998263]), size=array([0.01, 0.01]), units='height', vertices=ndarray(...), win=Window(...), windingRule=None)
0.0212 	EXP 	Created dot_left_2 = ShapeStim(__class__=<class 'psychopy.visual.shape.ShapeStim'>, anchor=('center', 'center'), autoDraw=False, autoLog=True, closeShape=True, color=method-wrapper(...), colorSpace='rgb', contrast=None, depth=0, draggable=False, fillColor=array([-1, -1,  1]), fillColorSpace='rgb', fillRGB=array([-1, -1,  1]), interpolate=True, lineColor=array([-1., -1.,  1.]), lineColorSpace='rgb', lineRGB=array([-1, -1,  1]), lineWidth=1.5, name='dot_left_2', opacity=1.0, ori=0.0, pos=array([-0.29388901,  0.06701238]), size=array([0.01, 0.01]), units='height', vertices=ndarray(...), win=Window(...), windingRule=None)
0.0231 	EXP 	Created dot_left_2 = ShapeStim(__class__=<class 'psychopy.visual.shape.ShapeStim'>, anchor=('center', 'center'), autoDraw=False, autoLog=True, closeShape=True, color=method-wrapper(...), colorSpace='rgb', contrast=None, depth=0, draggable=False, fillColor=array([ 1, -1, -1]), fillColorSpace='rgb', fillRGB=array([ 1, -1, -1]), interpolate=True, lineColor=array([ 1., -1., -1.]), lineColorSpace='rgb', lineRGB=array([ 1, -1, -1]), lineWidth=1.5, name='dot_left_2', opacity=1.0, ori=0.0, pos=array([-0.29388901,  0.06701238]), size=array([0.01, 0.01]), units='height', vertices=ndarray(...), win=Window(...), windingRule=None)
0.0251 	EXP 	Created dot_left_3 = ShapeStim(__class__=<class 'psychopy.visual.shape.ShapeStim'>, anchor=('center', 'center'), autoDraw=False, autoLog=True, closeShape=True, color=method-wrapper(...), colorSpace='rgb', contrast=None, depth=0, draggable=False, fillColor=array([-1, -1,  1]), fillColorSpace='rgb', fillRGB=array([-1, -1,  1]), interpolate=True, lineColor=array([-1., -1.,  1.]), lineColorSpace='rgb', lineRGB=array([-1, -1,  1]), lineWidth=1.5, name='dot_left_3', opacity=1.0, ori=0.0, pos=array([-0.01567231,  0.03740627]), size=array([0.01, 0.01]), units='height', vertices=ndarray(...), win=Window(...), windingRule=None)
0.0270 	EXP 	Created dot_left_3 = ShapeStim(__class__=<class 'psychopy.visual.shape.ShapeStim'>, anchor=('center', 'center'), autoDraw=False, autoLog=True, closeShape=True, color=method-wrapper(...), colorSpace='rgb', contrast=None, depth=0, draggable=False, fillColor=array([ 1, -1, -1]), fillColorSpace='rgb', fillRGB=array([ 1, -1, -1]), interpolate=True, lineColor=array([ 1., -1., -1.]), lineColorSpace='rgb', lineRGB=array([ 1, -1, -1]), lineWidth=1.5, name='dot_left_3', opacity=1.0, ori=0.0, pos=array([-0.01567231,  0.03740627]), size=array([0.01, 0.01]), units='height', vertices=ndarray(...), win=Window(...), windingRule=None)
0.0290 	EXP 	Created dot_left_4 = ShapeStim(__class__=<class 'psychopy.visual.shape.ShapeStim'>, anchor=('center', 'center'), autoDraw=False, autoLog=True, closeShape=True, color=method-wrapper(...), colorSpace='rgb', contrast=None, depth=0, draggable=False, fillColor=array([-1, -1,  1]), fillColorSpace='rgb', fillRGB=array([-1, -1,  1]), interpolate=True, lineColor=array([-1., -1.,  1.]), lineColorSpace='rgb', lineRGB=array([-1, -1,  1]), lineWidth=1.5, name='dot_left_4', opacity=1.0, ori=0.0, pos=array([0.07848512, 0.42748036]), size=array([0.01, 0.01]), units='height', vertices=ndarray(...), win=Window(...), windingRule=None)
0.0309 	EXP 	Created dot_left_4 = ShapeStim(__class__=<class 'psychopy.visual.shape.ShapeStim'>, anchor=('center', 'center'), autoDraw=False, autoLog=True, closeShape=True, color=method-wrapper(...), colorSpace='rgb', contrast=None, depth=0, draggable=False, fillColor=array([ 1, -1, -1]), fillColorSpace='rgb', fillRGB=array([ 1, -1, -1]), interpolate=True, lineColor=array([ 1., -1., -1.]), lineColorSpace='rgb', lineRGB=array([ 1, -1, -1]), lineWidth=1.5, name='dot_left_4', opacity=1.0, ori=0.0, pos=array([0.07848512, 0.42748036]), size=array([0.01, 0.01]), units='height', vertices=ndarray(...), win=Window(...), windingRule=None)
0.0331 	EXP 	Created dot_left_5 = ShapeStim(__class__=<class 'psychopy.visual.shape.ShapeStim'>, anchor=('center', 'center'), autoDraw=False, autoLog=True, closeShape=True, color=method-wrapper(...), colorSpace='rgb', contrast=None, depth=0, draggable=False, fillColor=array([-1, -1,  1]), fillColorSpace='rgb', fillRGB=array([-1, -1,  1]), interpolate=True, lineColor=array([-1., -1.,  1.]), lineColorSpace='rgb', lineRGB=array([-1, -1,  1]), lineWidth=1.5, name='dot_left_5', opacity=1.0, ori=0.0, pos=array([-0.25026746,  0.15464776]), size=array([0.01, 0.01]), units='height', vertices=ndarray(...), win=Window(...), windingRule=None)
0.0353 	EXP 	Created dot_left_5 = ShapeStim(__class__=<class 'psychopy.visual.shape.ShapeStim'>, anchor=('center', 'center'), autoDraw=False, autoLog=True, closeShape=True, color=method-wrapper(...), colorSpace='rgb', contrast=None, depth=0, draggable=False, fillColor=array([ 1, -1, -1]), fillColorSpace='rgb', fillRGB=array([ 1, -1, -1]), interpolate=True, lineColor=array([ 1., -1., -1.]), lineColorSpace='rgb', lineRGB=array([ 1, -1, -1]), lineWidth=1.5, name='dot_left_5', opacity=1.0, ori=0.0, pos=array([-0.25026746,  0.15464776]), size=array([0.01, 0.01]), units='height', vertices=ndarray(...), win=Window(...), windingRule=None)
0.0372 	EXP 	Created dot_left_6 = ShapeStim(__class__=<class 'psychopy.visual.shape.ShapeStim'>, anchor=('center', 'center'), autoDraw=False, autoLog=True, closeShape=True, color=method-wrapper(...), colorSpace='rgb', contrast=None, depth=0, draggable=False, fillColor=array([-1, -1,  1]), fillColorSpace='rgb', fillRGB=array([-1, -1,  1]), interpolate=True, lineColor=array([-1., -1.,  1.]), lineColorSpace='rgb', lineRGB=array([-1, -1,  1]), lineWidth=1.5, name='dot_left_6', opacity=1.0, ori=0.0, pos=array([-0.46136426,  0.30732893]), size=array([0.01, 0.01]), units='height', vertices=ndarray(...), win=Window(...), windingRule=None)
0.0392 	EXP 	Created dot_left_6 = ShapeStim(__class__=<class 'psychopy.visual.shape.ShapeStim'>, anchor=('center', 'center'), autoDraw=False, autoLog=True, closeShape=True, color=method-wrapper(...), colorSpace='rgb', contrast=None, depth=0, draggable=False, fillColor=array([ 1, -1, -1]), fillColorSpace='rgb', fillRGB=array([ 1, -1, -1]), interpolate=True, lineColor=array([ 1., -1., -1.]), lineColorSpace='rgb', lineRGB=array([ 1, -1, -1]), lineWidth=1.5, name='dot_left_6', opacity=1.0, ori=0.0, pos=array([-0.46136426,  0.30732893]), size=array([0.01, 0.01]), units='height', vertices=ndarray(...), win=Window(...), windingRule=None)
0.0410 	EXP 	Created dot_left_7 = ShapeStim(__class__=<class 'psychopy.visual.shape.ShapeStim'>, anchor=('center', 'center'), autoDraw=False, autoLog=True, closeShape=True, color=method-wrapper(...), colorSpace='rgb', contrast=None, depth=0, draggable=False, fillColor=array([-1, -1,  1]), fillColorSpace='rgb', fillRGB=array([-1, -1,  1]), interpolate=True, lineColor=array([-1., -1.,  1.]), lineColorSpace='rgb', lineRGB=array([-1, -1,  1]), lineWidth=1.5, name='dot_left_7', opacity=1.0, ori=0.0, pos=array([0.20150269, 0.48578456]), size=array([0.01, 0.01]), units='height', vertices=ndarray(...), win=Window(...), windingRule=None)
0.0430 	EXP 	Created dot_left_7 = ShapeStim(__class__=<class 'psychopy.visual.shape.ShapeStim'>, anchor=('center', 'center'), autoDraw=False, autoLog=True, closeShape=True, color=method-wrapper(...), colorSpace='rgb', contrast=None, depth=0, draggable=False, fillColor=array([ 1, -1, -1]), fillColorSpace='rgb', fillRGB=array([ 1, -1, -1]), interpolate=True, lineColor=array([ 1., -1., -1.]), lineColorSpace='rgb', lineRGB=array([ 1, -1, -1]), lineWidth=1.5, name='dot_left_7', opacity=1.0, ori=0.0, pos=array([0.20150269, 0.48578456]), size=array([0.01, 0.01]), units='height', vertices=ndarray(...), win=Window(...), windingRule=None)
0.0449 	EXP 	Created dot_left_8 = ShapeStim(__class__=<class 'psychopy.visual.shape.ShapeStim'>, anchor=('center', 'center'), autoDraw=False, autoLog=True, closeShape=True, color=method-wrapper(...), colorSpace='rgb', contrast=None, depth=0, draggable=False, fillColor=array([-1, -1,  1]), fillColorSpace='rgb', fillRGB=array([-1, -1,  1]), interpolate=True, lineColor=array([-1., -1.,  1.]), lineColorSpace='rgb', lineRGB=array([-1, -1,  1]), lineWidth=1.5, name='dot_left_8', opacity=1.0, ori=0.0, pos=array([-0.19930433, -0.21072105]), size=array([0.01, 0.01]), units='height', vertices=ndarray(...), win=Window(...), windingRule=None)
0.0469 	EXP 	Created dot_left_8 = ShapeStim(__class__=<class 'psychopy.visual.shape.ShapeStim'>, anchor=('center', 'center'), autoDraw=False, autoLog=True, closeShape=True, color=method-wrapper(...), colorSpace='rgb', contrast=None, depth=0, draggable=False, fillColor=array([ 1, -1, -1]), fillColorSpace='rgb', fillRGB=array([ 1, -1, -1]), interpolate=True, lineColor=array([ 1., -1., -1.]), lineColorSpace='rgb', lineRGB=array([ 1, -1, -1]), lineWidth=1.5, name='dot_left_8', opacity=1.0, ori=0.0, pos=array([-0.19930433, -0.21072105]), size=array([0.01, 0.01]), units='height', vertices=ndarray(...), win=Window(...), windingRule=None)
0.0489 	EXP 	Created dot_left_9 = ShapeStim(__class__=<class 'psychopy.visual.shape.ShapeStim'>, anchor=('center', 'center'), autoDraw=False, autoLog=True, closeShape=True, color=method-wrapper(...), colorSpace='rgb', contrast=None, depth=0, draggable=False, fillColor=array([-1, -1,  1]), fillColorSpace='rgb', fillRGB=array([-1, -1,  1]), interpolate=True, lineColor=array([-1., -1.,  1.]), lineColorSpace='rgb', lineRGB=array([-1, -1,  1]), lineWidth=1.5, name='dot_left_9', opacity=1.0, ori=0.0, pos=array([-0.34243979, -0.34599119]), size=array([0.01, 0.01]), units='height', vertices=ndarray(...), win=Window(...), windingRule=None)
0.0508 	EXP 	Created dot_left_9 = ShapeStim(__class__=<class 'psychopy.visual.shape.ShapeStim'>, anchor=('center', 'center'), autoDraw=False, autoLog=True, closeShape=True, color=method-wrapper(...), colorSpace='rgb', contrast=None, depth=0, draggable=False, fillColor=array([ 1, -1, -1]), fillColorSpace='rgb', fillRGB=array([ 1, -1, -1]), interpolate=True, lineColor=array([ 1., -1., -1.]), lineColorSpace='rgb', lineRGB=array([ 1, -1, -1]), lineWidth=1.5, name='dot_left_9', opacity=1.0, ori=0.0, pos=array([-0.34243979, -0.34599119]), size=array([0.01, 0.01]), units='height', vertices=ndarray(...), win=Window(...), windingRule=None)
0.0528 	EXP 	Created dot_left_10 = ShapeStim(__class__=<class 'psychopy.visual.shape.ShapeStim'>, anchor=('center', 'center'), autoDraw=False, autoLog=True, closeShape=True, color=method-wrapper(...), colorSpace='rgb', contrast=None, depth=0, draggable=False, fillColor=array([-1, -1,  1]), fillColorSpace='rgb', fillRGB=array([-1, -1,  1]), interpolate=True, lineColor=array([-1., -1.,  1.]), lineColorSpace='rgb', lineRGB=array([-1, -1,  1]), lineWidth=1.5, name='dot_left_10', opacity=1.0, ori=0.0, pos=array([-0.15048718, -0.03062654]), size=array([0.01, 0.01]), units='height', vertices=ndarray(...), win=Window(...), windingRule=None)
0.0547 	EXP 	Created dot_left_10 = ShapeStim(__class__=<class 'psychopy.visual.shape.ShapeStim'>, anchor=('center', 'center'), autoDraw=False, autoLog=True, closeShape=True, color=method-wrapper(...), colorSpace='rgb', contrast=None, depth=0, draggable=False, fillColor=array([ 1, -1, -1]), fillColorSpace='rgb', fillRGB=array([ 1, -1, -1]), interpolate=True, lineColor=array([ 1., -1., -1.]), lineColorSpace='rgb', lineRGB=array([ 1, -1, -1]), lineWidth=1.5, name='dot_left_10', opacity=1.0, ori=0.0, pos=array([-0.15048718, -0.03062654]), size=array([0.01, 0.01]), units='height', vertices=ndarray(...), win=Window(...), windingRule=None)
0.0566 	EXP 	Created dot_left_11 = ShapeStim(__class__=<class 'psychopy.visual.shape.ShapeStim'>, anchor=('center', 'center'), autoDraw=False, autoLog=True, closeShape=True, color=method-wrapper(...), colorSpace='rgb', contrast=None, depth=0, draggable=False, fillColor=array([-1, -1,  1]), fillColorSpace='rgb', fillRGB=array([-1, -1,  1]), interpolate=True, lineColor=array([-1., -1.,  1.]), lineColorSpace='rgb', lineRGB=array([-1, -1,  1]), lineWidth=1.5, name='dot_left_11', opacity=1.0, ori=0.0, pos=array([ 0.08815883, -0.43279743]), size=array([0.01, 0.01]), units='height', vertices=ndarray(...), win=Window(...), windingRule=None)
0.0585 	EXP 	Created dot_left_11 = ShapeStim(__class__=<class 'psychopy.visual.shape.ShapeStim'>, anchor=('center', 'center'), autoDraw=False, autoLog=True, closeShape=True, color=method-wrapper(...), colorSpace='rgb', contrast=None, depth=0, draggable=False, fillColor=array([ 1, -1, -1]), fillColorSpace='rgb', fillRGB=array([ 1, -1, -1]), interpolate=True, lineColor=array([ 1., -1., -1.]), lineColorSpace='rgb', lineRGB=array([ 1, -1, -1]), lineWidth=1.5, name='dot_left_11', opacity=1.0, ori=0.0, pos=array([ 0.08815883, -0.43279743]), size=array([0.01, 0.01]), units='height', vertices=ndarray(...), win=Window(...), windingRule=None)
0.0606 	EXP 	Created dot_left_12 = ShapeStim(__class__=<class 'psychopy.visual.shape.ShapeStim'>, anchor=('center', 'center'), autoDraw=False, autoLog=True, closeShape=True, color=method-wrapper(...), colorSpace='rgb', contrast=None, depth=0, draggable=False, fillColor=array([-1, -1,  1]), fillColorSpace='rgb', fillRGB=array([-1, -1,  1]), interpolate=True, lineColor=array([-1., -1.,  1.]), lineColorSpace='rgb', lineRGB=array([-1, -1,  1]), lineWidth=1.5, name='dot_left_12', opacity=1.0, ori=0.0, pos=array([0.28317914, 0.37545339]), size=array([0.01, 0.01]), units='height', vertices=ndarray(...), win=Window(...), windingRule=None)
0.0625 	EXP 	Created dot_left_12 = ShapeStim(__class__=<class 'psychopy.visual.shape.ShapeStim'>, anchor=('center', 'center'), autoDraw=False, autoLog=True, closeShape=True, color=method-wrapper(...), colorSpace='rgb', contrast=None, depth=0, draggable=False, fillColor=array([ 1, -1, -1]), fillColorSpace='rgb', fillRGB=array([ 1, -1, -1]), interpolate=True, lineColor=array([ 1., -1., -1.]), lineColorSpace='rgb', lineRGB=array([ 1, -1, -1]), lineWidth=1.5, name='dot_left_12', opacity=1.0, ori=0.0, pos=array([0.28317914, 0.37545339]), size=array([0.01, 0.01]), units='height', vertices=ndarray(...), win=Window(...), windingRule=None)
0.0645 	EXP 	Created dot_left_13 = ShapeStim(__class__=<class 'psychopy.visual.shape.ShapeStim'>, anchor=('center', 'center'), autoDraw=False, autoLog=True, closeShape=True, color=method-wrapper(...), colorSpace='rgb', contrast=None, depth=0, draggable=False, fillColor=array([-1, -1,  1]), fillColorSpace='rgb', fillRGB=array([-1, -1,  1]), interpolate=True, lineColor=array([-1., -1.,  1.]), lineColorSpace='rgb', lineRGB=array([-1, -1,  1]), lineWidth=1.5, name='dot_left_13', opacity=1.0, ori=0.0, pos=array([-0.09077954,  0.41154011]), size=array([0.01, 0.01]), units='height', vertices=ndarray(...), win=Window(...), windingRule=None)
0.0664 	EXP 	Created dot_left_13 = ShapeStim(__class__=<class 'psychopy.visual.shape.ShapeStim'>, anchor=('center', 'center'), autoDraw=False, autoLog=True, closeShape=True, color=method-wrapper(...), colorSpace='rgb', contrast=None, depth=0, draggable=False, fillColor=array([ 1, -1, -1]), fillColorSpace='rgb', fillRGB=array([ 1, -1, -1]), interpolate=True, lineColor=array([ 1., -1., -1.]), lineColorSpace='rgb', lineRGB=array([ 1, -1, -1]), lineWidth=1.5, name='dot_left_13', opacity=1.0, ori=0.0, pos=array([-0.09077954,  0.41154011]), size=array([0.01, 0.01]), units='height', vertices=ndarray(...), win=Window(...), windingRule=None)
0.0684 	EXP 	Created dot_left_14 = ShapeStim(__class__=<class 'psychopy.visual.shape.ShapeStim'>, anchor=('center', 'center'), autoDraw=False, autoLog=True, closeShape=True, color=method-wrapper(...), colorSpace='rgb', contrast=None, depth=0, draggable=False, fillColor=array([-1, -1,  1]), fillColorSpace='rgb', fillRGB=array([-1, -1,  1]), interpolate=True, lineColor=array([-1., -1.,  1.]), lineColorSpace='rgb', lineRGB=array([-1, -1,  1]), lineWidth=1.5, name='dot_left_14', opacity=1.0, ori=0.0, pos=array([-0.24808277, -0.08332868]), size=array([0.01, 0.01]), units='height', vertices=ndarray(...), win=Window(...), windingRule=None)
0.0703 	EXP 	Created dot_left_14 = ShapeStim(__class__=<class 'psychopy.visual.shape.ShapeStim'>, anchor=('center', 'center'), autoDraw=False, autoLog=True, closeShape=True, color=method-wrapper(...), colorSpace='rgb', contrast=None, depth=0, draggable=False, fillColor=array([ 1, -1, -1]), fillColorSpace='rgb', fillRGB=array([ 1, -1, -1]), interpolate=True, lineColor=array([ 1., -1., -1.]), lineColorSpace='rgb', lineRGB=array([ 1, -1, -1]), lineWidth=1.5, name='dot_left_14', opacity=1.0, ori=0.0, pos=array([-0.24808277, -0.08332868]), size=array([0.01, 0.01]), units='height', vertices=ndarray(...), win=Window(...), windingRule=None)
0.0841 	WARNING 	t of last frame was 79.14ms (=1/12)
0.0841 	EXP 	dot_left_0: autoDraw = True
0.0841 	EXP 	dot_left_1: autoDraw = True
0.0841 	EXP 	dot_left_2: autoDraw = True
0.0841 	EXP 	dot_left_3: autoDraw = True
0.0841 	EXP 	dot_left_4: autoDraw = True
0.0841 	EXP 	dot_left_5: autoDraw = True
0.0841 	EXP 	dot_left_6: autoDraw = True
0.0841 	EXP 	dot_left_7: autoDraw = True
0.0841 	EXP 	dot_left_8: autoDraw = True
0.0841 	EXP 	dot_left_9: autoDraw = True
0.0841 	EXP 	dot_left_10: autoDraw = True
0.0841 	EXP 	dot_left_11: autoDraw = True
0.0841 	EXP 	dot_left_12: autoDraw = True
0.0841 	EXP 	dot_left_13: autoDraw = True
0.0841 	EXP 	dot_left_14: autoDraw = True
0.0841 	EXP 	dot_left_0: autoDraw = True
0.0841 	EXP 	dot_left_1: autoDraw = True
0.0841 	EXP 	dot_left_2: autoDraw = True
0.0841 	EXP 	dot_left_3: autoDraw = True
0.0841 	EXP 	dot_left_4: autoDraw = True
0.0841 	EXP 	dot_left_5: autoDraw = True
0.0841 	EXP 	dot_left_6: autoDraw = True
0.0841 	EXP 	dot_left_7: autoDraw = True
0.0841 	EXP 	dot_left_8: autoDraw = True
0.0841 	EXP 	dot_left_9: autoDraw = True
0.0841 	EXP 	dot_left_10: autoDraw = True
0.0841 	EXP 	dot_left_11: autoDraw = True
0.0841 	EXP 	dot_left_12: autoDraw = True
0.0841 	EXP 	dot_left_13: autoDraw = True
0.0841 	EXP 	dot_left_14: autoDraw = True
0.0841 	EXP 	polygon: autoDraw = True
0.2890 	WARNING 	t of last frame was 62.47ms (=1/16)
0.3100 	WARNING 	t of last frame was 20.95ms (=1/47)
1.0133 	EXP 	polygon: autoDraw = False
1.0133 	EXP 	dot_left_0: autoDraw = False
1.0133 	EXP 	dot_left_1: autoDraw = False
1.0133 	EXP 	dot_left_2: autoDraw = False
1.0133 	EXP 	dot_left_3: autoDraw = False
1.0133 	EXP 	dot_left_4: autoDraw = False
1.0133 	EXP 	dot_left_5: autoDraw = False
1.0133 	EXP 	dot_left_6: autoDraw = False
1.0133 	EXP 	dot_left_7: autoDraw = False
1.0133 	EXP 	dot_left_8: autoDraw = False
1.0133 	EXP 	dot_left_9: autoDraw = False
1.0133 	EXP 	dot_left_10: autoDraw = False
1.0133 	EXP 	dot_left_11: autoDraw = False
1.0133 	EXP 	dot_left_12: autoDraw = False
1.0133 	EXP 	dot_left_13: autoDraw = False
1.0133 	EXP 	dot_left_14: autoDraw = False
1.0133 	EXP 	dot_left_0: autoDraw = False
1.0133 	EXP 	dot_left_1: autoDraw = False
1.0133 	EXP 	dot_left_2: autoDraw = False
1.0133 	EXP 	dot_left_3: autoDraw = False
1.0133 	EXP 	dot_left_4: autoDraw = False
1.0133 	EXP 	dot_left_5: autoDraw = False
1.0133 	EXP 	dot_left_6: autoDraw = False
1.0133 	EXP 	dot_left_7: autoDraw = False
1.0133 	EXP 	dot_left_8: autoDraw = False
1.0133 	EXP 	dot_left_9: autoDraw = False
1.0133 	EXP 	dot_left_10: autoDraw = False
1.0133 	EXP 	dot_left_11: autoDraw = False
1.0133 	EXP 	dot_left_12: autoDraw = False
1.0133 	EXP 	dot_left_13: autoDraw = False
1.0133 	EXP 	dot_left_14: autoDraw = False
1.0151 	EXP 	3d-motion-direction-estimation: status = STOPPED
1.0170 	INFO 	saved data to '/Users/kbonnen/Library/CloudStorage/OneDrive-IndianaUniversity/Courses/V768-Measuring-Perception/V768-Psychophysics-labs/07-3d-motion/3d-motion-direction-estimation/data/510282_3d-motion-direction-estimation_2025-02-25_00h39.40.213.csv'
1.0174 	INFO 	saved data to /Users/kbonnen/Library/CloudStorage/OneDrive-IndianaUniversity/Courses/V768-Measuring-Perception/V768-Psychophysics-labs/07-3d-motion/3d-motion-direction-estimation/data/510282_3d-motion-direction-estimation_2025-02-25_00h39.40.213.psydat
1.1734 	DEBUG 	Saving data for 3d-motion-direction-estimation ExperimentHandler
