4.3163 	INFO 	Loaded monitor calibration from ['2023_05_12 15:00']
4.4747 	EXP 	Created window1 = Window(allowGUI=False, allowStencil=False, autoLog=True, backendConf=UNKNOWN, backgroundFit=<method-wrapper '__getattribute__' of attributeSetter object at 0x7f95ba7b97c0>, backgroundImage=<method-wrapper '__getattribute__' of attributeSetter object at 0x7f95ba7b96a0>, bitsMode=UNKNOWN, blendMode='avg', bpc=(8, 8, 8), color=array([0, 0, 0]), colorSpace='rgb', depthBits=8, fullscr=True, gamma=None, gammaErrorPolicy='raise', infoMsg=UNKNOWN, lms=UNKNOWN, monitor=<psychopy.monitors.calibTools.Monitor object at 0x7f95baa516a0>, multiSample=False, name='window1', numSamples=2, pos=[0.0, 0.0], screen=0, size=array([3024, 1964]), stencilBits=0, stereo=False, title='PsychoPy', units='height', useFBO=True, useRetina=True, viewOri=0.0, viewPos=None, viewScale=None, waitBlanking=True, winType='pyglet')
4.4748 	EXP 	window1: backgroundImage = ''
4.4748 	EXP 	window1: backgroundFit = 'none'
4.5169 	EXP 	window1: Attempting to measure frame rate of screen (0) ...
4.5169 	EXP 	window1: recordFrameIntervals = False
4.6356 	EXP 	window1: recordFrameIntervals = True
5.4718 	WARNING 	Couldn't measure a consistent frame rate!
  - Is your graphics card set to sync to vertical blank?
  - Are you running other processes on your computer?

7.1578 	INFO 	keyboard.Keyboard is using iohub backend.
7.1579 	EXP 	3d-motion-direction-estimation: status = STARTED
0.0133 	EXP 	Created dot_left_0 = ShapeStim(__class__=<class 'psychopy.visual.shape.ShapeStim'>, anchor=('center', 'center'), autoDraw=False, autoLog=True, closeShape=True, color=method-wrapper(...), colorSpace='rgb', contrast=None, depth=0, draggable=False, fillColor=array([0, 0, 1]), fillColorSpace='rgb', fillRGB=array([0, 0, 1]), interpolate=True, lineColor=array([0., 0., 1.]), lineColorSpace='rgb', lineRGB=array([0, 0, 1]), lineWidth=1.5, name='dot_left_0', opacity=1.0, ori=0.0, pos=array([ 0.02236621, -0.04332226]), size=array([0.05, 0.05]), units='height', vertices=ndarray(...), win=Window(...), windingRule=None)
0.0153 	EXP 	Created dot_left_0 = ShapeStim(__class__=<class 'psychopy.visual.shape.ShapeStim'>, anchor=('center', 'center'), autoDraw=False, autoLog=True, closeShape=True, color=method-wrapper(...), colorSpace='rgb', contrast=None, depth=0, draggable=False, fillColor=array([1, 0, 0]), fillColorSpace='rgb', fillRGB=array([1, 0, 0]), interpolate=True, lineColor=array([1., 0., 0.]), lineColorSpace='rgb', lineRGB=array([1, 0, 0]), lineWidth=1.5, name='dot_left_0', opacity=1.0, ori=0.0, pos=array([ 0.02769408, -0.04332226]), size=array([0.05, 0.05]), units='height', vertices=ndarray(...), win=Window(...), windingRule=None)
0.0216 	EXP 	dot_left_0: autoDraw = True
0.0216 	EXP 	dot_left_0: autoDraw = True
6.2974 	WARNING 	t of last frame was 106.86ms (=1/9)
13.4506 	DATA 	Keypress: escape
13.4536 	WARNING 	t of last frame was 31.98ms (=1/31)
13.5225 	EXP 	3d-motion-direction-estimation: status = STOPPED
13.5252 	EXP 	dot_left_0: autoDraw = False
13.5252 	EXP 	dot_left_0: autoDraw = False
13.5252 	EXP 	3d-motion-direction-estimation: status = STOPPED
13.5263 	INFO 	saved data to '/Users/kbonnen/Library/CloudStorage/OneDrive-IndianaUniversity/Courses/V768-Measuring-Perception/V768-Psychophysics-labs/07-3d-motion/3d-motion-direction-estimation/data/648505_3d-motion-direction-estimation_2025-02-25_10h38.27.465.csv'
13.5266 	INFO 	saved data to /Users/kbonnen/Library/CloudStorage/OneDrive-IndianaUniversity/Courses/V768-Measuring-Perception/V768-Psychophysics-labs/07-3d-motion/3d-motion-direction-estimation/data/648505_3d-motion-direction-estimation_2025-02-25_10h38.27.465.psydat
