6.3030 	INFO 	Loaded monitor calibration from ['2023_05_12 15:00']
6.3135 	WARNING 	User requested fullscreen with size [1024  768], but screen is actually [1512, 982]. Using actual size
6.4645 	EXP 	Created window1 = Window(allowGUI=False, allowStencil=False, autoLog=True, backendConf=UNKNOWN, backgroundFit=<method-wrapper '__getattribute__' of attributeSetter object at 0x7fd7d233f9a0>, backgroundImage=<method-wrapper '__getattribute__' of attributeSetter object at 0x7fd7d233f8b0>, bitsMode=UNKNOWN, blendMode='avg', bpc=(8, 8, 8), color=array([0, 0, 0]), colorSpace='rgb', depthBits=8, fullscr=True, gamma=None, gammaErrorPolicy='raise', infoMsg=UNKNOWN, lms=UNKNOWN, monitor=<psychopy.monitors.calibTools.Monitor object at 0x7fd7b0e27460>, multiSample=False, name='window1', numSamples=2, pos=[0.0, 0.0], screen=0, size=array([3024, 1964]), stencilBits=0, stereo=False, title='PsychoPy', units='height', useFBO=True, useRetina=True, viewOri=0.0, viewPos=None, viewScale=None, waitBlanking=True, winType='pyglet')
6.4646 	EXP 	window1: backgroundImage = ''
6.4646 	EXP 	window1: backgroundFit = 'none'
6.5116 	EXP 	window1: Attempting to measure frame rate of screen (0) ...
6.5116 	EXP 	window1: recordFrameIntervals = False
6.6290 	EXP 	window1: recordFrameIntervals = True
7.4631 	WARNING 	Couldn't measure a consistent frame rate!
  - Is your graphics card set to sync to vertical blank?
  - Are you running other processes on your computer?

9.1547 	INFO 	keyboard.Keyboard is using iohub backend.
9.1548 	INFO 	keyboard.Keyboard is using iohub backend.
9.1548 	INFO 	keyboard.Keyboard is using iohub backend.
9.1548 	EXP 	05-adaptive-methods: status = STARTED
9.1934 	EXP 	Created text = TextStim(__class__=<class 'psychopy.visual.text.TextStim'>, alignHoriz=method-wrapper(...), alignText='center', alignVert=method-wrapper(...), anchorHoriz='center', anchorVert='center', antialias=True, autoDraw=False, autoLog=True, bold=False, color=array([1., 1., 1.]), colorSpace='rgb', contrast=1.0, depth=-1.0, draggable=False, flipHoriz=False, flipVert=False, font='Arial', fontFiles=[], height=0.05, italic=False, languageStyle='LTR', name='text', opacity=1, ori=0.0, pos=array([0., 0.]), rgb=UNKNOWN, text=str(...), units='height', win=Window(...), wrapWidth=1)
9.1955 	EXP 	Created grating = GratingStim(__class__=<class 'psychopy.visual.grating.GratingStim'>, anchor='center', autoDraw=False, autoLog=True, blendmode='avg', color=array([1., 1., 1.]), colorSpace='rgb', contrast=1.0, depth=-1.0, draggable=False, interpolate=True, mask='gauss', maskParams=None, name='grating', opacity=1, ori=0.0, phase=array([0., 0.]), pos=array([0., 0.]), rgbPedestal=array([0., 0., 0.]), sf=array([2., 2.]), size=array([0.2, 0.2]), tex='sin', texRes=128.0, units='height', win=Window(...))
9.1969 	EXP 	Created grating_test = GratingStim(__class__=<class 'psychopy.visual.grating.GratingStim'>, anchor='center', autoDraw=False, autoLog=True, blendmode='avg', color=array([1., 1., 1.]), colorSpace='rgb', contrast=1.0, depth=-2.0, draggable=False, interpolate=True, mask='gauss', maskParams=None, name='grating_test', opacity=1, ori=1.0, phase=array([0., 0.]), pos=array([0., 0.]), rgbPedestal=array([0., 0., 0.]), sf=array([2., 2.]), size=array([0.2, 0.2]), tex='sin', texRes=128.0, units='height', win=Window(...))
9.1986 	EXP 	Created text_2 = TextStim(__class__=<class 'psychopy.visual.text.TextStim'>, alignHoriz=method-wrapper(...), alignText='center', alignVert=method-wrapper(...), anchorHoriz='center', anchorVert='center', antialias=True, autoDraw=False, autoLog=True, bold=False, color=array([-1.        ,  0.00392157, -1.        ]), colorSpace='rgb', contrast=1.0, depth=-5.0, draggable=False, flipHoriz=False, flipVert=False, font='Arial', fontFiles=[], height=0.05, italic=False, languageStyle='LTR', name='text_2', opacity=1, ori=0.0, pos=array([0., 0.]), rgb=UNKNOWN, text='+', units='height', win=Window(...), wrapWidth=1)
0.0125 	INFO 	Keyboard events cleared
0.0123 	EXP 	text: autoDraw = True
0.9744 	EXP 	Imported staircase_parameters.xlsx as conditions, 4 conditions, 10 params
1.0688 	WARNING 	Increasing number of minimum required reversals to the number of step sizes, (1).
1.0690 	WARNING 	Increasing number of minimum required reversals to the number of step sizes, (1).
1.0738 	DATA 	Keypress: space
1.0760 	WARNING 	t of last frame was 225.48ms (=1/4)
1.0760 	EXP 	text: autoDraw = False
1.0760 	EXP 	grating_test: ori = -15.0
1.0760 	EXP 	grating: autoDraw = True
1.0760 	EXP 	grating: tex = 'sin'
1.4644 	EXP 	grating_test: autoDraw = True
1.4644 	EXP 	grating_test: tex = 'sin'
1.5668 	EXP 	grating: autoDraw = False
1.9499 	EXP 	grating_test: autoDraw = False
1.9648 	INFO 	Keyboard events cleared
1.9645 	EXP 	text_2: autoDraw = True
2.3342 	DATA 	Keypress: left
2.3371 	EXP 	grating: autoDraw = False
2.3371 	EXP 	grating_test: autoDraw = False
2.3371 	EXP 	text_2: autoDraw = False
2.3371 	EXP 	grating_test: ori = 15.0
2.3371 	EXP 	grating: autoDraw = True
2.8333 	EXP 	grating: autoDraw = False
2.9335 	EXP 	grating_test: autoDraw = True
3.4173 	INFO 	Keyboard events cleared
3.4170 	EXP 	text_2: autoDraw = True
3.4311 	EXP 	grating_test: autoDraw = False
3.8018 	DATA 	Keypress: right
3.8047 	EXP 	grating: autoDraw = False
3.8047 	EXP 	grating_test: autoDraw = False
3.8047 	EXP 	text_2: autoDraw = False
3.8047 	EXP 	grating_test: ori = 10.0
3.8047 	EXP 	grating: autoDraw = True
4.3001 	EXP 	grating: autoDraw = False
4.4002 	EXP 	grating_test: autoDraw = True
4.8994 	INFO 	Keyboard events cleared
4.8990 	EXP 	text_2: autoDraw = True
4.9156 	EXP 	grating_test: autoDraw = False
5.1934 	DATA 	Keypress: right
5.1962 	EXP 	grating: autoDraw = False
5.1962 	EXP 	grating_test: autoDraw = False
5.1962 	EXP 	text_2: autoDraw = False
5.1962 	EXP 	grating_test: ori = -10.0
5.1962 	EXP 	grating: autoDraw = True
5.6853 	EXP 	grating: autoDraw = False
5.7811 	EXP 	grating_test: autoDraw = True
6.2668 	EXP 	grating_test: autoDraw = False
6.2812 	INFO 	Keyboard events cleared
6.2808 	EXP 	text_2: autoDraw = True
6.5350 	DATA 	Keypress: left
6.5380 	EXP 	grating: autoDraw = False
6.5380 	EXP 	grating_test: autoDraw = False
6.5380 	EXP 	text_2: autoDraw = False
6.5380 	EXP 	grating_test: ori = -8.0
6.5380 	EXP 	grating: autoDraw = True
7.0337 	EXP 	grating: autoDraw = False
7.1311 	EXP 	grating_test: autoDraw = True
7.6327 	INFO 	Keyboard events cleared
7.6320 	EXP 	grating_test: autoDraw = False
7.6320 	EXP 	text_2: autoDraw = True
7.9182 	DATA 	Keypress: left
7.9209 	EXP 	grating: autoDraw = False
7.9209 	EXP 	grating_test: autoDraw = False
7.9209 	EXP 	text_2: autoDraw = False
7.9209 	EXP 	grating_test: ori = -15.0
7.9209 	EXP 	grating: autoDraw = True
8.4167 	EXP 	grating: autoDraw = False
8.5157 	EXP 	grating_test: autoDraw = True
9.0148 	INFO 	Keyboard events cleared
9.0144 	EXP 	grating_test: autoDraw = False
9.0144 	EXP 	text_2: autoDraw = True
9.2184 	DATA 	Keypress: left
9.2215 	EXP 	grating: autoDraw = False
9.2215 	EXP 	grating_test: autoDraw = False
9.2215 	EXP 	text_2: autoDraw = False
9.2215 	EXP 	grating_test: ori = 15.0
9.2215 	EXP 	grating: autoDraw = True
9.7196 	EXP 	grating: autoDraw = False
9.8145 	EXP 	grating_test: autoDraw = True
10.3001 	EXP 	grating_test: autoDraw = False
10.3148 	INFO 	Keyboard events cleared
10.3144 	EXP 	text_2: autoDraw = True
10.9045 	DATA 	Keypress: right
10.9145 	EXP 	grating: autoDraw = False
10.9145 	EXP 	grating_test: autoDraw = False
10.9145 	EXP 	text_2: autoDraw = False
10.9145 	EXP 	grating_test: ori = 8.0
10.9145 	EXP 	grating: autoDraw = True
11.4029 	EXP 	grating: autoDraw = False
11.5156 	EXP 	grating_test: autoDraw = True
12.0168 	INFO 	Keyboard events cleared
12.0160 	EXP 	grating_test: autoDraw = False
12.0160 	EXP 	text_2: autoDraw = True
12.3536 	DATA 	Keypress: right
12.3645 	EXP 	grating: autoDraw = False
12.3645 	EXP 	grating_test: autoDraw = False
12.3645 	EXP 	text_2: autoDraw = False
12.3645 	EXP 	grating_test: ori = 15.0
12.3645 	EXP 	grating: autoDraw = True
12.8533 	EXP 	grating: autoDraw = False
12.9652 	EXP 	grating_test: autoDraw = True
13.4480 	INFO 	Keyboard events cleared
13.4477 	EXP 	text_2: autoDraw = True
13.4508 	EXP 	grating_test: autoDraw = False
13.7178 	DATA 	Keypress: right
13.7206 	EXP 	grating: autoDraw = False
13.7206 	EXP 	grating_test: autoDraw = False
13.7206 	EXP 	text_2: autoDraw = False
13.7206 	EXP 	grating_test: ori = -6.0
13.7206 	EXP 	grating: autoDraw = True
14.2166 	EXP 	grating: autoDraw = False
14.3169 	EXP 	grating_test: autoDraw = True
14.8019 	INFO 	Keyboard events cleared
14.8017 	EXP 	text_2: autoDraw = True
14.8144 	EXP 	grating_test: autoDraw = False
15.0199 	DATA 	Keypress: left
15.0314 	EXP 	grating: autoDraw = False
15.0314 	EXP 	grating_test: autoDraw = False
15.0314 	EXP 	text_2: autoDraw = False
15.0314 	EXP 	grating_test: ori = 6.0
15.0314 	EXP 	grating: autoDraw = True
15.5321 	EXP 	grating: autoDraw = False
15.6318 	EXP 	grating_test: autoDraw = True
16.1321 	INFO 	Keyboard events cleared
16.1313 	EXP 	grating_test: autoDraw = False
16.1313 	EXP 	text_2: autoDraw = True
16.4187 	DATA 	Keypress: right
16.4218 	EXP 	grating: autoDraw = False
16.4218 	EXP 	grating_test: autoDraw = False
16.4218 	EXP 	text_2: autoDraw = False
16.4218 	EXP 	grating_test: ori = -15.0
16.4218 	EXP 	grating: autoDraw = True
16.9167 	EXP 	grating: autoDraw = False
17.0161 	EXP 	grating_test: autoDraw = True
17.5156 	INFO 	Keyboard events cleared
17.5153 	EXP 	grating_test: autoDraw = False
17.5153 	EXP 	text_2: autoDraw = True
17.7556 	DATA 	Keypress: left
17.7648 	EXP 	grating: autoDraw = False
17.7648 	EXP 	grating_test: autoDraw = False
17.7648 	EXP 	text_2: autoDraw = False
17.7648 	EXP 	grating_test: ori = -4.0
17.7648 	EXP 	grating: autoDraw = True
18.2656 	EXP 	grating: autoDraw = False
18.3647 	EXP 	grating_test: autoDraw = True
18.8509 	INFO 	Keyboard events cleared
18.8506 	EXP 	grating_test: autoDraw = False
18.8506 	EXP 	text_2: autoDraw = True
19.1012 	DATA 	Keypress: left
19.1039 	EXP 	grating: autoDraw = False
19.1039 	EXP 	grating_test: autoDraw = False
19.1039 	EXP 	text_2: autoDraw = False
19.1039 	EXP 	grating_test: ori = 4.0
19.1039 	EXP 	grating: autoDraw = True
19.5976 	EXP 	grating: autoDraw = False
19.6977 	EXP 	grating_test: autoDraw = True
20.1833 	EXP 	grating_test: autoDraw = False
20.1992 	INFO 	Keyboard events cleared
20.1990 	EXP 	text_2: autoDraw = True
20.4362 	DATA 	Keypress: right
20.4482 	EXP 	grating: autoDraw = False
20.4482 	EXP 	grating_test: autoDraw = False
20.4482 	EXP 	text_2: autoDraw = False
20.4482 	EXP 	grating_test: ori = -15.0
20.4482 	EXP 	grating: autoDraw = True
20.9486 	EXP 	grating: autoDraw = False
21.0492 	EXP 	grating_test: autoDraw = True
21.5314 	INFO 	Keyboard events cleared
21.5311 	EXP 	text_2: autoDraw = True
21.5477 	EXP 	grating_test: autoDraw = False
21.7711 	DATA 	Keypress: left
21.7814 	EXP 	grating: autoDraw = False
21.7814 	EXP 	grating_test: autoDraw = False
21.7814 	EXP 	text_2: autoDraw = False
21.7814 	EXP 	grating_test: ori = 15.0
21.7814 	EXP 	grating: autoDraw = True
22.2821 	EXP 	grating: autoDraw = False
22.3716 	EXP 	grating_test: autoDraw = True
22.8675 	INFO 	Keyboard events cleared
22.8672 	EXP 	grating_test: autoDraw = False
22.8672 	EXP 	text_2: autoDraw = True
23.1194 	DATA 	Keypress: right
23.1222 	EXP 	grating: autoDraw = False
23.1222 	EXP 	grating_test: autoDraw = False
23.1222 	EXP 	text_2: autoDraw = False
23.1222 	EXP 	grating_test: ori = -2.0
23.1222 	EXP 	grating: autoDraw = True
23.6318 	EXP 	grating: autoDraw = False
23.7155 	EXP 	grating_test: autoDraw = True
24.2148 	INFO 	Keyboard events cleared
24.2145 	EXP 	grating_test: autoDraw = False
24.2145 	EXP 	text_2: autoDraw = True
24.7338 	DATA 	Keypress: left
24.7367 	EXP 	grating: autoDraw = False
24.7367 	EXP 	grating_test: autoDraw = False
24.7367 	EXP 	text_2: autoDraw = False
24.7367 	EXP 	grating_test: ori = -15.0
24.7367 	EXP 	grating: autoDraw = True
25.2334 	EXP 	grating: autoDraw = False
25.3324 	EXP 	grating_test: autoDraw = True
25.8313 	INFO 	Keyboard events cleared
25.8310 	EXP 	grating_test: autoDraw = False
25.8310 	EXP 	text_2: autoDraw = True
26.0698 	DATA 	Keypress: left
26.0836 	EXP 	grating: autoDraw = False
26.0836 	EXP 	grating_test: autoDraw = False
26.0836 	EXP 	text_2: autoDraw = False
26.0836 	EXP 	grating_test: ori = 2.0
26.0836 	EXP 	grating: autoDraw = True
26.5810 	EXP 	grating: autoDraw = False
26.6644 	EXP 	grating_test: autoDraw = True
27.1647 	EXP 	grating_test: autoDraw = False
27.1679 	INFO 	Keyboard events cleared
27.1677 	EXP 	text_2: autoDraw = True
27.4673 	DATA 	Keypress: right
27.4701 	EXP 	grating: autoDraw = False
27.4701 	EXP 	grating_test: autoDraw = False
27.4701 	EXP 	text_2: autoDraw = False
27.4701 	EXP 	grating_test: ori = 15.0
27.4701 	EXP 	grating: autoDraw = True
27.9684 	EXP 	grating: autoDraw = False
28.0513 	EXP 	grating_test: autoDraw = True
28.5488 	EXP 	grating_test: autoDraw = False
28.5555 	INFO 	Keyboard events cleared
28.5553 	EXP 	text_2: autoDraw = True
28.7341 	DATA 	Keypress: right
28.7369 	EXP 	grating: autoDraw = False
28.7369 	EXP 	grating_test: autoDraw = False
28.7369 	EXP 	text_2: autoDraw = False
28.7369 	EXP 	grating_test: ori = 15.0
28.7369 	EXP 	grating: autoDraw = True
29.2333 	EXP 	grating: autoDraw = False
29.3334 	EXP 	grating_test: autoDraw = True
29.8313 	INFO 	Keyboard events cleared
29.8310 	EXP 	grating_test: autoDraw = False
29.8310 	EXP 	text_2: autoDraw = True
30.0182 	DATA 	Keypress: right
30.0211 	EXP 	grating: autoDraw = False
30.0211 	EXP 	grating_test: autoDraw = False
30.0211 	EXP 	text_2: autoDraw = False
30.0211 	EXP 	grating_test: ori = 0.0
30.0211 	EXP 	grating: autoDraw = True
30.5167 	EXP 	grating: autoDraw = False
30.6144 	EXP 	grating_test: autoDraw = True
31.1164 	INFO 	Keyboard events cleared
31.1157 	EXP 	grating_test: autoDraw = False
31.1157 	EXP 	text_2: autoDraw = True
31.2215 	DATA 	Keypress: right
31.2311 	EXP 	grating: autoDraw = False
31.2311 	EXP 	grating_test: autoDraw = False
31.2311 	EXP 	text_2: autoDraw = False
31.2311 	EXP 	grating_test: ori = 0.0
31.2311 	EXP 	grating: autoDraw = True
31.7168 	EXP 	grating: autoDraw = False
31.8190 	EXP 	grating_test: autoDraw = True
32.3332 	INFO 	Keyboard events cleared
32.3324 	EXP 	grating_test: autoDraw = False
32.3324 	EXP 	text_2: autoDraw = True
32.5350 	DATA 	Keypress: right
32.5378 	EXP 	grating: autoDraw = False
32.5378 	EXP 	grating_test: autoDraw = False
32.5378 	EXP 	text_2: autoDraw = False
32.5378 	EXP 	grating_test: ori = -15.0
32.5378 	EXP 	grating: autoDraw = True
33.0388 	EXP 	grating: autoDraw = False
33.1310 	EXP 	grating_test: autoDraw = True
33.6165 	EXP 	grating_test: autoDraw = False
33.6314 	INFO 	Keyboard events cleared
33.6311 	EXP 	text_2: autoDraw = True
33.8011 	DATA 	Keypress: left
33.8041 	EXP 	grating: autoDraw = False
33.8041 	EXP 	grating_test: autoDraw = False
33.8041 	EXP 	text_2: autoDraw = False
33.8041 	EXP 	grating_test: ori = 0.0
33.8041 	EXP 	grating: autoDraw = True
34.3166 	EXP 	grating: autoDraw = False
34.3869 	EXP 	grating_test: autoDraw = True
34.8835 	EXP 	grating_test: autoDraw = False
34.8995 	INFO 	Keyboard events cleared
34.8992 	EXP 	text_2: autoDraw = True
35.0546 	DATA 	Keypress: right
35.0648 	EXP 	grating: autoDraw = False
35.0648 	EXP 	grating_test: autoDraw = False
35.0648 	EXP 	text_2: autoDraw = False
35.0648 	EXP 	grating_test: ori = 0.5
35.0648 	EXP 	grating: autoDraw = True
35.5497 	EXP 	grating: autoDraw = False
35.6653 	EXP 	grating_test: autoDraw = True
36.1655 	INFO 	Keyboard events cleared
36.1650 	EXP 	grating_test: autoDraw = False
36.1650 	EXP 	text_2: autoDraw = True
36.3350 	DATA 	Keypress: right
36.3380 	EXP 	grating: autoDraw = False
36.3380 	EXP 	grating_test: autoDraw = False
36.3380 	EXP 	text_2: autoDraw = False
36.3380 	EXP 	grating_test: ori = 15.0
36.3380 	EXP 	grating: autoDraw = True
36.8489 	EXP 	grating: autoDraw = False
36.9345 	EXP 	grating_test: autoDraw = True
37.4323 	INFO 	Keyboard events cleared
37.4319 	EXP 	text_2: autoDraw = True
37.4493 	EXP 	grating_test: autoDraw = False
37.6373 	DATA 	Keypress: right
37.6477 	EXP 	grating: autoDraw = False
37.6477 	EXP 	grating_test: autoDraw = False
37.6477 	EXP 	text_2: autoDraw = False
37.6477 	EXP 	grating_test: ori = -15.0
37.6477 	EXP 	grating: autoDraw = True
38.1323 	EXP 	grating: autoDraw = False
38.2341 	EXP 	grating_test: autoDraw = True
38.7341 	INFO 	Keyboard events cleared
38.7338 	EXP 	grating_test: autoDraw = False
38.7338 	EXP 	text_2: autoDraw = True
39.0020 	DATA 	Keypress: left
39.0049 	EXP 	grating: autoDraw = False
39.0049 	EXP 	grating_test: autoDraw = False
39.0049 	EXP 	text_2: autoDraw = False
39.0049 	EXP 	grating_test: ori = 0.5
39.0049 	EXP 	grating: autoDraw = True
39.5000 	EXP 	grating: autoDraw = False
39.5989 	EXP 	grating_test: autoDraw = True
40.0979 	INFO 	Keyboard events cleared
40.0976 	EXP 	grating_test: autoDraw = False
40.0976 	EXP 	text_2: autoDraw = True
40.6702 	DATA 	Keypress: right
40.6813 	EXP 	grating: autoDraw = False
40.6813 	EXP 	grating_test: autoDraw = False
40.6813 	EXP 	text_2: autoDraw = False
40.6813 	EXP 	grating_test: ori = 0.0
40.6813 	EXP 	grating: autoDraw = True
41.1821 	EXP 	grating: autoDraw = False
41.2816 	EXP 	grating_test: autoDraw = True
41.7840 	INFO 	Keyboard events cleared
41.7837 	EXP 	grating_test: autoDraw = False
41.7837 	EXP 	text_2: autoDraw = True
42.2054 	DATA 	Keypress: left
42.2145 	EXP 	grating: autoDraw = False
42.2145 	EXP 	grating_test: autoDraw = False
42.2145 	EXP 	text_2: autoDraw = False
42.2145 	EXP 	grating_test: ori = 0.0
42.2145 	EXP 	grating: autoDraw = True
42.7153 	EXP 	grating: autoDraw = False
42.8010 	EXP 	grating_test: autoDraw = True
43.3163 	INFO 	Keyboard events cleared
43.3156 	EXP 	grating_test: autoDraw = False
43.3156 	EXP 	text_2: autoDraw = True
43.7183 	DATA 	Keypress: right
43.7212 	EXP 	grating: autoDraw = False
43.7212 	EXP 	grating_test: autoDraw = False
43.7212 	EXP 	text_2: autoDraw = False
43.7212 	EXP 	grating_test: ori = -0.5
43.7212 	EXP 	grating: autoDraw = True
44.2179 	EXP 	grating: autoDraw = False
44.3144 	EXP 	grating_test: autoDraw = True
44.7995 	EXP 	grating_test: autoDraw = False
44.8147 	INFO 	Keyboard events cleared
44.8144 	EXP 	text_2: autoDraw = True
44.8512 	DATA 	Keypress: right
44.8540 	EXP 	grating: autoDraw = False
44.8540 	EXP 	grating_test: autoDraw = False
44.8540 	EXP 	text_2: autoDraw = False
44.8540 	EXP 	grating_test: ori = 0.5
44.8540 	EXP 	grating: autoDraw = True
45.3491 	EXP 	grating: autoDraw = False
45.4472 	EXP 	grating_test: autoDraw = True
45.9331 	EXP 	grating_test: autoDraw = False
45.9482 	INFO 	Keyboard events cleared
45.9478 	EXP 	text_2: autoDraw = True
46.1877 	DATA 	Keypress: right
46.1979 	EXP 	grating: autoDraw = False
46.1979 	EXP 	grating_test: autoDraw = False
46.1979 	EXP 	text_2: autoDraw = False
46.1979 	EXP 	grating_test: ori = -1.0
46.1979 	EXP 	grating: autoDraw = True
46.6987 	EXP 	grating: autoDraw = False
46.7983 	EXP 	grating_test: autoDraw = True
47.3000 	INFO 	Keyboard events cleared
47.2994 	EXP 	grating_test: autoDraw = False
47.2994 	EXP 	text_2: autoDraw = True
47.4031 	DATA 	Keypress: right
47.4147 	EXP 	grating: autoDraw = False
47.4147 	EXP 	grating_test: autoDraw = False
47.4147 	EXP 	text_2: autoDraw = False
47.4147 	EXP 	grating_test: ori = -1.5
47.4147 	EXP 	grating: autoDraw = True
47.9153 	EXP 	grating: autoDraw = False
48.0150 	EXP 	grating_test: autoDraw = True
48.5167 	INFO 	Keyboard events cleared
48.5159 	EXP 	grating_test: autoDraw = False
48.5159 	EXP 	text_2: autoDraw = True
49.0876 	DATA 	Keypress: left
49.0975 	EXP 	grating: autoDraw = False
49.0975 	EXP 	grating_test: autoDraw = False
49.0975 	EXP 	text_2: autoDraw = False
49.0975 	EXP 	grating_test: ori = 0.5
49.0975 	EXP 	grating: autoDraw = True
49.5834 	EXP 	grating: autoDraw = False
49.6984 	EXP 	grating_test: autoDraw = True
50.1985 	INFO 	Keyboard events cleared
50.1982 	EXP 	grating_test: autoDraw = False
50.1982 	EXP 	text_2: autoDraw = True
50.3019 	DATA 	Keypress: right
50.3048 	EXP 	grating: autoDraw = False
50.3048 	EXP 	grating_test: autoDraw = False
50.3048 	EXP 	text_2: autoDraw = False
50.3048 	EXP 	grating_test: ori = 0.0
50.3048 	EXP 	grating: autoDraw = True
50.8154 	EXP 	grating: autoDraw = False
50.8983 	EXP 	grating_test: autoDraw = True
51.4001 	INFO 	Keyboard events cleared
51.3995 	EXP 	grating_test: autoDraw = False
51.3995 	EXP 	text_2: autoDraw = True
51.5006 	DATA 	Keypress: right
51.5061 	EXP 	grating: autoDraw = False
51.5061 	EXP 	grating_test: autoDraw = False
51.5061 	EXP 	text_2: autoDraw = False
51.5061 	EXP 	grating_test: ori = -1.5
51.5061 	EXP 	grating: autoDraw = True
52.0155 	EXP 	grating: autoDraw = False
52.0975 	EXP 	grating_test: autoDraw = True
52.5832 	EXP 	grating_test: autoDraw = False
52.5985 	INFO 	Keyboard events cleared
52.5977 	EXP 	text_2: autoDraw = True
52.8208 	DATA 	Keypress: right
52.8239 	EXP 	grating: autoDraw = False
52.8239 	EXP 	grating_test: autoDraw = False
52.8239 	EXP 	text_2: autoDraw = False
52.8239 	EXP 	grating_test: ori = -2.0
52.8239 	EXP 	grating: autoDraw = True
53.3320 	EXP 	grating: autoDraw = False
53.4324 	EXP 	grating_test: autoDraw = True
53.9334 	INFO 	Keyboard events cleared
53.9327 	EXP 	grating_test: autoDraw = False
53.9327 	EXP 	text_2: autoDraw = True
54.2682 	DATA 	Keypress: left
54.2710 	EXP 	grating: autoDraw = False
54.2710 	EXP 	grating_test: autoDraw = False
54.2710 	EXP 	text_2: autoDraw = False
54.2710 	EXP 	grating_test: ori = 0.5
54.2710 	EXP 	grating: autoDraw = True
54.7668 	EXP 	grating: autoDraw = False
54.8514 	EXP 	grating_test: autoDraw = True
55.3664 	INFO 	Keyboard events cleared
55.3660 	EXP 	grating_test: autoDraw = False
55.3660 	EXP 	text_2: autoDraw = True
55.4304 	DATA 	Keypress: right
55.4343 	EXP 	grating: autoDraw = False
55.4343 	EXP 	grating_test: autoDraw = False
55.4343 	EXP 	text_2: autoDraw = False
55.4343 	EXP 	grating_test: ori = -2.0
55.4343 	EXP 	grating: autoDraw = True
55.9489 	EXP 	grating: autoDraw = False
56.0322 	EXP 	grating_test: autoDraw = True
56.5325 	INFO 	Keyboard events cleared
56.5319 	EXP 	grating_test: autoDraw = False
56.5319 	EXP 	text_2: autoDraw = True
56.5866 	DATA 	Keypress: left
56.5977 	EXP 	grating: autoDraw = False
56.5977 	EXP 	grating_test: autoDraw = False
56.5977 	EXP 	text_2: autoDraw = False
56.5977 	EXP 	grating_test: ori = 0.5
56.5977 	EXP 	grating: autoDraw = True
57.0845 	EXP 	grating: autoDraw = False
57.1846 	EXP 	grating_test: autoDraw = True
57.6814 	INFO 	Keyboard events cleared
57.6811 	EXP 	grating_test: autoDraw = False
57.6811 	EXP 	text_2: autoDraw = True
57.7514 	DATA 	Keypress: right
57.7543 	EXP 	grating: autoDraw = False
57.7543 	EXP 	grating_test: autoDraw = False
57.7543 	EXP 	text_2: autoDraw = False
57.7543 	EXP 	grating_test: ori = 0.0
57.7543 	EXP 	grating: autoDraw = True
58.2477 	EXP 	grating: autoDraw = False
58.3478 	EXP 	grating_test: autoDraw = True
58.8335 	EXP 	grating_test: autoDraw = False
58.8480 	INFO 	Keyboard events cleared
58.8477 	EXP 	text_2: autoDraw = True
58.8682 	DATA 	Keypress: left
58.8712 	EXP 	grating: autoDraw = False
58.8712 	EXP 	grating_test: autoDraw = False
58.8712 	EXP 	text_2: autoDraw = False
58.8712 	EXP 	grating_test: ori = -1.5
58.8712 	EXP 	grating: autoDraw = True
59.3645 	EXP 	grating: autoDraw = False
59.4659 	EXP 	grating_test: autoDraw = True
59.9647 	INFO 	Keyboard events cleared
59.9644 	EXP 	grating_test: autoDraw = False
59.9644 	EXP 	text_2: autoDraw = True
60.2355 	DATA 	Keypress: left
60.2384 	EXP 	grating: autoDraw = False
60.2384 	EXP 	grating_test: autoDraw = False
60.2384 	EXP 	text_2: autoDraw = False
60.2384 	EXP 	grating_test: ori = -1.5
60.2384 	EXP 	grating: autoDraw = True
60.7480 	EXP 	grating: autoDraw = False
60.8311 	EXP 	grating_test: autoDraw = True
61.3324 	INFO 	Keyboard events cleared
61.3317 	EXP 	grating_test: autoDraw = False
61.3317 	EXP 	text_2: autoDraw = True
61.7853 	DATA 	Keypress: right
61.7882 	EXP 	grating: autoDraw = False
61.7882 	EXP 	grating_test: autoDraw = False
61.7882 	EXP 	text_2: autoDraw = False
61.7882 	EXP 	grating_test: ori = 0.0
61.7882 	EXP 	grating: autoDraw = True
62.2849 	EXP 	grating: autoDraw = False
62.3985 	EXP 	grating_test: autoDraw = True
62.8814 	INFO 	Keyboard events cleared
62.8811 	EXP 	text_2: autoDraw = True
62.8848 	EXP 	grating_test: autoDraw = False
63.0681 	DATA 	Keypress: left
63.0712 	EXP 	grating: autoDraw = False
63.0712 	EXP 	grating_test: autoDraw = False
63.0712 	EXP 	text_2: autoDraw = False
63.0712 	EXP 	grating_test: ori = 0.0
63.0712 	EXP 	grating: autoDraw = True
63.5832 	EXP 	grating: autoDraw = False
63.6645 	EXP 	grating_test: autoDraw = True
64.1658 	INFO 	Keyboard events cleared
64.1655 	EXP 	grating_test: autoDraw = False
64.1655 	EXP 	text_2: autoDraw = True
64.2529 	DATA 	Keypress: right
64.2647 	EXP 	grating: autoDraw = False
64.2647 	EXP 	grating_test: autoDraw = False
64.2647 	EXP 	text_2: autoDraw = False
64.2647 	EXP 	grating_test: ori = -2.0
64.2647 	EXP 	grating: autoDraw = True
64.7651 	EXP 	grating: autoDraw = False
64.8650 	EXP 	grating_test: autoDraw = True
65.3539 	INFO 	Keyboard events cleared
65.3536 	EXP 	grating_test: autoDraw = False
65.3536 	EXP 	text_2: autoDraw = True
65.4545 	DATA 	Keypress: right
65.4648 	EXP 	grating: autoDraw = False
65.4648 	EXP 	grating_test: autoDraw = False
65.4648 	EXP 	text_2: autoDraw = False
65.4648 	EXP 	grating_test: ori = 0.5
65.4648 	EXP 	grating: autoDraw = True
65.9667 	EXP 	grating: autoDraw = False
66.0478 	EXP 	grating_test: autoDraw = True
66.5503 	EXP 	grating_test: autoDraw = False
66.5651 	INFO 	Keyboard events cleared
66.5648 	EXP 	text_2: autoDraw = True
66.7038 	DATA 	Keypress: right
66.7144 	EXP 	grating: autoDraw = False
66.7144 	EXP 	grating_test: autoDraw = False
66.7144 	EXP 	text_2: autoDraw = False
66.7144 	EXP 	grating_test: ori = -2.5
66.7144 	EXP 	grating: autoDraw = True
67.1998 	EXP 	grating: autoDraw = False
67.3015 	EXP 	grating_test: autoDraw = True
67.8006 	INFO 	Keyboard events cleared
67.8004 	EXP 	grating_test: autoDraw = False
67.8004 	EXP 	text_2: autoDraw = True
67.8685 	DATA 	Keypress: left
67.8715 	EXP 	grating: autoDraw = False
67.8715 	EXP 	grating_test: autoDraw = False
67.8715 	EXP 	text_2: autoDraw = False
67.8715 	EXP 	grating_test: ori = -2.5
67.8715 	EXP 	grating: autoDraw = True
68.3666 	EXP 	grating: autoDraw = False
68.4644 	EXP 	grating_test: autoDraw = True
68.9500 	EXP 	grating_test: autoDraw = False
68.9647 	INFO 	Keyboard events cleared
68.9644 	EXP 	text_2: autoDraw = True
69.2374 	DATA 	Keypress: left
69.2477 	EXP 	grating: autoDraw = False
69.2477 	EXP 	grating_test: autoDraw = False
69.2477 	EXP 	text_2: autoDraw = False
69.2477 	EXP 	grating_test: ori = 0.5
69.2477 	EXP 	grating: autoDraw = True
69.7486 	EXP 	grating: autoDraw = False
69.8484 	EXP 	grating_test: autoDraw = True
70.3388 	INFO 	Keyboard events cleared
70.3385 	EXP 	grating_test: autoDraw = False
70.3385 	EXP 	text_2: autoDraw = True
70.7685 	DATA 	Keypress: right
70.7715 	EXP 	grating: autoDraw = False
70.7715 	EXP 	grating_test: autoDraw = False
70.7715 	EXP 	text_2: autoDraw = False
70.7715 	EXP 	grating_test: ori = -2.0
70.7715 	EXP 	grating: autoDraw = True
71.2667 	EXP 	grating: autoDraw = False
71.3654 	EXP 	grating_test: autoDraw = True
71.8663 	INFO 	Keyboard events cleared
71.8657 	EXP 	grating_test: autoDraw = False
71.8657 	EXP 	text_2: autoDraw = True
72.1006 	DATA 	Keypress: left
72.1035 	EXP 	grating: autoDraw = False
72.1035 	EXP 	grating_test: autoDraw = False
72.1035 	EXP 	text_2: autoDraw = False
72.1035 	EXP 	grating_test: ori = 0.0
72.1035 	EXP 	grating: autoDraw = True
72.6000 	EXP 	grating: autoDraw = False
72.6987 	EXP 	grating_test: autoDraw = True
73.2002 	INFO 	Keyboard events cleared
73.1995 	EXP 	grating_test: autoDraw = False
73.1995 	EXP 	text_2: autoDraw = True
73.2364 	DATA 	Keypress: right
73.2479 	EXP 	grating: autoDraw = False
73.2479 	EXP 	grating_test: autoDraw = False
73.2479 	EXP 	text_2: autoDraw = False
73.2479 	EXP 	grating_test: ori = 0.5
73.2479 	EXP 	grating: autoDraw = True
73.7337 	EXP 	grating: autoDraw = False
73.8320 	EXP 	grating_test: autoDraw = True
74.3324 	EXP 	grating_test: autoDraw = False
74.3496 	INFO 	Keyboard events cleared
74.3489 	EXP 	text_2: autoDraw = True
74.5683 	DATA 	Keypress: left
74.5712 	EXP 	grating: autoDraw = False
74.5712 	EXP 	grating_test: autoDraw = False
74.5712 	EXP 	text_2: autoDraw = False
74.5712 	EXP 	grating_test: ori = -2.0
74.5712 	EXP 	grating: autoDraw = True
75.0667 	EXP 	grating: autoDraw = False
75.1661 	EXP 	grating_test: autoDraw = True
75.6659 	INFO 	Keyboard events cleared
75.6656 	EXP 	grating_test: autoDraw = False
75.6656 	EXP 	text_2: autoDraw = True
75.8710 	DATA 	Keypress: left
75.8805 	EXP 	grating: autoDraw = False
75.8805 	EXP 	grating_test: autoDraw = False
75.8805 	EXP 	text_2: autoDraw = False
75.8805 	EXP 	grating_test: ori = 1.0
75.8805 	EXP 	grating: autoDraw = True
76.3668 	EXP 	grating: autoDraw = False
76.4819 	EXP 	grating_test: autoDraw = True
76.9646 	INFO 	Keyboard events cleared
76.9643 	EXP 	text_2: autoDraw = True
76.9680 	EXP 	grating_test: autoDraw = False
77.1181 	DATA 	Keypress: right
77.1210 	EXP 	grating: autoDraw = False
77.1210 	EXP 	grating_test: autoDraw = False
77.1210 	EXP 	text_2: autoDraw = False
77.1210 	EXP 	grating_test: ori = -1.5
77.1210 	EXP 	grating: autoDraw = True
77.6323 	EXP 	grating: autoDraw = False
77.7156 	EXP 	grating_test: autoDraw = True
78.2160 	INFO 	Keyboard events cleared
78.2158 	EXP 	grating_test: autoDraw = False
78.2158 	EXP 	text_2: autoDraw = True
78.4181 	DATA 	Keypress: left
78.4210 	EXP 	grating: autoDraw = False
78.4210 	EXP 	grating_test: autoDraw = False
78.4210 	EXP 	text_2: autoDraw = False
78.4210 	EXP 	grating_test: ori = 1.0
78.4210 	EXP 	grating: autoDraw = True
78.9166 	EXP 	grating: autoDraw = False
79.0144 	EXP 	grating_test: autoDraw = True
79.5050 	EXP 	grating_test: autoDraw = False
79.5146 	INFO 	Keyboard events cleared
79.5143 	EXP 	text_2: autoDraw = True
79.5679 	DATA 	Keypress: right
79.5708 	EXP 	grating: autoDraw = False
79.5708 	EXP 	grating_test: autoDraw = False
79.5708 	EXP 	text_2: autoDraw = False
79.5708 	EXP 	grating_test: ori = -1.5
79.5708 	EXP 	grating: autoDraw = True
80.0644 	EXP 	grating: autoDraw = False
80.1644 	EXP 	grating_test: autoDraw = True
80.6500 	EXP 	grating_test: autoDraw = False
80.6647 	INFO 	Keyboard events cleared
80.6644 	EXP 	text_2: autoDraw = True
80.9531 	DATA 	Keypress: left
80.9648 	EXP 	grating: autoDraw = False
80.9648 	EXP 	grating_test: autoDraw = False
80.9648 	EXP 	text_2: autoDraw = False
80.9648 	EXP 	grating_test: ori = -1.0
80.9648 	EXP 	grating: autoDraw = True
81.4513 	EXP 	grating: autoDraw = False
81.5532 	EXP 	grating_test: autoDraw = True
82.0476 	INFO 	Keyboard events cleared
82.0473 	EXP 	text_2: autoDraw = True
82.0509 	EXP 	grating_test: autoDraw = False
82.1708 	DATA 	Keypress: right
82.1811 	EXP 	grating: autoDraw = False
82.1811 	EXP 	grating_test: autoDraw = False
82.1811 	EXP 	text_2: autoDraw = False
82.1811 	EXP 	grating_test: ori = 0.5
82.1811 	EXP 	grating: autoDraw = True
82.6807 	EXP 	grating: autoDraw = False
82.7824 	EXP 	grating_test: autoDraw = True
83.2824 	INFO 	Keyboard events cleared
83.2817 	EXP 	grating_test: autoDraw = False
83.2817 	EXP 	text_2: autoDraw = True
83.5685 	DATA 	Keypress: left
83.5714 	EXP 	grating: autoDraw = False
83.5714 	EXP 	grating_test: autoDraw = False
83.5714 	EXP 	text_2: autoDraw = False
83.5714 	EXP 	grating_test: ori = -1.5
83.5714 	EXP 	grating: autoDraw = True
84.0661 	EXP 	grating: autoDraw = False
84.1651 	EXP 	grating_test: autoDraw = True
84.6654 	INFO 	Keyboard events cleared
84.6651 	EXP 	grating_test: autoDraw = False
84.6651 	EXP 	text_2: autoDraw = True
84.6858 	DATA 	Keypress: right
84.6980 	EXP 	grating: autoDraw = False
84.6980 	EXP 	grating_test: autoDraw = False
84.6980 	EXP 	text_2: autoDraw = False
84.6980 	EXP 	grating_test: ori = 1.0
84.6980 	EXP 	grating: autoDraw = True
85.1985 	EXP 	grating: autoDraw = False
85.2890 	EXP 	grating_test: autoDraw = True
85.7818 	INFO 	Keyboard events cleared
85.7815 	EXP 	text_2: autoDraw = True
85.7853 	EXP 	grating_test: autoDraw = False
85.9542 	DATA 	Keypress: right
85.9573 	EXP 	grating: autoDraw = False
85.9573 	EXP 	grating_test: autoDraw = False
85.9573 	EXP 	text_2: autoDraw = False
85.9573 	EXP 	grating_test: ori = -2.0
85.9573 	EXP 	grating: autoDraw = True
86.4500 	EXP 	grating: autoDraw = False
86.5673 	EXP 	grating_test: autoDraw = True
87.0547 	INFO 	Keyboard events cleared
87.0543 	EXP 	text_2: autoDraw = True
87.0644 	EXP 	grating_test: autoDraw = False
87.1846 	DATA 	Keypress: left
87.1875 	EXP 	grating: autoDraw = False
87.1875 	EXP 	grating_test: autoDraw = False
87.1875 	EXP 	text_2: autoDraw = False
87.1875 	EXP 	grating_test: ori = 1.0
87.1875 	EXP 	grating: autoDraw = True
87.6862 	EXP 	grating: autoDraw = False
87.7835 	EXP 	grating_test: autoDraw = True
88.2814 	INFO 	Keyboard events cleared
88.2811 	EXP 	grating_test: autoDraw = False
88.2811 	EXP 	text_2: autoDraw = True
88.4343 	DATA 	Keypress: right
88.4373 	EXP 	grating: autoDraw = False
88.4373 	EXP 	grating_test: autoDraw = False
88.4373 	EXP 	text_2: autoDraw = False
88.4373 	EXP 	grating_test: ori = 0.5
88.4373 	EXP 	grating: autoDraw = True
88.9485 	EXP 	grating: autoDraw = False
89.0214 	EXP 	grating_test: autoDraw = True
89.5325 	INFO 	Keyboard events cleared
89.5318 	EXP 	grating_test: autoDraw = False
89.5318 	EXP 	text_2: autoDraw = True
89.7348 	DATA 	Keypress: right
89.7378 	EXP 	grating: autoDraw = False
89.7378 	EXP 	grating_test: autoDraw = False
89.7378 	EXP 	text_2: autoDraw = False
89.7378 	EXP 	grating_test: ori = -2.0
89.7378 	EXP 	grating: autoDraw = True
90.2332 	EXP 	grating: autoDraw = False
90.3324 	EXP 	grating_test: autoDraw = True
90.8324 	INFO 	Keyboard events cleared
90.8321 	EXP 	grating_test: autoDraw = False
90.8321 	EXP 	text_2: autoDraw = True
90.9868 	DATA 	Keypress: left
90.9977 	EXP 	grating: autoDraw = False
90.9977 	EXP 	grating_test: autoDraw = False
90.9977 	EXP 	text_2: autoDraw = False
90.9977 	EXP 	grating_test: ori = -1.5
90.9977 	EXP 	grating: autoDraw = True
91.4987 	EXP 	grating: autoDraw = False
91.5816 	EXP 	grating_test: autoDraw = True
92.0699 	EXP 	grating_test: autoDraw = False
92.0826 	INFO 	Keyboard events cleared
92.0818 	EXP 	text_2: autoDraw = True
92.2852 	DATA 	Keypress: left
92.2879 	EXP 	grating: autoDraw = False
92.2879 	EXP 	grating_test: autoDraw = False
92.2879 	EXP 	text_2: autoDraw = False
92.2879 	EXP 	grating_test: ori = 0.5
92.2879 	EXP 	grating: autoDraw = True
92.7859 	EXP 	grating: autoDraw = False
92.8835 	EXP 	grating_test: autoDraw = True
93.3823 	INFO 	Keyboard events cleared
93.3820 	EXP 	grating_test: autoDraw = False
93.3820 	EXP 	text_2: autoDraw = True
93.6047 	DATA 	Keypress: right
93.6144 	EXP 	grating: autoDraw = False
93.6144 	EXP 	grating_test: autoDraw = False
93.6144 	EXP 	text_2: autoDraw = False
93.6144 	EXP 	grating_test: ori = -1.5
93.6144 	EXP 	grating: autoDraw = True
94.1023 	EXP 	grating: autoDraw = False
94.2153 	EXP 	grating_test: autoDraw = True
94.6981 	INFO 	Keyboard events cleared
94.6977 	EXP 	text_2: autoDraw = True
94.7016 	EXP 	grating_test: autoDraw = False
94.9201 	DATA 	Keypress: left
94.9314 	EXP 	grating: autoDraw = False
94.9314 	EXP 	grating_test: autoDraw = False
94.9314 	EXP 	text_2: autoDraw = False
94.9314 	EXP 	grating_test: ori = 0.0
94.9314 	EXP 	grating: autoDraw = True
95.4316 	EXP 	grating: autoDraw = False
95.5320 	EXP 	grating_test: autoDraw = True
96.0180 	INFO 	Keyboard events cleared
96.0176 	EXP 	grating_test: autoDraw = False
96.0176 	EXP 	text_2: autoDraw = True
96.0684 	DATA 	Keypress: right
96.0713 	EXP 	grating: autoDraw = False
96.0713 	EXP 	grating_test: autoDraw = False
96.0713 	EXP 	text_2: autoDraw = False
96.0713 	EXP 	grating_test: ori = 0.5
96.0713 	EXP 	grating: autoDraw = True
96.5825 	EXP 	grating: autoDraw = False
96.6650 	EXP 	grating_test: autoDraw = True
97.1661 	INFO 	Keyboard events cleared
97.1657 	EXP 	grating_test: autoDraw = False
97.1657 	EXP 	text_2: autoDraw = True
97.2565 	DATA 	Keypress: right
97.2648 	EXP 	grating: autoDraw = False
97.2648 	EXP 	grating_test: autoDraw = False
97.2648 	EXP 	text_2: autoDraw = False
97.2648 	EXP 	grating_test: ori = -1.0
97.2648 	EXP 	grating: autoDraw = True
97.7502 	EXP 	grating: autoDraw = False
97.8651 	EXP 	grating_test: autoDraw = True
97.9693 	WARNING 	t of last frame was 20.31ms (=1/49)
98.3518 	INFO 	Keyboard events cleared
98.3516 	EXP 	grating_test: autoDraw = False
98.3516 	EXP 	text_2: autoDraw = True
99.2713 	DATA 	Keypress: right
99.2811 	EXP 	grating: autoDraw = False
99.2811 	EXP 	grating_test: autoDraw = False
99.2811 	EXP 	text_2: autoDraw = False
99.2811 	EXP 	grating_test: ori = 0.5
99.2811 	EXP 	grating: autoDraw = True
99.7815 	EXP 	grating: autoDraw = False
99.8823 	EXP 	grating_test: autoDraw = True
100.3834 	INFO 	Keyboard events cleared
100.3831 	EXP 	grating_test: autoDraw = False
100.3831 	EXP 	text_2: autoDraw = True
100.7183 	DATA 	Keypress: right
100.7212 	EXP 	grating: autoDraw = False
100.7212 	EXP 	grating_test: autoDraw = False
100.7212 	EXP 	text_2: autoDraw = False
100.7212 	EXP 	grating_test: ori = -1.5
100.7212 	EXP 	grating: autoDraw = True
101.2335 	EXP 	grating: autoDraw = False
101.3160 	EXP 	grating_test: autoDraw = True
101.8150 	INFO 	Keyboard events cleared
101.8148 	EXP 	grating_test: autoDraw = False
101.8148 	EXP 	text_2: autoDraw = True
101.9364 	DATA 	Keypress: right
101.9477 	EXP 	grating: autoDraw = False
101.9477 	EXP 	grating_test: autoDraw = False
101.9477 	EXP 	text_2: autoDraw = False
101.9477 	EXP 	grating_test: ori = -2.0
101.9477 	EXP 	grating: autoDraw = True
102.4512 	EXP 	grating: autoDraw = False
102.5342 	EXP 	grating_test: autoDraw = True
103.0313 	INFO 	Keyboard events cleared
103.0311 	EXP 	grating_test: autoDraw = False
103.0311 	EXP 	text_2: autoDraw = True
103.3874 	DATA 	Keypress: left
103.3981 	EXP 	grating: autoDraw = False
103.3981 	EXP 	grating_test: autoDraw = False
103.3981 	EXP 	text_2: autoDraw = False
103.3981 	EXP 	grating_test: ori = 0.0
103.3981 	EXP 	grating: autoDraw = True
103.8995 	EXP 	grating: autoDraw = False
103.9984 	EXP 	grating_test: autoDraw = True
104.4993 	INFO 	Keyboard events cleared
104.4986 	EXP 	grating_test: autoDraw = False
104.4986 	EXP 	text_2: autoDraw = True
104.6527 	DATA 	Keypress: right
104.6647 	EXP 	grating: autoDraw = False
104.6647 	EXP 	grating_test: autoDraw = False
104.6647 	EXP 	text_2: autoDraw = False
104.6647 	EXP 	grating_test: ori = -2.0
104.6647 	EXP 	grating: autoDraw = True
105.1651 	EXP 	grating: autoDraw = False
105.2544 	EXP 	grating_test: autoDraw = True
105.7663 	INFO 	Keyboard events cleared
105.7657 	EXP 	grating_test: autoDraw = False
105.7657 	EXP 	text_2: autoDraw = True
106.0021 	DATA 	Keypress: right
106.0050 	EXP 	grating: autoDraw = False
106.0050 	EXP 	grating_test: autoDraw = False
106.0050 	EXP 	text_2: autoDraw = False
106.0050 	EXP 	grating_test: ori = 0.5
106.0050 	EXP 	grating: autoDraw = True
106.5000 	EXP 	grating: autoDraw = False
106.5990 	EXP 	grating_test: autoDraw = True
107.0982 	INFO 	Keyboard events cleared
107.0977 	EXP 	grating_test: autoDraw = False
107.0977 	EXP 	text_2: autoDraw = True
107.1543 	DATA 	Keypress: right
107.1575 	EXP 	grating: autoDraw = False
107.1575 	EXP 	grating_test: autoDraw = False
107.1575 	EXP 	text_2: autoDraw = False
107.1575 	EXP 	grating_test: ori = 0.5
107.1575 	EXP 	grating: autoDraw = True
107.6646 	EXP 	grating: autoDraw = False
107.7654 	EXP 	grating_test: autoDraw = True
108.2662 	INFO 	Keyboard events cleared
108.2655 	EXP 	grating_test: autoDraw = False
108.2655 	EXP 	text_2: autoDraw = True
108.7849 	DATA 	Keypress: right
108.7878 	EXP 	grating: autoDraw = False
108.7878 	EXP 	grating_test: autoDraw = False
108.7878 	EXP 	text_2: autoDraw = False
108.7878 	EXP 	grating_test: ori = -2.5
108.7878 	EXP 	grating: autoDraw = True
109.2833 	EXP 	grating: autoDraw = False
109.3824 	EXP 	grating_test: autoDraw = True
109.8833 	INFO 	Keyboard events cleared
109.8826 	EXP 	grating_test: autoDraw = False
109.8826 	EXP 	text_2: autoDraw = True
110.2181 	DATA 	Keypress: left
110.2211 	EXP 	grating: autoDraw = False
110.2211 	EXP 	grating_test: autoDraw = False
110.2211 	EXP 	text_2: autoDraw = False
110.2211 	EXP 	grating_test: ori = 0.0
110.2211 	EXP 	grating: autoDraw = True
110.7327 	EXP 	grating: autoDraw = False
110.8150 	EXP 	grating_test: autoDraw = True
111.3161 	INFO 	Keyboard events cleared
111.3152 	EXP 	grating_test: autoDraw = False
111.3152 	EXP 	text_2: autoDraw = True
111.6179 	DATA 	Keypress: right
111.6206 	EXP 	grating: autoDraw = False
111.6206 	EXP 	grating_test: autoDraw = False
111.6206 	EXP 	text_2: autoDraw = False
111.6206 	EXP 	grating_test: ori = -2.5
111.6206 	EXP 	grating: autoDraw = True
112.1324 	EXP 	grating: autoDraw = False
112.2144 	EXP 	grating_test: autoDraw = True
112.7001 	EXP 	grating_test: autoDraw = False
112.7148 	INFO 	Keyboard events cleared
112.7145 	EXP 	text_2: autoDraw = True
112.9358 	DATA 	Keypress: left
112.9473 	EXP 	grating: autoDraw = False
112.9473 	EXP 	grating_test: autoDraw = False
112.9473 	EXP 	text_2: autoDraw = False
112.9473 	EXP 	grating_test: ori = -2.0
112.9473 	EXP 	grating: autoDraw = True
113.4395 	EXP 	grating: autoDraw = False
113.5311 	EXP 	grating_test: autoDraw = True
114.0167 	EXP 	grating_test: autoDraw = False
114.0323 	INFO 	Keyboard events cleared
114.0320 	EXP 	text_2: autoDraw = True
114.3016 	DATA 	Keypress: left
114.3040 	EXP 	grating: autoDraw = False
114.3040 	EXP 	grating_test: autoDraw = False
114.3040 	EXP 	text_2: autoDraw = False
114.3040 	EXP 	grating_test: ori = 0.5
114.3040 	EXP 	grating: autoDraw = True
114.7977 	EXP 	grating: autoDraw = False
114.8978 	EXP 	grating_test: autoDraw = True
115.3834 	EXP 	grating_test: autoDraw = False
115.3981 	INFO 	Keyboard events cleared
115.3978 	EXP 	text_2: autoDraw = True
115.5678 	DATA 	Keypress: left
115.5708 	EXP 	grating: autoDraw = False
115.5708 	EXP 	grating_test: autoDraw = False
115.5708 	EXP 	text_2: autoDraw = False
115.5708 	EXP 	grating_test: ori = -2.0
115.5708 	EXP 	grating: autoDraw = True
116.0668 	EXP 	grating: autoDraw = False
116.1644 	EXP 	grating_test: autoDraw = True
116.6499 	EXP 	grating_test: autoDraw = False
116.6658 	INFO 	Keyboard events cleared
116.6644 	EXP 	text_2: autoDraw = True
116.8192 	DATA 	Keypress: left
116.8314 	EXP 	grating: autoDraw = False
116.8314 	EXP 	grating_test: autoDraw = False
116.8314 	EXP 	text_2: autoDraw = False
116.8314 	EXP 	grating_test: ori = 1.0
116.8314 	EXP 	grating: autoDraw = True
117.3323 	EXP 	grating: autoDraw = False
117.4144 	EXP 	grating_test: autoDraw = True
117.9019 	EXP 	grating_test: autoDraw = False
117.9163 	INFO 	Keyboard events cleared
117.9160 	EXP 	text_2: autoDraw = True
118.2352 	DATA 	Keypress: right
118.2382 	EXP 	grating: autoDraw = False
118.2382 	EXP 	grating_test: autoDraw = False
118.2382 	EXP 	text_2: autoDraw = False
118.2382 	EXP 	grating_test: ori = 1.0
118.2382 	EXP 	grating: autoDraw = True
118.7333 	EXP 	grating: autoDraw = False
118.8311 	EXP 	grating_test: autoDraw = True
119.3166 	EXP 	grating_test: autoDraw = False
119.3315 	INFO 	Keyboard events cleared
119.3311 	EXP 	text_2: autoDraw = True
119.5367 	DATA 	Keypress: right
119.5481 	EXP 	grating: autoDraw = False
119.5481 	EXP 	grating_test: autoDraw = False
119.5481 	EXP 	text_2: autoDraw = False
119.5481 	EXP 	grating_test: ori = -1.5
119.5481 	EXP 	grating: autoDraw = True
120.0364 	EXP 	grating: autoDraw = False
120.1486 	EXP 	grating_test: autoDraw = True
120.6314 	INFO 	Keyboard events cleared
120.6311 	EXP 	text_2: autoDraw = True
120.6345 	EXP 	grating_test: autoDraw = False
120.7883 	DATA 	Keypress: left
120.7977 	EXP 	grating: autoDraw = False
120.7977 	EXP 	grating_test: autoDraw = False
120.7977 	EXP 	text_2: autoDraw = False
120.7977 	EXP 	grating_test: ori = -1.5
120.7977 	EXP 	grating: autoDraw = True
121.2991 	EXP 	grating: autoDraw = False
121.3883 	EXP 	grating_test: autoDraw = True
121.8991 	INFO 	Keyboard events cleared
121.8984 	EXP 	grating_test: autoDraw = False
121.8984 	EXP 	text_2: autoDraw = True
122.0532 	DATA 	Keypress: left
122.0644 	EXP 	grating: autoDraw = False
122.0644 	EXP 	grating_test: autoDraw = False
122.0644 	EXP 	text_2: autoDraw = False
122.0644 	EXP 	grating_test: ori = 0.5
122.0644 	EXP 	grating: autoDraw = True
122.5655 	EXP 	grating: autoDraw = False
122.6508 	EXP 	grating_test: autoDraw = True
123.1654 	INFO 	Keyboard events cleared
123.1647 	EXP 	grating_test: autoDraw = False
123.1647 	EXP 	text_2: autoDraw = True
123.3877 	DATA 	Keypress: right
123.3977 	EXP 	grating: autoDraw = False
123.3977 	EXP 	grating_test: autoDraw = False
123.3977 	EXP 	text_2: autoDraw = False
123.3977 	EXP 	grating_test: ori = -1.0
123.3977 	EXP 	grating: autoDraw = True
123.8984 	EXP 	grating: autoDraw = False
123.9986 	EXP 	grating_test: autoDraw = True
124.4815 	INFO 	Keyboard events cleared
124.4811 	EXP 	text_2: autoDraw = True
124.4848 	EXP 	grating_test: autoDraw = False
124.7020 	DATA 	Keypress: left
124.7048 	EXP 	grating: autoDraw = False
124.7048 	EXP 	grating_test: autoDraw = False
124.7048 	EXP 	text_2: autoDraw = False
124.7048 	EXP 	grating_test: ori = 0.5
124.7048 	EXP 	grating: autoDraw = True
125.2154 	EXP 	grating: autoDraw = False
125.3153 	EXP 	grating_test: autoDraw = True
125.8153 	INFO 	Keyboard events cleared
125.8146 	EXP 	grating_test: autoDraw = False
125.8146 	EXP 	text_2: autoDraw = True
126.0181 	DATA 	Keypress: right
126.0209 	EXP 	grating: autoDraw = False
126.0209 	EXP 	grating_test: autoDraw = False
126.0209 	EXP 	text_2: autoDraw = False
126.0209 	EXP 	grating_test: ori = -1.0
126.0209 	EXP 	grating: autoDraw = True
126.5344 	EXP 	grating: autoDraw = False
126.6145 	EXP 	grating_test: autoDraw = True
127.1055 	EXP 	grating_test: autoDraw = False
127.1144 	INFO 	Keyboard events cleared
127.1142 	EXP 	text_2: autoDraw = True
127.3039 	DATA 	Keypress: left
127.3144 	EXP 	grating: autoDraw = False
127.3144 	EXP 	grating_test: autoDraw = False
127.3144 	EXP 	text_2: autoDraw = False
127.3144 	EXP 	grating_test: ori = 0.0
127.3144 	EXP 	grating: autoDraw = True
127.8156 	EXP 	grating: autoDraw = False
127.9015 	EXP 	grating_test: autoDraw = True
128.4150 	INFO 	Keyboard events cleared
128.4147 	EXP 	grating_test: autoDraw = False
128.4147 	EXP 	text_2: autoDraw = True
128.6194 	DATA 	Keypress: right
128.6314 	EXP 	grating: autoDraw = False
128.6314 	EXP 	grating_test: autoDraw = False
128.6314 	EXP 	text_2: autoDraw = False
128.6314 	EXP 	grating_test: ori = -0.5
128.6314 	EXP 	grating: autoDraw = True
129.1190 	EXP 	grating: autoDraw = False
129.2150 	EXP 	grating_test: autoDraw = True
129.7178 	EXP 	grating_test: autoDraw = False
129.7324 	INFO 	Keyboard events cleared
129.7321 	EXP 	text_2: autoDraw = True
130.4184 	DATA 	Keypress: right
130.4213 	EXP 	grating: autoDraw = False
130.4213 	EXP 	grating_test: autoDraw = False
130.4213 	EXP 	text_2: autoDraw = False
130.4213 	EXP 	grating_test: ori = 0.5
130.4213 	EXP 	grating: autoDraw = True
130.9319 	EXP 	grating: autoDraw = False
131.0152 	EXP 	grating_test: autoDraw = True
131.5041 	EXP 	grating_test: autoDraw = False
131.5149 	INFO 	Keyboard events cleared
131.5147 	EXP 	text_2: autoDraw = True
131.7369 	DATA 	Keypress: right
131.7477 	EXP 	grating: autoDraw = False
131.7477 	EXP 	grating_test: autoDraw = False
131.7477 	EXP 	text_2: autoDraw = False
131.7477 	EXP 	grating_test: ori = -1.0
131.7477 	EXP 	grating: autoDraw = True
132.2332 	EXP 	grating: autoDraw = False
132.3489 	EXP 	grating_test: autoDraw = True
132.8491 	INFO 	Keyboard events cleared
132.8484 	EXP 	grating_test: autoDraw = False
132.8484 	EXP 	text_2: autoDraw = True
133.0532 	DATA 	Keypress: right
133.0645 	EXP 	grating: autoDraw = False
133.0645 	EXP 	grating_test: autoDraw = False
133.0645 	EXP 	text_2: autoDraw = False
133.0645 	EXP 	grating_test: ori = 0.5
133.0645 	EXP 	grating: autoDraw = True
133.5656 	EXP 	grating: autoDraw = False
133.6655 	EXP 	grating_test: autoDraw = True
134.1656 	INFO 	Keyboard events cleared
134.1653 	EXP 	grating_test: autoDraw = False
134.1653 	EXP 	text_2: autoDraw = True
134.4351 	DATA 	Keypress: left
134.4381 	EXP 	grating: autoDraw = False
134.4381 	EXP 	grating_test: autoDraw = False
134.4381 	EXP 	text_2: autoDraw = False
134.4381 	EXP 	grating_test: ori = -1.5
134.4381 	EXP 	grating: autoDraw = True
134.9370 	EXP 	grating: autoDraw = False
135.0311 	EXP 	grating_test: autoDraw = True
135.3019 	WARNING 	t of last frame was 20.02ms (=1/49)
135.5166 	EXP 	grating_test: autoDraw = False
135.5316 	INFO 	Keyboard events cleared
135.5313 	EXP 	text_2: autoDraw = True
135.8372 	DATA 	Keypress: left
135.8477 	EXP 	grating: autoDraw = False
135.8477 	EXP 	grating_test: autoDraw = False
135.8477 	EXP 	text_2: autoDraw = False
135.8477 	EXP 	grating_test: ori = 1.0
135.8477 	EXP 	grating: autoDraw = True
136.3335 	EXP 	grating: autoDraw = False
136.4491 	EXP 	grating_test: autoDraw = True
136.9488 	INFO 	Keyboard events cleared
136.9485 	EXP 	grating_test: autoDraw = False
136.9485 	EXP 	text_2: autoDraw = True
137.1015 	DATA 	Keypress: right
137.1043 	EXP 	grating: autoDraw = False
137.1043 	EXP 	grating_test: autoDraw = False
137.1043 	EXP 	text_2: autoDraw = False
137.1043 	EXP 	grating_test: ori = -1.5
137.1043 	EXP 	grating: autoDraw = True
137.6152 	EXP 	grating: autoDraw = False
137.6987 	EXP 	grating_test: autoDraw = True
138.1980 	INFO 	Keyboard events cleared
138.1977 	EXP 	grating_test: autoDraw = False
138.1977 	EXP 	text_2: autoDraw = True
138.8839 	DATA 	Keypress: right
138.8866 	EXP 	grating: autoDraw = False
138.8866 	EXP 	grating_test: autoDraw = False
138.8866 	EXP 	text_2: autoDraw = False
138.8866 	EXP 	grating_test: ori = 1.0
138.8866 	EXP 	grating: autoDraw = True
139.3834 	EXP 	grating: autoDraw = False
139.4671 	EXP 	grating_test: autoDraw = True
139.9646 	EXP 	grating_test: autoDraw = False
139.9685 	INFO 	Keyboard events cleared
139.9682 	EXP 	text_2: autoDraw = True
140.1017 	DATA 	Keypress: left
140.1047 	EXP 	grating: autoDraw = False
140.1047 	EXP 	grating_test: autoDraw = False
140.1047 	EXP 	text_2: autoDraw = False
140.1047 	EXP 	grating_test: ori = -2.0
140.1047 	EXP 	grating: autoDraw = True
140.5999 	EXP 	grating: autoDraw = False
140.6986 	EXP 	grating_test: autoDraw = True
141.1832 	EXP 	grating_test: autoDraw = False
141.1980 	INFO 	Keyboard events cleared
141.1978 	EXP 	text_2: autoDraw = True
141.3370 	DATA 	Keypress: right
141.3480 	EXP 	grating: autoDraw = False
141.3480 	EXP 	grating_test: autoDraw = False
141.3480 	EXP 	text_2: autoDraw = False
141.3480 	EXP 	grating_test: ori = 1.5
141.3480 	EXP 	grating: autoDraw = True
141.8491 	EXP 	grating: autoDraw = False
141.9483 	EXP 	grating_test: autoDraw = True
142.4492 	INFO 	Keyboard events cleared
142.4485 	EXP 	grating_test: autoDraw = False
142.4485 	EXP 	text_2: autoDraw = True
142.5700 	DATA 	Keypress: right
142.5833 	EXP 	grating: autoDraw = False
142.5833 	EXP 	grating_test: autoDraw = False
142.5833 	EXP 	text_2: autoDraw = False
142.5833 	EXP 	grating_test: ori = -2.5
142.5833 	EXP 	grating: autoDraw = True
143.0811 	EXP 	grating: autoDraw = False
143.1819 	EXP 	grating_test: autoDraw = True
143.6822 	INFO 	Keyboard events cleared
143.6820 	EXP 	grating_test: autoDraw = False
143.6820 	EXP 	text_2: autoDraw = True
143.9851 	DATA 	Keypress: left
143.9881 	EXP 	grating: autoDraw = False
143.9881 	EXP 	grating_test: autoDraw = False
143.9881 	EXP 	text_2: autoDraw = False
143.9881 	EXP 	grating_test: ori = 1.5
143.9881 	EXP 	grating: autoDraw = True
144.4810 	EXP 	grating: autoDraw = False
144.5811 	EXP 	grating_test: autoDraw = True
145.0667 	EXP 	grating_test: autoDraw = False
145.0813 	INFO 	Keyboard events cleared
145.0811 	EXP 	text_2: autoDraw = True
145.2684 	DATA 	Keypress: right
145.2712 	EXP 	grating: autoDraw = False
145.2712 	EXP 	grating_test: autoDraw = False
145.2712 	EXP 	text_2: autoDraw = False
145.2712 	EXP 	grating_test: ori = 1.0
145.2712 	EXP 	grating: autoDraw = True
145.7834 	EXP 	grating: autoDraw = False
145.8656 	EXP 	grating_test: autoDraw = True
146.3667 	INFO 	Keyboard events cleared
146.3661 	EXP 	grating_test: autoDraw = False
146.3661 	EXP 	text_2: autoDraw = True
146.5056 	DATA 	Keypress: right
146.5148 	EXP 	grating: autoDraw = False
146.5148 	EXP 	grating_test: autoDraw = False
146.5148 	EXP 	text_2: autoDraw = False
146.5148 	EXP 	grating_test: ori = -2.5
146.5148 	EXP 	grating: autoDraw = True
146.9999 	EXP 	grating: autoDraw = False
147.1152 	EXP 	grating_test: autoDraw = True
147.6015 	INFO 	Keyboard events cleared
147.6013 	EXP 	grating_test: autoDraw = False
147.6013 	EXP 	text_2: autoDraw = True
147.7526 	DATA 	Keypress: left
147.7646 	EXP 	grating: autoDraw = False
147.7646 	EXP 	grating_test: autoDraw = False
147.7646 	EXP 	text_2: autoDraw = False
147.7646 	EXP 	grating_test: ori = 1.0
147.7646 	EXP 	grating: autoDraw = True
148.2658 	EXP 	grating: autoDraw = False
148.3655 	EXP 	grating_test: autoDraw = True
148.8481 	INFO 	Keyboard events cleared
148.8478 	EXP 	text_2: autoDraw = True
148.8644 	EXP 	grating_test: autoDraw = False
149.0380 	DATA 	Keypress: right
149.0478 	EXP 	grating: autoDraw = False
149.0478 	EXP 	grating_test: autoDraw = False
149.0478 	EXP 	text_2: autoDraw = False
149.0478 	EXP 	grating_test: ori = -2.0
149.0478 	EXP 	grating: autoDraw = True
149.5334 	EXP 	grating: autoDraw = False
149.6493 	EXP 	grating_test: autoDraw = True
150.1494 	INFO 	Keyboard events cleared
150.1489 	EXP 	grating_test: autoDraw = False
150.1489 	EXP 	text_2: autoDraw = True
150.5355 	DATA 	Keypress: left
150.5480 	EXP 	grating: autoDraw = False
150.5480 	EXP 	grating_test: autoDraw = False
150.5480 	EXP 	text_2: autoDraw = False
150.5480 	EXP 	grating_test: ori = 0.5
150.5480 	EXP 	grating: autoDraw = True
151.0366 	EXP 	grating: autoDraw = False
151.1311 	EXP 	grating_test: autoDraw = True
151.6193 	EXP 	grating_test: autoDraw = False
151.6313 	INFO 	Keyboard events cleared
151.6310 	EXP 	text_2: autoDraw = True
151.7677 	DATA 	Keypress: right
151.7705 	EXP 	grating: autoDraw = False
151.7705 	EXP 	grating_test: autoDraw = False
151.7705 	EXP 	text_2: autoDraw = False
151.7705 	EXP 	grating_test: ori = -2.0
151.7705 	EXP 	grating: autoDraw = True
152.2828 	EXP 	grating: autoDraw = False
152.3638 	EXP 	grating_test: autoDraw = True
152.8515 	EXP 	grating_test: autoDraw = False
152.8646 	INFO 	Keyboard events cleared
152.8644 	EXP 	text_2: autoDraw = True
153.3518 	DATA 	Keypress: left
153.3546 	EXP 	grating: autoDraw = False
153.3546 	EXP 	grating_test: autoDraw = False
153.3546 	EXP 	text_2: autoDraw = False
153.3546 	EXP 	grating_test: ori = -1.5
153.3546 	EXP 	grating: autoDraw = True
153.8534 	EXP 	grating: autoDraw = False
153.9477 	EXP 	grating_test: autoDraw = True
154.4491 	INFO 	Keyboard events cleared
154.4484 	EXP 	grating_test: autoDraw = False
154.4484 	EXP 	text_2: autoDraw = True
155.4529 	DATA 	Keypress: left
155.4647 	EXP 	grating: autoDraw = False
155.4647 	EXP 	grating_test: autoDraw = False
155.4647 	EXP 	text_2: autoDraw = False
155.4647 	EXP 	grating_test: ori = 0.5
155.4647 	EXP 	grating: autoDraw = True
155.9503 	EXP 	grating: autoDraw = False
156.0653 	EXP 	grating_test: autoDraw = True
156.5489 	INFO 	Keyboard events cleared
156.5486 	EXP 	text_2: autoDraw = True
156.5647 	EXP 	grating_test: autoDraw = False
156.7732 	DATA 	Keypress: right
156.7810 	EXP 	grating: autoDraw = False
156.7810 	EXP 	grating_test: autoDraw = False
156.7810 	EXP 	text_2: autoDraw = False
156.7810 	EXP 	grating_test: ori = 0.0
156.7810 	EXP 	grating: autoDraw = True
157.2667 	EXP 	grating: autoDraw = False
157.3643 	EXP 	grating_test: autoDraw = True
157.8653 	EXP 	grating_test: autoDraw = False
157.8827 	INFO 	Keyboard events cleared
157.8824 	EXP 	text_2: autoDraw = True
158.1181 	WARNING 	t of last frame was 20.44ms (=1/48)
158.8849 	DATA 	Keypress: right
158.8877 	EXP 	grating: autoDraw = False
158.8877 	EXP 	grating_test: autoDraw = False
158.8877 	EXP 	text_2: autoDraw = False
158.8877 	EXP 	grating_test: ori = -1.5
158.8877 	EXP 	grating: autoDraw = True
159.3816 	EXP 	grating: autoDraw = False
159.4822 	EXP 	grating_test: autoDraw = True
159.9815 	INFO 	Keyboard events cleared
159.9813 	EXP 	grating_test: autoDraw = False
159.9813 	EXP 	text_2: autoDraw = True
160.2336 	DATA 	Keypress: right
160.2363 	EXP 	grating: autoDraw = False
160.2363 	EXP 	grating_test: autoDraw = False
160.2363 	EXP 	text_2: autoDraw = False
160.2363 	EXP 	grating_test: ori = 0.5
160.2363 	EXP 	grating: autoDraw = True
160.7331 	EXP 	grating: autoDraw = False
160.8323 	EXP 	grating_test: autoDraw = True
161.3173 	INFO 	Keyboard events cleared
161.3170 	EXP 	text_2: autoDraw = True
161.3310 	EXP 	grating_test: autoDraw = False
161.7375 	DATA 	Keypress: left
161.7477 	EXP 	grating: autoDraw = False
161.7477 	EXP 	grating_test: autoDraw = False
161.7477 	EXP 	text_2: autoDraw = False
161.7477 	EXP 	grating_test: ori = -2.0
161.7477 	EXP 	grating: autoDraw = True
162.2333 	EXP 	grating: autoDraw = False
162.3501 	EXP 	grating_test: autoDraw = True
162.8344 	INFO 	Keyboard events cleared
162.8342 	EXP 	text_2: autoDraw = True
162.8471 	EXP 	grating_test: autoDraw = False
163.1352 	DATA 	Keypress: left
163.1381 	EXP 	grating: autoDraw = False
163.1381 	EXP 	grating_test: autoDraw = False
163.1381 	EXP 	text_2: autoDraw = False
163.1381 	EXP 	grating_test: ori = -2.0
163.1381 	EXP 	grating: autoDraw = True
163.6334 	EXP 	grating: autoDraw = False
163.7311 	EXP 	grating_test: autoDraw = True
164.2166 	EXP 	grating_test: autoDraw = False
164.2323 	INFO 	Keyboard events cleared
164.2311 	EXP 	text_2: autoDraw = True
164.5204 	DATA 	Keypress: left
164.5314 	EXP 	grating: autoDraw = False
164.5314 	EXP 	grating_test: autoDraw = False
164.5314 	EXP 	text_2: autoDraw = False
164.5314 	EXP 	grating_test: ori = 1.0
164.5314 	EXP 	grating: autoDraw = True
165.0319 	EXP 	grating: autoDraw = False
165.1316 	EXP 	grating_test: autoDraw = True
165.6170 	INFO 	Keyboard events cleared
165.6167 	EXP 	grating_test: autoDraw = False
165.6167 	EXP 	text_2: autoDraw = True
165.8851 	DATA 	Keypress: right
165.8879 	EXP 	grating: autoDraw = False
165.8879 	EXP 	grating_test: autoDraw = False
165.8879 	EXP 	text_2: autoDraw = False
165.8879 	EXP 	grating_test: ori = 1.0
165.8879 	EXP 	grating: autoDraw = True
166.3833 	EXP 	grating: autoDraw = False
166.4820 	EXP 	grating_test: autoDraw = True
166.9667 	EXP 	grating_test: autoDraw = False
166.9815 	INFO 	Keyboard events cleared
166.9812 	EXP 	text_2: autoDraw = True
167.2065 	DATA 	Keypress: left
167.2144 	EXP 	grating: autoDraw = False
167.2144 	EXP 	grating_test: autoDraw = False
167.2144 	EXP 	text_2: autoDraw = False
167.2144 	EXP 	grating_test: ori = -1.5
167.2144 	EXP 	grating: autoDraw = True
167.7150 	EXP 	grating: autoDraw = False
167.7992 	EXP 	grating_test: autoDraw = True
168.2983 	EXP 	grating_test: autoDraw = False
168.3037 	INFO 	Keyboard events cleared
168.3034 	EXP 	text_2: autoDraw = True
168.5848 	DATA 	Keypress: left
168.5878 	EXP 	grating: autoDraw = False
168.5878 	EXP 	grating_test: autoDraw = False
168.5878 	EXP 	text_2: autoDraw = False
168.5878 	EXP 	grating_test: ori = 1.5
168.5878 	EXP 	grating: autoDraw = True
169.0858 	EXP 	grating: autoDraw = False
169.1810 	EXP 	grating_test: autoDraw = True
169.6723 	INFO 	Keyboard events cleared
169.6721 	EXP 	grating_test: autoDraw = False
169.6721 	EXP 	text_2: autoDraw = True
169.9541 	DATA 	Keypress: right
169.9644 	EXP 	grating: autoDraw = False
169.9644 	EXP 	grating_test: autoDraw = False
169.9644 	EXP 	text_2: autoDraw = False
169.9644 	EXP 	grating_test: ori = -1.5
169.9644 	EXP 	grating: autoDraw = True
170.4659 	EXP 	grating: autoDraw = False
170.5650 	EXP 	grating_test: autoDraw = True
171.0659 	INFO 	Keyboard events cleared
171.0651 	EXP 	grating_test: autoDraw = False
171.0651 	EXP 	text_2: autoDraw = True
171.3405 	DATA 	Keypress: left
171.3477 	EXP 	grating: autoDraw = False
171.3477 	EXP 	grating_test: autoDraw = False
171.3477 	EXP 	text_2: autoDraw = False
171.3477 	EXP 	grating_test: ori = 1.5
171.3477 	EXP 	grating: autoDraw = True
171.8487 	EXP 	grating: autoDraw = False
171.9360 	EXP 	grating_test: autoDraw = True
172.4487 	INFO 	Keyboard events cleared
172.4484 	EXP 	grating_test: autoDraw = False
172.4484 	EXP 	text_2: autoDraw = True
172.5199 	DATA 	Keypress: right
172.5310 	EXP 	grating: autoDraw = False
172.5310 	EXP 	grating_test: autoDraw = False
172.5310 	EXP 	text_2: autoDraw = False
172.5310 	EXP 	grating_test: ori = -1.0
172.5310 	EXP 	grating: autoDraw = True
173.0178 	EXP 	grating: autoDraw = False
173.1165 	EXP 	grating_test: autoDraw = True
173.6144 	EXP 	grating_test: autoDraw = False
173.6181 	INFO 	Keyboard events cleared
173.6179 	EXP 	text_2: autoDraw = True
173.7515 	DATA 	Keypress: left
173.7541 	EXP 	grating: autoDraw = False
173.7541 	EXP 	grating_test: autoDraw = False
173.7541 	EXP 	text_2: autoDraw = False
173.7541 	EXP 	grating_test: ori = 1.0
173.7541 	EXP 	grating: autoDraw = True
174.2501 	EXP 	grating: autoDraw = False
174.3491 	EXP 	grating_test: autoDraw = True
174.8476 	INFO 	Keyboard events cleared
174.8473 	EXP 	grating_test: autoDraw = False
174.8473 	EXP 	text_2: autoDraw = True
175.1017 	DATA 	Keypress: right
175.1045 	EXP 	grating: autoDraw = False
175.1045 	EXP 	grating_test: autoDraw = False
175.1045 	EXP 	text_2: autoDraw = False
175.1045 	EXP 	grating_test: ori = -1.0
175.1045 	EXP 	grating: autoDraw = True
175.6166 	EXP 	grating: autoDraw = False
175.6978 	EXP 	grating_test: autoDraw = True
176.1998 	INFO 	Keyboard events cleared
176.1992 	EXP 	grating_test: autoDraw = False
176.1992 	EXP 	text_2: autoDraw = True
176.3361 	DATA 	Keypress: left
176.3390 	EXP 	grating: autoDraw = False
176.3390 	EXP 	grating_test: autoDraw = False
176.3390 	EXP 	text_2: autoDraw = False
176.3390 	EXP 	grating_test: ori = -0.5
176.3390 	EXP 	grating: autoDraw = True
176.8490 	EXP 	grating: autoDraw = False
176.9375 	EXP 	grating_test: autoDraw = True
177.4509 	INFO 	Keyboard events cleared
177.4506 	EXP 	grating_test: autoDraw = False
177.4506 	EXP 	text_2: autoDraw = True
177.7568 	DATA 	Keypress: left
177.7644 	EXP 	grating: autoDraw = False
177.7644 	EXP 	grating_test: autoDraw = False
177.7644 	EXP 	text_2: autoDraw = False
177.7644 	EXP 	grating_test: ori = 1.0
177.7644 	EXP 	grating: autoDraw = True
178.2654 	EXP 	grating: autoDraw = False
178.3527 	EXP 	grating_test: autoDraw = True
178.8666 	INFO 	Keyboard events cleared
178.8659 	EXP 	grating_test: autoDraw = False
178.8659 	EXP 	text_2: autoDraw = True
179.0876 	DATA 	Keypress: right
179.0974 	EXP 	grating: autoDraw = False
179.0974 	EXP 	grating_test: autoDraw = False
179.0974 	EXP 	text_2: autoDraw = False
179.0974 	EXP 	grating_test: ori = 0.5
179.0974 	EXP 	grating: autoDraw = True
179.5833 	EXP 	grating: autoDraw = False
179.6984 	EXP 	grating_test: autoDraw = True
180.1991 	INFO 	Keyboard events cleared
180.1983 	EXP 	grating_test: autoDraw = False
180.1983 	EXP 	text_2: autoDraw = True
180.5873 	DATA 	Keypress: right
180.5981 	EXP 	grating: autoDraw = False
180.5981 	EXP 	grating_test: autoDraw = False
180.5981 	EXP 	text_2: autoDraw = False
180.5981 	EXP 	grating_test: ori = -0.5
180.5981 	EXP 	grating: autoDraw = True
181.0833 	EXP 	grating: autoDraw = False
181.1882 	EXP 	grating_test: autoDraw = True
181.6994 	INFO 	Keyboard events cleared
181.6992 	EXP 	grating_test: autoDraw = False
181.6992 	EXP 	text_2: autoDraw = True
181.9339 	DATA 	Keypress: left
181.9368 	EXP 	grating: autoDraw = False
181.9368 	EXP 	grating_test: autoDraw = False
181.9368 	EXP 	text_2: autoDraw = False
181.9369 	EXP 	05-adaptive-methods: status = STOPPED
181.9635 	INFO 	saved data to '/Users/kbonnen/Library/CloudStorage/OneDrive-IndianaUniversity/Courses/V768-Measuring-Perception/V768-Psychophysics-labs/05-adaptive-methods/adaptive-methods/data/demo_05-adaptive-methods_2025-02-12_23h35.24.629.csv'
181.9651 	INFO 	saved data to /Users/kbonnen/Library/CloudStorage/OneDrive-IndianaUniversity/Courses/V768-Measuring-Perception/V768-Psychophysics-labs/05-adaptive-methods/adaptive-methods/data/demo_05-adaptive-methods_2025-02-12_23h35.24.629.psydat
181.9676 	WARNING 	Multiple dropped frames have occurred - I'll stop bothering you about them!
