6.0095 	INFO 	Loaded monitor calibration from ['2023_05_12 15:00']
6.0196 	WARNING 	User requested fullscreen with size [1024  768], but screen is actually [1512, 982]. Using actual size
6.1714 	EXP 	Created window1 = Window(allowGUI=False, allowStencil=False, autoLog=True, backendConf=UNKNOWN, backgroundFit=<method-wrapper '__getattribute__' of attributeSetter object at 0x7fa752ffe970>, backgroundImage=<method-wrapper '__getattribute__' of attributeSetter object at 0x7fa752ffe880>, bitsMode=UNKNOWN, blendMode='avg', bpc=(8, 8, 8), color=array([0, 0, 0]), colorSpace='rgb', depthBits=8, fullscr=True, gamma=None, gammaErrorPolicy='raise', infoMsg=UNKNOWN, lms=UNKNOWN, monitor=<psychopy.monitors.calibTools.Monitor object at 0x7fa752e37430>, multiSample=False, name='window1', numSamples=2, pos=[0.0, 0.0], screen=0, size=array([3024, 1964]), stencilBits=0, stereo=False, title='PsychoPy', units='height', useFBO=True, useRetina=True, viewOri=0.0, viewPos=None, viewScale=None, waitBlanking=True, winType='pyglet')
6.1714 	EXP 	window1: backgroundImage = ''
6.1715 	EXP 	window1: backgroundFit = 'none'
6.2143 	EXP 	window1: Attempting to measure frame rate of screen (0) ...
6.2143 	EXP 	window1: recordFrameIntervals = False
6.3290 	EXP 	window1: recordFrameIntervals = True
7.1631 	WARNING 	Couldn't measure a consistent frame rate!
  - Is your graphics card set to sync to vertical blank?
  - Are you running other processes on your computer?

8.8479 	INFO 	keyboard.Keyboard is using iohub backend.
8.8479 	INFO 	keyboard.Keyboard is using iohub backend.
8.8479 	INFO 	keyboard.Keyboard is using iohub backend.
8.8479 	EXP 	05-adaptive-methods: status = STARTED
8.8844 	EXP 	Created text = TextStim(__class__=<class 'psychopy.visual.text.TextStim'>, alignHoriz=method-wrapper(...), alignText='center', alignVert=method-wrapper(...), anchorHoriz='center', anchorVert='center', antialias=True, autoDraw=False, autoLog=True, bold=False, color=array([1., 1., 1.]), colorSpace='rgb', contrast=1.0, depth=-1.0, draggable=False, flipHoriz=False, flipVert=False, font='Arial', fontFiles=[], height=0.05, italic=False, languageStyle='LTR', name='text', opacity=1, ori=0.0, pos=array([0., 0.]), rgb=UNKNOWN, text=str(...), units='height', win=Window(...), wrapWidth=1)
8.8865 	EXP 	Created grating = GratingStim(__class__=<class 'psychopy.visual.grating.GratingStim'>, anchor='center', autoDraw=False, autoLog=True, blendmode='avg', color=array([1., 1., 1.]), colorSpace='rgb', contrast=1.0, depth=-1.0, draggable=False, interpolate=True, mask='gauss', maskParams=None, name='grating', opacity=1, ori=0.0, phase=array([0., 0.]), pos=array([0., 0.]), rgbPedestal=array([0., 0., 0.]), sf=array([2., 2.]), size=array([0.2, 0.2]), tex='sin', texRes=128.0, units='height', win=Window(...))
8.8880 	EXP 	Created grating_test = GratingStim(__class__=<class 'psychopy.visual.grating.GratingStim'>, anchor='center', autoDraw=False, autoLog=True, blendmode='avg', color=array([1., 1., 1.]), colorSpace='rgb', contrast=1.0, depth=-2.0, draggable=False, interpolate=True, mask='gauss', maskParams=None, name='grating_test', opacity=1, ori=1.0, phase=array([0., 0.]), pos=array([0., 0.]), rgbPedestal=array([0., 0., 0.]), sf=array([2., 2.]), size=array([0.2, 0.2]), tex='sin', texRes=128.0, units='height', win=Window(...))
8.8896 	EXP 	Created text_2 = TextStim(__class__=<class 'psychopy.visual.text.TextStim'>, alignHoriz=method-wrapper(...), alignText='center', alignVert=method-wrapper(...), anchorHoriz='center', anchorVert='center', antialias=True, autoDraw=False, autoLog=True, bold=False, color=array([-1.        ,  0.00392157, -1.        ]), colorSpace='rgb', contrast=1.0, depth=-5.0, draggable=False, flipHoriz=False, flipVert=False, font='Arial', fontFiles=[], height=0.05, italic=False, languageStyle='LTR', name='text_2', opacity=1, ori=0.0, pos=array([0., 0.]), rgb=UNKNOWN, text='+', units='height', win=Window(...), wrapWidth=1)
0.0232 	INFO 	Keyboard events cleared
0.0230 	EXP 	text: autoDraw = True
0.8278 	EXP 	Imported staircase_parameters.xlsx as conditions, 4 conditions, 10 params
0.9272 	WARNING 	Increasing number of minimum required reversals to the number of step sizes, (1).
0.9274 	WARNING 	Increasing number of minimum required reversals to the number of step sizes, (1).
0.9323 	DATA 	Keypress: space
0.9345 	WARNING 	t of last frame was 241.84ms (=1/4)
0.9345 	EXP 	text: autoDraw = False
0.9345 	EXP 	grating_test: ori = 10.0
0.9345 	EXP 	grating: autoDraw = True
0.9345 	EXP 	grating: tex = 'sin'
1.3120 	EXP 	grating_test: autoDraw = True
1.3120 	EXP 	grating_test: tex = 'sin'
1.4255 	EXP 	grating: autoDraw = False
1.8130 	INFO 	Keyboard events cleared
1.8127 	EXP 	grating_test: autoDraw = False
1.8127 	EXP 	text_2: autoDraw = True
2.2105 	DATA 	Keypress: right
2.2134 	EXP 	grating: autoDraw = False
2.2134 	EXP 	grating_test: autoDraw = False
2.2134 	EXP 	text_2: autoDraw = False
2.2134 	EXP 	grating_test: ori = 15.0
2.2134 	EXP 	grating: autoDraw = True
2.7248 	EXP 	grating: autoDraw = False
2.8077 	EXP 	grating_test: autoDraw = True
3.3092 	INFO 	Keyboard events cleared
3.3089 	EXP 	grating_test: autoDraw = False
3.3089 	EXP 	text_2: autoDraw = True
3.7197 	DATA 	Keypress: right
3.7225 	EXP 	grating: autoDraw = False
3.7225 	EXP 	grating_test: autoDraw = False
3.7225 	EXP 	text_2: autoDraw = False
3.7225 	EXP 	grating_test: ori = -15.0
3.7225 	EXP 	grating: autoDraw = True
4.2091 	EXP 	grating: autoDraw = False
4.3068 	EXP 	grating_test: autoDraw = True
4.7925 	EXP 	grating_test: autoDraw = False
4.8071 	INFO 	Keyboard events cleared
4.8068 	EXP 	text_2: autoDraw = True
5.0939 	DATA 	Keypress: left
5.0968 	EXP 	grating: autoDraw = False
5.0968 	EXP 	grating_test: autoDraw = False
5.0968 	EXP 	text_2: autoDraw = False
5.0968 	EXP 	grating_test: ori = -10.0
5.0968 	EXP 	grating: autoDraw = True
5.6078 	EXP 	grating: autoDraw = False
5.6926 	EXP 	grating_test: autoDraw = True
6.1904 	INFO 	Keyboard events cleared
6.1901 	EXP 	grating_test: autoDraw = False
6.1901 	EXP 	text_2: autoDraw = True
6.5444 	DATA 	Keypress: left
6.5473 	EXP 	grating: autoDraw = False
6.5473 	EXP 	grating_test: autoDraw = False
6.5473 	EXP 	text_2: autoDraw = False
6.5473 	EXP 	grating_test: ori = 15.0
6.5473 	EXP 	grating: autoDraw = True
7.0580 	EXP 	grating: autoDraw = False
7.1401 	EXP 	grating_test: autoDraw = True
7.6256 	EXP 	grating_test: autoDraw = False
7.6404 	INFO 	Keyboard events cleared
7.6401 	EXP 	text_2: autoDraw = True
7.8434 	DATA 	Keypress: right
7.8464 	EXP 	grating: autoDraw = False
7.8464 	EXP 	grating_test: autoDraw = False
7.8464 	EXP 	text_2: autoDraw = False
7.8464 	EXP 	grating_test: ori = -15.0
7.8464 	EXP 	grating: autoDraw = True
8.0807 	WARNING 	t of last frame was 20.43ms (=1/48)
8.3446 	EXP 	grating: autoDraw = False
8.4425 	EXP 	grating_test: autoDraw = True
8.9265 	INFO 	Keyboard events cleared
8.9261 	EXP 	text_2: autoDraw = True
8.9401 	EXP 	grating_test: autoDraw = False
9.1773 	DATA 	Keypress: left
9.1802 	EXP 	grating: autoDraw = False
9.1802 	EXP 	grating_test: autoDraw = False
9.1802 	EXP 	text_2: autoDraw = False
9.1802 	EXP 	grating_test: ori = -8.0
9.1802 	EXP 	grating: autoDraw = True
9.6770 	EXP 	grating: autoDraw = False
9.7734 	EXP 	grating_test: autoDraw = True
10.2592 	EXP 	grating_test: autoDraw = False
10.2738 	INFO 	Keyboard events cleared
10.2735 	EXP 	text_2: autoDraw = True
10.5106 	DATA 	Keypress: left
10.5130 	EXP 	grating: autoDraw = False
10.5130 	EXP 	grating_test: autoDraw = False
10.5130 	EXP 	text_2: autoDraw = False
10.5130 	EXP 	grating_test: ori = 8.0
10.5130 	EXP 	grating: autoDraw = True
11.0125 	EXP 	grating: autoDraw = False
11.1074 	EXP 	grating_test: autoDraw = True
11.6082 	INFO 	Keyboard events cleared
11.6078 	EXP 	grating_test: autoDraw = False
11.6078 	EXP 	text_2: autoDraw = True
11.9439 	DATA 	Keypress: right
11.9468 	EXP 	grating: autoDraw = False
11.9468 	EXP 	grating_test: autoDraw = False
11.9468 	EXP 	text_2: autoDraw = False
11.9468 	EXP 	grating_test: ori = -15.0
11.9468 	EXP 	grating: autoDraw = True
12.4578 	EXP 	grating: autoDraw = False
12.5405 	EXP 	grating_test: autoDraw = True
13.0257 	EXP 	grating_test: autoDraw = False
13.0411 	INFO 	Keyboard events cleared
13.0400 	EXP 	text_2: autoDraw = True
13.3938 	DATA 	Keypress: left
13.3966 	EXP 	grating: autoDraw = False
13.3966 	EXP 	grating_test: autoDraw = False
13.3966 	EXP 	text_2: autoDraw = False
13.3966 	EXP 	grating_test: ori = -6.0
13.3966 	EXP 	grating: autoDraw = True
13.9069 	EXP 	grating: autoDraw = False
13.9909 	EXP 	grating_test: autoDraw = True
14.4759 	EXP 	grating_test: autoDraw = False
14.4903 	INFO 	Keyboard events cleared
14.4900 	EXP 	text_2: autoDraw = True
14.7270 	DATA 	Keypress: left
14.7299 	EXP 	grating: autoDraw = False
14.7299 	EXP 	grating_test: autoDraw = False
14.7299 	EXP 	text_2: autoDraw = False
14.7299 	EXP 	grating_test: ori = 15.0
14.7299 	EXP 	grating: autoDraw = True
15.2253 	EXP 	grating: autoDraw = False
15.3259 	EXP 	grating_test: autoDraw = True
15.8249 	INFO 	Keyboard events cleared
15.8241 	EXP 	grating_test: autoDraw = False
15.8241 	EXP 	text_2: autoDraw = True
16.0955 	DATA 	Keypress: right
16.1067 	EXP 	grating: autoDraw = False
16.1067 	EXP 	grating_test: autoDraw = False
16.1067 	EXP 	text_2: autoDraw = False
16.1067 	EXP 	grating_test: ori = 6.0
16.1067 	EXP 	grating: autoDraw = True
16.6076 	EXP 	grating: autoDraw = False
16.7094 	EXP 	grating_test: autoDraw = True
17.2081 	INFO 	Keyboard events cleared
17.2075 	EXP 	text_2: autoDraw = True
17.2266 	EXP 	grating_test: autoDraw = False
17.4816 	DATA 	Keypress: right
17.4901 	EXP 	grating: autoDraw = False
17.4901 	EXP 	grating_test: autoDraw = False
17.4901 	EXP 	text_2: autoDraw = False
17.4901 	EXP 	grating_test: ori = 4.0
17.4901 	EXP 	grating: autoDraw = True
17.9765 	EXP 	grating: autoDraw = False
18.0769 	EXP 	grating_test: autoDraw = True
18.5734 	EXP 	grating_test: autoDraw = False
18.5763 	INFO 	Keyboard events cleared
18.5761 	EXP 	text_2: autoDraw = True
18.8963 	DATA 	Keypress: right
18.9068 	EXP 	grating: autoDraw = False
18.9068 	EXP 	grating_test: autoDraw = False
18.9068 	EXP 	text_2: autoDraw = False
18.9068 	EXP 	grating_test: ori = -4.0
18.9068 	EXP 	grating: autoDraw = True
19.4078 	EXP 	grating: autoDraw = False
19.4934 	EXP 	grating_test: autoDraw = True
19.9903 	INFO 	Keyboard events cleared
19.9900 	EXP 	grating_test: autoDraw = False
19.9900 	EXP 	text_2: autoDraw = True
20.2793 	DATA 	Keypress: left
20.2899 	EXP 	grating: autoDraw = False
20.2899 	EXP 	grating_test: autoDraw = False
20.2899 	EXP 	text_2: autoDraw = False
20.2899 	EXP 	grating_test: ori = -15.0
20.2899 	EXP 	grating: autoDraw = True
20.7758 	EXP 	grating: autoDraw = False
20.8763 	EXP 	grating_test: autoDraw = True
21.3907 	INFO 	Keyboard events cleared
21.3901 	EXP 	grating_test: autoDraw = False
21.3901 	EXP 	text_2: autoDraw = True
21.6448 	EXP 	grating: autoDraw = False
21.6448 	EXP 	grating_test: autoDraw = False
21.6448 	EXP 	text_2: autoDraw = False
21.6448 	EXP 	grating_test: ori = 15.0
21.6448 	EXP 	grating: autoDraw = True
21.6465 	DATA 	Keypress: left
22.1425 	EXP 	grating: autoDraw = False
22.2407 	EXP 	grating_test: autoDraw = True
22.7257 	EXP 	grating_test: autoDraw = False
22.7403 	INFO 	Keyboard events cleared
22.7400 	EXP 	text_2: autoDraw = True
23.0104 	DATA 	Keypress: right
23.0133 	EXP 	grating: autoDraw = False
23.0133 	EXP 	grating_test: autoDraw = False
23.0133 	EXP 	text_2: autoDraw = False
23.0133 	EXP 	grating_test: ori = -15.0
23.0133 	EXP 	grating: autoDraw = True
23.5088 	EXP 	grating: autoDraw = False
23.6075 	EXP 	grating_test: autoDraw = True
24.0923 	EXP 	grating_test: autoDraw = False
24.1070 	INFO 	Keyboard events cleared
24.1067 	EXP 	text_2: autoDraw = True
24.3782 	DATA 	Keypress: left
24.3890 	EXP 	grating: autoDraw = False
24.3890 	EXP 	grating_test: autoDraw = False
24.3890 	EXP 	text_2: autoDraw = False
24.3890 	EXP 	grating_test: ori = -2.0
24.3890 	EXP 	grating: autoDraw = True
24.8817 	EXP 	grating: autoDraw = False
24.9769 	EXP 	grating_test: autoDraw = True
25.4737 	INFO 	Keyboard events cleared
25.4734 	EXP 	grating_test: autoDraw = False
25.4734 	EXP 	text_2: autoDraw = True
26.0605 	DATA 	Keypress: right
26.0635 	EXP 	grating: autoDraw = False
26.0635 	EXP 	grating_test: autoDraw = False
26.0635 	EXP 	text_2: autoDraw = False
26.0635 	EXP 	grating_test: ori = 2.0
26.0635 	EXP 	grating: autoDraw = True
26.5650 	EXP 	grating: autoDraw = False
26.6581 	EXP 	grating_test: autoDraw = True
27.1579 	INFO 	Keyboard events cleared
27.1573 	EXP 	grating_test: autoDraw = False
27.1573 	EXP 	text_2: autoDraw = True
27.3281 	DATA 	Keypress: right
27.3307 	EXP 	grating: autoDraw = False
27.3307 	EXP 	grating_test: autoDraw = False
27.3307 	EXP 	text_2: autoDraw = False
27.3307 	EXP 	grating_test: ori = 15.0
27.3307 	EXP 	grating: autoDraw = True
27.6805 	WARNING 	t of last frame was 20.39ms (=1/49)
27.8255 	EXP 	grating: autoDraw = False
27.9240 	EXP 	grating_test: autoDraw = True
28.4091 	EXP 	grating_test: autoDraw = False
28.4237 	INFO 	Keyboard events cleared
28.4234 	EXP 	text_2: autoDraw = True
28.5966 	DATA 	Keypress: right
28.6068 	EXP 	grating: autoDraw = False
28.6068 	EXP 	grating_test: autoDraw = False
28.6068 	EXP 	text_2: autoDraw = False
28.6068 	EXP 	grating_test: ori = -15.0
28.6068 	EXP 	grating: autoDraw = True
29.1090 	EXP 	grating: autoDraw = False
29.1938 	EXP 	grating_test: autoDraw = True
29.6928 	INFO 	Keyboard events cleared
29.6925 	EXP 	grating_test: autoDraw = False
29.6925 	EXP 	text_2: autoDraw = True
30.7797 	DATA 	Keypress: left
30.7895 	EXP 	grating: autoDraw = False
30.7895 	EXP 	grating_test: autoDraw = False
30.7895 	EXP 	text_2: autoDraw = False
30.7895 	EXP 	grating_test: ori = 0.0
30.7895 	EXP 	grating: autoDraw = True
31.2755 	EXP 	grating: autoDraw = False
31.3771 	EXP 	grating_test: autoDraw = True
31.8913 	INFO 	Keyboard events cleared
31.8910 	EXP 	grating_test: autoDraw = False
31.8910 	EXP 	text_2: autoDraw = True
32.5801 	DATA 	Keypress: left
32.5901 	EXP 	grating: autoDraw = False
32.5901 	EXP 	grating_test: autoDraw = False
32.5901 	EXP 	text_2: autoDraw = False
32.5901 	EXP 	grating_test: ori = 15.0
32.5901 	EXP 	grating: autoDraw = True
33.0927 	EXP 	grating: autoDraw = False
33.1916 	EXP 	grating_test: autoDraw = True
33.6918 	INFO 	Keyboard events cleared
33.6915 	EXP 	grating_test: autoDraw = False
33.6915 	EXP 	text_2: autoDraw = True
33.7127 	DATA 	Keypress: right
33.7238 	EXP 	grating: autoDraw = False
33.7238 	EXP 	grating_test: autoDraw = False
33.7238 	EXP 	text_2: autoDraw = False
33.7238 	EXP 	grating_test: ori = -2.5
33.7238 	EXP 	grating: autoDraw = True
34.2238 	EXP 	grating: autoDraw = False
34.3117 	EXP 	grating_test: autoDraw = True
34.8261 	INFO 	Keyboard events cleared
34.8258 	EXP 	grating_test: autoDraw = False
34.8258 	EXP 	text_2: autoDraw = True
35.0954 	DATA 	Keypress: left
35.1067 	EXP 	grating: autoDraw = False
35.1067 	EXP 	grating_test: autoDraw = False
35.1067 	EXP 	text_2: autoDraw = False
35.1067 	EXP 	grating_test: ori = 0.0
35.1067 	EXP 	grating: autoDraw = True
35.5922 	EXP 	grating: autoDraw = False
35.6939 	EXP 	grating_test: autoDraw = True
36.1928 	INFO 	Keyboard events cleared
36.1925 	EXP 	grating_test: autoDraw = False
36.1925 	EXP 	text_2: autoDraw = True
36.4773 	DATA 	Keypress: right
36.4803 	EXP 	grating: autoDraw = False
36.4803 	EXP 	grating_test: autoDraw = False
36.4803 	EXP 	text_2: autoDraw = False
36.4803 	EXP 	grating_test: ori = -2.5
36.4803 	EXP 	grating: autoDraw = True
36.9755 	EXP 	grating: autoDraw = False
37.0734 	EXP 	grating_test: autoDraw = True
37.5618 	EXP 	grating_test: autoDraw = False
37.5737 	INFO 	Keyboard events cleared
37.5734 	EXP 	text_2: autoDraw = True
37.7934 	DATA 	Keypress: left
37.7963 	EXP 	grating: autoDraw = False
37.7963 	EXP 	grating_test: autoDraw = False
37.7963 	EXP 	text_2: autoDraw = False
37.7963 	EXP 	grating_test: ori = -15.0
37.7963 	EXP 	grating: autoDraw = True
38.2931 	EXP 	grating: autoDraw = False
38.3901 	EXP 	grating_test: autoDraw = True
38.8801 	EXP 	grating_test: autoDraw = False
38.8903 	INFO 	Keyboard events cleared
38.8901 	EXP 	text_2: autoDraw = True
39.0606 	DATA 	Keypress: left
39.0635 	EXP 	grating: autoDraw = False
39.0635 	EXP 	grating_test: autoDraw = False
39.0635 	EXP 	text_2: autoDraw = False
39.0635 	EXP 	grating_test: ori = 15.0
39.0635 	EXP 	grating: autoDraw = True
39.5591 	EXP 	grating: autoDraw = False
39.6582 	EXP 	grating_test: autoDraw = True
40.1571 	INFO 	Keyboard events cleared
40.1568 	EXP 	grating_test: autoDraw = False
40.1568 	EXP 	text_2: autoDraw = True
40.3776 	DATA 	Keypress: right
40.3903 	EXP 	grating: autoDraw = False
40.3903 	EXP 	grating_test: autoDraw = False
40.3903 	EXP 	text_2: autoDraw = False
40.3903 	EXP 	grating_test: ori = -2.0
40.3903 	EXP 	grating: autoDraw = True
40.8913 	EXP 	grating: autoDraw = False
40.9912 	EXP 	grating_test: autoDraw = True
41.4754 	INFO 	Keyboard events cleared
41.4749 	EXP 	text_2: autoDraw = True
41.4918 	EXP 	grating_test: autoDraw = False
41.6625 	DATA 	Keypress: right
41.6735 	EXP 	grating: autoDraw = False
41.6735 	EXP 	grating_test: autoDraw = False
41.6735 	EXP 	text_2: autoDraw = False
41.6735 	EXP 	grating_test: ori = 0.5
41.6735 	EXP 	grating: autoDraw = True
42.1591 	EXP 	grating: autoDraw = False
42.2568 	EXP 	grating_test: autoDraw = True
42.7447 	EXP 	grating_test: autoDraw = False
42.7565 	INFO 	Keyboard events cleared
42.7563 	EXP 	text_2: autoDraw = True
42.8266 	DATA 	Keypress: left
42.8294 	EXP 	grating: autoDraw = False
42.8294 	EXP 	grating_test: autoDraw = False
42.8294 	EXP 	text_2: autoDraw = False
42.8294 	EXP 	grating_test: ori = -2.5
42.8294 	EXP 	grating: autoDraw = True
43.3260 	EXP 	grating: autoDraw = False
43.4234 	EXP 	grating_test: autoDraw = True
43.9127 	INFO 	Keyboard events cleared
43.9123 	EXP 	grating_test: autoDraw = False
43.9123 	EXP 	text_2: autoDraw = True
44.2101 	DATA 	Keypress: right
44.2130 	EXP 	grating: autoDraw = False
44.2130 	EXP 	grating_test: autoDraw = False
44.2130 	EXP 	text_2: autoDraw = False
44.2130 	EXP 	grating_test: ori = 1.0
44.2130 	EXP 	grating: autoDraw = True
44.7090 	EXP 	grating: autoDraw = False
44.8081 	EXP 	grating_test: autoDraw = True
45.3082 	INFO 	Keyboard events cleared
45.3074 	EXP 	grating_test: autoDraw = False
45.3074 	EXP 	text_2: autoDraw = True
45.7771 	DATA 	Keypress: left
45.7799 	EXP 	grating: autoDraw = False
45.7799 	EXP 	grating_test: autoDraw = False
45.7799 	EXP 	text_2: autoDraw = False
45.7799 	EXP 	grating_test: ori = 1.5
45.7799 	EXP 	grating: autoDraw = True
46.2781 	EXP 	grating: autoDraw = False
46.3751 	EXP 	grating_test: autoDraw = True
46.8795 	INFO 	Keyboard events cleared
46.8792 	EXP 	grating_test: autoDraw = False
46.8792 	EXP 	text_2: autoDraw = True
46.9772 	DATA 	Keypress: right
46.9797 	EXP 	grating: autoDraw = False
46.9797 	EXP 	grating_test: autoDraw = False
46.9797 	EXP 	text_2: autoDraw = False
46.9797 	EXP 	grating_test: ori = -3.0
46.9797 	EXP 	grating: autoDraw = True
47.4765 	EXP 	grating: autoDraw = False
47.5734 	EXP 	grating_test: autoDraw = True
48.0750 	INFO 	Keyboard events cleared
48.0744 	EXP 	grating_test: autoDraw = False
48.0744 	EXP 	text_2: autoDraw = True
48.2270 	DATA 	Keypress: left
48.2299 	EXP 	grating: autoDraw = False
48.2299 	EXP 	grating_test: autoDraw = False
48.2299 	EXP 	text_2: autoDraw = False
48.2299 	EXP 	grating_test: ori = -3.0
48.2299 	EXP 	grating: autoDraw = True
48.7413 	EXP 	grating: autoDraw = False
48.8235 	EXP 	grating_test: autoDraw = True
49.3090 	EXP 	grating_test: autoDraw = False
49.3237 	INFO 	Keyboard events cleared
49.3234 	EXP 	text_2: autoDraw = True
49.4451 	DATA 	Keypress: left
49.4571 	EXP 	grating: autoDraw = False
49.4571 	EXP 	grating_test: autoDraw = False
49.4571 	EXP 	text_2: autoDraw = False
49.4571 	EXP 	grating_test: ori = 1.5
49.4571 	EXP 	grating: autoDraw = True
49.9426 	EXP 	grating: autoDraw = False
50.0578 	EXP 	grating_test: autoDraw = True
50.5593 	INFO 	Keyboard events cleared
50.5590 	EXP 	grating_test: autoDraw = False
50.5590 	EXP 	text_2: autoDraw = True
50.8292 	DATA 	Keypress: left
50.8320 	EXP 	grating: autoDraw = False
50.8320 	EXP 	grating_test: autoDraw = False
50.8320 	EXP 	text_2: autoDraw = False
50.8320 	EXP 	grating_test: ori = 2.0
50.8320 	EXP 	grating: autoDraw = True
51.3260 	EXP 	grating: autoDraw = False
51.4249 	EXP 	grating_test: autoDraw = True
51.9248 	EXP 	grating_test: autoDraw = False
51.9419 	INFO 	Keyboard events cleared
51.9413 	EXP 	text_2: autoDraw = True
52.0962 	DATA 	Keypress: right
52.1071 	EXP 	grating: autoDraw = False
52.1071 	EXP 	grating_test: autoDraw = False
52.1071 	EXP 	text_2: autoDraw = False
52.1071 	EXP 	grating_test: ori = -2.5
52.1071 	EXP 	grating: autoDraw = True
52.6080 	EXP 	grating: autoDraw = False
52.7076 	EXP 	grating_test: autoDraw = True
53.1978 	INFO 	Keyboard events cleared
53.1975 	EXP 	grating_test: autoDraw = False
53.1975 	EXP 	text_2: autoDraw = True
53.5774 	DATA 	Keypress: left
53.5804 	EXP 	grating: autoDraw = False
53.5804 	EXP 	grating_test: autoDraw = False
53.5804 	EXP 	text_2: autoDraw = False
53.5804 	EXP 	grating_test: ori = 2.0
53.5804 	EXP 	grating: autoDraw = True
54.0778 	EXP 	grating: autoDraw = False
54.1741 	EXP 	grating_test: autoDraw = True
54.6593 	EXP 	grating_test: autoDraw = False
54.6736 	INFO 	Keyboard events cleared
54.6734 	EXP 	text_2: autoDraw = True
54.8283 	DATA 	Keypress: right
54.8311 	EXP 	grating: autoDraw = False
54.8311 	EXP 	grating_test: autoDraw = False
54.8311 	EXP 	text_2: autoDraw = False
54.8311 	EXP 	grating_test: ori = -2.5
54.8311 	EXP 	grating: autoDraw = True
55.3413 	EXP 	grating: autoDraw = False
55.4246 	EXP 	grating_test: autoDraw = True
55.9243 	INFO 	Keyboard events cleared
55.9235 	EXP 	grating_test: autoDraw = False
55.9235 	EXP 	text_2: autoDraw = True
56.5281 	DATA 	Keypress: left
56.5404 	EXP 	grating: autoDraw = False
56.5404 	EXP 	grating_test: autoDraw = False
56.5404 	EXP 	text_2: autoDraw = False
56.5404 	EXP 	grating_test: ori = -2.0
56.5404 	EXP 	grating: autoDraw = True
57.0402 	EXP 	grating: autoDraw = False
57.1244 	EXP 	grating_test: autoDraw = True
57.6245 	EXP 	grating_test: autoDraw = False
57.6414 	INFO 	Keyboard events cleared
57.6411 	EXP 	text_2: autoDraw = True
58.0777 	DATA 	Keypress: right
58.0808 	EXP 	grating: autoDraw = False
58.0808 	EXP 	grating_test: autoDraw = False
58.0808 	EXP 	text_2: autoDraw = False
58.0808 	EXP 	grating_test: ori = 1.5
58.0808 	EXP 	grating: autoDraw = True
58.5780 	EXP 	grating: autoDraw = False
58.6767 	EXP 	grating_test: autoDraw = True
59.1739 	INFO 	Keyboard events cleared
59.1735 	EXP 	grating_test: autoDraw = False
59.1735 	EXP 	text_2: autoDraw = True
59.4272 	DATA 	Keypress: right
59.4300 	EXP 	grating: autoDraw = False
59.4300 	EXP 	grating_test: autoDraw = False
59.4300 	EXP 	text_2: autoDraw = False
59.4300 	EXP 	grating_test: ori = -2.5
59.4300 	EXP 	grating: autoDraw = True
59.9408 	EXP 	grating: autoDraw = False
60.0131 	EXP 	grating_test: autoDraw = True
60.5252 	INFO 	Keyboard events cleared
60.5249 	EXP 	grating_test: autoDraw = False
60.5249 	EXP 	text_2: autoDraw = True
60.8439 	DATA 	Keypress: left
60.8469 	EXP 	grating: autoDraw = False
60.8469 	EXP 	grating_test: autoDraw = False
60.8469 	EXP 	text_2: autoDraw = False
60.8469 	EXP 	grating_test: ori = 1.5
60.8469 	EXP 	grating: autoDraw = True
61.3425 	EXP 	grating: autoDraw = False
61.4402 	EXP 	grating_test: autoDraw = True
61.9257 	EXP 	grating_test: autoDraw = False
61.9403 	INFO 	Keyboard events cleared
61.9401 	EXP 	text_2: autoDraw = True
62.1778 	DATA 	Keypress: right
62.1809 	EXP 	grating: autoDraw = False
62.1809 	EXP 	grating_test: autoDraw = False
62.1809 	EXP 	text_2: autoDraw = False
62.1809 	EXP 	grating_test: ori = 1.0
62.1809 	EXP 	grating: autoDraw = True
62.6907 	EXP 	grating: autoDraw = False
62.7752 	EXP 	grating_test: autoDraw = True
63.2751 	INFO 	Keyboard events cleared
63.2745 	EXP 	grating_test: autoDraw = False
63.2745 	EXP 	text_2: autoDraw = True
63.4798 	DATA 	Keypress: right
63.4946 	EXP 	grating: autoDraw = False
63.4946 	EXP 	grating_test: autoDraw = False
63.4946 	EXP 	text_2: autoDraw = False
63.4946 	EXP 	grating_test: ori = -2.5
63.4946 	EXP 	grating: autoDraw = True
63.9901 	EXP 	grating: autoDraw = False
64.0802 	EXP 	grating_test: autoDraw = True
64.5916 	INFO 	Keyboard events cleared
64.5908 	EXP 	grating_test: autoDraw = False
64.5908 	EXP 	text_2: autoDraw = True
64.7469 	DATA 	Keypress: left
64.7567 	EXP 	grating: autoDraw = False
64.7567 	EXP 	grating_test: autoDraw = False
64.7567 	EXP 	text_2: autoDraw = False
64.7567 	EXP 	grating_test: ori = -2.0
64.7567 	EXP 	grating: autoDraw = True
65.2423 	EXP 	grating: autoDraw = False
65.3459 	EXP 	grating_test: autoDraw = True
65.8425 	INFO 	Keyboard events cleared
65.8423 	EXP 	grating_test: autoDraw = False
65.8423 	EXP 	text_2: autoDraw = True
66.1293 	DATA 	Keypress: left
66.1406 	EXP 	grating: autoDraw = False
66.1406 	EXP 	grating_test: autoDraw = False
66.1406 	EXP 	text_2: autoDraw = False
66.1406 	EXP 	grating_test: ori = 1.0
66.1406 	EXP 	grating: autoDraw = True
66.6406 	EXP 	grating: autoDraw = False
66.7234 	EXP 	grating_test: autoDraw = True
67.2108 	EXP 	grating_test: autoDraw = False
67.2243 	INFO 	Keyboard events cleared
67.2235 	EXP 	text_2: autoDraw = True
67.3324 	DATA 	Keypress: right
67.3400 	EXP 	grating: autoDraw = False
67.3400 	EXP 	grating_test: autoDraw = False
67.3400 	EXP 	text_2: autoDraw = False
67.3400 	EXP 	grating_test: ori = -2.0
67.3400 	EXP 	grating: autoDraw = True
67.8291 	EXP 	grating: autoDraw = False
67.9410 	EXP 	grating_test: autoDraw = True
68.4429 	INFO 	Keyboard events cleared
68.4426 	EXP 	grating_test: autoDraw = False
68.4426 	EXP 	text_2: autoDraw = True
68.6435 	DATA 	Keypress: left
68.6464 	EXP 	grating: autoDraw = False
68.6464 	EXP 	grating_test: autoDraw = False
68.6464 	EXP 	text_2: autoDraw = False
68.6464 	EXP 	grating_test: ori = 0.5
68.6464 	EXP 	grating: autoDraw = True
69.1401 	EXP 	grating: autoDraw = False
69.2400 	EXP 	grating_test: autoDraw = True
69.7256 	EXP 	grating_test: autoDraw = False
69.7403 	INFO 	Keyboard events cleared
69.7400 	EXP 	text_2: autoDraw = True
69.9627 	DATA 	Keypress: left
69.9737 	EXP 	grating: autoDraw = False
69.9737 	EXP 	grating_test: autoDraw = False
69.9737 	EXP 	text_2: autoDraw = False
69.9737 	EXP 	grating_test: ori = -1.5
69.9737 	EXP 	grating: autoDraw = True
70.4747 	EXP 	grating: autoDraw = False
70.5572 	EXP 	grating_test: autoDraw = True
71.0427 	EXP 	grating_test: autoDraw = False
71.0629 	INFO 	Keyboard events cleared
71.0626 	EXP 	text_2: autoDraw = True
71.3663 	DATA 	Keypress: right
71.3729 	EXP 	grating: autoDraw = False
71.3729 	EXP 	grating_test: autoDraw = False
71.3729 	EXP 	text_2: autoDraw = False
71.3729 	EXP 	grating_test: ori = 1.0
71.3729 	EXP 	grating: autoDraw = True
71.8589 	EXP 	grating: autoDraw = False
71.9746 	EXP 	grating_test: autoDraw = True
72.4610 	INFO 	Keyboard events cleared
72.4606 	EXP 	grating_test: autoDraw = False
72.4606 	EXP 	text_2: autoDraw = True
72.7310 	DATA 	Keypress: right
72.7401 	EXP 	grating: autoDraw = False
72.7401 	EXP 	grating_test: autoDraw = False
72.7401 	EXP 	text_2: autoDraw = False
72.7401 	EXP 	grating_test: ori = 1.0
72.7401 	EXP 	grating: autoDraw = True
73.2408 	EXP 	grating: autoDraw = False
73.3406 	EXP 	grating_test: autoDraw = True
73.8425 	INFO 	Keyboard events cleared
73.8418 	EXP 	grating_test: autoDraw = False
73.8418 	EXP 	text_2: autoDraw = True
73.9960 	DATA 	Keypress: right
74.0097 	EXP 	grating: autoDraw = False
74.0097 	EXP 	grating_test: autoDraw = False
74.0097 	EXP 	text_2: autoDraw = False
74.0097 	EXP 	grating_test: ori = -2.0
74.0097 	EXP 	grating: autoDraw = True
74.5245 	EXP 	grating: autoDraw = False
74.6078 	EXP 	grating_test: autoDraw = True
75.1082 	INFO 	Keyboard events cleared
75.1074 	EXP 	grating_test: autoDraw = False
75.1074 	EXP 	text_2: autoDraw = True
75.6444 	DATA 	Keypress: right
75.6475 	EXP 	grating: autoDraw = False
75.6475 	EXP 	grating_test: autoDraw = False
75.6475 	EXP 	text_2: autoDraw = False
75.6475 	EXP 	grating_test: ori = 0.5
75.6475 	EXP 	grating: autoDraw = True
76.1424 	EXP 	grating: autoDraw = False
76.2416 	EXP 	grating_test: autoDraw = True
76.7421 	INFO 	Keyboard events cleared
76.7413 	EXP 	grating_test: autoDraw = False
76.7413 	EXP 	text_2: autoDraw = True
77.0437 	DATA 	Keypress: left
77.0466 	EXP 	grating: autoDraw = False
77.0466 	EXP 	grating_test: autoDraw = False
77.0466 	EXP 	text_2: autoDraw = False
77.0466 	EXP 	grating_test: ori = -2.5
77.0466 	EXP 	grating: autoDraw = True
77.5401 	EXP 	grating: autoDraw = False
77.6400 	EXP 	grating_test: autoDraw = True
77.8279 	WARNING 	t of last frame was 20.38ms (=1/49)
78.1258 	EXP 	grating_test: autoDraw = False
78.1403 	INFO 	Keyboard events cleared
78.1400 	EXP 	text_2: autoDraw = True
78.3108 	DATA 	Keypress: left
78.3138 	EXP 	grating: autoDraw = False
78.3138 	EXP 	grating_test: autoDraw = False
78.3138 	EXP 	text_2: autoDraw = False
78.3138 	EXP 	grating_test: ori = 1.0
78.3138 	EXP 	grating: autoDraw = True
78.8103 	EXP 	grating: autoDraw = False
78.9067 	EXP 	grating_test: autoDraw = True
79.4095 	INFO 	Keyboard events cleared
79.4092 	EXP 	grating_test: autoDraw = False
79.4092 	EXP 	text_2: autoDraw = True
79.5286 	DATA 	Keypress: right
79.5404 	EXP 	grating: autoDraw = False
79.5404 	EXP 	grating_test: autoDraw = False
79.5404 	EXP 	text_2: autoDraw = False
79.5404 	EXP 	grating_test: ori = -2.5
79.5404 	EXP 	grating: autoDraw = True
80.0263 	EXP 	grating: autoDraw = False
80.1411 	EXP 	grating_test: autoDraw = True
80.6416 	INFO 	Keyboard events cleared
80.6409 	EXP 	grating_test: autoDraw = False
80.6409 	EXP 	text_2: autoDraw = True
80.8894 	DATA 	Keypress: left
80.8921 	EXP 	grating: autoDraw = False
80.8921 	EXP 	grating_test: autoDraw = False
80.8921 	EXP 	text_2: autoDraw = False
80.8921 	EXP 	grating_test: ori = 1.0
80.8921 	EXP 	grating: autoDraw = True
81.3908 	EXP 	grating: autoDraw = False
81.4764 	EXP 	grating_test: autoDraw = True
81.9919 	INFO 	Keyboard events cleared
81.9911 	EXP 	grating_test: autoDraw = False
81.9911 	EXP 	text_2: autoDraw = True
82.1629 	DATA 	Keypress: right
82.1734 	EXP 	grating: autoDraw = False
82.1734 	EXP 	grating_test: autoDraw = False
82.1734 	EXP 	text_2: autoDraw = False
82.1734 	EXP 	grating_test: ori = -2.0
82.1734 	EXP 	grating: autoDraw = True
82.6624 	EXP 	grating: autoDraw = False
82.7750 	EXP 	grating_test: autoDraw = True
83.2755 	INFO 	Keyboard events cleared
83.2748 	EXP 	grating_test: autoDraw = False
83.2748 	EXP 	text_2: autoDraw = True
83.4960 	DATA 	Keypress: right
83.5067 	EXP 	grating: autoDraw = False
83.5067 	EXP 	grating_test: autoDraw = False
83.5067 	EXP 	text_2: autoDraw = False
83.5067 	EXP 	grating_test: ori = 0.5
83.5067 	EXP 	grating: autoDraw = True
84.0075 	EXP 	grating: autoDraw = False
84.1074 	EXP 	grating_test: autoDraw = True
84.6083 	INFO 	Keyboard events cleared
84.6076 	EXP 	grating_test: autoDraw = False
84.6076 	EXP 	text_2: autoDraw = True
84.8764 	DATA 	Keypress: left
84.8793 	EXP 	grating: autoDraw = False
84.8793 	EXP 	grating_test: autoDraw = False
84.8793 	EXP 	text_2: autoDraw = False
84.8793 	EXP 	grating_test: ori = -2.5
84.8793 	EXP 	grating: autoDraw = True
85.3735 	EXP 	grating: autoDraw = False
85.4590 	EXP 	grating_test: autoDraw = True
85.9567 	EXP 	grating_test: autoDraw = False
85.9596 	INFO 	Keyboard events cleared
85.9593 	EXP 	text_2: autoDraw = True
86.1622 	DATA 	Keypress: left
86.1762 	EXP 	grating: autoDraw = False
86.1762 	EXP 	grating_test: autoDraw = False
86.1762 	EXP 	text_2: autoDraw = False
86.1762 	EXP 	grating_test: ori = 1.0
86.1762 	EXP 	grating: autoDraw = True
86.6912 	EXP 	grating: autoDraw = False
86.7578 	EXP 	grating_test: autoDraw = True
87.2566 	INFO 	Keyboard events cleared
87.2563 	EXP 	grating_test: autoDraw = False
87.2563 	EXP 	text_2: autoDraw = True
87.4449 	DATA 	Keypress: right
87.4570 	EXP 	grating: autoDraw = False
87.4570 	EXP 	grating_test: autoDraw = False
87.4570 	EXP 	text_2: autoDraw = False
87.4570 	EXP 	grating_test: ori = -2.5
87.4570 	EXP 	grating: autoDraw = True
87.9445 	EXP 	grating: autoDraw = False
88.0573 	EXP 	grating_test: autoDraw = True
88.5404 	INFO 	Keyboard events cleared
88.5402 	EXP 	text_2: autoDraw = True
88.5439 	EXP 	grating_test: autoDraw = False
88.7272 	DATA 	Keypress: left
88.7305 	EXP 	grating: autoDraw = False
88.7305 	EXP 	grating_test: autoDraw = False
88.7305 	EXP 	text_2: autoDraw = False
88.7305 	EXP 	grating_test: ori = -2.0
88.7305 	EXP 	grating: autoDraw = True
89.2412 	EXP 	grating: autoDraw = False
89.3234 	EXP 	grating_test: autoDraw = True
89.8250 	INFO 	Keyboard events cleared
89.8243 	EXP 	grating_test: autoDraw = False
89.8243 	EXP 	text_2: autoDraw = True
89.9938 	DATA 	Keypress: right
89.9968 	EXP 	grating: autoDraw = False
89.9968 	EXP 	grating_test: autoDraw = False
89.9968 	EXP 	text_2: autoDraw = False
89.9968 	EXP 	grating_test: ori = 1.0
89.9968 	EXP 	grating: autoDraw = True
90.4921 	EXP 	grating: autoDraw = False
90.5932 	EXP 	grating_test: autoDraw = True
91.0910 	INFO 	Keyboard events cleared
91.0907 	EXP 	text_2: autoDraw = True
91.1078 	EXP 	grating_test: autoDraw = False
91.2616 	DATA 	Keypress: right
91.2738 	EXP 	grating: autoDraw = False
91.2738 	EXP 	grating_test: autoDraw = False
91.2738 	EXP 	text_2: autoDraw = False
91.2738 	EXP 	grating_test: ori = 0.5
91.2738 	EXP 	grating: autoDraw = True
91.7752 	EXP 	grating: autoDraw = False
91.8568 	EXP 	grating_test: autoDraw = True
92.3574 	EXP 	grating_test: autoDraw = False
92.3628 	INFO 	Keyboard events cleared
92.3625 	EXP 	text_2: autoDraw = True
92.5437 	DATA 	Keypress: left
92.5467 	EXP 	grating: autoDraw = False
92.5467 	EXP 	grating_test: autoDraw = False
92.5467 	EXP 	text_2: autoDraw = False
92.5467 	EXP 	grating_test: ori = -2.5
92.5467 	EXP 	grating: autoDraw = True
93.0423 	EXP 	grating: autoDraw = False
93.1400 	EXP 	grating_test: autoDraw = True
93.6421 	INFO 	Keyboard events cleared
93.6415 	EXP 	grating_test: autoDraw = False
93.6415 	EXP 	text_2: autoDraw = True
93.8267 	DATA 	Keypress: right
93.8297 	EXP 	grating: autoDraw = False
93.8297 	EXP 	grating_test: autoDraw = False
93.8297 	EXP 	text_2: autoDraw = False
93.8297 	EXP 	grating_test: ori = 1.0
93.8297 	EXP 	grating: autoDraw = True
94.3310 	EXP 	grating: autoDraw = False
94.4234 	EXP 	grating_test: autoDraw = True
94.9090 	EXP 	grating_test: autoDraw = False
94.9236 	INFO 	Keyboard events cleared
94.9234 	EXP 	text_2: autoDraw = True
95.1448 	DATA 	Keypress: right
95.1477 	EXP 	grating: autoDraw = False
95.1477 	EXP 	grating_test: autoDraw = False
95.1477 	EXP 	text_2: autoDraw = False
95.1477 	EXP 	grating_test: ori = -3.0
95.1477 	EXP 	grating: autoDraw = True
95.6570 	EXP 	grating: autoDraw = False
95.7583 	EXP 	grating_test: autoDraw = True
96.2404 	INFO 	Keyboard events cleared
96.2400 	EXP 	text_2: autoDraw = True
96.2568 	EXP 	grating_test: autoDraw = False
96.3935 	DATA 	Keypress: left
96.3965 	EXP 	grating: autoDraw = False
96.3965 	EXP 	grating_test: autoDraw = False
96.3965 	EXP 	text_2: autoDraw = False
96.3965 	EXP 	grating_test: ori = 1.0
96.3965 	EXP 	grating: autoDraw = True
96.8953 	EXP 	grating: autoDraw = False
96.9907 	EXP 	grating_test: autoDraw = True
97.4754 	EXP 	grating_test: autoDraw = False
97.4902 	INFO 	Keyboard events cleared
97.4900 	EXP 	text_2: autoDraw = True
97.7944 	DATA 	Keypress: right
97.8067 	EXP 	grating: autoDraw = False
97.8067 	EXP 	grating_test: autoDraw = False
97.8067 	EXP 	text_2: autoDraw = False
97.8067 	EXP 	grating_test: ori = -3.0
97.8067 	EXP 	grating: autoDraw = True
98.2926 	EXP 	grating: autoDraw = False
98.4078 	EXP 	grating_test: autoDraw = True
98.8904 	INFO 	Keyboard events cleared
98.8901 	EXP 	text_2: autoDraw = True
98.8938 	EXP 	grating_test: autoDraw = False
99.0606 	DATA 	Keypress: left
99.0636 	EXP 	grating: autoDraw = False
99.0636 	EXP 	grating_test: autoDraw = False
99.0636 	EXP 	text_2: autoDraw = False
99.0636 	EXP 	grating_test: ori = 0.5
99.0636 	EXP 	grating: autoDraw = True
99.5590 	EXP 	grating: autoDraw = False
99.6579 	EXP 	grating_test: autoDraw = True
100.1570 	INFO 	Keyboard events cleared
100.1567 	EXP 	grating_test: autoDraw = False
100.1567 	EXP 	text_2: autoDraw = True
100.3133 	DATA 	Keypress: right
100.3259 	EXP 	grating: autoDraw = False
100.3259 	EXP 	grating_test: autoDraw = False
100.3259 	EXP 	text_2: autoDraw = False
100.3259 	EXP 	grating_test: ori = -2.5
100.3259 	EXP 	grating: autoDraw = True
100.8247 	EXP 	grating: autoDraw = False
100.9240 	EXP 	grating_test: autoDraw = True
101.4248 	INFO 	Keyboard events cleared
101.4239 	EXP 	grating_test: autoDraw = False
101.4239 	EXP 	text_2: autoDraw = True
101.6166 	DATA 	Keypress: left
101.6234 	EXP 	grating: autoDraw = False
101.6234 	EXP 	grating_test: autoDraw = False
101.6234 	EXP 	text_2: autoDraw = False
101.6234 	EXP 	grating_test: ori = -2.5
101.6234 	EXP 	grating: autoDraw = True
102.1243 	EXP 	grating: autoDraw = False
102.2132 	EXP 	grating_test: autoDraw = True
102.7131 	INFO 	Keyboard events cleared
102.7128 	EXP 	grating_test: autoDraw = False
102.7128 	EXP 	text_2: autoDraw = True
103.2960 	DATA 	Keypress: left
103.3067 	EXP 	grating: autoDraw = False
103.3067 	EXP 	grating_test: autoDraw = False
103.3067 	EXP 	text_2: autoDraw = False
103.3067 	EXP 	grating_test: ori = 0.5
103.3067 	EXP 	grating: autoDraw = True
103.8077 	EXP 	grating: autoDraw = False
103.8936 	EXP 	grating_test: autoDraw = True
104.4074 	INFO 	Keyboard events cleared
104.4071 	EXP 	grating_test: autoDraw = False
104.4071 	EXP 	text_2: autoDraw = True
104.4458 	DATA 	Keypress: right
104.4567 	EXP 	grating: autoDraw = False
104.4567 	EXP 	grating_test: autoDraw = False
104.4567 	EXP 	text_2: autoDraw = False
104.4567 	EXP 	grating_test: ori = -2.0
104.4567 	EXP 	grating: autoDraw = True
104.9575 	EXP 	grating: autoDraw = False
105.0435 	EXP 	grating_test: autoDraw = True
105.5402 	INFO 	Keyboard events cleared
105.5400 	EXP 	grating_test: autoDraw = False
105.5400 	EXP 	text_2: autoDraw = True
105.7150 	DATA 	Keypress: left
105.7234 	EXP 	grating: autoDraw = False
105.7234 	EXP 	grating_test: autoDraw = False
105.7234 	EXP 	text_2: autoDraw = False
105.7234 	EXP 	grating_test: ori = 0.0
105.7234 	EXP 	grating: autoDraw = True
106.0806 	WARNING 	Multiple dropped frames have occurred - I'll stop bothering you about them!
106.2093 	EXP 	grating: autoDraw = False
106.3241 	EXP 	grating_test: autoDraw = True
106.8100 	INFO 	Keyboard events cleared
106.8096 	EXP 	grating_test: autoDraw = False
106.8096 	EXP 	text_2: autoDraw = True
106.8963 	DATA 	Keypress: right
106.9092 	EXP 	grating: autoDraw = False
106.9092 	EXP 	grating_test: autoDraw = False
106.9092 	EXP 	text_2: autoDraw = False
106.9092 	EXP 	grating_test: ori = 0.5
106.9092 	EXP 	grating: autoDraw = True
107.4241 	EXP 	grating: autoDraw = False
107.4949 	EXP 	grating_test: autoDraw = True
108.0077 	INFO 	Keyboard events cleared
108.0070 	EXP 	grating_test: autoDraw = False
108.0070 	EXP 	text_2: autoDraw = True
108.1438 	DATA 	Keypress: right
108.1468 	EXP 	grating: autoDraw = False
108.1468 	EXP 	grating_test: autoDraw = False
108.1468 	EXP 	text_2: autoDraw = False
108.1468 	EXP 	grating_test: ori = -2.0
108.1468 	EXP 	grating: autoDraw = True
108.6425 	EXP 	grating: autoDraw = False
108.7400 	EXP 	grating_test: autoDraw = True
109.2295 	INFO 	Keyboard events cleared
109.2292 	EXP 	grating_test: autoDraw = False
109.2292 	EXP 	text_2: autoDraw = True
109.3109 	DATA 	Keypress: left
109.3138 	EXP 	grating: autoDraw = False
109.3138 	EXP 	grating_test: autoDraw = False
109.3138 	EXP 	text_2: autoDraw = False
109.3138 	EXP 	grating_test: ori = -1.5
109.3138 	EXP 	grating: autoDraw = True
109.8097 	EXP 	grating: autoDraw = False
109.9070 	EXP 	grating_test: autoDraw = True
110.4091 	INFO 	Keyboard events cleared
110.4084 	EXP 	grating_test: autoDraw = False
110.4084 	EXP 	text_2: autoDraw = True
110.7127 	DATA 	Keypress: left
110.7234 	EXP 	grating: autoDraw = False
110.7234 	EXP 	grating_test: autoDraw = False
110.7234 	EXP 	text_2: autoDraw = False
110.7234 	EXP 	grating_test: ori = 0.5
110.7234 	EXP 	grating: autoDraw = True
111.2236 	EXP 	grating: autoDraw = False
111.3097 	EXP 	grating_test: autoDraw = True
111.8247 	INFO 	Keyboard events cleared
111.8239 	EXP 	grating_test: autoDraw = False
111.8239 	EXP 	text_2: autoDraw = True
111.8786 	DATA 	Keypress: left
111.8926 	EXP 	grating: autoDraw = False
111.8926 	EXP 	grating_test: autoDraw = False
111.8926 	EXP 	text_2: autoDraw = False
111.8926 	EXP 	grating_test: ori = 1.0
111.8926 	EXP 	grating: autoDraw = True
112.3915 	EXP 	grating: autoDraw = False
112.4733 	EXP 	grating_test: autoDraw = True
112.9592 	EXP 	grating_test: autoDraw = False
112.9738 	INFO 	Keyboard events cleared
112.9735 	EXP 	text_2: autoDraw = True
113.0641 	DATA 	Keypress: right
113.0733 	EXP 	grating: autoDraw = False
113.0733 	EXP 	grating_test: autoDraw = False
113.0733 	EXP 	text_2: autoDraw = False
113.0733 	EXP 	grating_test: ori = -1.5
113.0733 	EXP 	grating: autoDraw = True
113.5740 	EXP 	grating: autoDraw = False
113.6745 	EXP 	grating_test: autoDraw = True
114.1748 	INFO 	Keyboard events cleared
114.1741 	EXP 	grating_test: autoDraw = False
114.1741 	EXP 	text_2: autoDraw = True
114.2946 	DATA 	Keypress: left
114.3071 	EXP 	grating: autoDraw = False
114.3071 	EXP 	grating_test: autoDraw = False
114.3071 	EXP 	text_2: autoDraw = False
114.3071 	EXP 	grating_test: ori = -1.0
114.3071 	EXP 	grating: autoDraw = True
114.8102 	EXP 	grating: autoDraw = False
114.8904 	EXP 	grating_test: autoDraw = True
115.3912 	EXP 	grating_test: autoDraw = False
115.4082 	INFO 	Keyboard events cleared
115.4074 	EXP 	text_2: autoDraw = True
115.7620 	DATA 	Keypress: left
115.7733 	EXP 	grating: autoDraw = False
115.7733 	EXP 	grating_test: autoDraw = False
115.7733 	EXP 	text_2: autoDraw = False
115.7733 	EXP 	grating_test: ori = 1.0
115.7733 	EXP 	grating: autoDraw = True
116.2744 	EXP 	grating: autoDraw = False
116.3645 	EXP 	grating_test: autoDraw = True
116.8579 	INFO 	Keyboard events cleared
116.8567 	EXP 	text_2: autoDraw = True
116.8620 	EXP 	grating_test: autoDraw = False
117.0796 	DATA 	Keypress: left
117.0900 	EXP 	grating: autoDraw = False
117.0900 	EXP 	grating_test: autoDraw = False
117.0900 	EXP 	text_2: autoDraw = False
117.0900 	EXP 	grating_test: ori = 1.5
117.0900 	EXP 	grating: autoDraw = True
117.5781 	EXP 	grating: autoDraw = False
117.6923 	EXP 	grating_test: autoDraw = True
118.1916 	INFO 	Keyboard events cleared
118.1909 	EXP 	text_2: autoDraw = True
118.2073 	EXP 	grating_test: autoDraw = False
118.3296 	DATA 	Keypress: right
118.3400 	EXP 	grating: autoDraw = False
118.3400 	EXP 	grating_test: autoDraw = False
118.3400 	EXP 	text_2: autoDraw = False
118.3400 	EXP 	grating_test: ori = -1.0
118.3400 	EXP 	grating: autoDraw = True
118.8433 	EXP 	grating: autoDraw = False
118.9437 	EXP 	grating_test: autoDraw = True
119.4236 	INFO 	Keyboard events cleared
119.4234 	EXP 	text_2: autoDraw = True
119.4402 	EXP 	grating_test: autoDraw = False
119.6128 	DATA 	Keypress: left
119.6233 	EXP 	grating: autoDraw = False
119.6233 	EXP 	grating_test: autoDraw = False
119.6233 	EXP 	text_2: autoDraw = False
119.6233 	EXP 	grating_test: ori = 1.5
119.6233 	EXP 	grating: autoDraw = True
120.1093 	EXP 	grating: autoDraw = False
120.2123 	EXP 	grating_test: autoDraw = True
120.7102 	INFO 	Keyboard events cleared
120.7098 	EXP 	grating_test: autoDraw = False
120.7098 	EXP 	text_2: autoDraw = True
120.9109 	DATA 	Keypress: left
120.9137 	EXP 	grating: autoDraw = False
120.9137 	EXP 	grating_test: autoDraw = False
120.9137 	EXP 	text_2: autoDraw = False
120.9137 	EXP 	grating_test: ori = -0.5
120.9137 	EXP 	grating: autoDraw = True
121.4092 	EXP 	grating: autoDraw = False
121.5067 	EXP 	grating_test: autoDraw = True
122.0083 	INFO 	Keyboard events cleared
122.0074 	EXP 	grating_test: autoDraw = False
122.0074 	EXP 	text_2: autoDraw = True
122.2946 	DATA 	Keypress: right
122.3069 	EXP 	grating: autoDraw = False
122.3069 	EXP 	grating_test: autoDraw = False
122.3069 	EXP 	text_2: autoDraw = False
122.3069 	EXP 	grating_test: ori = 2.0
122.3069 	EXP 	grating: autoDraw = True
122.8073 	EXP 	grating: autoDraw = False
122.8901 	EXP 	grating_test: autoDraw = True
123.3757 	EXP 	grating_test: autoDraw = False
123.3904 	INFO 	Keyboard events cleared
123.3901 	EXP 	text_2: autoDraw = True
123.6776 	DATA 	Keypress: right
123.6805 	EXP 	grating: autoDraw = False
123.6805 	EXP 	grating_test: autoDraw = False
123.6805 	EXP 	text_2: autoDraw = False
123.6805 	EXP 	grating_test: ori = -1.0
123.6805 	EXP 	grating: autoDraw = True
124.1913 	EXP 	grating: autoDraw = False
124.2918 	EXP 	grating_test: autoDraw = True
124.7739 	INFO 	Keyboard events cleared
124.7736 	EXP 	text_2: autoDraw = True
124.7900 	EXP 	grating_test: autoDraw = False
125.1938 	DATA 	Keypress: right
125.1966 	EXP 	grating: autoDraw = False
125.1966 	EXP 	grating_test: autoDraw = False
125.1966 	EXP 	text_2: autoDraw = False
125.1966 	EXP 	grating_test: ori = -1.5
125.1966 	EXP 	grating: autoDraw = True
125.6900 	EXP 	grating: autoDraw = False
125.7901 	EXP 	grating_test: autoDraw = True
126.2756 	EXP 	grating_test: autoDraw = False
126.2903 	INFO 	Keyboard events cleared
126.2901 	EXP 	text_2: autoDraw = True
126.5114 	DATA 	Keypress: right
126.5237 	EXP 	grating: autoDraw = False
126.5237 	EXP 	grating_test: autoDraw = False
126.5237 	EXP 	text_2: autoDraw = False
126.5237 	EXP 	grating_test: ori = 2.0
126.5237 	EXP 	grating: autoDraw = True
127.0107 	EXP 	grating: autoDraw = False
127.1243 	EXP 	grating_test: autoDraw = True
127.6248 	INFO 	Keyboard events cleared
127.6240 	EXP 	grating_test: autoDraw = False
127.6240 	EXP 	text_2: autoDraw = True
127.7796 	DATA 	Keypress: right
127.7899 	EXP 	grating: autoDraw = False
127.7899 	EXP 	grating_test: autoDraw = False
127.7899 	EXP 	text_2: autoDraw = False
127.7899 	EXP 	grating_test: ori = 1.5
127.7899 	EXP 	grating: autoDraw = True
128.2928 	EXP 	grating: autoDraw = False
128.3904 	EXP 	grating_test: autoDraw = True
128.8916 	INFO 	Keyboard events cleared
128.8909 	EXP 	grating_test: autoDraw = False
128.8909 	EXP 	text_2: autoDraw = True
129.0936 	DATA 	Keypress: left
129.0965 	EXP 	grating: autoDraw = False
129.0965 	EXP 	grating_test: autoDraw = False
129.0965 	EXP 	text_2: autoDraw = False
129.0965 	EXP 	grating_test: ori = -2.0
129.0965 	EXP 	grating: autoDraw = True
129.5913 	EXP 	grating: autoDraw = False
129.6900 	EXP 	grating_test: autoDraw = True
130.1754 	EXP 	grating_test: autoDraw = False
130.1904 	INFO 	Keyboard events cleared
130.1901 	EXP 	text_2: autoDraw = True
130.4105 	DATA 	Keypress: right
130.4134 	EXP 	grating: autoDraw = False
130.4134 	EXP 	grating_test: autoDraw = False
130.4134 	EXP 	text_2: autoDraw = False
130.4134 	EXP 	grating_test: ori = 2.0
130.4134 	EXP 	grating: autoDraw = True
130.9120 	EXP 	grating: autoDraw = False
131.0240 	EXP 	grating_test: autoDraw = True
131.5077 	INFO 	Keyboard events cleared
131.5068 	EXP 	text_2: autoDraw = True
131.5116 	EXP 	grating_test: autoDraw = False
131.5797 	DATA 	Keypress: right
131.5901 	EXP 	grating: autoDraw = False
131.5901 	EXP 	grating_test: autoDraw = False
131.5901 	EXP 	text_2: autoDraw = False
131.5901 	EXP 	grating_test: ori = -2.5
131.5901 	EXP 	grating: autoDraw = True
132.0912 	EXP 	grating: autoDraw = False
132.1906 	EXP 	grating_test: autoDraw = True
132.6915 	INFO 	Keyboard events cleared
132.6908 	EXP 	grating_test: autoDraw = False
132.6908 	EXP 	text_2: autoDraw = True
132.9602 	DATA 	Keypress: left
132.9624 	EXP 	grating: autoDraw = False
132.9624 	EXP 	grating_test: autoDraw = False
132.9624 	EXP 	text_2: autoDraw = False
132.9624 	EXP 	grating_test: ori = -2.5
132.9624 	EXP 	grating: autoDraw = True
133.4744 	EXP 	grating: autoDraw = False
133.5567 	EXP 	grating_test: autoDraw = True
134.0592 	INFO 	Keyboard events cleared
134.0589 	EXP 	grating_test: autoDraw = False
134.0589 	EXP 	text_2: autoDraw = True
134.4129 	DATA 	Keypress: left
134.4233 	EXP 	grating: autoDraw = False
134.4233 	EXP 	grating_test: autoDraw = False
134.4233 	EXP 	text_2: autoDraw = False
134.4233 	EXP 	grating_test: ori = 2.0
134.4233 	EXP 	grating: autoDraw = True
134.9249 	EXP 	grating: autoDraw = False
135.0240 	EXP 	grating_test: autoDraw = True
135.5119 	INFO 	Keyboard events cleared
135.5116 	EXP 	grating_test: autoDraw = False
135.5116 	EXP 	text_2: autoDraw = True
135.5597 	DATA 	Keypress: right
135.5627 	EXP 	grating: autoDraw = False
135.5627 	EXP 	grating_test: autoDraw = False
135.5627 	EXP 	text_2: autoDraw = False
135.5627 	EXP 	grating_test: ori = -2.0
135.5627 	EXP 	grating: autoDraw = True
136.0746 	EXP 	grating: autoDraw = False
136.1572 	EXP 	grating_test: autoDraw = True
136.6583 	INFO 	Keyboard events cleared
136.6576 	EXP 	grating_test: autoDraw = False
136.6576 	EXP 	text_2: autoDraw = True
136.8474 	DATA 	Keypress: right
136.8604 	EXP 	grating: autoDraw = False
136.8604 	EXP 	grating_test: autoDraw = False
136.8604 	EXP 	text_2: autoDraw = False
136.8604 	EXP 	grating_test: ori = 1.5
136.8604 	EXP 	grating: autoDraw = True
137.3567 	EXP 	grating: autoDraw = False
137.4400 	EXP 	grating_test: autoDraw = True
137.9290 	EXP 	grating_test: autoDraw = False
137.9411 	INFO 	Keyboard events cleared
137.9404 	EXP 	text_2: autoDraw = True
138.1436 	DATA 	Keypress: right
138.1462 	EXP 	grating: autoDraw = False
138.1462 	EXP 	grating_test: autoDraw = False
138.1462 	EXP 	text_2: autoDraw = False
138.1462 	EXP 	grating_test: ori = -2.5
138.1462 	EXP 	grating: autoDraw = True
138.6570 	EXP 	grating: autoDraw = False
138.7405 	EXP 	grating_test: autoDraw = True
139.2272 	EXP 	grating_test: autoDraw = False
139.2406 	INFO 	Keyboard events cleared
139.2400 	EXP 	text_2: autoDraw = True
139.4106 	DATA 	Keypress: left
139.4137 	EXP 	grating: autoDraw = False
139.4137 	EXP 	grating_test: autoDraw = False
139.4137 	EXP 	text_2: autoDraw = False
139.4137 	EXP 	grating_test: ori = 1.5
139.4137 	EXP 	grating: autoDraw = True
139.9245 	EXP 	grating: autoDraw = False
140.0076 	EXP 	grating_test: autoDraw = True
140.4928 	EXP 	grating_test: autoDraw = False
140.5069 	INFO 	Keyboard events cleared
140.5066 	EXP 	text_2: autoDraw = True
140.5601 	DATA 	Keypress: right
140.5624 	EXP 	grating: autoDraw = False
140.5624 	EXP 	grating_test: autoDraw = False
140.5624 	EXP 	text_2: autoDraw = False
140.5624 	EXP 	grating_test: ori = 1.0
140.5624 	EXP 	grating: autoDraw = True
141.0588 	EXP 	grating: autoDraw = False
141.1580 	EXP 	grating_test: autoDraw = True
141.6569 	INFO 	Keyboard events cleared
141.6565 	EXP 	grating_test: autoDraw = False
141.6565 	EXP 	text_2: autoDraw = True
142.1441 	DATA 	Keypress: right
142.1469 	EXP 	grating: autoDraw = False
142.1469 	EXP 	grating_test: autoDraw = False
142.1469 	EXP 	text_2: autoDraw = False
142.1469 	EXP 	grating_test: ori = -2.5
142.1469 	EXP 	grating: autoDraw = True
142.6572 	EXP 	grating: autoDraw = False
142.7400 	EXP 	grating_test: autoDraw = True
143.2413 	INFO 	Keyboard events cleared
143.2410 	EXP 	grating_test: autoDraw = False
143.2410 	EXP 	text_2: autoDraw = True
143.3614 	DATA 	Keypress: left
143.3759 	EXP 	grating: autoDraw = False
143.3759 	EXP 	grating_test: autoDraw = False
143.3759 	EXP 	text_2: autoDraw = False
143.3759 	EXP 	grating_test: ori = 1.0
143.3759 	EXP 	grating: autoDraw = True
143.8735 	EXP 	grating: autoDraw = False
143.9744 	EXP 	grating_test: autoDraw = True
144.4753 	INFO 	Keyboard events cleared
144.4750 	EXP 	grating_test: autoDraw = False
144.4750 	EXP 	text_2: autoDraw = True
145.1944 	DATA 	Keypress: right
145.1973 	EXP 	grating: autoDraw = False
145.1973 	EXP 	grating_test: autoDraw = False
145.1973 	EXP 	text_2: autoDraw = False
145.1973 	EXP 	grating_test: ori = -2.0
145.1973 	EXP 	grating: autoDraw = True
145.7091 	EXP 	grating: autoDraw = False
145.7900 	EXP 	grating_test: autoDraw = True
146.2915 	INFO 	Keyboard events cleared
146.2911 	EXP 	grating_test: autoDraw = False
146.2911 	EXP 	text_2: autoDraw = True
146.5274 	DATA 	Keypress: left
146.5303 	EXP 	grating: autoDraw = False
146.5303 	EXP 	grating_test: autoDraw = False
146.5303 	EXP 	text_2: autoDraw = False
146.5303 	EXP 	grating_test: ori = -2.0
146.5303 	EXP 	grating: autoDraw = True
147.0261 	EXP 	grating: autoDraw = False
147.1228 	EXP 	grating_test: autoDraw = True
147.6088 	EXP 	grating_test: autoDraw = False
147.6236 	INFO 	Keyboard events cleared
147.6233 	EXP 	text_2: autoDraw = True
147.9477 	DATA 	Keypress: left
147.9597 	EXP 	grating: autoDraw = False
147.9597 	EXP 	grating_test: autoDraw = False
147.9597 	EXP 	text_2: autoDraw = False
147.9597 	EXP 	grating_test: ori = 0.5
147.9597 	EXP 	grating: autoDraw = True
148.4740 	EXP 	grating: autoDraw = False
148.5573 	EXP 	grating_test: autoDraw = True
149.0460 	INFO 	Keyboard events cleared
149.0456 	EXP 	grating_test: autoDraw = False
149.0456 	EXP 	text_2: autoDraw = True
149.1479 	DATA 	Keypress: right
149.1566 	EXP 	grating: autoDraw = False
149.1566 	EXP 	grating_test: autoDraw = False
149.1566 	EXP 	text_2: autoDraw = False
149.1566 	EXP 	grating_test: ori = -1.5
149.1566 	EXP 	grating: autoDraw = True
149.6422 	EXP 	grating: autoDraw = False
149.7435 	EXP 	grating_test: autoDraw = True
150.2396 	EXP 	grating_test: autoDraw = False
150.2452 	INFO 	Keyboard events cleared
150.2446 	EXP 	text_2: autoDraw = True
150.3658 	DATA 	Keypress: left
150.3733 	EXP 	grating: autoDraw = False
150.3733 	EXP 	grating_test: autoDraw = False
150.3733 	EXP 	text_2: autoDraw = False
150.3733 	EXP 	grating_test: ori = 0.5
150.3733 	EXP 	grating: autoDraw = True
150.8602 	EXP 	grating: autoDraw = False
150.9605 	EXP 	grating_test: autoDraw = True
151.4570 	INFO 	Keyboard events cleared
151.4568 	EXP 	grating_test: autoDraw = False
151.4568 	EXP 	text_2: autoDraw = True
151.6620 	DATA 	Keypress: right
151.6736 	EXP 	grating: autoDraw = False
151.6736 	EXP 	grating_test: autoDraw = False
151.6736 	EXP 	text_2: autoDraw = False
151.6736 	EXP 	grating_test: ori = -1.5
151.6736 	EXP 	grating: autoDraw = True
152.1606 	EXP 	grating: autoDraw = False
152.2757 	EXP 	grating_test: autoDraw = True
152.7578 	INFO 	Keyboard events cleared
152.7570 	EXP 	text_2: autoDraw = True
152.7744 	EXP 	grating_test: autoDraw = False
153.1139 	DATA 	Keypress: left
153.1234 	EXP 	grating: autoDraw = False
153.1234 	EXP 	grating_test: autoDraw = False
153.1234 	EXP 	text_2: autoDraw = False
153.1234 	EXP 	grating_test: ori = 0.0
153.1234 	EXP 	grating: autoDraw = True
153.6091 	EXP 	grating: autoDraw = False
153.7093 	EXP 	grating_test: autoDraw = True
154.2250 	INFO 	Keyboard events cleared
154.2243 	EXP 	grating_test: autoDraw = False
154.2243 	EXP 	text_2: autoDraw = True
154.3268 	DATA 	Keypress: right
154.3297 	EXP 	grating: autoDraw = False
154.3297 	EXP 	grating_test: autoDraw = False
154.3297 	EXP 	text_2: autoDraw = False
154.3297 	EXP 	grating_test: ori = -1.0
154.3297 	EXP 	grating: autoDraw = True
154.8233 	EXP 	grating: autoDraw = False
154.9234 	EXP 	grating_test: autoDraw = True
155.4091 	EXP 	grating_test: autoDraw = False
155.4236 	INFO 	Keyboard events cleared
155.4233 	EXP 	text_2: autoDraw = True
155.4792 	DATA 	Keypress: left
155.4900 	EXP 	grating: autoDraw = False
155.4900 	EXP 	grating_test: autoDraw = False
155.4900 	EXP 	text_2: autoDraw = False
155.4900 	EXP 	grating_test: ori = 0.5
155.4900 	EXP 	grating: autoDraw = True
155.9756 	EXP 	grating: autoDraw = False
156.0910 	EXP 	grating_test: autoDraw = True
156.5919 	INFO 	Keyboard events cleared
156.5911 	EXP 	grating_test: autoDraw = False
156.5911 	EXP 	text_2: autoDraw = True
156.6615 	DATA 	Keypress: right
156.6737 	EXP 	grating: autoDraw = False
156.6737 	EXP 	grating_test: autoDraw = False
156.6737 	EXP 	text_2: autoDraw = False
156.6737 	EXP 	grating_test: ori = -1.0
156.6737 	EXP 	grating: autoDraw = True
157.1747 	EXP 	grating: autoDraw = False
157.2567 	EXP 	grating_test: autoDraw = True
157.7575 	EXP 	grating_test: autoDraw = False
157.7746 	INFO 	Keyboard events cleared
157.7742 	EXP 	text_2: autoDraw = True
158.2457 	DATA 	Keypress: right
158.2566 	EXP 	grating: autoDraw = False
158.2566 	EXP 	grating_test: autoDraw = False
158.2566 	EXP 	text_2: autoDraw = False
158.2566 	EXP 	grating_test: ori = 0.5
158.2566 	EXP 	grating: autoDraw = True
158.7422 	EXP 	grating: autoDraw = False
158.8425 	EXP 	grating_test: autoDraw = True
159.3404 	INFO 	Keyboard events cleared
159.3400 	EXP 	grating_test: autoDraw = False
159.3400 	EXP 	text_2: autoDraw = True
159.5140 	DATA 	Keypress: right
159.5237 	EXP 	grating: autoDraw = False
159.5237 	EXP 	grating_test: autoDraw = False
159.5237 	EXP 	text_2: autoDraw = False
159.5237 	EXP 	grating_test: ori = -1.5
159.5237 	EXP 	grating: autoDraw = True
160.0091 	EXP 	grating: autoDraw = False
160.1089 	EXP 	grating_test: autoDraw = True
160.6264 	INFO 	Keyboard events cleared
160.6261 	EXP 	grating_test: autoDraw = False
160.6261 	EXP 	text_2: autoDraw = True
160.9774 	DATA 	Keypress: right
160.9803 	EXP 	grating: autoDraw = False
160.9803 	EXP 	grating_test: autoDraw = False
160.9803 	EXP 	text_2: autoDraw = False
160.9803 	EXP 	grating_test: ori = 0.0
160.9803 	EXP 	grating: autoDraw = True
161.4906 	EXP 	grating: autoDraw = False
161.5733 	EXP 	grating_test: autoDraw = True
162.0633 	INFO 	Keyboard events cleared
162.0630 	EXP 	grating_test: autoDraw = False
162.0630 	EXP 	text_2: autoDraw = True
162.2298 	DATA 	Keypress: right
162.2400 	EXP 	grating: autoDraw = False
162.2400 	EXP 	grating_test: autoDraw = False
162.2400 	EXP 	text_2: autoDraw = False
162.2400 	EXP 	grating_test: ori = -2.0
162.2400 	EXP 	grating: autoDraw = True
162.7279 	EXP 	grating: autoDraw = False
162.8261 	EXP 	grating_test: autoDraw = True
163.3236 	INFO 	Keyboard events cleared
163.3233 	EXP 	grating_test: autoDraw = False
163.3233 	EXP 	text_2: autoDraw = True
163.6467 	DATA 	Keypress: left
163.6567 	EXP 	grating: autoDraw = False
163.6567 	EXP 	grating_test: autoDraw = False
163.6567 	EXP 	text_2: autoDraw = False
163.6567 	EXP 	grating_test: ori = 0.5
163.6567 	EXP 	grating: autoDraw = True
164.1576 	EXP 	grating: autoDraw = False
164.2577 	EXP 	grating_test: autoDraw = True
164.7470 	INFO 	Keyboard events cleared
164.7464 	EXP 	grating_test: autoDraw = False
164.7464 	EXP 	text_2: autoDraw = True
164.9273 	DATA 	Keypress: left
164.9301 	EXP 	grating: autoDraw = False
164.9301 	EXP 	grating_test: autoDraw = False
164.9301 	EXP 	text_2: autoDraw = False
164.9301 	EXP 	grating_test: ori = 1.0
164.9301 	EXP 	grating: autoDraw = True
165.4297 	EXP 	grating: autoDraw = False
165.5233 	EXP 	grating_test: autoDraw = True
166.0140 	INFO 	Keyboard events cleared
166.0138 	EXP 	grating_test: autoDraw = False
166.0138 	EXP 	text_2: autoDraw = True
166.1785 	DATA 	Keypress: right
166.1904 	EXP 	grating: autoDraw = False
166.1904 	EXP 	grating_test: autoDraw = False
166.1904 	EXP 	text_2: autoDraw = False
166.1904 	EXP 	grating_test: ori = -2.0
166.1904 	EXP 	grating: autoDraw = True
166.6908 	EXP 	grating: autoDraw = False
166.7738 	EXP 	grating_test: autoDraw = True
167.2748 	EXP 	grating_test: autoDraw = False
167.2918 	INFO 	Keyboard events cleared
167.2911 	EXP 	text_2: autoDraw = True
167.4469 	DATA 	Keypress: right
167.4755 	EXP 	grating: autoDraw = False
167.4755 	EXP 	grating_test: autoDraw = False
167.4755 	EXP 	text_2: autoDraw = False
167.4755 	EXP 	grating_test: ori = -2.5
167.4755 	EXP 	grating: autoDraw = True
167.9934 	EXP 	grating: autoDraw = False
168.0568 	EXP 	grating_test: autoDraw = True
168.5575 	EXP 	grating_test: autoDraw = False
168.5752 	INFO 	Keyboard events cleared
168.5750 	EXP 	text_2: autoDraw = True
168.7472 	DATA 	Keypress: left
168.7567 	EXP 	grating: autoDraw = False
168.7567 	EXP 	grating_test: autoDraw = False
168.7567 	EXP 	text_2: autoDraw = False
168.7567 	EXP 	grating_test: ori = 1.0
168.7567 	EXP 	grating: autoDraw = True
169.2574 	EXP 	grating: autoDraw = False
169.3579 	EXP 	grating_test: autoDraw = True
169.8470 	INFO 	Keyboard events cleared
169.8467 	EXP 	grating_test: autoDraw = False
169.8467 	EXP 	text_2: autoDraw = True
170.1117 	DATA 	Keypress: right
170.1148 	EXP 	grating: autoDraw = False
170.1148 	EXP 	grating_test: autoDraw = False
170.1148 	EXP 	text_2: autoDraw = False
170.1148 	EXP 	grating_test: ori = 0.5
170.1148 	EXP 	grating: autoDraw = True
170.6090 	EXP 	grating: autoDraw = False
170.7257 	EXP 	grating_test: autoDraw = True
171.2247 	INFO 	Keyboard events cleared
171.2240 	EXP 	text_2: autoDraw = True
171.2408 	EXP 	grating_test: autoDraw = False
171.5286 	DATA 	Keypress: right
171.5425 	EXP 	grating: autoDraw = False
171.5425 	EXP 	grating_test: autoDraw = False
171.5425 	EXP 	text_2: autoDraw = False
171.5425 	EXP 	grating_test: ori = -2.5
171.5425 	EXP 	grating: autoDraw = True
172.0408 	EXP 	grating: autoDraw = False
172.1406 	EXP 	grating_test: autoDraw = True
172.6240 	INFO 	Keyboard events cleared
172.6233 	EXP 	text_2: autoDraw = True
172.6281 	EXP 	grating_test: autoDraw = False
172.8293 	DATA 	Keypress: right
172.8400 	EXP 	grating: autoDraw = False
172.8400 	EXP 	grating_test: autoDraw = False
172.8400 	EXP 	text_2: autoDraw = False
172.8400 	EXP 	grating_test: ori = -3.0
172.8400 	EXP 	grating: autoDraw = True
173.3255 	EXP 	grating: autoDraw = False
173.4413 	EXP 	grating_test: autoDraw = True
173.9259 	INFO 	Keyboard events cleared
173.9257 	EXP 	text_2: autoDraw = True
173.9400 	EXP 	grating_test: autoDraw = False
174.2476 	DATA 	Keypress: left
174.2567 	EXP 	grating: autoDraw = False
174.2567 	EXP 	grating_test: autoDraw = False
174.2567 	EXP 	text_2: autoDraw = False
174.2567 	EXP 	grating_test: ori = 0.5
174.2567 	EXP 	grating: autoDraw = True
174.7425 	EXP 	grating: autoDraw = False
174.8436 	EXP 	grating_test: autoDraw = True
175.3582 	INFO 	Keyboard events cleared
175.3575 	EXP 	grating_test: autoDraw = False
175.3575 	EXP 	text_2: autoDraw = True
175.4958 	DATA 	Keypress: right
175.5070 	EXP 	grating: autoDraw = False
175.5070 	EXP 	grating_test: autoDraw = False
175.5070 	EXP 	text_2: autoDraw = False
175.5070 	EXP 	grating_test: ori = 0.0
175.5070 	EXP 	grating: autoDraw = True
176.0075 	EXP 	grating: autoDraw = False
176.0901 	EXP 	grating_test: autoDraw = True
176.5783 	EXP 	grating_test: autoDraw = False
176.5900 	INFO 	Keyboard events cleared
176.5896 	EXP 	text_2: autoDraw = True
176.6155 	DATA 	Keypress: left
176.6233 	EXP 	grating: autoDraw = False
176.6233 	EXP 	grating_test: autoDraw = False
176.6233 	EXP 	text_2: autoDraw = False
176.6233 	EXP 	grating_test: ori = -3.0
176.6233 	EXP 	grating: autoDraw = True
177.1236 	EXP 	grating: autoDraw = False
177.2133 	EXP 	grating_test: autoDraw = True
177.7253 	INFO 	Keyboard events cleared
177.7250 	EXP 	grating_test: autoDraw = False
177.7250 	EXP 	text_2: autoDraw = True
178.0269 	DATA 	Keypress: left
178.0298 	EXP 	grating: autoDraw = False
178.0298 	EXP 	grating_test: autoDraw = False
178.0298 	EXP 	text_2: autoDraw = False
178.0298 	EXP 	grating_test: ori = -2.5
178.0298 	EXP 	grating: autoDraw = True
178.5267 	EXP 	grating: autoDraw = False
178.6241 	EXP 	grating_test: autoDraw = True
179.1252 	INFO 	Keyboard events cleared
179.1249 	EXP 	grating_test: autoDraw = False
179.1249 	EXP 	text_2: autoDraw = True
179.8292 	DATA 	Keypress: left
179.8566 	EXP 	grating: autoDraw = False
179.8566 	EXP 	grating_test: autoDraw = False
179.8566 	EXP 	text_2: autoDraw = False
179.8566 	EXP 	grating_test: ori = 0.0
179.8566 	EXP 	grating: autoDraw = True
180.3424 	EXP 	grating: autoDraw = False
180.4598 	EXP 	grating_test: autoDraw = True
180.9582 	INFO 	Keyboard events cleared
180.9573 	EXP 	text_2: autoDraw = True
180.9742 	EXP 	grating_test: autoDraw = False
181.1343 	DATA 	Keypress: right
181.1400 	EXP 	grating: autoDraw = False
181.1400 	EXP 	grating_test: autoDraw = False
181.1400 	EXP 	text_2: autoDraw = False
181.1401 	EXP 	05-adaptive-methods: status = STOPPED
181.1660 	INFO 	saved data to '/Users/kbonnen/Library/CloudStorage/OneDrive-IndianaUniversity/Courses/V768-Measuring-Perception/V768-Psychophysics-labs/05-adaptive-methods/adaptive-methods/data/demo2_05-adaptive-methods_2025-02-12_23h42.31.971.csv'
181.1675 	INFO 	saved data to /Users/kbonnen/Library/CloudStorage/OneDrive-IndianaUniversity/Courses/V768-Measuring-Perception/V768-Psychophysics-labs/05-adaptive-methods/adaptive-methods/data/demo2_05-adaptive-methods_2025-02-12_23h42.31.971.psydat
