5.7074 	INFO 	Loaded monitor calibration from ['2023_05_12 15:00']
5.7186 	WARNING 	User requested fullscreen with size [1024  768], but screen is actually [1512, 982]. Using actual size
5.8757 	EXP 	Created window1 = Window(allowGUI=False, allowStencil=False, autoLog=True, backendConf=UNKNOWN, backgroundFit=<method-wrapper '__getattribute__' of attributeSetter object at 0x7f816269a760>, backgroundImage=<method-wrapper '__getattribute__' of attributeSetter object at 0x7f816269a640>, bitsMode=UNKNOWN, blendMode='avg', bpc=(8, 8, 8), color=array([0, 0, 0]), colorSpace='rgb', depthBits=8, fullscr=True, gamma=None, gammaErrorPolicy='raise', infoMsg=UNKNOWN, lms=UNKNOWN, monitor=<psychopy.monitors.calibTools.Monitor object at 0x7f8181f021f0>, multiSample=False, name='window1', numSamples=2, pos=[0.0, 0.0], screen=0, size=array([3024, 1964]), stencilBits=0, stereo=False, title='PsychoPy', units='height', useFBO=True, useRetina=True, viewOri=0.0, viewPos=None, viewScale=None, waitBlanking=True, winType='pyglet')
5.8757 	EXP 	window1: backgroundImage = ''
5.8757 	EXP 	window1: backgroundFit = 'none'
5.9220 	EXP 	window1: Attempting to measure frame rate of screen (0) ...
5.9220 	EXP 	window1: recordFrameIntervals = False
6.0488 	EXP 	window1: recordFrameIntervals = True
6.8827 	WARNING 	Couldn't measure a consistent frame rate!
  - Is your graphics card set to sync to vertical blank?
  - Are you running other processes on your computer?

8.8256 	INFO 	keyboard.Keyboard is using iohub backend.
8.8257 	INFO 	keyboard.Keyboard is using iohub backend.
8.8257 	EXP 	2d-motion-direction-estimation: status = STARTED
8.8617 	EXP 	Created text = TextStim(__class__=<class 'psychopy.visual.text.TextStim'>, alignHoriz=method-wrapper(...), alignText='center', alignVert=method-wrapper(...), anchorHoriz='center', anchorVert='center', antialias=True, autoDraw=False, autoLog=True, bold=False, color=array([1., 1., 1.]), colorSpace='rgb', contrast=1.0, depth=0.0, draggable=False, flipHoriz=False, flipVert=False, font='Arial', fontFiles=[], height=0.05, italic=False, languageStyle='LTR', name='text', opacity=1, ori=0.0, pos=array([0., 0.]), rgb=UNKNOWN, text=str(...), units='height', win=Window(...), wrapWidth=1)
8.8649 	EXP 	Created dots = DotStim(__class__=<class 'psychopy.visual.dot.DotStim'>, autoLog=True, coherence=1.0, color=array([1., 1., 1.]), colorSpace='rgb', contrast=1.0, depth=0.0, dir=1.0, dotLife=100.0, dotSize=10.0, element=None, fieldAnchor=UNKNOWN, fieldPos=array([0., 0.]), fieldShape='circle', fieldSize=array([0.5, 0.5]), nDots=100, name='dots', noiseDots='direction', opacity=1, rgb=UNKNOWN, signalDots='same', speed=0.005, units='height', win=Window(...))
8.8690 	EXP 	Created circle = ShapeStim(__class__=<class 'psychopy.visual.shape.ShapeStim'>, anchor=('center', 'center'), autoDraw=False, autoLog=True, closeShape=True, color=method-wrapper(...), colorSpace='rgb', contrast=None, depth=-1.0, draggable=False, fillColor=array([-1, -1, -1]), fillColorSpace='rgb', fillRGB=array([-1, -1, -1]), interpolate=True, lineColor=array([-1., -1., -1.]), lineColorSpace='rgb', lineRGB=array([-1, -1, -1]), lineWidth=1.0, name='circle', opacity=1, ori=0.0, pos=array([0., 0.]), size=array([0.02, 0.02]), units='height', vertices=ndarray(...), win=Window(...), windingRule=None)
8.8698 	EXP 	Created pointer = Rect(__class__=<class 'psychopy.visual.rect.Rect'>, anchor=('left', 'center'), autoDraw=False, autoLog=True, closeShape=True, color=method-wrapper(...), colorSpace='rgb', contrast=None, depth=-2.0, draggable=False, fillColor=array([-1, -1, -1]), fillColorSpace='rgb', fillRGB=array([-1, -1, -1]), interpolate=True, lineColor=array([-1., -1., -1.]), lineColorSpace='rgb', lineRGB=array([-1, -1, -1]), lineWidth=1.0, name='pointer', opacity=1, ori=1.0, pos=array([0., 0.]), size=array([0.25 , 0.005]), units='height', vertices=ndarray(...), win=Window(...))
8.8699 	INFO 	keyboard.Keyboard is using iohub backend.
0.0124 	EXP 	text: autoDraw = True
1.0147 	EXP 	Imported 2d-motion-direction.xlsx as conditions, 16 conditions, 1 params
1.0167 	EXP 	New trial (rep=0, index=0): <Trial 0 (0 in rep 0) data={'orientation': 22.5, 'thisN': 0, 'thisTrialN': 0, 'thisRepN': 0}>
1.0202 	WARNING 	t of last frame was 23.99ms (=1/41)
1.0202 	EXP 	text: autoDraw = False
1.0202 	EXP 	text: autoDraw = False
1.0202 	EXP 	dots: dir = 22.5
1.1004 	EXP 	dots: autoDraw = True
1.2038 	WARNING 	t of last frame was 103.39ms (=1/9)
2.1049 	INFO 	Keyboard events cleared
2.1047 	EXP 	dots: autoDraw = False
2.1047 	EXP 	circle: autoDraw = True
2.1047 	EXP 	pointer: autoDraw = True
3.7048 	DATA 	Keypress: up
3.7079 	WARNING 	t of last frame was 28.96ms (=1/34)
4.9913 	DATA 	Keypress: up
5.3021 	DATA 	Keypress: right
5.7998 	DATA 	Keypress: left
6.1663 	DATA 	Keypress: right
6.7845 	DATA 	Keypress: backslash
7.1986 	EXP 	New trial (rep=0, index=1): <Trial 1 (1 in rep 0) data={'orientation': 337.5, 'thisN': 1, 'thisTrialN': 1, 'thisRepN': 0}>
7.2014 	DATA 	Keypress: return
7.2042 	EXP 	dots: autoDraw = False
7.2042 	EXP 	circle: autoDraw = False
7.2042 	EXP 	pointer: autoDraw = False
7.2042 	EXP 	dots: dir = 337.5
7.2960 	EXP 	dots: autoDraw = True
8.2975 	EXP 	dots: autoDraw = False
8.3150 	INFO 	Keyboard events cleared
8.3143 	EXP 	circle: autoDraw = True
8.3143 	EXP 	pointer: autoDraw = True
8.9996 	DATA 	Keypress: right
9.4159 	DATA 	Keypress: left
10.6180 	EXP 	New trial (rep=0, index=2): <Trial 2 (2 in rep 0) data={'orientation': 157.5, 'thisN': 2, 'thisTrialN': 2, 'thisRepN': 0}>
10.6199 	DATA 	Keypress: return
10.6294 	EXP 	dots: autoDraw = False
10.6294 	EXP 	circle: autoDraw = False
10.6294 	EXP 	pointer: autoDraw = False
10.6294 	EXP 	dots: dir = 157.5
10.7155 	EXP 	dots: autoDraw = True
11.7131 	INFO 	Keyboard events cleared
11.7128 	EXP 	dots: autoDraw = False
11.7128 	EXP 	circle: autoDraw = True
11.7128 	EXP 	pointer: autoDraw = True
12.1026 	DATA 	Keypress: left
12.4656 	DATA 	Keypress: right
13.6341 	DATA 	Keypress: left
14.1482 	EXP 	New trial (rep=0, index=3): <Trial 3 (3 in rep 0) data={'orientation': 247.5, 'thisN': 3, 'thisTrialN': 3, 'thisRepN': 0}>
14.1503 	DATA 	Keypress: return
14.1531 	EXP 	dots: autoDraw = False
14.1531 	EXP 	circle: autoDraw = False
14.1531 	EXP 	pointer: autoDraw = False
14.1531 	EXP 	dots: dir = 247.5
14.2461 	EXP 	dots: autoDraw = True
15.2325 	EXP 	dots: autoDraw = False
15.2466 	INFO 	Keyboard events cleared
15.2463 	EXP 	circle: autoDraw = True
15.2463 	EXP 	pointer: autoDraw = True
15.7697 	DATA 	Keypress: right
16.5043 	WARNING 	t of last frame was 22.12ms (=1/45)
17.3522 	DATA 	Keypress: right
18.0163 	DATA 	Keypress: left
18.5192 	EXP 	New trial (rep=0, index=4): <Trial 4 (4 in rep 0) data={'orientation': 202.5, 'thisN': 4, 'thisTrialN': 4, 'thisRepN': 0}>
18.5214 	DATA 	Keypress: return
18.5294 	EXP 	dots: autoDraw = False
18.5294 	EXP 	circle: autoDraw = False
18.5294 	EXP 	pointer: autoDraw = False
18.5294 	EXP 	dots: dir = 202.5
18.6156 	EXP 	dots: autoDraw = True
19.6130 	INFO 	Keyboard events cleared
19.6128 	EXP 	dots: autoDraw = False
19.6128 	EXP 	circle: autoDraw = True
19.6128 	EXP 	pointer: autoDraw = True
20.6524 	DATA 	Keypress: left
21.2811 	EXP 	New trial (rep=0, index=5): <Trial 5 (5 in rep 0) data={'orientation': 225, 'thisN': 5, 'thisTrialN': 5, 'thisRepN': 0}>
21.2832 	DATA 	Keypress: return
21.2854 	EXP 	dots: autoDraw = False
21.2854 	EXP 	circle: autoDraw = False
21.2854 	EXP 	pointer: autoDraw = False
21.2854 	EXP 	dots: dir = 225.0
21.3794 	EXP 	dots: autoDraw = True
22.3653 	EXP 	dots: autoDraw = False
22.3792 	INFO 	Keyboard events cleared
22.3789 	EXP 	circle: autoDraw = True
22.3789 	EXP 	pointer: autoDraw = True
22.7999 	DATA 	Keypress: left
23.0861 	DATA 	Keypress: right
23.9141 	EXP 	New trial (rep=0, index=6): <Trial 6 (6 in rep 0) data={'orientation': 0, 'thisN': 6, 'thisTrialN': 6, 'thisRepN': 0}>
23.9162 	DATA 	Keypress: return
23.9189 	EXP 	dots: autoDraw = False
23.9189 	EXP 	circle: autoDraw = False
23.9189 	EXP 	pointer: autoDraw = False
23.9189 	EXP 	dots: dir = 0.0
24.0128 	EXP 	dots: autoDraw = True
25.0146 	INFO 	Keyboard events cleared
25.0130 	EXP 	dots: autoDraw = False
25.0130 	EXP 	circle: autoDraw = True
25.0130 	EXP 	pointer: autoDraw = True
25.6501 	DATA 	Keypress: right
26.4195 	DATA 	Keypress: left
26.9191 	DATA 	Keypress: right
27.7497 	DATA 	Keypress: up
28.2163 	DATA 	Keypress: down
28.4321 	DATA 	Keypress: down
28.9819 	EXP 	New trial (rep=0, index=7): <Trial 7 (7 in rep 0) data={'orientation': 135, 'thisN': 7, 'thisTrialN': 7, 'thisRepN': 0}>
28.9844 	DATA 	Keypress: return
28.9872 	EXP 	dots: autoDraw = False
28.9872 	EXP 	circle: autoDraw = False
28.9872 	EXP 	pointer: autoDraw = False
28.9872 	EXP 	dots: dir = 135.0
29.0796 	EXP 	dots: autoDraw = True
30.0683 	EXP 	dots: autoDraw = False
30.0797 	INFO 	Keyboard events cleared
30.0795 	EXP 	circle: autoDraw = True
30.0795 	EXP 	pointer: autoDraw = True
30.7170 	DATA 	Keypress: right
31.7507 	DATA 	Keypress: right
32.0864 	DATA 	Keypress: right
32.6703 	DATA 	Keypress: left
33.2194 	DATA 	Keypress: up
33.7814 	EXP 	New trial (rep=0, index=8): <Trial 8 (8 in rep 0) data={'orientation': 67.5, 'thisN': 8, 'thisTrialN': 8, 'thisRepN': 0}>
33.7838 	DATA 	Keypress: return
33.7866 	EXP 	dots: autoDraw = False
33.7866 	EXP 	circle: autoDraw = False
33.7866 	EXP 	pointer: autoDraw = False
33.7866 	EXP 	dots: dir = 67.5
33.8789 	EXP 	dots: autoDraw = True
34.8647 	EXP 	dots: autoDraw = False
34.8799 	INFO 	Keyboard events cleared
34.8795 	EXP 	circle: autoDraw = True
34.8795 	EXP 	pointer: autoDraw = True
35.4363 	DATA 	Keypress: right
36.6826 	DATA 	Keypress: right
37.3346 	DATA 	Keypress: left
37.9835 	DATA 	Keypress: backslash
38.3307 	EXP 	New trial (rep=0, index=9): <Trial 9 (9 in rep 0) data={'orientation': 270, 'thisN': 9, 'thisTrialN': 9, 'thisRepN': 0}>
38.3330 	DATA 	Keypress: return
38.3357 	EXP 	dots: autoDraw = False
38.3357 	EXP 	circle: autoDraw = False
38.3357 	EXP 	pointer: autoDraw = False
38.3357 	EXP 	dots: dir = 270.0
38.4294 	EXP 	dots: autoDraw = True
39.4181 	INFO 	Keyboard events cleared
39.4177 	EXP 	dots: autoDraw = False
39.4177 	EXP 	circle: autoDraw = True
39.4177 	EXP 	pointer: autoDraw = True
39.8542 	DATA 	Keypress: right
40.3231 	DATA 	Keypress: left
41.5703 	DATA 	Keypress: right
42.1841 	EXP 	New trial (rep=0, index=10): <Trial 10 (10 in rep 0) data={'orientation': 90, 'thisN': 10, 'thisTrialN': 10, 'thisRepN': 0}>
42.1860 	DATA 	Keypress: return
42.1961 	EXP 	dots: autoDraw = False
42.1961 	EXP 	circle: autoDraw = False
42.1961 	EXP 	pointer: autoDraw = False
42.1961 	EXP 	dots: dir = 90.0
42.2796 	EXP 	dots: autoDraw = True
43.2801 	EXP 	dots: autoDraw = False
43.2853 	INFO 	Keyboard events cleared
43.2850 	EXP 	circle: autoDraw = True
43.2850 	EXP 	pointer: autoDraw = True
43.6332 	DATA 	Keypress: up
46.2711 	DATA 	Keypress: up
47.0493 	DATA 	Keypress: down
47.6666 	DATA 	Keypress: up
48.6361 	DATA 	Keypress: down
49.2495 	DATA 	Keypress: up
49.7682 	EXP 	New trial (rep=0, index=11): <Trial 11 (11 in rep 0) data={'orientation': 45, 'thisN': 11, 'thisTrialN': 11, 'thisRepN': 0}>
49.7703 	DATA 	Keypress: return
49.7794 	EXP 	dots: autoDraw = False
49.7794 	EXP 	circle: autoDraw = False
49.7794 	EXP 	pointer: autoDraw = False
49.7794 	EXP 	dots: dir = 45.0
49.8656 	EXP 	dots: autoDraw = True
50.8628 	EXP 	dots: autoDraw = False
50.8666 	INFO 	Keyboard events cleared
50.8663 	EXP 	circle: autoDraw = True
50.8663 	EXP 	pointer: autoDraw = True
51.9499 	DATA 	Keypress: up
52.3093 	WARNING 	Multiple dropped frames have occurred - I'll stop bothering you about them!
54.0479 	EXP 	New trial (rep=0, index=12): <Trial 12 (12 in rep 0) data={'orientation': 292.5, 'thisN': 12, 'thisTrialN': 12, 'thisRepN': 0}>
54.0502 	DATA 	Keypress: return
54.0531 	EXP 	dots: autoDraw = False
54.0531 	EXP 	circle: autoDraw = False
54.0531 	EXP 	pointer: autoDraw = False
54.0531 	EXP 	dots: dir = 292.5
54.1462 	EXP 	dots: autoDraw = True
55.1324 	EXP 	dots: autoDraw = False
55.1473 	INFO 	Keyboard events cleared
55.1463 	EXP 	circle: autoDraw = True
55.1463 	EXP 	pointer: autoDraw = True
55.4997 	DATA 	Keypress: down
55.9193 	DATA 	Keypress: down
56.1347 	DATA 	Keypress: up
57.8023 	EXP 	New trial (rep=0, index=13): <Trial 13 (13 in rep 0) data={'orientation': 315, 'thisN': 13, 'thisTrialN': 13, 'thisRepN': 0}>
57.8046 	DATA 	Keypress: return
57.8128 	EXP 	dots: autoDraw = False
57.8128 	EXP 	circle: autoDraw = False
57.8128 	EXP 	pointer: autoDraw = False
57.8128 	EXP 	dots: dir = 315.0
57.8993 	EXP 	dots: autoDraw = True
58.8962 	EXP 	dots: autoDraw = False
58.8999 	INFO 	Keyboard events cleared
58.8996 	EXP 	circle: autoDraw = True
58.8996 	EXP 	pointer: autoDraw = True
59.4999 	DATA 	Keypress: down
61.5191 	DATA 	Keypress: up
62.0171 	EXP 	New trial (rep=0, index=14): <Trial 14 (14 in rep 0) data={'orientation': 180, 'thisN': 14, 'thisTrialN': 14, 'thisRepN': 0}>
62.0189 	DATA 	Keypress: return
62.0296 	EXP 	dots: autoDraw = False
62.0296 	EXP 	circle: autoDraw = False
62.0296 	EXP 	pointer: autoDraw = False
62.0296 	EXP 	dots: dir = 180.0
62.1168 	EXP 	dots: autoDraw = True
63.1169 	INFO 	Keyboard events cleared
63.1165 	EXP 	dots: autoDraw = False
63.1165 	EXP 	circle: autoDraw = True
63.1165 	EXP 	pointer: autoDraw = True
63.6669 	DATA 	Keypress: down
64.1367 	DATA 	Keypress: up
65.3495 	DATA 	Keypress: up
66.0024 	DATA 	Keypress: up
66.4494 	DATA 	Keypress: down
66.9314 	EXP 	New trial (rep=0, index=15): <Trial 15 (15 in rep 0) data={'orientation': 112.5, 'thisN': 15, 'thisTrialN': 15, 'thisRepN': 0}>
66.9335 	DATA 	Keypress: return
66.9362 	EXP 	dots: autoDraw = False
66.9362 	EXP 	circle: autoDraw = False
66.9362 	EXP 	pointer: autoDraw = False
66.9362 	EXP 	dots: dir = 112.5
67.0295 	EXP 	dots: autoDraw = True
68.0159 	EXP 	dots: autoDraw = False
68.0297 	INFO 	Keyboard events cleared
68.0294 	EXP 	circle: autoDraw = True
68.0294 	EXP 	pointer: autoDraw = True
68.4000 	DATA 	Keypress: up
68.9990 	DATA 	Keypress: up
69.5511 	EXP 	New trial (rep=1, index=0): <Trial 16 (0 in rep 1) data={'orientation': 247.5, 'thisN': 16, 'thisTrialN': 0, 'thisRepN': 1}>
69.5532 	DATA 	Keypress: return
69.5628 	EXP 	dots: autoDraw = False
69.5628 	EXP 	circle: autoDraw = False
69.5628 	EXP 	pointer: autoDraw = False
69.5628 	EXP 	dots: dir = 247.5
69.6499 	EXP 	dots: autoDraw = True
70.6462 	EXP 	dots: autoDraw = False
70.6504 	INFO 	Keyboard events cleared
70.6501 	EXP 	circle: autoDraw = True
70.6501 	EXP 	pointer: autoDraw = True
71.1234 	DATA 	Keypress: down
71.7478 	EXP 	New trial (rep=1, index=1): <Trial 17 (1 in rep 1) data={'orientation': 180, 'thisN': 17, 'thisTrialN': 1, 'thisRepN': 1}>
71.7499 	DATA 	Keypress: return
71.7526 	EXP 	dots: autoDraw = False
71.7526 	EXP 	circle: autoDraw = False
71.7526 	EXP 	pointer: autoDraw = False
71.7526 	EXP 	dots: dir = 180.0
71.8461 	EXP 	dots: autoDraw = True
72.8325 	EXP 	dots: autoDraw = False
72.8464 	INFO 	Keyboard events cleared
72.8460 	EXP 	circle: autoDraw = True
72.8460 	EXP 	pointer: autoDraw = True
73.3210 	DATA 	Keypress: down
76.2158 	DATA 	Keypress: down
76.6822 	DATA 	Keypress: up
77.5675 	EXP 	New trial (rep=1, index=2): <Trial 18 (2 in rep 1) data={'orientation': 157.5, 'thisN': 18, 'thisTrialN': 2, 'thisRepN': 1}>
77.5699 	DATA 	Keypress: return
77.5796 	EXP 	dots: autoDraw = False
77.5796 	EXP 	circle: autoDraw = False
77.5796 	EXP 	pointer: autoDraw = False
77.5796 	EXP 	dots: dir = 157.5
77.6668 	EXP 	dots: autoDraw = True
78.6628 	EXP 	dots: autoDraw = False
78.6667 	INFO 	Keyboard events cleared
78.6665 	EXP 	circle: autoDraw = True
78.6665 	EXP 	pointer: autoDraw = True
79.2869 	DATA 	Keypress: down
80.4676 	EXP 	New trial (rep=1, index=3): <Trial 19 (3 in rep 1) data={'orientation': 202.5, 'thisN': 19, 'thisTrialN': 3, 'thisRepN': 1}>
80.4696 	DATA 	Keypress: return
80.4795 	EXP 	dots: autoDraw = False
80.4795 	EXP 	circle: autoDraw = False
80.4795 	EXP 	pointer: autoDraw = False
80.4795 	EXP 	dots: dir = 202.5
80.5666 	EXP 	dots: autoDraw = True
81.5628 	EXP 	dots: autoDraw = False
81.5663 	INFO 	Keyboard events cleared
81.5660 	EXP 	circle: autoDraw = True
81.5660 	EXP 	pointer: autoDraw = True
81.9328 	DATA 	Keypress: down
83.4998 	DATA 	Keypress: up
83.9647 	EXP 	New trial (rep=1, index=4): <Trial 20 (4 in rep 1) data={'orientation': 22.5, 'thisN': 20, 'thisTrialN': 4, 'thisRepN': 1}>
83.9672 	DATA 	Keypress: return
83.9699 	EXP 	dots: autoDraw = False
83.9699 	EXP 	circle: autoDraw = False
83.9699 	EXP 	pointer: autoDraw = False
83.9699 	EXP 	dots: dir = 22.5
84.0629 	EXP 	dots: autoDraw = True
85.0634 	INFO 	Keyboard events cleared
85.0630 	EXP 	dots: autoDraw = False
85.0630 	EXP 	circle: autoDraw = True
85.0630 	EXP 	pointer: autoDraw = True
85.5542 	DATA 	Keypress: up
85.7994 	DATA 	Keypress: down
87.1656 	EXP 	New trial (rep=1, index=5): <Trial 21 (5 in rep 1) data={'orientation': 315, 'thisN': 21, 'thisTrialN': 5, 'thisRepN': 1}>
87.1677 	DATA 	Keypress: return
87.1797 	EXP 	dots: autoDraw = False
87.1797 	EXP 	circle: autoDraw = False
87.1797 	EXP 	pointer: autoDraw = False
87.1797 	EXP 	dots: dir = 315.0
87.2628 	EXP 	dots: autoDraw = True
88.2511 	EXP 	dots: autoDraw = False
88.2633 	INFO 	Keyboard events cleared
88.2629 	EXP 	circle: autoDraw = True
88.2629 	EXP 	pointer: autoDraw = True
88.6659 	DATA 	Keypress: down
90.1646 	EXP 	New trial (rep=1, index=6): <Trial 22 (6 in rep 1) data={'orientation': 225, 'thisN': 22, 'thisTrialN': 6, 'thisRepN': 1}>
90.1664 	DATA 	Keypress: return
90.1687 	EXP 	dots: autoDraw = False
90.1687 	EXP 	circle: autoDraw = False
90.1687 	EXP 	pointer: autoDraw = False
90.1687 	EXP 	dots: dir = 225.0
90.2628 	EXP 	dots: autoDraw = True
91.2648 	INFO 	Keyboard events cleared
91.2639 	EXP 	dots: autoDraw = False
91.2639 	EXP 	circle: autoDraw = True
91.2639 	EXP 	pointer: autoDraw = True
92.0713 	DATA 	Keypress: down
94.0648 	EXP 	New trial (rep=1, index=7): <Trial 23 (7 in rep 1) data={'orientation': 112.5, 'thisN': 23, 'thisTrialN': 7, 'thisRepN': 1}>
94.0675 	EXP 	dots: autoDraw = False
94.0675 	EXP 	circle: autoDraw = False
94.0675 	EXP 	pointer: autoDraw = False
94.0675 	EXP 	dots: dir = 112.5
94.0691 	DATA 	Keypress: return
94.1628 	EXP 	dots: autoDraw = True
95.1485 	EXP 	dots: autoDraw = False
95.1631 	INFO 	Keyboard events cleared
95.1628 	EXP 	circle: autoDraw = True
95.1628 	EXP 	pointer: autoDraw = True
95.5498 	DATA 	Keypress: up
96.8513 	EXP 	New trial (rep=1, index=8): <Trial 24 (8 in rep 1) data={'orientation': 67.5, 'thisN': 24, 'thisTrialN': 8, 'thisRepN': 1}>
96.8536 	DATA 	Keypress: return
96.8629 	EXP 	dots: autoDraw = False
96.8629 	EXP 	circle: autoDraw = False
96.8629 	EXP 	pointer: autoDraw = False
96.8629 	EXP 	dots: dir = 67.5
96.9501 	EXP 	dots: autoDraw = True
97.9465 	INFO 	Keyboard events cleared
97.9463 	EXP 	dots: autoDraw = False
97.9463 	EXP 	circle: autoDraw = True
97.9463 	EXP 	pointer: autoDraw = True
98.6855 	DATA 	Keypress: down
99.3004 	EXP 	New trial (rep=1, index=9): <Trial 25 (9 in rep 1) data={'orientation': 337.5, 'thisN': 25, 'thisTrialN': 9, 'thisRepN': 1}>
99.3027 	DATA 	Keypress: return
99.3130 	EXP 	dots: autoDraw = False
99.3130 	EXP 	circle: autoDraw = False
99.3130 	EXP 	pointer: autoDraw = False
99.3130 	EXP 	dots: dir = 337.5
99.3962 	EXP 	dots: autoDraw = True
100.3826 	EXP 	dots: autoDraw = False
100.3999 	INFO 	Keyboard events cleared
100.3996 	EXP 	circle: autoDraw = True
100.3996 	EXP 	pointer: autoDraw = True
100.8067 	DATA 	Keypress: down
102.5310 	EXP 	New trial (rep=1, index=10): <Trial 26 (10 in rep 1) data={'orientation': 0, 'thisN': 26, 'thisTrialN': 10, 'thisRepN': 1}>
102.5331 	DATA 	Keypress: return
102.5359 	EXP 	dots: autoDraw = False
102.5359 	EXP 	circle: autoDraw = False
102.5359 	EXP 	pointer: autoDraw = False
102.5359 	EXP 	dots: dir = 0.0
102.6294 	EXP 	dots: autoDraw = True
103.6147 	EXP 	dots: autoDraw = False
103.6300 	INFO 	Keyboard events cleared
103.6297 	EXP 	circle: autoDraw = True
103.6297 	EXP 	pointer: autoDraw = True
104.1500 	DATA 	Keypress: down
104.7489 	DATA 	Keypress: up
106.2035 	DATA 	Keypress: up
107.0330 	DATA 	Keypress: down
107.5146 	EXP 	New trial (rep=1, index=11): <Trial 27 (11 in rep 1) data={'orientation': 90, 'thisN': 27, 'thisTrialN': 11, 'thisRepN': 1}>
107.5214 	EXP 	dots: autoDraw = False
107.5214 	EXP 	circle: autoDraw = False
107.5214 	EXP 	pointer: autoDraw = False
107.5214 	EXP 	dots: dir = 90.0
107.5229 	DATA 	Keypress: return
107.6128 	EXP 	dots: autoDraw = True
108.6143 	INFO 	Keyboard events cleared
108.6135 	EXP 	dots: autoDraw = False
108.6135 	EXP 	circle: autoDraw = True
108.6135 	EXP 	pointer: autoDraw = True
109.0533 	DATA 	Keypress: up
111.6148 	EXP 	New trial (rep=1, index=12): <Trial 28 (12 in rep 1) data={'orientation': 45, 'thisN': 28, 'thisTrialN': 12, 'thisRepN': 1}>
111.6172 	DATA 	Keypress: return
111.6199 	EXP 	dots: autoDraw = False
111.6199 	EXP 	circle: autoDraw = False
111.6199 	EXP 	pointer: autoDraw = False
111.6199 	EXP 	dots: dir = 45.0
111.7128 	EXP 	dots: autoDraw = True
112.7141 	INFO 	Keyboard events cleared
112.7137 	EXP 	dots: autoDraw = False
112.7137 	EXP 	circle: autoDraw = True
112.7137 	EXP 	pointer: autoDraw = True
113.1825 	DATA 	Keypress: down
115.4149 	EXP 	New trial (rep=1, index=13): <Trial 29 (13 in rep 1) data={'orientation': 135, 'thisN': 29, 'thisTrialN': 13, 'thisRepN': 1}>
115.4168 	DATA 	Keypress: return
115.4194 	EXP 	dots: autoDraw = False
115.4194 	EXP 	circle: autoDraw = False
115.4194 	EXP 	pointer: autoDraw = False
115.4194 	EXP 	dots: dir = 135.0
115.5129 	EXP 	dots: autoDraw = True
116.4982 	EXP 	dots: autoDraw = False
116.5130 	INFO 	Keyboard events cleared
116.5128 	EXP 	circle: autoDraw = True
116.5128 	EXP 	pointer: autoDraw = True
116.9196 	DATA 	Keypress: up
119.0030 	DATA 	Keypress: down
119.4672 	DATA 	Keypress: up
119.9814 	EXP 	New trial (rep=1, index=14): <Trial 30 (14 in rep 1) data={'orientation': 292.5, 'thisN': 30, 'thisTrialN': 14, 'thisRepN': 1}>
119.9838 	DATA 	Keypress: return
119.9867 	EXP 	dots: autoDraw = False
119.9867 	EXP 	circle: autoDraw = False
119.9867 	EXP 	pointer: autoDraw = False
119.9867 	EXP 	dots: dir = 292.5
120.0795 	EXP 	dots: autoDraw = True
121.0664 	EXP 	dots: autoDraw = False
121.0798 	INFO 	Keyboard events cleared
121.0795 	EXP 	circle: autoDraw = True
121.0795 	EXP 	pointer: autoDraw = True
121.4333 	DATA 	Keypress: down
122.8162 	DATA 	Keypress: up
123.4520 	EXP 	New trial (rep=1, index=15): <Trial 31 (15 in rep 1) data={'orientation': 270, 'thisN': 31, 'thisTrialN': 15, 'thisRepN': 1}>
123.4543 	DATA 	Keypress: return
123.4628 	EXP 	dots: autoDraw = False
123.4628 	EXP 	circle: autoDraw = False
123.4628 	EXP 	pointer: autoDraw = False
123.4628 	EXP 	dots: dir = 270.0
123.5501 	EXP 	dots: autoDraw = True
124.5492 	INFO 	Keyboard events cleared
124.5489 	EXP 	dots: autoDraw = False
124.5489 	EXP 	circle: autoDraw = True
124.5489 	EXP 	pointer: autoDraw = True
124.9328 	DATA 	Keypress: down
127.1852 	DATA 	Keypress: down
127.7499 	DATA 	Keypress: up
128.3023 	EXP 	New trial (rep=2, index=0): <Trial 32 (0 in rep 2) data={'orientation': 112.5, 'thisN': 32, 'thisTrialN': 0, 'thisRepN': 2}>
128.3047 	DATA 	Keypress: return
128.3129 	EXP 	dots: autoDraw = False
128.3129 	EXP 	circle: autoDraw = False
128.3129 	EXP 	pointer: autoDraw = False
128.3129 	EXP 	dots: dir = 112.5
128.3990 	EXP 	dots: autoDraw = True
129.3959 	EXP 	dots: autoDraw = False
129.3995 	INFO 	Keyboard events cleared
129.3991 	EXP 	circle: autoDraw = True
129.3991 	EXP 	pointer: autoDraw = True
129.7996 	DATA 	Keypress: up
130.3867 	DATA 	Keypress: down
131.5659 	DATA 	Keypress: down
132.0204 	DATA 	Keypress: up
132.6649 	EXP 	New trial (rep=2, index=1): <Trial 33 (1 in rep 2) data={'orientation': 270, 'thisN': 33, 'thisTrialN': 1, 'thisRepN': 2}>
132.6672 	DATA 	Keypress: return
132.6702 	EXP 	dots: autoDraw = False
132.6702 	EXP 	circle: autoDraw = False
132.6702 	EXP 	pointer: autoDraw = False
132.6702 	EXP 	dots: dir = 270.0
132.7628 	EXP 	dots: autoDraw = True
133.7484 	EXP 	dots: autoDraw = False
133.7631 	INFO 	Keyboard events cleared
133.7629 	EXP 	circle: autoDraw = True
133.7629 	EXP 	pointer: autoDraw = True
134.1504 	DATA 	Keypress: down
135.4192 	DATA 	Keypress: up
136.0701 	DATA 	Keypress: down
136.6850 	DATA 	Keypress: up
137.1176 	DATA 	Keypress: down
137.6309 	EXP 	New trial (rep=2, index=2): <Trial 34 (2 in rep 2) data={'orientation': 202.5, 'thisN': 34, 'thisTrialN': 2, 'thisRepN': 2}>
137.6330 	DATA 	Keypress: return
137.6357 	EXP 	dots: autoDraw = False
137.6357 	EXP 	circle: autoDraw = False
137.6357 	EXP 	pointer: autoDraw = False
137.6357 	EXP 	dots: dir = 202.5
137.7296 	EXP 	dots: autoDraw = True
138.7152 	EXP 	dots: autoDraw = False
138.7298 	INFO 	Keyboard events cleared
138.7295 	EXP 	circle: autoDraw = True
138.7295 	EXP 	pointer: autoDraw = True
139.0709 	DATA 	Keypress: down
140.4657 	EXP 	New trial (rep=2, index=3): <Trial 35 (3 in rep 2) data={'orientation': 225, 'thisN': 35, 'thisTrialN': 3, 'thisRepN': 2}>
140.4680 	DATA 	Keypress: return
140.4798 	EXP 	dots: autoDraw = False
140.4798 	EXP 	circle: autoDraw = False
140.4798 	EXP 	pointer: autoDraw = False
140.4798 	EXP 	dots: dir = 225.0
140.5627 	EXP 	dots: autoDraw = True
141.5510 	EXP 	dots: autoDraw = False
141.5631 	INFO 	Keyboard events cleared
141.5628 	EXP 	circle: autoDraw = True
141.5628 	EXP 	pointer: autoDraw = True
142.0169 	DATA 	Keypress: down
144.5005 	EXP 	New trial (rep=2, index=4): <Trial 36 (4 in rep 2) data={'orientation': 67.5, 'thisN': 36, 'thisTrialN': 4, 'thisRepN': 2}>
144.5024 	DATA 	Keypress: return
144.5123 	EXP 	dots: autoDraw = False
144.5123 	EXP 	circle: autoDraw = False
144.5123 	EXP 	pointer: autoDraw = False
144.5123 	EXP 	dots: dir = 67.5
144.5998 	EXP 	dots: autoDraw = True
145.5964 	INFO 	Keyboard events cleared
145.5962 	EXP 	dots: autoDraw = False
145.5962 	EXP 	circle: autoDraw = True
145.5962 	EXP 	pointer: autoDraw = True
146.0187 	DATA 	Keypress: up
146.5157 	DATA 	Keypress: down
148.5317 	EXP 	New trial (rep=2, index=5): <Trial 37 (5 in rep 2) data={'orientation': 180, 'thisN': 37, 'thisTrialN': 5, 'thisRepN': 2}>
148.5341 	DATA 	Keypress: return
148.5369 	EXP 	dots: autoDraw = False
148.5369 	EXP 	circle: autoDraw = False
148.5369 	EXP 	pointer: autoDraw = False
148.5369 	EXP 	dots: dir = 180.0
148.6295 	EXP 	dots: autoDraw = True
149.6150 	EXP 	dots: autoDraw = False
149.6297 	INFO 	Keyboard events cleared
149.6294 	EXP 	circle: autoDraw = True
149.6294 	EXP 	pointer: autoDraw = True
150.1662 	DATA 	Keypress: down
150.7865 	DATA 	Keypress: up
151.3824 	EXP 	New trial (rep=2, index=6): <Trial 38 (6 in rep 2) data={'orientation': 337.5, 'thisN': 38, 'thisTrialN': 6, 'thisRepN': 2}>
151.3850 	DATA 	Keypress: return
151.3964 	EXP 	dots: autoDraw = False
151.3964 	EXP 	circle: autoDraw = False
151.3964 	EXP 	pointer: autoDraw = False
151.3964 	EXP 	dots: dir = 337.5
151.4795 	EXP 	dots: autoDraw = True
152.4652 	EXP 	dots: autoDraw = False
152.4799 	INFO 	Keyboard events cleared
152.4795 	EXP 	circle: autoDraw = True
152.4795 	EXP 	pointer: autoDraw = True
152.9501 	DATA 	Keypress: down
154.3150 	EXP 	New trial (rep=2, index=7): <Trial 39 (7 in rep 2) data={'orientation': 315, 'thisN': 39, 'thisTrialN': 7, 'thisRepN': 2}>
154.3172 	DATA 	Keypress: return
154.3201 	EXP 	dots: autoDraw = False
154.3201 	EXP 	circle: autoDraw = False
154.3201 	EXP 	pointer: autoDraw = False
154.3201 	EXP 	dots: dir = 315.0
154.4128 	EXP 	dots: autoDraw = True
155.4132 	EXP 	dots: autoDraw = False
155.4199 	INFO 	Keyboard events cleared
155.4196 	EXP 	circle: autoDraw = True
155.4196 	EXP 	pointer: autoDraw = True
155.9656 	DATA 	Keypress: down
157.2686 	DATA 	Keypress: up
159.0151 	EXP 	New trial (rep=2, index=8): <Trial 40 (8 in rep 2) data={'orientation': 22.5, 'thisN': 40, 'thisTrialN': 8, 'thisRepN': 2}>
159.0177 	DATA 	Keypress: return
159.0205 	EXP 	dots: autoDraw = False
159.0205 	EXP 	circle: autoDraw = False
159.0205 	EXP 	pointer: autoDraw = False
159.0205 	EXP 	dots: dir = 22.5
159.1128 	EXP 	dots: autoDraw = True
160.1137 	EXP 	dots: autoDraw = False
160.1316 	INFO 	Keyboard events cleared
160.1309 	EXP 	circle: autoDraw = True
160.1309 	EXP 	pointer: autoDraw = True
160.6334 	DATA 	Keypress: up
161.7715 	DATA 	Keypress: return
161.7802 	EXP 	New trial (rep=2, index=9): <Trial 41 (9 in rep 2) data={'orientation': 157.5, 'thisN': 41, 'thisTrialN': 9, 'thisRepN': 2}>
161.7837 	EXP 	dots: autoDraw = False
161.7837 	EXP 	circle: autoDraw = False
161.7837 	EXP 	pointer: autoDraw = False
161.7837 	EXP 	dots: dir = 157.5
161.8659 	EXP 	dots: autoDraw = True
162.8629 	EXP 	dots: autoDraw = False
162.8690 	INFO 	Keyboard events cleared
162.8687 	EXP 	circle: autoDraw = True
162.8687 	EXP 	pointer: autoDraw = True
163.4680 	DATA 	Keypress: up
165.5995 	EXP 	New trial (rep=2, index=10): <Trial 42 (10 in rep 2) data={'orientation': 0, 'thisN': 42, 'thisTrialN': 10, 'thisRepN': 2}>
165.6018 	DATA 	Keypress: return
165.6131 	EXP 	dots: autoDraw = False
165.6131 	EXP 	circle: autoDraw = False
165.6131 	EXP 	pointer: autoDraw = False
165.6131 	EXP 	dots: dir = 0.0
165.6990 	EXP 	dots: autoDraw = True
166.6966 	INFO 	Keyboard events cleared
166.6962 	EXP 	dots: autoDraw = False
166.6962 	EXP 	circle: autoDraw = True
166.6962 	EXP 	pointer: autoDraw = True
167.1346 	DATA 	Keypress: down
167.5817 	DATA 	Keypress: up
169.5191 	DATA 	Keypress: up
169.9542 	DATA 	Keypress: down
170.2199 	DATA 	Keypress: down
171.1163 	DATA 	Keypress: up
171.7043 	DATA 	Keypress: up
172.1830 	DATA 	Keypress: down
172.9849 	EXP 	New trial (rep=2, index=11): <Trial 43 (11 in rep 2) data={'orientation': 45, 'thisN': 43, 'thisTrialN': 11, 'thisRepN': 2}>
172.9867 	DATA 	Keypress: return
172.9962 	EXP 	dots: autoDraw = False
172.9962 	EXP 	circle: autoDraw = False
172.9962 	EXP 	pointer: autoDraw = False
172.9962 	EXP 	dots: dir = 45.0
173.0825 	EXP 	dots: autoDraw = True
174.0986 	INFO 	Keyboard events cleared
174.0979 	EXP 	dots: autoDraw = False
174.0979 	EXP 	circle: autoDraw = True
174.0979 	EXP 	pointer: autoDraw = True
174.9199 	DATA 	Keypress: down
176.9325 	EXP 	New trial (rep=2, index=12): <Trial 44 (12 in rep 2) data={'orientation': 90, 'thisN': 44, 'thisTrialN': 12, 'thisRepN': 2}>
176.9347 	DATA 	Keypress: return
176.9463 	EXP 	dots: autoDraw = False
176.9463 	EXP 	circle: autoDraw = False
176.9463 	EXP 	pointer: autoDraw = False
176.9463 	EXP 	dots: dir = 90.0
177.0295 	EXP 	dots: autoDraw = True
178.0304 	EXP 	dots: autoDraw = False
178.0466 	INFO 	Keyboard events cleared
178.0463 	EXP 	circle: autoDraw = True
178.0463 	EXP 	pointer: autoDraw = True
178.4851 	DATA 	Keypress: up
180.3981 	EXP 	New trial (rep=2, index=13): <Trial 45 (13 in rep 2) data={'orientation': 135, 'thisN': 45, 'thisTrialN': 13, 'thisRepN': 2}>
180.4006 	DATA 	Keypress: return
180.4036 	EXP 	dots: autoDraw = False
180.4036 	EXP 	circle: autoDraw = False
180.4036 	EXP 	pointer: autoDraw = False
180.4036 	EXP 	dots: dir = 135.0
180.4968 	EXP 	dots: autoDraw = True
181.4818 	EXP 	dots: autoDraw = False
181.4961 	INFO 	Keyboard events cleared
181.4959 	EXP 	circle: autoDraw = True
181.4959 	EXP 	pointer: autoDraw = True
181.8999 	DATA 	Keypress: down
183.9181 	EXP 	New trial (rep=2, index=14): <Trial 46 (14 in rep 2) data={'orientation': 247.5, 'thisN': 46, 'thisTrialN': 14, 'thisRepN': 2}>
183.9207 	DATA 	Keypress: return
183.9297 	EXP 	dots: autoDraw = False
183.9297 	EXP 	circle: autoDraw = False
183.9297 	EXP 	pointer: autoDraw = False
183.9297 	EXP 	dots: dir = 247.5
184.0167 	EXP 	dots: autoDraw = True
185.0308 	INFO 	Keyboard events cleared
185.0305 	EXP 	dots: autoDraw = False
185.0305 	EXP 	circle: autoDraw = True
185.0305 	EXP 	pointer: autoDraw = True
185.3719 	DATA 	Keypress: down
186.8329 	DATA 	Keypress: up
187.3143 	EXP 	New trial (rep=2, index=15): <Trial 47 (15 in rep 2) data={'orientation': 292.5, 'thisN': 47, 'thisTrialN': 15, 'thisRepN': 2}>
187.3162 	DATA 	Keypress: return
187.3190 	EXP 	dots: autoDraw = False
187.3190 	EXP 	circle: autoDraw = False
187.3190 	EXP 	pointer: autoDraw = False
187.3190 	EXP 	dots: dir = 292.5
187.4129 	EXP 	dots: autoDraw = True
188.4018 	EXP 	dots: autoDraw = False
188.4132 	INFO 	Keyboard events cleared
188.4128 	EXP 	circle: autoDraw = True
188.4128 	EXP 	pointer: autoDraw = True
189.1021 	DATA 	Keypress: up
189.8660 	DATA 	Keypress: up
190.4037 	EXP 	New trial (rep=3, index=0): <Trial 48 (0 in rep 3) data={'orientation': 22.5, 'thisN': 48, 'thisTrialN': 0, 'thisRepN': 3}>
190.4057 	DATA 	Keypress: return
190.4128 	EXP 	dots: autoDraw = False
190.4128 	EXP 	circle: autoDraw = False
190.4128 	EXP 	pointer: autoDraw = False
190.4128 	EXP 	dots: dir = 22.5
190.4998 	EXP 	dots: autoDraw = True
191.4962 	EXP 	dots: autoDraw = False
191.5010 	INFO 	Keyboard events cleared
191.5007 	EXP 	circle: autoDraw = True
191.5007 	EXP 	pointer: autoDraw = True
192.3827 	DATA 	Keypress: down
192.8828 	DATA 	Keypress: up
194.3309 	EXP 	New trial (rep=3, index=1): <Trial 49 (1 in rep 3) data={'orientation': 0, 'thisN': 49, 'thisTrialN': 1, 'thisRepN': 3}>
194.3328 	DATA 	Keypress: return
194.3356 	EXP 	dots: autoDraw = False
194.3356 	EXP 	circle: autoDraw = False
194.3356 	EXP 	pointer: autoDraw = False
194.3356 	EXP 	dots: dir = 0.0
194.4296 	EXP 	dots: autoDraw = True
195.4184 	EXP 	dots: autoDraw = False
195.4298 	INFO 	Keyboard events cleared
195.4295 	EXP 	circle: autoDraw = True
195.4295 	EXP 	pointer: autoDraw = True
196.0327 	DATA 	Keypress: down
197.4998 	DATA 	Keypress: down
198.1978 	EXP 	New trial (rep=3, index=2): <Trial 50 (2 in rep 3) data={'orientation': 315, 'thisN': 50, 'thisTrialN': 2, 'thisRepN': 3}>
198.1999 	DATA 	Keypress: return
198.2028 	EXP 	dots: autoDraw = False
198.2028 	EXP 	circle: autoDraw = False
198.2028 	EXP 	pointer: autoDraw = False
198.2028 	EXP 	dots: dir = 315.0
198.2962 	EXP 	dots: autoDraw = True
199.2817 	EXP 	dots: autoDraw = False
199.2964 	INFO 	Keyboard events cleared
199.2962 	EXP 	circle: autoDraw = True
199.2962 	EXP 	pointer: autoDraw = True
199.8180 	DATA 	Keypress: down
202.1521 	EXP 	New trial (rep=3, index=3): <Trial 51 (3 in rep 3) data={'orientation': 67.5, 'thisN': 51, 'thisTrialN': 3, 'thisRepN': 3}>
202.1543 	DATA 	Keypress: return
202.1629 	EXP 	dots: autoDraw = False
202.1629 	EXP 	circle: autoDraw = False
202.1629 	EXP 	pointer: autoDraw = False
202.1629 	EXP 	dots: dir = 67.5
202.2488 	EXP 	dots: autoDraw = True
203.2463 	EXP 	dots: autoDraw = False
203.2500 	INFO 	Keyboard events cleared
203.2497 	EXP 	circle: autoDraw = True
203.2497 	EXP 	pointer: autoDraw = True
203.7663 	DATA 	Keypress: up
205.6540 	DATA 	Keypress: down
206.2314 	EXP 	New trial (rep=3, index=4): <Trial 52 (4 in rep 3) data={'orientation': 90, 'thisN': 52, 'thisTrialN': 4, 'thisRepN': 3}>
206.2336 	DATA 	Keypress: return
206.2364 	EXP 	dots: autoDraw = False
206.2364 	EXP 	circle: autoDraw = False
206.2364 	EXP 	pointer: autoDraw = False
206.2364 	EXP 	dots: dir = 90.0
206.3296 	EXP 	dots: autoDraw = True
207.3152 	EXP 	dots: autoDraw = False
207.3298 	INFO 	Keyboard events cleared
207.3295 	EXP 	circle: autoDraw = True
207.3295 	EXP 	pointer: autoDraw = True
207.7512 	DATA 	Keypress: up
208.9858 	DATA 	Keypress: up
209.6021 	EXP 	New trial (rep=3, index=5): <Trial 53 (5 in rep 3) data={'orientation': 135, 'thisN': 53, 'thisTrialN': 5, 'thisRepN': 3}>
209.6046 	DATA 	Keypress: return
209.6129 	EXP 	dots: autoDraw = False
209.6129 	EXP 	circle: autoDraw = False
209.6129 	EXP 	pointer: autoDraw = False
209.6129 	EXP 	dots: dir = 135.0
209.6991 	EXP 	dots: autoDraw = True
210.6962 	EXP 	dots: autoDraw = False
210.7006 	INFO 	Keyboard events cleared
210.7001 	EXP 	circle: autoDraw = True
210.7001 	EXP 	pointer: autoDraw = True
211.3818 	EXP 	New trial (rep=3, index=6): <Trial 54 (6 in rep 3) data={'orientation': 157.5, 'thisN': 54, 'thisTrialN': 6, 'thisRepN': 3}>
211.3838 	DATA 	Keypress: return
211.3866 	EXP 	dots: autoDraw = False
211.3866 	EXP 	circle: autoDraw = False
211.3866 	EXP 	pointer: autoDraw = False
211.3866 	EXP 	dots: dir = 157.5
211.4795 	EXP 	dots: autoDraw = True
212.4811 	INFO 	Keyboard events cleared
212.4807 	EXP 	dots: autoDraw = False
212.4807 	EXP 	circle: autoDraw = True
212.4807 	EXP 	pointer: autoDraw = True
213.0333 	DATA 	Keypress: up
213.6329 	DATA 	Keypress: down
215.7821 	EXP 	New trial (rep=3, index=7): <Trial 55 (7 in rep 3) data={'orientation': 225, 'thisN': 55, 'thisTrialN': 7, 'thisRepN': 3}>
215.7843 	DATA 	Keypress: return
215.7964 	EXP 	dots: autoDraw = False
215.7964 	EXP 	circle: autoDraw = False
215.7964 	EXP 	pointer: autoDraw = False
215.7964 	EXP 	dots: dir = 225.0
215.8795 	EXP 	dots: autoDraw = True
216.8654 	EXP 	dots: autoDraw = False
216.8799 	INFO 	Keyboard events cleared
216.8796 	EXP 	circle: autoDraw = True
216.8796 	EXP 	pointer: autoDraw = True
217.6829 	DATA 	Keypress: down
219.8152 	EXP 	New trial (rep=3, index=8): <Trial 56 (8 in rep 3) data={'orientation': 337.5, 'thisN': 56, 'thisTrialN': 8, 'thisRepN': 3}>
219.8177 	DATA 	Keypress: return
219.8205 	EXP 	dots: autoDraw = False
219.8205 	EXP 	circle: autoDraw = False
219.8205 	EXP 	pointer: autoDraw = False
219.8205 	EXP 	dots: dir = 337.5
219.9129 	EXP 	dots: autoDraw = True
220.9137 	EXP 	dots: autoDraw = False
220.9315 	INFO 	Keyboard events cleared
220.9307 	EXP 	circle: autoDraw = True
220.9307 	EXP 	pointer: autoDraw = True
221.4039 	DATA 	Keypress: down
223.3499 	DATA 	Keypress: down
224.1179 	EXP 	New trial (rep=3, index=9): <Trial 57 (9 in rep 3) data={'orientation': 180, 'thisN': 57, 'thisTrialN': 9, 'thisRepN': 3}>
224.1199 	DATA 	Keypress: return
224.1295 	EXP 	dots: autoDraw = False
224.1295 	EXP 	circle: autoDraw = False
224.1295 	EXP 	pointer: autoDraw = False
224.1295 	EXP 	dots: dir = 180.0
224.2167 	EXP 	dots: autoDraw = True
225.2132 	INFO 	Keyboard events cleared
225.2129 	EXP 	dots: autoDraw = False
225.2129 	EXP 	circle: autoDraw = True
225.2129 	EXP 	pointer: autoDraw = True
225.6827 	DATA 	Keypress: down
228.3480 	EXP 	New trial (rep=3, index=10): <Trial 58 (10 in rep 3) data={'orientation': 45, 'thisN': 58, 'thisTrialN': 10, 'thisRepN': 3}>
228.3503 	DATA 	Keypress: return
228.3531 	EXP 	dots: autoDraw = False
228.3531 	EXP 	circle: autoDraw = False
228.3531 	EXP 	pointer: autoDraw = False
228.3531 	EXP 	dots: dir = 45.0
228.4462 	EXP 	dots: autoDraw = True
229.4485 	INFO 	Keyboard events cleared
229.4478 	EXP 	dots: autoDraw = False
229.4478 	EXP 	circle: autoDraw = True
229.4478 	EXP 	pointer: autoDraw = True
230.0341 	DATA 	Keypress: down
232.1646 	EXP 	New trial (rep=3, index=11): <Trial 59 (11 in rep 3) data={'orientation': 247.5, 'thisN': 59, 'thisTrialN': 11, 'thisRepN': 3}>
232.1668 	DATA 	Keypress: return
232.1697 	EXP 	dots: autoDraw = False
232.1697 	EXP 	circle: autoDraw = False
232.1697 	EXP 	pointer: autoDraw = False
232.1697 	EXP 	dots: dir = 247.5
232.2630 	EXP 	dots: autoDraw = True
233.2489 	EXP 	dots: autoDraw = False
233.2632 	INFO 	Keyboard events cleared
233.2629 	EXP 	circle: autoDraw = True
233.2629 	EXP 	pointer: autoDraw = True
233.6498 	DATA 	Keypress: down
235.6829 	DATA 	Keypress: down
236.2649 	EXP 	New trial (rep=3, index=12): <Trial 60 (12 in rep 3) data={'orientation': 270, 'thisN': 60, 'thisTrialN': 12, 'thisRepN': 3}>
236.2671 	DATA 	Keypress: return
236.2698 	EXP 	dots: autoDraw = False
236.2698 	EXP 	circle: autoDraw = False
236.2698 	EXP 	pointer: autoDraw = False
236.2698 	EXP 	dots: dir = 270.0
236.3628 	EXP 	dots: autoDraw = True
237.3652 	INFO 	Keyboard events cleared
237.3645 	EXP 	dots: autoDraw = False
237.3645 	EXP 	circle: autoDraw = True
237.3645 	EXP 	pointer: autoDraw = True
237.8341 	DATA 	Keypress: down
239.7822 	DATA 	Keypress: down
240.9873 	DATA 	Keypress: up
241.5651 	EXP 	New trial (rep=3, index=13): <Trial 61 (13 in rep 3) data={'orientation': 112.5, 'thisN': 61, 'thisTrialN': 13, 'thisRepN': 3}>
241.5678 	DATA 	Keypress: return
241.5707 	EXP 	dots: autoDraw = False
241.5707 	EXP 	circle: autoDraw = False
241.5707 	EXP 	pointer: autoDraw = False
241.5707 	EXP 	dots: dir = 112.5
241.6629 	EXP 	dots: autoDraw = True
242.6488 	EXP 	dots: autoDraw = False
242.6632 	INFO 	Keyboard events cleared
242.6630 	EXP 	circle: autoDraw = True
242.6630 	EXP 	pointer: autoDraw = True
243.0166 	DATA 	Keypress: up
244.1543 	EXP 	New trial (rep=3, index=14): <Trial 62 (14 in rep 3) data={'orientation': 202.5, 'thisN': 62, 'thisTrialN': 14, 'thisRepN': 3}>
244.1566 	DATA 	Keypress: return
244.1630 	EXP 	dots: autoDraw = False
244.1630 	EXP 	circle: autoDraw = False
244.1630 	EXP 	pointer: autoDraw = False
244.1630 	EXP 	dots: dir = 202.5
244.2492 	EXP 	dots: autoDraw = True
245.2462 	EXP 	dots: autoDraw = False
245.2525 	INFO 	Keyboard events cleared
245.2521 	EXP 	circle: autoDraw = True
245.2521 	EXP 	pointer: autoDraw = True
246.3024 	DATA 	Keypress: up
246.9489 	EXP 	New trial (rep=3, index=15): <Trial 63 (15 in rep 3) data={'orientation': 292.5, 'thisN': 63, 'thisTrialN': 15, 'thisRepN': 3}>
246.9514 	DATA 	Keypress: return
246.9542 	EXP 	dots: autoDraw = False
246.9542 	EXP 	circle: autoDraw = False
246.9542 	EXP 	pointer: autoDraw = False
246.9542 	EXP 	dots: dir = 292.5
247.0462 	EXP 	dots: autoDraw = True
248.0470 	EXP 	dots: autoDraw = False
248.0643 	INFO 	Keyboard events cleared
248.0640 	EXP 	circle: autoDraw = True
248.0640 	EXP 	pointer: autoDraw = True
248.6991 	DATA 	Keypress: down
249.1214 	DATA 	Keypress: up
249.7995 	DATA 	Keypress: down
250.3146 	EXP 	New trial (rep=4, index=0): <Trial 64 (0 in rep 4) data={'orientation': 22.5, 'thisN': 64, 'thisTrialN': 0, 'thisRepN': 4}>
250.3172 	DATA 	Keypress: return
250.3190 	EXP 	dots: autoDraw = False
250.3190 	EXP 	circle: autoDraw = False
250.3190 	EXP 	pointer: autoDraw = False
250.3190 	EXP 	dots: dir = 22.5
250.4129 	EXP 	dots: autoDraw = True
251.3985 	EXP 	dots: autoDraw = False
251.4132 	INFO 	Keyboard events cleared
251.4130 	EXP 	circle: autoDraw = True
251.4130 	EXP 	pointer: autoDraw = True
251.9336 	DATA 	Keypress: up
254.5814 	EXP 	New trial (rep=4, index=1): <Trial 65 (1 in rep 4) data={'orientation': 337.5, 'thisN': 65, 'thisTrialN': 1, 'thisRepN': 4}>
254.5832 	DATA 	Keypress: return
254.5858 	EXP 	dots: autoDraw = False
254.5858 	EXP 	circle: autoDraw = False
254.5858 	EXP 	pointer: autoDraw = False
254.5858 	EXP 	dots: dir = 337.5
254.6795 	EXP 	dots: autoDraw = True
255.6806 	INFO 	Keyboard events cleared
255.6802 	EXP 	dots: autoDraw = False
255.6802 	EXP 	circle: autoDraw = True
255.6802 	EXP 	pointer: autoDraw = True
256.0669 	DATA 	Keypress: down
258.7147 	EXP 	New trial (rep=4, index=2): <Trial 66 (2 in rep 4) data={'orientation': 135, 'thisN': 66, 'thisTrialN': 2, 'thisRepN': 4}>
258.7170 	DATA 	Keypress: return
258.7190 	EXP 	dots: autoDraw = False
258.7190 	EXP 	circle: autoDraw = False
258.7190 	EXP 	pointer: autoDraw = False
258.7190 	EXP 	dots: dir = 135.0
258.8142 	EXP 	dots: autoDraw = True
259.8146 	INFO 	Keyboard events cleared
259.8139 	EXP 	dots: autoDraw = False
259.8139 	EXP 	circle: autoDraw = True
259.8139 	EXP 	pointer: autoDraw = True
260.2368 	DATA 	Keypress: up
262.1665 	DATA 	Keypress: down
263.0140 	EXP 	New trial (rep=4, index=3): <Trial 67 (3 in rep 4) data={'orientation': 202.5, 'thisN': 67, 'thisTrialN': 3, 'thisRepN': 4}>
263.0161 	DATA 	Keypress: return
263.0189 	EXP 	dots: autoDraw = False
263.0189 	EXP 	circle: autoDraw = False
263.0189 	EXP 	pointer: autoDraw = False
263.0189 	EXP 	dots: dir = 202.5
263.1002 	EXP 	dots: autoDraw = True
264.0962 	EXP 	dots: autoDraw = False
264.1132 	INFO 	Keyboard events cleared
264.1129 	EXP 	circle: autoDraw = True
264.1129 	EXP 	pointer: autoDraw = True
264.7011 	EXP 	New trial (rep=4, index=4): <Trial 68 (4 in rep 4) data={'orientation': 67.5, 'thisN': 68, 'thisTrialN': 4, 'thisRepN': 4}>
264.7032 	DATA 	Keypress: return
264.7129 	EXP 	dots: autoDraw = False
264.7129 	EXP 	circle: autoDraw = False
264.7129 	EXP 	pointer: autoDraw = False
264.7129 	EXP 	dots: dir = 67.5
264.7988 	EXP 	dots: autoDraw = True
265.7962 	EXP 	dots: autoDraw = False
265.8004 	INFO 	Keyboard events cleared
265.8002 	EXP 	circle: autoDraw = True
265.8002 	EXP 	pointer: autoDraw = True
266.4850 	EXP 	New trial (rep=4, index=5): <Trial 69 (5 in rep 4) data={'orientation': 112.5, 'thisN': 69, 'thisTrialN': 5, 'thisRepN': 4}>
266.4876 	DATA 	Keypress: return
266.4963 	EXP 	dots: autoDraw = False
266.4963 	EXP 	circle: autoDraw = False
266.4963 	EXP 	pointer: autoDraw = False
266.4963 	EXP 	dots: dir = 112.5
266.5795 	EXP 	dots: autoDraw = True
267.5809 	EXP 	dots: autoDraw = False
267.5981 	INFO 	Keyboard events cleared
267.5974 	EXP 	circle: autoDraw = True
267.5974 	EXP 	pointer: autoDraw = True
268.0677 	DATA 	Keypress: up
269.8981 	EXP 	New trial (rep=4, index=6): <Trial 70 (6 in rep 4) data={'orientation': 180, 'thisN': 70, 'thisTrialN': 6, 'thisRepN': 4}>
269.8996 	DATA 	Keypress: return
269.9025 	EXP 	dots: autoDraw = False
269.9025 	EXP 	circle: autoDraw = False
269.9025 	EXP 	pointer: autoDraw = False
269.9025 	EXP 	dots: dir = 180.0
269.9975 	EXP 	dots: autoDraw = True
270.9984 	INFO 	Keyboard events cleared
270.9977 	EXP 	dots: autoDraw = False
270.9977 	EXP 	circle: autoDraw = True
270.9977 	EXP 	pointer: autoDraw = True
271.4695 	DATA 	Keypress: down
273.1668 	DATA 	Keypress: up
273.6015 	DATA 	Keypress: down
274.3996 	DATA 	Keypress: down
275.0330 	DATA 	Keypress: up
275.7000 	DATA 	Keypress: down
276.1812 	EXP 	New trial (rep=4, index=7): <Trial 71 (7 in rep 4) data={'orientation': 247.5, 'thisN': 71, 'thisTrialN': 7, 'thisRepN': 4}>
276.1835 	DATA 	Keypress: return
276.1863 	EXP 	dots: autoDraw = False
276.1863 	EXP 	circle: autoDraw = False
276.1863 	EXP 	pointer: autoDraw = False
276.1863 	EXP 	dots: dir = 247.5
276.2796 	EXP 	dots: autoDraw = True
277.2657 	EXP 	dots: autoDraw = False
277.2797 	INFO 	Keyboard events cleared
277.2794 	EXP 	circle: autoDraw = True
277.2794 	EXP 	pointer: autoDraw = True
277.6191 	DATA 	Keypress: down
277.8825 	DATA 	Keypress: down
280.5342 	EXP 	New trial (rep=4, index=8): <Trial 72 (8 in rep 4) data={'orientation': 45, 'thisN': 72, 'thisTrialN': 8, 'thisRepN': 4}>
280.5365 	DATA 	Keypress: return
280.5463 	EXP 	dots: autoDraw = False
280.5463 	EXP 	circle: autoDraw = False
280.5463 	EXP 	pointer: autoDraw = False
280.5463 	EXP 	dots: dir = 45.0
280.6326 	EXP 	dots: autoDraw = True
281.6481 	INFO 	Keyboard events cleared
281.6474 	EXP 	dots: autoDraw = False
281.6474 	EXP 	circle: autoDraw = True
281.6474 	EXP 	pointer: autoDraw = True
282.4022 	DATA 	Keypress: up
284.5662 	DATA 	Keypress: up
285.3028 	DATA 	Keypress: down
286.2984 	EXP 	New trial (rep=4, index=9): <Trial 73 (9 in rep 4) data={'orientation': 225, 'thisN': 73, 'thisTrialN': 9, 'thisRepN': 4}>
286.3009 	DATA 	Keypress: return
286.3037 	EXP 	dots: autoDraw = False
286.3037 	EXP 	circle: autoDraw = False
286.3037 	EXP 	pointer: autoDraw = False
286.3037 	EXP 	dots: dir = 225.0
286.3962 	EXP 	dots: autoDraw = True
287.3817 	EXP 	dots: autoDraw = False
287.3967 	INFO 	Keyboard events cleared
287.3963 	EXP 	circle: autoDraw = True
287.3963 	EXP 	pointer: autoDraw = True
288.9335 	DATA 	Keypress: down
292.3145 	EXP 	New trial (rep=4, index=10): <Trial 74 (10 in rep 4) data={'orientation': 90, 'thisN': 74, 'thisTrialN': 10, 'thisRepN': 4}>
292.3165 	DATA 	Keypress: return
292.3197 	EXP 	dots: autoDraw = False
292.3197 	EXP 	circle: autoDraw = False
292.3197 	EXP 	pointer: autoDraw = False
292.3197 	EXP 	dots: dir = 90.0
292.4128 	EXP 	dots: autoDraw = True
293.3999 	EXP 	dots: autoDraw = False
293.4133 	INFO 	Keyboard events cleared
293.4129 	EXP 	circle: autoDraw = True
293.4129 	EXP 	pointer: autoDraw = True
298.0482 	EXP 	New trial (rep=4, index=11): <Trial 75 (11 in rep 4) data={'orientation': 315, 'thisN': 75, 'thisTrialN': 11, 'thisRepN': 4}>
298.0506 	DATA 	Keypress: return
298.0534 	EXP 	dots: autoDraw = False
298.0534 	EXP 	circle: autoDraw = False
298.0534 	EXP 	pointer: autoDraw = False
298.0534 	EXP 	dots: dir = 315.0
298.1462 	EXP 	dots: autoDraw = True
299.1321 	EXP 	dots: autoDraw = False
299.1464 	INFO 	Keyboard events cleared
299.1462 	EXP 	circle: autoDraw = True
299.1462 	EXP 	pointer: autoDraw = True
300.1024 	DATA 	Keypress: down
300.2825 	DATA 	Keypress: down
300.6996 	DATA 	Keypress: up
301.7644 	EXP 	New trial (rep=4, index=12): <Trial 76 (12 in rep 4) data={'orientation': 157.5, 'thisN': 76, 'thisTrialN': 12, 'thisRepN': 4}>
301.7663 	DATA 	Keypress: return
301.7687 	EXP 	dots: autoDraw = False
301.7687 	EXP 	circle: autoDraw = False
301.7687 	EXP 	pointer: autoDraw = False
301.7687 	EXP 	dots: dir = 157.5
301.8622 	EXP 	dots: autoDraw = True
302.8489 	EXP 	dots: autoDraw = False
302.8631 	INFO 	Keyboard events cleared
302.8628 	EXP 	circle: autoDraw = True
302.8628 	EXP 	pointer: autoDraw = True
391.6173 	EXP 	New trial (rep=4, index=13): <Trial 77 (13 in rep 4) data={'orientation': 270, 'thisN': 77, 'thisTrialN': 13, 'thisRepN': 4}>
391.6195 	DATA 	Keypress: return
391.6295 	EXP 	dots: autoDraw = False
391.6295 	EXP 	circle: autoDraw = False
391.6295 	EXP 	pointer: autoDraw = False
391.6295 	EXP 	dots: dir = 270.0
391.7130 	EXP 	dots: autoDraw = True
392.6984 	EXP 	dots: autoDraw = False
392.7172 	INFO 	Keyboard events cleared
392.7170 	EXP 	circle: autoDraw = True
392.7170 	EXP 	pointer: autoDraw = True
393.1009 	DATA 	Keypress: down
395.6181 	EXP 	New trial (rep=4, index=14): <Trial 78 (14 in rep 4) data={'orientation': 292.5, 'thisN': 78, 'thisTrialN': 14, 'thisRepN': 4}>
395.6202 	DATA 	Keypress: return
395.6297 	EXP 	dots: autoDraw = False
395.6297 	EXP 	circle: autoDraw = False
395.6297 	EXP 	pointer: autoDraw = False
395.6297 	EXP 	dots: dir = 292.5
395.7176 	EXP 	dots: autoDraw = True
396.7163 	INFO 	Keyboard events cleared
396.7160 	EXP 	dots: autoDraw = False
396.7160 	EXP 	circle: autoDraw = True
396.7160 	EXP 	pointer: autoDraw = True
397.1041 	DATA 	Keypress: down
398.2169 	EXP 	New trial (rep=4, index=15): <Trial 79 (15 in rep 4) data={'orientation': 0, 'thisN': 79, 'thisTrialN': 15, 'thisRepN': 4}>
398.2190 	DATA 	Keypress: return
398.2295 	EXP 	dots: autoDraw = False
398.2295 	EXP 	circle: autoDraw = False
398.2295 	EXP 	pointer: autoDraw = False
398.2295 	EXP 	dots: dir = 0.0
398.3156 	EXP 	dots: autoDraw = True
399.3131 	INFO 	Keyboard events cleared
399.3129 	EXP 	dots: autoDraw = False
399.3129 	EXP 	circle: autoDraw = True
399.3129 	EXP 	pointer: autoDraw = True
399.8394 	DATA 	Keypress: down
400.1995 	DATA 	Keypress: up
400.4059 	DATA 	Keypress: up
400.8028 	DATA 	Keypress: up
401.1154 	DATA 	Keypress: down
402.1196 	DATA 	Keypress: down
402.5321 	DATA 	Keypress: up
404.1497 	DATA 	Keypress: down
405.4829 	DATA 	Keypress: up
406.4355 	DATA 	Keypress: down
407.5008 	DATA 	Keypress: down
408.0032 	DATA 	Keypress: up
408.2518 	DATA 	Keypress: up
408.9028 	DATA 	Keypress: up
409.4156 	DATA 	Keypress: down
410.8185 	EXP 	New trial (rep=5, index=0): <Trial 80 (0 in rep 5) data={'orientation': 22.5, 'thisN': 80, 'thisTrialN': 0, 'thisRepN': 5}>
410.8205 	DATA 	Keypress: return
410.8295 	EXP 	dots: autoDraw = False
410.8295 	EXP 	circle: autoDraw = False
410.8295 	EXP 	pointer: autoDraw = False
410.8295 	EXP 	dots: dir = 22.5
410.9169 	EXP 	dots: autoDraw = True
411.9163 	INFO 	Keyboard events cleared
411.9161 	EXP 	dots: autoDraw = False
411.9161 	EXP 	circle: autoDraw = True
411.9161 	EXP 	pointer: autoDraw = True
413.0668 	DATA 	Keypress: right
414.0197 	DATA 	Keypress: left
414.4829 	DATA 	Keypress: right
415.0648 	EXP 	New trial (rep=5, index=1): <Trial 81 (1 in rep 5) data={'orientation': 45, 'thisN': 81, 'thisTrialN': 1, 'thisRepN': 5}>
415.0671 	DATA 	Keypress: return
415.0698 	EXP 	dots: autoDraw = False
415.0698 	EXP 	circle: autoDraw = False
415.0698 	EXP 	pointer: autoDraw = False
415.0698 	EXP 	dots: dir = 45.0
415.1629 	EXP 	dots: autoDraw = True
416.1483 	EXP 	dots: autoDraw = False
416.1633 	INFO 	Keyboard events cleared
416.1630 	EXP 	circle: autoDraw = True
416.1630 	EXP 	pointer: autoDraw = True
416.8505 	DATA 	Keypress: right
417.2356 	DATA 	Keypress: left
417.7991 	DATA 	Keypress: down
418.5188 	DATA 	Keypress: up
418.7489 	DATA 	Keypress: up
419.3480 	EXP 	New trial (rep=5, index=2): <Trial 82 (2 in rep 5) data={'orientation': 337.5, 'thisN': 82, 'thisTrialN': 2, 'thisRepN': 5}>
419.3500 	DATA 	Keypress: return
419.3527 	EXP 	dots: autoDraw = False
419.3527 	EXP 	circle: autoDraw = False
419.3527 	EXP 	pointer: autoDraw = False
419.3527 	EXP 	dots: dir = 337.5
419.4461 	EXP 	dots: autoDraw = True
420.4323 	EXP 	dots: autoDraw = False
420.4465 	INFO 	Keyboard events cleared
420.4462 	EXP 	circle: autoDraw = True
420.4462 	EXP 	pointer: autoDraw = True
421.3496 	DATA 	Keypress: down
421.9162 	DATA 	Keypress: up
423.2137 	EXP 	New trial (rep=5, index=3): <Trial 83 (3 in rep 5) data={'orientation': 225, 'thisN': 83, 'thisTrialN': 3, 'thisRepN': 5}>
423.2150 	DATA 	Keypress: return
423.2166 	EXP 	dots: autoDraw = False
423.2166 	EXP 	circle: autoDraw = False
423.2166 	EXP 	pointer: autoDraw = False
423.2166 	EXP 	dots: dir = 225.0
423.3124 	EXP 	dots: autoDraw = True
424.3004 	INFO 	Keyboard events cleared
424.3001 	EXP 	dots: autoDraw = False
424.3001 	EXP 	circle: autoDraw = True
424.3001 	EXP 	pointer: autoDraw = True
424.7502 	DATA 	Keypress: down
425.1995 	DATA 	Keypress: up
426.9983 	EXP 	New trial (rep=5, index=4): <Trial 84 (4 in rep 5) data={'orientation': 292.5, 'thisN': 84, 'thisTrialN': 4, 'thisRepN': 5}>
427.0004 	DATA 	Keypress: return
427.0031 	EXP 	dots: autoDraw = False
427.0031 	EXP 	circle: autoDraw = False
427.0031 	EXP 	pointer: autoDraw = False
427.0031 	EXP 	dots: dir = 292.5
427.0963 	EXP 	dots: autoDraw = True
428.0820 	EXP 	dots: autoDraw = False
428.0965 	INFO 	Keyboard events cleared
428.0962 	EXP 	circle: autoDraw = True
428.0962 	EXP 	pointer: autoDraw = True
428.8536 	DATA 	Keypress: down
429.5228 	EXP 	New trial (rep=5, index=5): <Trial 85 (5 in rep 5) data={'orientation': 67.5, 'thisN': 85, 'thisTrialN': 5, 'thisRepN': 5}>
429.5247 	DATA 	Keypress: return
429.5296 	EXP 	dots: autoDraw = False
429.5296 	EXP 	circle: autoDraw = False
429.5296 	EXP 	pointer: autoDraw = False
429.5296 	EXP 	dots: dir = 67.5
429.6165 	EXP 	dots: autoDraw = True
430.6175 	INFO 	Keyboard events cleared
430.6172 	EXP 	dots: autoDraw = False
430.6172 	EXP 	circle: autoDraw = True
430.6172 	EXP 	pointer: autoDraw = True
432.5500 	DATA 	Keypress: right
433.0664 	DATA 	Keypress: left
433.9507 	DATA 	Keypress: left
434.3027 	DATA 	Keypress: right
434.9316 	EXP 	New trial (rep=5, index=6): <Trial 86 (6 in rep 5) data={'orientation': 202.5, 'thisN': 86, 'thisTrialN': 6, 'thisRepN': 5}>
434.9337 	DATA 	Keypress: return
434.9365 	EXP 	dots: autoDraw = False
434.9365 	EXP 	circle: autoDraw = False
434.9365 	EXP 	pointer: autoDraw = False
434.9365 	EXP 	dots: dir = 202.5
435.0296 	EXP 	dots: autoDraw = True
436.0153 	EXP 	dots: autoDraw = False
436.0299 	INFO 	Keyboard events cleared
436.0297 	EXP 	circle: autoDraw = True
436.0297 	EXP 	pointer: autoDraw = True
437.2983 	EXP 	New trial (rep=5, index=7): <Trial 87 (7 in rep 5) data={'orientation': 270, 'thisN': 87, 'thisTrialN': 7, 'thisRepN': 5}>
437.3007 	DATA 	Keypress: return
437.3036 	EXP 	dots: autoDraw = False
437.3036 	EXP 	circle: autoDraw = False
437.3036 	EXP 	pointer: autoDraw = False
437.3036 	EXP 	dots: dir = 270.0
437.3962 	EXP 	dots: autoDraw = True
438.3974 	EXP 	dots: autoDraw = False
438.4143 	INFO 	Keyboard events cleared
438.4140 	EXP 	circle: autoDraw = True
438.4140 	EXP 	pointer: autoDraw = True
438.9883 	DATA 	Keypress: down
439.2687 	DATA 	Keypress: up
439.9163 	DATA 	Keypress: up
440.3330 	DATA 	Keypress: down
440.8477 	EXP 	New trial (rep=5, index=8): <Trial 88 (8 in rep 5) data={'orientation': 90, 'thisN': 88, 'thisTrialN': 8, 'thisRepN': 5}>
440.8497 	DATA 	Keypress: return
440.8525 	EXP 	dots: autoDraw = False
440.8525 	EXP 	circle: autoDraw = False
440.8525 	EXP 	pointer: autoDraw = False
440.8525 	EXP 	dots: dir = 90.0
440.9462 	EXP 	dots: autoDraw = True
441.9483 	INFO 	Keyboard events cleared
441.9476 	EXP 	dots: autoDraw = False
441.9476 	EXP 	circle: autoDraw = True
441.9476 	EXP 	pointer: autoDraw = True
442.3680 	DATA 	Keypress: up
443.8003 	DATA 	Keypress: up
444.6020 	DATA 	Keypress: return
444.6060 	EXP 	New trial (rep=5, index=9): <Trial 89 (9 in rep 5) data={'orientation': 180, 'thisN': 89, 'thisTrialN': 9, 'thisRepN': 5}>
444.6128 	EXP 	dots: autoDraw = False
444.6128 	EXP 	circle: autoDraw = False
444.6128 	EXP 	pointer: autoDraw = False
444.6128 	EXP 	dots: dir = 180.0
444.6988 	EXP 	dots: autoDraw = True
445.7037 	INFO 	Keyboard events cleared
445.7034 	EXP 	dots: autoDraw = False
445.7034 	EXP 	circle: autoDraw = True
445.7034 	EXP 	pointer: autoDraw = True
449.4685 	DATA 	Keypress: up
451.7650 	EXP 	New trial (rep=5, index=10): <Trial 90 (10 in rep 5) data={'orientation': 135, 'thisN': 90, 'thisTrialN': 10, 'thisRepN': 5}>
451.7676 	DATA 	Keypress: return
451.7704 	EXP 	dots: autoDraw = False
451.7704 	EXP 	circle: autoDraw = False
451.7704 	EXP 	pointer: autoDraw = False
451.7704 	EXP 	dots: dir = 135.0
451.8630 	EXP 	dots: autoDraw = True
452.8487 	EXP 	dots: autoDraw = False
452.8631 	INFO 	Keyboard events cleared
452.8629 	EXP 	circle: autoDraw = True
452.8629 	EXP 	pointer: autoDraw = True
453.3663 	DATA 	Keypress: up
454.9147 	EXP 	New trial (rep=5, index=11): <Trial 91 (11 in rep 5) data={'orientation': 0, 'thisN': 91, 'thisTrialN': 11, 'thisRepN': 5}>
454.9168 	DATA 	Keypress: return
454.9195 	EXP 	dots: autoDraw = False
454.9195 	EXP 	circle: autoDraw = False
454.9195 	EXP 	pointer: autoDraw = False
454.9195 	EXP 	dots: dir = 0.0
455.0124 	EXP 	dots: autoDraw = True
455.9988 	EXP 	dots: autoDraw = False
456.0133 	INFO 	Keyboard events cleared
456.0129 	EXP 	circle: autoDraw = True
456.0129 	EXP 	pointer: autoDraw = True
456.6323 	DATA 	Keypress: down
457.3032 	DATA 	Keypress: down
457.8665 	DATA 	Keypress: down
458.3352 	DATA 	Keypress: up
459.2694 	DATA 	Keypress: rshift
459.7842 	EXP 	New trial (rep=5, index=12): <Trial 92 (12 in rep 5) data={'orientation': 157.5, 'thisN': 92, 'thisTrialN': 12, 'thisRepN': 5}>
459.7862 	DATA 	Keypress: return
459.7963 	EXP 	dots: autoDraw = False
459.7963 	EXP 	circle: autoDraw = False
459.7963 	EXP 	pointer: autoDraw = False
459.7963 	EXP 	dots: dir = 157.5
459.8834 	EXP 	dots: autoDraw = True
460.8796 	EXP 	dots: autoDraw = False
460.8870 	INFO 	Keyboard events cleared
460.8867 	EXP 	circle: autoDraw = True
460.8867 	EXP 	pointer: autoDraw = True
461.2707 	DATA 	Keypress: up
462.3156 	DATA 	Keypress: up
462.8979 	EXP 	New trial (rep=5, index=13): <Trial 93 (13 in rep 5) data={'orientation': 247.5, 'thisN': 93, 'thisTrialN': 13, 'thisRepN': 5}>
462.9001 	DATA 	Keypress: return
462.9029 	EXP 	dots: autoDraw = False
462.9029 	EXP 	circle: autoDraw = False
462.9029 	EXP 	pointer: autoDraw = False
462.9029 	EXP 	dots: dir = 247.5
462.9957 	EXP 	dots: autoDraw = True
463.9975 	INFO 	Keyboard events cleared
463.9972 	EXP 	dots: autoDraw = False
463.9972 	EXP 	circle: autoDraw = True
463.9972 	EXP 	pointer: autoDraw = True
464.5043 	DATA 	Keypress: down
466.2981 	EXP 	New trial (rep=5, index=14): <Trial 94 (14 in rep 5) data={'orientation': 315, 'thisN': 94, 'thisTrialN': 14, 'thisRepN': 5}>
466.3003 	DATA 	Keypress: return
466.3030 	EXP 	dots: autoDraw = False
466.3030 	EXP 	circle: autoDraw = False
466.3030 	EXP 	pointer: autoDraw = False
466.3030 	EXP 	dots: dir = 315.0
466.3956 	EXP 	dots: autoDraw = True
467.3830 	EXP 	dots: autoDraw = False
467.3965 	INFO 	Keyboard events cleared
467.3962 	EXP 	circle: autoDraw = True
467.3962 	EXP 	pointer: autoDraw = True
467.9162 	DATA 	Keypress: down
470.2815 	EXP 	New trial (rep=5, index=15): <Trial 95 (15 in rep 5) data={'orientation': 112.5, 'thisN': 95, 'thisTrialN': 15, 'thisRepN': 5}>
470.2839 	DATA 	Keypress: return
470.2868 	EXP 	dots: autoDraw = False
470.2868 	EXP 	circle: autoDraw = False
470.2868 	EXP 	pointer: autoDraw = False
470.2868 	EXP 	dots: dir = 112.5
470.3796 	EXP 	dots: autoDraw = True
471.3811 	EXP 	dots: autoDraw = False
471.3977 	INFO 	Keyboard events cleared
471.3974 	EXP 	circle: autoDraw = True
471.3974 	EXP 	pointer: autoDraw = True
471.9045 	DATA 	Keypress: up
472.5656 	EXP 	New trial (rep=6, index=0): <Trial 96 (0 in rep 6) data={'orientation': 180, 'thisN': 96, 'thisTrialN': 0, 'thisRepN': 6}>
472.5680 	DATA 	Keypress: return
472.5798 	EXP 	dots: autoDraw = False
472.5798 	EXP 	circle: autoDraw = False
472.5798 	EXP 	pointer: autoDraw = False
472.5798 	EXP 	dots: dir = 180.0
472.6629 	EXP 	dots: autoDraw = True
473.6483 	EXP 	dots: autoDraw = False
473.6633 	INFO 	Keyboard events cleared
473.6629 	EXP 	circle: autoDraw = True
473.6629 	EXP 	pointer: autoDraw = True
474.1169 	DATA 	Keypress: down
475.2864 	DATA 	Keypress: down
476.0646 	EXP 	New trial (rep=6, index=1): <Trial 97 (1 in rep 6) data={'orientation': 157.5, 'thisN': 97, 'thisTrialN': 1, 'thisRepN': 6}>
476.0668 	DATA 	Keypress: return
476.0697 	EXP 	dots: autoDraw = False
476.0697 	EXP 	circle: autoDraw = False
476.0697 	EXP 	pointer: autoDraw = False
476.0697 	EXP 	dots: dir = 157.5
476.1630 	EXP 	dots: autoDraw = True
477.1484 	EXP 	dots: autoDraw = False
477.1633 	INFO 	Keyboard events cleared
477.1630 	EXP 	circle: autoDraw = True
477.1630 	EXP 	pointer: autoDraw = True
477.6499 	DATA 	Keypress: up
478.2004 	DATA 	Keypress: up
478.7979 	EXP 	New trial (rep=6, index=2): <Trial 98 (2 in rep 6) data={'orientation': 337.5, 'thisN': 98, 'thisTrialN': 2, 'thisRepN': 6}>
478.7998 	DATA 	Keypress: return
478.8024 	EXP 	dots: autoDraw = False
478.8024 	EXP 	circle: autoDraw = False
478.8024 	EXP 	pointer: autoDraw = False
478.8024 	EXP 	dots: dir = 337.5
478.8964 	EXP 	dots: autoDraw = True
479.8982 	INFO 	Keyboard events cleared
479.8974 	EXP 	dots: autoDraw = False
479.8974 	EXP 	circle: autoDraw = True
479.8974 	EXP 	pointer: autoDraw = True
480.3216 	DATA 	Keypress: down
482.1327 	DATA 	Keypress: down
482.7504 	EXP 	New trial (rep=6, index=3): <Trial 99 (3 in rep 6) data={'orientation': 270, 'thisN': 99, 'thisTrialN': 3, 'thisRepN': 6}>
482.7523 	DATA 	Keypress: return
482.7630 	EXP 	dots: autoDraw = False
482.7630 	EXP 	circle: autoDraw = False
482.7630 	EXP 	pointer: autoDraw = False
482.7630 	EXP 	dots: dir = 270.0
482.8495 	EXP 	dots: autoDraw = True
483.8466 	INFO 	Keyboard events cleared
483.8463 	EXP 	dots: autoDraw = False
483.8463 	EXP 	circle: autoDraw = True
483.8463 	EXP 	pointer: autoDraw = True
484.2675 	DATA 	Keypress: down
485.8189 	EXP 	New trial (rep=6, index=4): <Trial 100 (4 in rep 6) data={'orientation': 0, 'thisN': 100, 'thisTrialN': 4, 'thisRepN': 6}>
485.8214 	DATA 	Keypress: return
485.8297 	EXP 	dots: autoDraw = False
485.8297 	EXP 	circle: autoDraw = False
485.8297 	EXP 	pointer: autoDraw = False
485.8297 	EXP 	dots: dir = 0.0
485.9156 	EXP 	dots: autoDraw = True
486.9310 	INFO 	Keyboard events cleared
486.9307 	EXP 	dots: autoDraw = False
486.9307 	EXP 	circle: autoDraw = True
486.9307 	EXP 	pointer: autoDraw = True
487.4014 	DATA 	Keypress: up
487.9663 	DATA 	Keypress: down
488.9356 	DATA 	Keypress: down
489.7354 	EXP 	New trial (rep=6, index=5): <Trial 101 (5 in rep 6) data={'orientation': 315, 'thisN': 101, 'thisTrialN': 5, 'thisRepN': 6}>
489.7377 	DATA 	Keypress: return
489.7462 	EXP 	dots: autoDraw = False
489.7462 	EXP 	circle: autoDraw = False
489.7462 	EXP 	pointer: autoDraw = False
489.7462 	EXP 	dots: dir = 315.0
489.8474 	EXP 	dots: autoDraw = True
490.8477 	INFO 	Keyboard events cleared
490.8473 	EXP 	dots: autoDraw = False
490.8473 	EXP 	circle: autoDraw = True
490.8473 	EXP 	pointer: autoDraw = True
491.3000 	DATA 	Keypress: down
492.9649 	EXP 	New trial (rep=6, index=6): <Trial 102 (6 in rep 6) data={'orientation': 202.5, 'thisN': 102, 'thisTrialN': 6, 'thisRepN': 6}>
492.9673 	DATA 	Keypress: return
492.9699 	EXP 	dots: autoDraw = False
492.9699 	EXP 	circle: autoDraw = False
492.9699 	EXP 	pointer: autoDraw = False
492.9699 	EXP 	dots: dir = 202.5
493.0628 	EXP 	dots: autoDraw = True
494.0493 	EXP 	dots: autoDraw = False
494.0632 	INFO 	Keyboard events cleared
494.0630 	EXP 	circle: autoDraw = True
494.0630 	EXP 	pointer: autoDraw = True
494.4909 	DATA 	Keypress: down
496.5695 	DATA 	Keypress: down
496.8160 	DATA 	Keypress: down
497.3846 	EXP 	New trial (rep=6, index=7): <Trial 103 (7 in rep 6) data={'orientation': 90, 'thisN': 103, 'thisTrialN': 7, 'thisRepN': 6}>
497.3872 	DATA 	Keypress: return
497.3964 	EXP 	dots: autoDraw = False
497.3964 	EXP 	circle: autoDraw = False
497.3964 	EXP 	pointer: autoDraw = False
497.3964 	EXP 	dots: dir = 90.0
497.4836 	EXP 	dots: autoDraw = True
498.4858 	INFO 	Keyboard events cleared
498.4854 	EXP 	dots: autoDraw = False
498.4854 	EXP 	circle: autoDraw = True
498.4854 	EXP 	pointer: autoDraw = True
498.9190 	DATA 	Keypress: up
500.4674 	EXP 	New trial (rep=6, index=8): <Trial 104 (8 in rep 6) data={'orientation': 247.5, 'thisN': 104, 'thisTrialN': 8, 'thisRepN': 6}>
500.4699 	DATA 	Keypress: return
500.4797 	EXP 	dots: autoDraw = False
500.4797 	EXP 	circle: autoDraw = False
500.4797 	EXP 	pointer: autoDraw = False
500.4797 	EXP 	dots: dir = 247.5
500.5667 	EXP 	dots: autoDraw = True
501.5665 	INFO 	Keyboard events cleared
501.5663 	EXP 	dots: autoDraw = False
501.5663 	EXP 	circle: autoDraw = True
501.5663 	EXP 	pointer: autoDraw = True
502.0502 	DATA 	Keypress: down
504.4984 	EXP 	New trial (rep=6, index=9): <Trial 105 (9 in rep 6) data={'orientation': 135, 'thisN': 105, 'thisTrialN': 9, 'thisRepN': 6}>
504.5006 	DATA 	Keypress: return
504.5028 	EXP 	dots: autoDraw = False
504.5028 	EXP 	circle: autoDraw = False
504.5028 	EXP 	pointer: autoDraw = False
504.5028 	EXP 	dots: dir = 135.0
504.5963 	EXP 	dots: autoDraw = True
505.5819 	EXP 	dots: autoDraw = False
505.5966 	INFO 	Keyboard events cleared
505.5963 	EXP 	circle: autoDraw = True
505.5963 	EXP 	pointer: autoDraw = True
505.9860 	DATA 	Keypress: up
507.3175 	EXP 	New trial (rep=6, index=10): <Trial 106 (10 in rep 6) data={'orientation': 22.5, 'thisN': 106, 'thisTrialN': 10, 'thisRepN': 6}>
507.3194 	DATA 	Keypress: return
507.3296 	EXP 	dots: autoDraw = False
507.3296 	EXP 	circle: autoDraw = False
507.3296 	EXP 	pointer: autoDraw = False
507.3296 	EXP 	dots: dir = 22.5
507.4169 	EXP 	dots: autoDraw = True
508.4173 	INFO 	Keyboard events cleared
508.4170 	EXP 	dots: autoDraw = False
508.4170 	EXP 	circle: autoDraw = True
508.4170 	EXP 	pointer: autoDraw = True
508.8181 	DATA 	Keypress: up
511.1034 	DATA 	Keypress: up
511.6165 	DATA 	Keypress: down
512.3500 	EXP 	New trial (rep=6, index=11): <Trial 107 (11 in rep 6) data={'orientation': 67.5, 'thisN': 107, 'thisTrialN': 11, 'thisRepN': 6}>
512.3525 	DATA 	Keypress: return
512.3632 	EXP 	dots: autoDraw = False
512.3632 	EXP 	circle: autoDraw = False
512.3632 	EXP 	pointer: autoDraw = False
512.3632 	EXP 	dots: dir = 67.5
512.4505 	EXP 	dots: autoDraw = True
513.4466 	INFO 	Keyboard events cleared
513.4463 	EXP 	dots: autoDraw = False
513.4463 	EXP 	circle: autoDraw = True
513.4463 	EXP 	pointer: autoDraw = True
514.0166 	DATA 	Keypress: up
514.4525 	DATA 	Keypress: down
515.3171 	DATA 	Keypress: down
516.2150 	EXP 	New trial (rep=6, index=12): <Trial 108 (12 in rep 6) data={'orientation': 45, 'thisN': 108, 'thisTrialN': 12, 'thisRepN': 6}>
516.2173 	DATA 	Keypress: return
516.2200 	EXP 	dots: autoDraw = False
516.2200 	EXP 	circle: autoDraw = False
516.2200 	EXP 	pointer: autoDraw = False
516.2200 	EXP 	dots: dir = 45.0
516.3129 	EXP 	dots: autoDraw = True
517.2984 	EXP 	dots: autoDraw = False
517.3132 	INFO 	Keyboard events cleared
517.3130 	EXP 	circle: autoDraw = True
517.3130 	EXP 	pointer: autoDraw = True
517.6528 	DATA 	Keypress: down
518.1829 	DATA 	Keypress: up
519.6878 	DATA 	Keypress: up
520.7644 	EXP 	New trial (rep=6, index=13): <Trial 109 (13 in rep 6) data={'orientation': 112.5, 'thisN': 109, 'thisTrialN': 13, 'thisRepN': 6}>
520.7665 	DATA 	Keypress: return
520.7694 	EXP 	dots: autoDraw = False
520.7694 	EXP 	circle: autoDraw = False
520.7694 	EXP 	pointer: autoDraw = False
520.7694 	EXP 	dots: dir = 112.5
520.8629 	EXP 	dots: autoDraw = True
521.8648 	INFO 	Keyboard events cleared
521.8640 	EXP 	dots: autoDraw = False
521.8640 	EXP 	circle: autoDraw = True
521.8640 	EXP 	pointer: autoDraw = True
522.3693 	DATA 	Keypress: up
523.6647 	EXP 	New trial (rep=6, index=14): <Trial 110 (14 in rep 6) data={'orientation': 292.5, 'thisN': 110, 'thisTrialN': 14, 'thisRepN': 6}>
523.6670 	DATA 	Keypress: return
523.6697 	EXP 	dots: autoDraw = False
523.6697 	EXP 	circle: autoDraw = False
523.6697 	EXP 	pointer: autoDraw = False
523.6697 	EXP 	dots: dir = 292.5
523.7628 	EXP 	dots: autoDraw = True
524.7490 	EXP 	dots: autoDraw = False
524.7632 	INFO 	Keyboard events cleared
524.7629 	EXP 	circle: autoDraw = True
524.7629 	EXP 	pointer: autoDraw = True
525.1668 	DATA 	Keypress: down
527.5310 	EXP 	New trial (rep=6, index=15): <Trial 111 (15 in rep 6) data={'orientation': 225, 'thisN': 111, 'thisTrialN': 15, 'thisRepN': 6}>
527.5331 	DATA 	Keypress: return
527.5357 	EXP 	dots: autoDraw = False
527.5357 	EXP 	circle: autoDraw = False
527.5357 	EXP 	pointer: autoDraw = False
527.5357 	EXP 	dots: dir = 225.0
527.6296 	EXP 	dots: autoDraw = True
528.6164 	EXP 	dots: autoDraw = False
528.6299 	INFO 	Keyboard events cleared
528.6296 	EXP 	circle: autoDraw = True
528.6296 	EXP 	pointer: autoDraw = True
529.0166 	DATA 	Keypress: down
530.6995 	DATA 	Keypress: return
530.7022 	EXP 	dots: autoDraw = False
530.7022 	EXP 	circle: autoDraw = False
530.7022 	EXP 	pointer: autoDraw = False
530.7022 	EXP 	2d-motion-direction-estimation: status = STOPPED
530.7234 	INFO 	saved data to '/Users/kbonnen/Library/CloudStorage/OneDrive-IndianaUniversity/Courses/V768-Measuring-Perception/V768-Psychophysics-labs/07-3d-motion/2d-motion-direction-estimation/data/demo_2d-motion-direction-estimation_2025-02-26_22h06.12.747.csv'
530.7247 	INFO 	saved data to /Users/kbonnen/Library/CloudStorage/OneDrive-IndianaUniversity/Courses/V768-Measuring-Perception/V768-Psychophysics-labs/07-3d-motion/2d-motion-direction-estimation/data/demo_2d-motion-direction-estimation_2025-02-26_22h06.12.747.psydat
