5.2228 	INFO 	Loaded monitor calibration from ['2023_05_12 15:00']
5.2301 	WARNING 	User requested fullscreen with size [1024  768], but screen is actually [1920, 1080]. Using actual size
5.3903 	EXP 	Created window1 = Window(allowGUI=False, allowStencil=False, autoLog=True, backendConf=UNKNOWN, backgroundFit=<method-wrapper '__getattribute__' of attributeSetter object at 0x7f86a96fe550>, backgroundImage=<method-wrapper '__getattribute__' of attributeSetter object at 0x7f86a96fe4c0>, bitsMode=UNKNOWN, blendMode='avg', bpc=(8, 8, 8), color=array([0, 0, 0]), colorSpace='rgb', depthBits=8, fullscr=True, gamma=None, gammaErrorPolicy='raise', infoMsg=UNKNOWN, lms=UNKNOWN, monitor=<psychopy.monitors.calibTools.Monitor object at 0x7f86893d5f70>, multiSample=False, name='window1', numSamples=2, pos=[0.0, 0.0], screen=0, size=array([3840, 2160]), stencilBits=0, stereo=False, title='PsychoPy', units='height', useFBO=True, useRetina=True, viewOri=0.0, viewPos=None, viewScale=None, waitBlanking=True, winType='pyglet')
5.3904 	EXP 	window1: backgroundImage = ''
5.3904 	EXP 	window1: backgroundFit = 'none'
5.4435 	EXP 	window1: Attempting to measure frame rate of screen (0) ...
5.4435 	EXP 	window1: recordFrameIntervals = False
5.5898 	EXP 	window1: recordFrameIntervals = True
6.4233 	WARNING 	Couldn't measure a consistent frame rate!
  - Is your graphics card set to sync to vertical blank?
  - Are you running other processes on your computer?

8.6650 	INFO 	keyboard.Keyboard is using iohub backend.
8.6650 	INFO 	keyboard.Keyboard is using iohub backend.
8.6650 	INFO 	keyboard.Keyboard is using iohub backend.
8.6650 	EXP 	motion-simple-example: status = STARTED
8.7024 	EXP 	Created instructions = TextStim(__class__=<class 'psychopy.visual.text.TextStim'>, alignHoriz=method-wrapper(...), alignText='center', alignVert=method-wrapper(...), anchorHoriz='center', anchorVert='center', antialias=True, autoDraw=False, autoLog=True, bold=False, color=array([1., 1., 1.]), colorSpace='rgb', contrast=1.0, depth=0.0, draggable=False, flipHoriz=False, flipVert=False, font='Arial', fontFiles=[], height=0.05, italic=False, languageStyle='LTR', name='instructions', opacity=1, ori=0.0, pos=array([0., 0.]), rgb=UNKNOWN, text=str(...), units='height', win=Window(...), wrapWidth=1)
8.7066 	EXP 	Created dots = DotStim(__class__=<class 'psychopy.visual.dot.DotStim'>, autoLog=True, coherence=1.0, color=array([1., 1., 1.]), colorSpace='rgb', contrast=1.0, depth=0.0, dir=1.0, dotLife=10.0, dotSize=6.0, element=None, fieldAnchor=UNKNOWN, fieldPos=array([0., 0.]), fieldShape='circle', fieldSize=array([0.5, 0.5]), nDots=50, name='dots', noiseDots='direction', opacity=1, rgb=UNKNOWN, signalDots='same', speed=0.002, units='height', win=Window(...))
8.7112 	EXP 	Created polygon = ShapeStim(__class__=<class 'psychopy.visual.shape.ShapeStim'>, anchor=('center', 'center'), autoDraw=False, autoLog=True, closeShape=True, color=method-wrapper(...), colorSpace='rgb', contrast=None, depth=-2.0, draggable=False, fillColor=array([0.00392157, 0.00392157, 0.00392157]), fillColorSpace='rgb', fillRGB=array([0.00392157, 0.00392157, 0.00392157]), interpolate=True, lineColor=array([0.00392157, 0.00392157, 0.00392157]), lineColorSpace='rgb', lineRGB=array([0.00392157, 0.00392157, 0.00392157]), lineWidth=1.0, name='polygon', opacity=1, ori=0.0, pos=array([0., 0.]), size=array([0.1, 0.1]), units='height', vertices=ndarray(...), win=Window(...), windingRule=None)
8.7125 	EXP 	Created fixation = ShapeStim(__class__=<class 'psychopy.visual.shape.ShapeStim'>, anchor=('center', 'center'), autoDraw=False, autoLog=True, closeShape=True, color=method-wrapper(...), colorSpace='rgb', contrast=None, depth=-3.0, draggable=False, fillColor=array([-1, -1, -1]), fillColorSpace='rgb', fillRGB=array([-1, -1, -1]), interpolate=True, lineColor=array([-1., -1., -1.]), lineColorSpace='rgb', lineRGB=array([-1, -1, -1]), lineWidth=1.0, name='fixation', opacity=1, ori=0.0, pos=array([0., 0.]), size=array([0.025, 0.025]), units='height', vertices=ndarray(...), win=Window(...), windingRule=None)
8.7139 	EXP 	Created fixation_respond = ShapeStim(__class__=<class 'psychopy.visual.shape.ShapeStim'>, anchor=('center', 'center'), autoDraw=False, autoLog=True, closeShape=True, color=method-wrapper(...), colorSpace='rgb', contrast=None, depth=-4.0, draggable=False, fillColor=array([-1.        ,  0.00392157, -1.        ]), fillColorSpace='rgb', fillRGB=array([-1.        ,  0.00392157, -1.        ]), interpolate=True, lineColor=array([-1.        ,  0.00392157, -1.        ]), lineColorSpace='rgb', lineRGB=array([-1.        ,  0.00392157, -1.        ]), lineWidth=1.0, name='fixation_respond', opacity=1, ori=0.0, pos=array([0., 0.]), size=array([0.025, 0.025]), units='height', vertices=ndarray(...), win=Window(...), windingRule=None)
0.0197 	INFO 	Keyboard events cleared
0.0195 	EXP 	instructions: autoDraw = True
1.7341 	EXP 	Imported motion-simple-example.xlsx as conditions, 14 conditions, 2 params
1.7378 	EXP 	New trial (rep=0, index=0): <Trial 0 (0 in rep 0) data={'coherence': 0.4, 'direction': 0, 'thisN': 0, 'thisTrialN': 0, 'thisRepN': 0}>
1.7564 	DATA 	Keypress: space
1.7590 	WARNING 	t of last frame was 149.36ms (=1/6)
1.7590 	EXP 	instructions: autoDraw = False
1.7590 	EXP 	dots: dir = 0.0
1.7590 	EXP 	dots: coherence = 0.4
1.7590 	EXP 	dots: autoDraw = True
1.7590 	EXP 	polygon: autoDraw = True
1.7590 	EXP 	fixation: autoDraw = True
2.0471 	EXP 	dots: autoDraw = False
2.2142 	INFO 	Keyboard events cleared
2.2139 	EXP 	fixation_respond: autoDraw = True
2.3474 	EXP 	polygon: autoDraw = False
2.3474 	EXP 	fixation: autoDraw = False
3.0311 	EXP 	New trial (rep=0, index=1): <Trial 1 (1 in rep 0) data={'coherence': 1, 'direction': 0, 'thisN': 1, 'thisTrialN': 1, 'thisRepN': 0}>
3.0558 	DATA 	Keypress: right
3.0590 	WARNING 	t of last frame was 29.45ms (=1/33)
3.0590 	EXP 	dots: autoDraw = False
3.0590 	EXP 	polygon: autoDraw = False
3.0590 	EXP 	fixation: autoDraw = False
3.0590 	EXP 	fixation_respond: autoDraw = False
3.0590 	EXP 	dots: dir = 0.0
3.0590 	EXP 	dots: coherence = 1.0
3.0590 	EXP 	polygon: autoDraw = True
3.0590 	EXP 	fixation: autoDraw = True
3.1265 	EXP 	dots: autoDraw = True
3.4129 	EXP 	dots: autoDraw = False
3.6267 	INFO 	Keyboard events cleared
3.6264 	EXP 	fixation_respond: autoDraw = True
3.6460 	EXP 	polygon: autoDraw = False
3.6460 	EXP 	fixation: autoDraw = False
4.7803 	DATA 	Keypress: escape
4.9307 	EXP 	motion-simple-example: status = STOPPED
4.9431 	EXP 	fixation_respond: autoDraw = False
4.9431 	EXP 	motion-simple-example: status = STOPPED
4.9453 	INFO 	saved data to '/Users/kbonnen/Library/CloudStorage/OneDrive-IndianaUniversity/Courses/V768-Measuring-Perception/V768-Psychophysics-labs/08-motion-adaptation/motion-simple-example/data/972922_motion-simple-example_2025-03-07_13h29.57.980.csv'
4.9483 	INFO 	saved data to /Users/kbonnen/Library/CloudStorage/OneDrive-IndianaUniversity/Courses/V768-Measuring-Perception/V768-Psychophysics-labs/08-motion-adaptation/motion-simple-example/data/972922_motion-simple-example_2025-03-07_13h29.57.980.psydat
