11.3946 	INFO 	Loaded monitor calibration from ['2023_05_12 15:00']
11.5594 	EXP 	Created window1 = Window(allowGUI=False, allowStencil=False, autoLog=True, backendConf=UNKNOWN, backgroundFit=<method-wrapper '__getattribute__' of attributeSetter object at 0x7fce80682820>, backgroundImage=<method-wrapper '__getattribute__' of attributeSetter object at 0x7fce80682700>, bitsMode=UNKNOWN, blendMode='avg', bpc=(8, 8, 8), color=array([0, 0, 0]), colorSpace='rgb', depthBits=8, fullscr=True, gamma=None, gammaErrorPolicy='raise', infoMsg=UNKNOWN, lms=UNKNOWN, monitor=<psychopy.monitors.calibTools.Monitor object at 0x7fce71fa22b0>, multiSample=False, name='window1', numSamples=2, pos=[0.0, 0.0], screen=0, size=array([3024, 1964]), stencilBits=0, stereo=False, title='PsychoPy', units='height', useFBO=True, useRetina=True, viewOri=0.0, viewPos=None, viewScale=None, waitBlanking=True, winType='pyglet')
11.5595 	EXP 	window1: backgroundImage = ''
11.5595 	EXP 	window1: backgroundFit = 'none'
11.6023 	EXP 	window1: Attempting to measure frame rate of screen (0) ...
11.6024 	EXP 	window1: recordFrameIntervals = False
11.7197 	EXP 	window1: recordFrameIntervals = True
12.5537 	WARNING 	Couldn't measure a consistent frame rate!
  - Is your graphics card set to sync to vertical blank?
  - Are you running other processes on your computer?

14.7774 	INFO 	keyboard.Keyboard is using iohub backend.
14.7774 	INFO 	keyboard.Keyboard is using iohub backend.
14.7774 	INFO 	keyboard.Keyboard is using iohub backend.
14.7775 	EXP 	2d-motion-direction-discrimination: status = STARTED
14.8177 	EXP 	Created text = TextStim(__class__=<class 'psychopy.visual.text.TextStim'>, alignHoriz=method-wrapper(...), alignText='center', alignVert=method-wrapper(...), anchorHoriz='center', anchorVert='center', antialias=True, autoDraw=False, autoLog=True, bold=False, color=array([1., 1., 1.]), colorSpace='rgb', contrast=1.0, depth=-1.0, draggable=False, flipHoriz=False, flipVert=False, font='Arial', fontFiles=[], height=0.05, italic=False, languageStyle='LTR', name='text', opacity=1, ori=0.0, pos=array([0., 0.]), rgb=UNKNOWN, text=str(...), units='height', win=Window(...), wrapWidth=1)
14.8211 	EXP 	Created dots = DotStim(__class__=<class 'psychopy.visual.dot.DotStim'>, autoLog=True, coherence=1.0, color=array([1., 1., 1.]), colorSpace='rgb', contrast=1.0, depth=-1.0, dir=90.0, dotLife=100.0, dotSize=4.0, element=None, fieldAnchor=UNKNOWN, fieldPos=array([0., 0.]), fieldShape='circle', fieldSize=array([0.25, 0.25]), nDots=50, name='dots', noiseDots='direction', opacity=1, rgb=UNKNOWN, signalDots='same', speed=0.002, units='height', win=Window(...))
14.8217 	EXP 	Created dots_test = DotStim(__class__=<class 'psychopy.visual.dot.DotStim'>, autoLog=True, coherence=1.0, color=array([1., 1., 1.]), colorSpace='rgb', contrast=1.0, depth=-2.0, dir=1.0, dotLife=100.0, dotSize=4.0, element=None, fieldAnchor=UNKNOWN, fieldPos=array([0., 0.]), fieldShape='circle', fieldSize=array([0.2, 0.2]), nDots=50, name='dots_test', noiseDots='direction', opacity=1, rgb=UNKNOWN, signalDots='same', speed=0.002, units='height', win=Window(...))
14.8234 	EXP 	Created text_2 = TextStim(__class__=<class 'psychopy.visual.text.TextStim'>, alignHoriz=method-wrapper(...), alignText='center', alignVert=method-wrapper(...), anchorHoriz='center', anchorVert='center', antialias=True, autoDraw=False, autoLog=True, bold=False, color=array([-1.        ,  0.00392157, -1.        ]), colorSpace='rgb', contrast=1.0, depth=-5.0, draggable=False, flipHoriz=False, flipVert=False, font='Arial', fontFiles=[], height=0.05, italic=False, languageStyle='LTR', name='text_2', opacity=1, ori=0.0, pos=array([0., 0.]), rgb=UNKNOWN, text='+', units='height', win=Window(...), wrapWidth=1)
0.0122 	INFO 	Keyboard events cleared
0.0120 	EXP 	text: autoDraw = True
1.3594 	EXP 	Imported staircase_parameters.xlsx as conditions, 4 conditions, 10 params
1.4539 	WARNING 	Increasing number of minimum required reversals to the number of step sizes, (1).
1.4542 	WARNING 	Increasing number of minimum required reversals to the number of step sizes, (1).
1.4585 	DATA 	Keypress: space
1.4607 	WARNING 	t of last frame was 227.30ms (=1/4)
1.4607 	EXP 	text: autoDraw = False
1.4607 	EXP 	dots_test: dir = 75.0
1.4607 	EXP 	dots: autoDraw = True
1.9502 	EXP 	dots: autoDraw = False
2.0469 	EXP 	dots_test: autoDraw = True
2.5361 	EXP 	dots_test: autoDraw = False
2.5472 	INFO 	Keyboard events cleared
2.5469 	EXP 	text_2: autoDraw = True
3.1736 	DATA 	Keypress: right
3.1762 	WARNING 	t of last frame was 29.23ms (=1/34)
3.1762 	EXP 	dots: autoDraw = False
3.1762 	EXP 	dots_test: autoDraw = False
3.1762 	EXP 	text_2: autoDraw = False
3.1762 	EXP 	dots_test: dir = 80.0
3.1762 	EXP 	dots: autoDraw = True
3.6657 	EXP 	dots: autoDraw = False
3.9366 	EXP 	dots_test: autoDraw = True
4.4487 	INFO 	Keyboard events cleared
4.4483 	EXP 	dots_test: autoDraw = False
4.4483 	EXP 	text_2: autoDraw = True
4.8763 	DATA 	Keypress: right
4.8792 	EXP 	dots: autoDraw = False
4.8792 	EXP 	dots_test: autoDraw = False
4.8792 	EXP 	text_2: autoDraw = False
4.8792 	EXP 	dots_test: dir = 100.0
4.8792 	EXP 	dots: autoDraw = True
5.3658 	EXP 	dots: autoDraw = False
5.6640 	EXP 	dots_test: autoDraw = True
6.1514 	EXP 	dots_test: autoDraw = False
6.1646 	INFO 	Keyboard events cleared
6.1644 	EXP 	text_2: autoDraw = True
6.5852 	DATA 	Keypress: left
6.5883 	EXP 	dots: autoDraw = False
6.5883 	EXP 	dots_test: autoDraw = False
6.5883 	EXP 	text_2: autoDraw = False
6.5883 	EXP 	dots_test: dir = 105.0
6.5883 	EXP 	dots: autoDraw = True
7.0826 	EXP 	dots: autoDraw = False
7.3813 	EXP 	dots_test: autoDraw = True
7.8818 	INFO 	Keyboard events cleared
7.8811 	EXP 	dots_test: autoDraw = False
7.8811 	EXP 	text_2: autoDraw = True
8.3349 	DATA 	Keypress: left
8.3378 	EXP 	dots: autoDraw = False
8.3378 	EXP 	dots_test: autoDraw = False
8.3378 	EXP 	text_2: autoDraw = False
8.3378 	EXP 	dots_test: dir = 75.0
8.3378 	EXP 	dots: autoDraw = True
8.8334 	EXP 	dots: autoDraw = False
9.1303 	EXP 	dots_test: autoDraw = True
9.6167 	EXP 	dots_test: autoDraw = False
9.6306 	INFO 	Keyboard events cleared
9.6303 	EXP 	text_2: autoDraw = True
10.0913 	DATA 	Keypress: right
10.0970 	EXP 	dots: autoDraw = False
10.0970 	EXP 	dots_test: autoDraw = False
10.0970 	EXP 	text_2: autoDraw = False
10.0970 	EXP 	dots_test: dir = 105.0
10.0970 	EXP 	dots: autoDraw = True
10.5986 	EXP 	dots: autoDraw = False
10.8984 	EXP 	dots_test: autoDraw = True
11.3988 	INFO 	Keyboard events cleared
11.3984 	EXP 	dots_test: autoDraw = False
11.3984 	EXP 	text_2: autoDraw = True
11.8014 	DATA 	Keypress: left
11.8042 	EXP 	dots: autoDraw = False
11.8042 	EXP 	dots_test: autoDraw = False
11.8042 	EXP 	text_2: autoDraw = False
11.8042 	EXP 	dots_test: dir = 82.0
11.8042 	EXP 	dots: autoDraw = True
12.2998 	EXP 	dots: autoDraw = False
12.5976 	EXP 	dots_test: autoDraw = True
13.0986 	INFO 	Keyboard events cleared
13.0978 	EXP 	dots_test: autoDraw = False
13.0978 	EXP 	text_2: autoDraw = True
13.4184 	DATA 	Keypress: right
13.4214 	EXP 	dots: autoDraw = False
13.4214 	EXP 	dots_test: autoDraw = False
13.4214 	EXP 	text_2: autoDraw = False
13.4214 	EXP 	dots_test: dir = 98.0
13.4214 	EXP 	dots: autoDraw = True
13.9155 	EXP 	dots: autoDraw = False
14.2147 	EXP 	dots_test: autoDraw = True
14.7148 	INFO 	Keyboard events cleared
14.7145 	EXP 	dots_test: autoDraw = False
14.7145 	EXP 	text_2: autoDraw = True
15.0380 	DATA 	Keypress: left
15.0470 	EXP 	dots: autoDraw = False
15.0470 	EXP 	dots_test: autoDraw = False
15.0470 	EXP 	text_2: autoDraw = False
15.0470 	EXP 	dots_test: dir = 84.0
15.0470 	EXP 	dots: autoDraw = True
15.5470 	EXP 	dots: autoDraw = False
15.8360 	EXP 	dots_test: autoDraw = True
16.3487 	INFO 	Keyboard events cleared
16.3483 	EXP 	dots_test: autoDraw = False
16.3483 	EXP 	text_2: autoDraw = True
17.0048 	DATA 	Keypress: right
17.0138 	EXP 	dots: autoDraw = False
17.0138 	EXP 	dots_test: autoDraw = False
17.0138 	EXP 	text_2: autoDraw = False
17.0138 	EXP 	dots_test: dir = 96.0
17.0138 	EXP 	dots: autoDraw = True
17.4993 	EXP 	dots: autoDraw = False
17.8146 	EXP 	dots_test: autoDraw = True
18.2994 	INFO 	Keyboard events cleared
18.2992 	EXP 	dots_test: autoDraw = False
18.2992 	EXP 	text_2: autoDraw = True
18.6347 	DATA 	Keypress: left
18.6375 	EXP 	dots: autoDraw = False
18.6375 	EXP 	dots_test: autoDraw = False
18.6375 	EXP 	text_2: autoDraw = False
18.6375 	EXP 	dots_test: dir = 75.0
18.6375 	EXP 	dots: autoDraw = True
19.1328 	EXP 	dots: autoDraw = False
19.4302 	EXP 	dots_test: autoDraw = True
19.9167 	EXP 	dots_test: autoDraw = False
19.9304 	INFO 	Keyboard events cleared
19.9302 	EXP 	text_2: autoDraw = True
20.2893 	DATA 	Keypress: right
20.2971 	EXP 	dots: autoDraw = False
20.2971 	EXP 	dots_test: autoDraw = False
20.2971 	EXP 	text_2: autoDraw = False
20.2971 	EXP 	dots_test: dir = 105.0
20.2971 	EXP 	dots: autoDraw = True
20.7983 	EXP 	dots: autoDraw = False
21.0833 	EXP 	dots_test: autoDraw = True
21.5806 	INFO 	Keyboard events cleared
21.5804 	EXP 	dots_test: autoDraw = False
21.5804 	EXP 	text_2: autoDraw = True
21.8349 	DATA 	Keypress: left
21.8379 	EXP 	dots: autoDraw = False
21.8379 	EXP 	dots_test: autoDraw = False
21.8379 	EXP 	text_2: autoDraw = False
21.8379 	EXP 	dots_test: dir = 86.0
21.8379 	EXP 	dots: autoDraw = True
22.3324 	EXP 	dots: autoDraw = False
22.6308 	EXP 	dots_test: autoDraw = True
23.1318 	INFO 	Keyboard events cleared
23.1314 	EXP 	dots_test: autoDraw = False
23.1314 	EXP 	text_2: autoDraw = True
23.5346 	DATA 	Keypress: right
23.5376 	EXP 	dots: autoDraw = False
23.5376 	EXP 	dots_test: autoDraw = False
23.5376 	EXP 	text_2: autoDraw = False
23.5376 	EXP 	dots_test: dir = 105.0
23.5376 	EXP 	dots: autoDraw = True
24.0483 	EXP 	dots: autoDraw = False
24.3304 	EXP 	dots_test: autoDraw = True
24.8172 	EXP 	dots_test: autoDraw = False
24.8306 	INFO 	Keyboard events cleared
24.8303 	EXP 	text_2: autoDraw = True
25.2852 	DATA 	Keypress: left
25.2882 	EXP 	dots: autoDraw = False
25.2882 	EXP 	dots_test: autoDraw = False
25.2882 	EXP 	text_2: autoDraw = False
25.2882 	EXP 	dots_test: dir = 94.0
25.2882 	EXP 	dots: autoDraw = True
25.7979 	EXP 	dots: autoDraw = False
26.0812 	EXP 	dots_test: autoDraw = True
26.5824 	INFO 	Keyboard events cleared
26.5817 	EXP 	dots_test: autoDraw = False
26.5817 	EXP 	text_2: autoDraw = True
27.0017 	DATA 	Keypress: left
27.0045 	EXP 	dots: autoDraw = False
27.0045 	EXP 	dots_test: autoDraw = False
27.0045 	EXP 	text_2: autoDraw = False
27.0045 	EXP 	dots_test: dir = 75.0
27.0045 	EXP 	dots: autoDraw = True
27.5016 	EXP 	dots: autoDraw = False
27.7970 	EXP 	dots_test: autoDraw = True
28.2873 	EXP 	dots_test: autoDraw = False
28.2972 	INFO 	Keyboard events cleared
28.2969 	EXP 	text_2: autoDraw = True
28.6518 	DATA 	Keypress: right
28.6639 	EXP 	dots: autoDraw = False
28.6639 	EXP 	dots_test: autoDraw = False
28.6639 	EXP 	text_2: autoDraw = False
28.6639 	EXP 	dots_test: dir = 92.0
28.6639 	EXP 	dots: autoDraw = True
29.1648 	EXP 	dots: autoDraw = False
29.4470 	EXP 	dots_test: autoDraw = True
29.9325 	EXP 	dots_test: autoDraw = False
29.9469 	INFO 	Keyboard events cleared
29.9466 	EXP 	text_2: autoDraw = True
31.0917 	DATA 	Keypress: right
31.0967 	EXP 	dots: autoDraw = False
31.0967 	EXP 	dots_test: autoDraw = False
31.0967 	EXP 	text_2: autoDraw = False
31.0967 	EXP 	dots_test: dir = 75.0
31.0967 	EXP 	dots: autoDraw = True
31.5847 	EXP 	dots: autoDraw = False
31.8980 	EXP 	dots_test: autoDraw = True
32.3862 	INFO 	Keyboard events cleared
32.3859 	EXP 	dots_test: autoDraw = False
32.3859 	EXP 	text_2: autoDraw = True
32.6735 	DATA 	Keypress: right
32.6803 	EXP 	dots: autoDraw = False
32.6803 	EXP 	dots_test: autoDraw = False
32.6803 	EXP 	text_2: autoDraw = False
32.6803 	EXP 	dots_test: dir = 88.0
32.6803 	EXP 	dots: autoDraw = True
33.1811 	EXP 	dots: autoDraw = False
33.4819 	EXP 	dots_test: autoDraw = True
33.9669 	INFO 	Keyboard events cleared
33.9666 	EXP 	text_2: autoDraw = True
33.9803 	EXP 	dots_test: autoDraw = False
34.3848 	DATA 	Keypress: right
34.3877 	EXP 	dots: autoDraw = False
34.3877 	EXP 	dots_test: autoDraw = False
34.3877 	EXP 	text_2: autoDraw = False
34.3877 	EXP 	dots_test: dir = 105.0
34.3877 	EXP 	dots: autoDraw = True
34.8978 	EXP 	dots: autoDraw = False
35.1818 	EXP 	dots_test: autoDraw = True
35.6821 	INFO 	Keyboard events cleared
35.6814 	EXP 	dots_test: autoDraw = False
35.6814 	EXP 	text_2: autoDraw = True
36.0518 	DATA 	Keypress: left
36.0547 	EXP 	dots: autoDraw = False
36.0547 	EXP 	dots_test: autoDraw = False
36.0547 	EXP 	text_2: autoDraw = False
36.0547 	EXP 	dots_test: dir = 105.0
36.0547 	EXP 	dots: autoDraw = True
36.5513 	EXP 	dots: autoDraw = False
36.8483 	EXP 	dots_test: autoDraw = True
37.3472 	INFO 	Keyboard events cleared
37.3469 	EXP 	dots_test: autoDraw = False
37.3469 	EXP 	text_2: autoDraw = True
37.7017 	DATA 	Keypress: left
37.7047 	EXP 	dots: autoDraw = False
37.7047 	EXP 	dots_test: autoDraw = False
37.7047 	EXP 	text_2: autoDraw = False
37.7047 	EXP 	dots_test: dir = 92.5
37.7047 	EXP 	dots: autoDraw = True
38.2146 	EXP 	dots: autoDraw = False
38.4969 	EXP 	dots_test: autoDraw = True
38.9831 	EXP 	dots_test: autoDraw = False
38.9973 	INFO 	Keyboard events cleared
38.9970 	EXP 	text_2: autoDraw = True
39.2680 	DATA 	Keypress: left
39.2708 	EXP 	dots: autoDraw = False
39.2708 	EXP 	dots_test: autoDraw = False
39.2708 	EXP 	text_2: autoDraw = False
39.2708 	EXP 	dots_test: dir = 90.0
39.2708 	EXP 	dots: autoDraw = True
39.7817 	EXP 	dots: autoDraw = False
40.0636 	EXP 	dots_test: autoDraw = True
40.5492 	EXP 	dots_test: autoDraw = False
40.5640 	INFO 	Keyboard events cleared
40.5637 	EXP 	text_2: autoDraw = True
40.9521 	DATA 	Keypress: left
40.9637 	EXP 	dots: autoDraw = False
40.9637 	EXP 	dots_test: autoDraw = False
40.9637 	EXP 	text_2: autoDraw = False
40.9637 	EXP 	dots_test: dir = 75.0
40.9637 	EXP 	dots: autoDraw = True
41.4490 	EXP 	dots: autoDraw = False
41.7470 	EXP 	dots_test: autoDraw = True
42.2475 	EXP 	dots_test: autoDraw = False
42.2652 	INFO 	Keyboard events cleared
42.2642 	EXP 	text_2: autoDraw = True
42.4683 	DATA 	Keypress: right
42.4710 	EXP 	dots: autoDraw = False
42.4710 	EXP 	dots_test: autoDraw = False
42.4710 	EXP 	text_2: autoDraw = False
42.4710 	EXP 	dots_test: dir = 75.0
42.4710 	EXP 	dots: autoDraw = True
42.9672 	EXP 	dots: autoDraw = False
43.2651 	EXP 	dots_test: autoDraw = True
43.7639 	INFO 	Keyboard events cleared
43.7636 	EXP 	dots_test: autoDraw = False
43.7636 	EXP 	text_2: autoDraw = True
44.0183 	DATA 	Keypress: right
44.0212 	EXP 	dots: autoDraw = False
44.0212 	EXP 	dots_test: autoDraw = False
44.0212 	EXP 	text_2: autoDraw = False
44.0212 	EXP 	dots_test: dir = 90.0
44.0212 	EXP 	dots: autoDraw = True
44.5167 	EXP 	dots: autoDraw = False
44.8136 	EXP 	dots_test: autoDraw = True
45.3146 	EXP 	dots_test: autoDraw = False
45.3334 	INFO 	Keyboard events cleared
45.3332 	EXP 	text_2: autoDraw = True
47.3713 	DATA 	Keypress: left
47.3802 	EXP 	dots: autoDraw = False
47.3802 	EXP 	dots_test: autoDraw = False
47.3802 	EXP 	text_2: autoDraw = False
47.3802 	EXP 	dots_test: dir = 105.0
47.3802 	EXP 	dots: autoDraw = True
47.8674 	EXP 	dots: autoDraw = False
48.1813 	EXP 	dots_test: autoDraw = True
48.6671 	INFO 	Keyboard events cleared
48.6667 	EXP 	text_2: autoDraw = True
48.6802 	EXP 	dots_test: autoDraw = False
49.0054 	DATA 	Keypress: left
49.0136 	EXP 	dots: autoDraw = False
49.0136 	EXP 	dots_test: autoDraw = False
49.0136 	EXP 	text_2: autoDraw = False
49.0136 	EXP 	dots_test: dir = 92.5
49.0136 	EXP 	dots: autoDraw = True
49.4991 	EXP 	dots: autoDraw = False
49.8145 	EXP 	dots_test: autoDraw = True
50.3001 	INFO 	Keyboard events cleared
50.2998 	EXP 	dots_test: autoDraw = False
50.2998 	EXP 	text_2: autoDraw = True
50.5381 	DATA 	Keypress: left
50.5471 	EXP 	dots: autoDraw = False
50.5471 	EXP 	dots_test: autoDraw = False
50.5471 	EXP 	text_2: autoDraw = False
50.5471 	EXP 	dots_test: dir = 92.0
50.5471 	EXP 	dots: autoDraw = True
50.6769 	WARNING 	t of last frame was 46.31ms (=1/21)
50.7369 	WARNING 	t of last frame was 39.85ms (=1/25)
51.0477 	EXP 	dots: autoDraw = False
51.3303 	EXP 	dots_test: autoDraw = True
51.8216 	EXP 	dots_test: autoDraw = False
51.8306 	INFO 	Keyboard events cleared
51.8302 	EXP 	text_2: autoDraw = True
52.0537 	DATA 	Keypress: right
52.0639 	EXP 	dots: autoDraw = False
52.0639 	EXP 	dots_test: autoDraw = False
52.0639 	EXP 	text_2: autoDraw = False
52.0639 	EXP 	dots_test: dir = 90.0
52.0639 	EXP 	dots: autoDraw = True
52.5501 	EXP 	dots: autoDraw = False
52.8503 	EXP 	dots_test: autoDraw = True
53.3467 	INFO 	Keyboard events cleared
53.3463 	EXP 	dots_test: autoDraw = False
53.3463 	EXP 	text_2: autoDraw = True
54.3851 	DATA 	Keypress: right
54.3880 	EXP 	dots: autoDraw = False
54.3880 	EXP 	dots_test: autoDraw = False
54.3880 	EXP 	text_2: autoDraw = False
54.3880 	EXP 	dots_test: dir = 89.5
54.3880 	EXP 	dots: autoDraw = True
54.8824 	EXP 	dots: autoDraw = False
55.1801 	EXP 	dots_test: autoDraw = True
55.6673 	EXP 	dots_test: autoDraw = False
55.6805 	INFO 	Keyboard events cleared
55.6803 	EXP 	text_2: autoDraw = True
55.7851 	DATA 	Keypress: right
55.7881 	EXP 	dots: autoDraw = False
55.7881 	EXP 	dots_test: autoDraw = False
55.7881 	EXP 	text_2: autoDraw = False
55.7881 	EXP 	dots_test: dir = 92.5
55.7881 	EXP 	dots: autoDraw = True
56.2871 	EXP 	dots: autoDraw = False
56.5807 	EXP 	dots_test: autoDraw = True
57.0659 	EXP 	dots_test: autoDraw = False
57.0812 	INFO 	Keyboard events cleared
57.0803 	EXP 	text_2: autoDraw = True
57.4185 	DATA 	Keypress: right
57.4212 	EXP 	dots: autoDraw = False
57.4212 	EXP 	dots_test: autoDraw = False
57.4212 	EXP 	text_2: autoDraw = False
57.4212 	EXP 	dots_test: dir = 89.5
57.4212 	EXP 	dots: autoDraw = True
57.9317 	EXP 	dots: autoDraw = False
58.2136 	EXP 	dots_test: autoDraw = True
58.7148 	INFO 	Keyboard events cleared
58.7145 	EXP 	dots_test: autoDraw = False
58.7145 	EXP 	text_2: autoDraw = True
59.0548 	DATA 	Keypress: right
59.0638 	EXP 	dots: autoDraw = False
59.0638 	EXP 	dots_test: autoDraw = False
59.0638 	EXP 	text_2: autoDraw = False
59.0638 	EXP 	dots_test: dir = 93.0
59.0638 	EXP 	dots: autoDraw = True
59.5490 	EXP 	dots: autoDraw = False
59.8537 	EXP 	dots_test: autoDraw = True
60.3496 	INFO 	Keyboard events cleared
60.3492 	EXP 	dots_test: autoDraw = False
60.3492 	EXP 	text_2: autoDraw = True
60.6026 	DATA 	Keypress: left
60.6138 	EXP 	dots: autoDraw = False
60.6138 	EXP 	dots_test: autoDraw = False
60.6138 	EXP 	text_2: autoDraw = False
60.6138 	EXP 	dots_test: dir = 93.0
60.6138 	EXP 	dots: autoDraw = True
61.1145 	EXP 	dots: autoDraw = False
61.3969 	EXP 	dots_test: autoDraw = True
61.8860 	EXP 	dots_test: autoDraw = False
61.8971 	INFO 	Keyboard events cleared
61.8969 	EXP 	text_2: autoDraw = True
62.1382 	DATA 	Keypress: left
62.1471 	EXP 	dots: autoDraw = False
62.1471 	EXP 	dots_test: autoDraw = False
62.1471 	EXP 	text_2: autoDraw = False
62.1471 	EXP 	dots_test: dir = 90.0
62.1471 	EXP 	dots: autoDraw = True
62.6322 	EXP 	dots: autoDraw = False
62.9304 	EXP 	dots_test: autoDraw = True
63.4316 	EXP 	dots_test: autoDraw = False
63.4483 	INFO 	Keyboard events cleared
63.4474 	EXP 	text_2: autoDraw = True
64.2201 	DATA 	Keypress: right
64.2302 	EXP 	dots: autoDraw = False
64.2302 	EXP 	dots_test: autoDraw = False
64.2302 	EXP 	text_2: autoDraw = False
64.2302 	EXP 	dots_test: dir = 89.5
64.2302 	EXP 	dots: autoDraw = True
64.7167 	EXP 	dots: autoDraw = False
65.0313 	EXP 	dots_test: autoDraw = True
65.5140 	INFO 	Keyboard events cleared
65.5136 	EXP 	text_2: autoDraw = True
65.5304 	EXP 	dots_test: autoDraw = False
65.8708 	DATA 	Keypress: right
65.8802 	EXP 	dots: autoDraw = False
65.8802 	EXP 	dots_test: autoDraw = False
65.8802 	EXP 	text_2: autoDraw = False
65.8802 	EXP 	dots_test: dir = 92.5
65.8802 	EXP 	dots: autoDraw = True
66.3694 	EXP 	dots: autoDraw = False
66.6812 	EXP 	dots_test: autoDraw = True
67.1685 	INFO 	Keyboard events cleared
67.1682 	EXP 	dots_test: autoDraw = False
67.1682 	EXP 	text_2: autoDraw = True
67.8718 	DATA 	Keypress: right
67.8804 	EXP 	dots: autoDraw = False
67.8804 	EXP 	dots_test: autoDraw = False
67.8804 	EXP 	text_2: autoDraw = False
67.8804 	EXP 	dots_test: dir = 93.0
67.8804 	EXP 	dots: autoDraw = True
68.3660 	EXP 	dots: autoDraw = False
68.6662 	EXP 	dots_test: autoDraw = True
69.1641 	INFO 	Keyboard events cleared
69.1638 	EXP 	dots_test: autoDraw = False
69.1638 	EXP 	text_2: autoDraw = True
69.3513 	DATA 	Keypress: left
69.3541 	EXP 	dots: autoDraw = False
69.3541 	EXP 	dots_test: autoDraw = False
69.3541 	EXP 	text_2: autoDraw = False
69.3541 	EXP 	dots_test: dir = 89.5
69.3541 	EXP 	dots: autoDraw = True
69.8643 	EXP 	dots: autoDraw = False
70.1473 	EXP 	dots_test: autoDraw = True
70.6324 	EXP 	dots_test: autoDraw = False
70.6473 	INFO 	Keyboard events cleared
70.6470 	EXP 	text_2: autoDraw = True
71.4863 	DATA 	Keypress: right
71.4972 	EXP 	dots: autoDraw = False
71.4972 	EXP 	dots_test: autoDraw = False
71.4972 	EXP 	text_2: autoDraw = False
71.4972 	EXP 	dots_test: dir = 93.0
71.4972 	EXP 	dots: autoDraw = True
71.9822 	EXP 	dots: autoDraw = False
72.2802 	EXP 	dots_test: autoDraw = True
72.7671 	EXP 	dots_test: autoDraw = False
72.7806 	INFO 	Keyboard events cleared
72.7803 	EXP 	text_2: autoDraw = True
73.2676 	DATA 	Keypress: left
73.2704 	EXP 	dots: autoDraw = False
73.2704 	EXP 	dots_test: autoDraw = False
73.2704 	EXP 	text_2: autoDraw = False
73.2704 	EXP 	dots_test: dir = 90.0
73.2704 	EXP 	dots: autoDraw = True
73.7809 	EXP 	dots: autoDraw = False
74.0636 	EXP 	dots_test: autoDraw = True
74.5651 	INFO 	Keyboard events cleared
74.5644 	EXP 	dots_test: autoDraw = False
74.5644 	EXP 	text_2: autoDraw = True
74.9854 	DATA 	Keypress: right
74.9970 	EXP 	dots: autoDraw = False
74.9970 	EXP 	dots_test: autoDraw = False
74.9970 	EXP 	text_2: autoDraw = False
74.9970 	EXP 	dots_test: dir = 92.5
74.9970 	EXP 	dots: autoDraw = True
75.4825 	EXP 	dots: autoDraw = False
75.7971 	EXP 	dots_test: autoDraw = True
76.2991 	INFO 	Keyboard events cleared
76.2983 	EXP 	dots_test: autoDraw = False
76.2983 	EXP 	text_2: autoDraw = True
76.5536 	DATA 	Keypress: left
76.5637 	EXP 	dots: autoDraw = False
76.5637 	EXP 	dots_test: autoDraw = False
76.5637 	EXP 	text_2: autoDraw = False
76.5637 	EXP 	dots_test: dir = 89.5
76.5637 	EXP 	dots: autoDraw = True
77.0492 	EXP 	dots: autoDraw = False
77.3645 	EXP 	dots_test: autoDraw = True
77.8515 	INFO 	Keyboard events cleared
77.8512 	EXP 	dots_test: autoDraw = False
77.8512 	EXP 	text_2: autoDraw = True
78.0344 	DATA 	Keypress: right
78.0372 	EXP 	dots: autoDraw = False
78.0372 	EXP 	dots_test: autoDraw = False
78.0372 	EXP 	text_2: autoDraw = False
78.0372 	EXP 	dots_test: dir = 89.5
78.0372 	EXP 	dots: autoDraw = True
78.5485 	EXP 	dots: autoDraw = False
78.8315 	EXP 	dots_test: autoDraw = True
79.3300 	INFO 	Keyboard events cleared
79.3297 	EXP 	dots_test: autoDraw = False
79.3297 	EXP 	text_2: autoDraw = True
79.5549 	DATA 	Keypress: right
79.5638 	EXP 	dots: autoDraw = False
79.5638 	EXP 	dots_test: autoDraw = False
79.5638 	EXP 	text_2: autoDraw = False
79.5638 	EXP 	dots_test: dir = 92.5
79.5638 	EXP 	dots: autoDraw = True
80.0648 	EXP 	dots: autoDraw = False
80.3527 	EXP 	dots_test: autoDraw = True
80.8655 	INFO 	Keyboard events cleared
80.8648 	EXP 	dots_test: autoDraw = False
80.8648 	EXP 	text_2: autoDraw = True
81.1551 	DATA 	Keypress: left
81.1637 	EXP 	dots: autoDraw = False
81.1637 	EXP 	dots_test: autoDraw = False
81.1637 	EXP 	text_2: autoDraw = False
81.1637 	EXP 	dots_test: dir = 92.0
81.1637 	EXP 	dots: autoDraw = True
81.6490 	EXP 	dots: autoDraw = False
81.9474 	EXP 	dots_test: autoDraw = True
82.4478 	EXP 	dots_test: autoDraw = False
82.4650 	INFO 	Keyboard events cleared
82.4646 	EXP 	text_2: autoDraw = True
82.7865 	DATA 	Keypress: left
82.7969 	EXP 	dots: autoDraw = False
82.7969 	EXP 	dots_test: autoDraw = False
82.7969 	EXP 	text_2: autoDraw = False
82.7969 	EXP 	dots_test: dir = 90.0
82.7969 	EXP 	dots: autoDraw = True
83.2824 	EXP 	dots: autoDraw = False
83.5866 	EXP 	dots_test: autoDraw = True
84.0982 	INFO 	Keyboard events cleared
84.0979 	EXP 	dots_test: autoDraw = False
84.0979 	EXP 	text_2: autoDraw = True
84.4874 	DATA 	Keypress: right
84.4972 	EXP 	dots: autoDraw = False
84.4972 	EXP 	dots_test: autoDraw = False
84.4972 	EXP 	text_2: autoDraw = False
84.4972 	EXP 	dots_test: dir = 89.5
84.4972 	EXP 	dots: autoDraw = True
84.9822 	EXP 	dots: autoDraw = False
85.2804 	EXP 	dots_test: autoDraw = True
85.7811 	EXP 	dots_test: autoDraw = False
85.7982 	INFO 	Keyboard events cleared
85.7974 	EXP 	text_2: autoDraw = True
86.0518 	DATA 	Keypress: right
86.0548 	EXP 	dots: autoDraw = False
86.0548 	EXP 	dots_test: autoDraw = False
86.0548 	EXP 	text_2: autoDraw = False
86.0548 	EXP 	dots_test: dir = 92.0
86.0548 	EXP 	dots: autoDraw = True
86.5492 	EXP 	dots: autoDraw = False
86.8479 	EXP 	dots_test: autoDraw = True
87.3324 	EXP 	dots_test: autoDraw = False
87.3472 	INFO 	Keyboard events cleared
87.3469 	EXP 	text_2: autoDraw = True
87.7849 	DATA 	Keypress: left
87.7875 	EXP 	dots: autoDraw = False
87.7875 	EXP 	dots_test: autoDraw = False
87.7875 	EXP 	text_2: autoDraw = False
87.7875 	EXP 	dots_test: dir = 91.5
87.7875 	EXP 	dots: autoDraw = True
88.2825 	EXP 	dots: autoDraw = False
88.5815 	EXP 	dots_test: autoDraw = True
89.0815 	INFO 	Keyboard events cleared
89.0804 	EXP 	dots_test: autoDraw = False
89.0804 	EXP 	text_2: autoDraw = True
89.6868 	DATA 	Keypress: left
89.6966 	EXP 	dots: autoDraw = False
89.6966 	EXP 	dots_test: autoDraw = False
89.6966 	EXP 	text_2: autoDraw = False
89.6966 	EXP 	dots_test: dir = 89.5
89.6966 	EXP 	dots: autoDraw = True
90.1979 	EXP 	dots: autoDraw = False
90.4827 	EXP 	dots_test: autoDraw = True
90.9816 	EXP 	dots_test: autoDraw = False
90.9981 	INFO 	Keyboard events cleared
90.9978 	EXP 	text_2: autoDraw = True
94.4181 	DATA 	Keypress: right
94.4210 	EXP 	dots: autoDraw = False
94.4210 	EXP 	dots_test: autoDraw = False
94.4210 	EXP 	text_2: autoDraw = False
94.4210 	EXP 	dots_test: dir = 91.5
94.4210 	EXP 	dots: autoDraw = True
94.9173 	EXP 	dots: autoDraw = False
95.2313 	EXP 	dots_test: autoDraw = True
95.7150 	INFO 	Keyboard events cleared
95.7147 	EXP 	text_2: autoDraw = True
95.7318 	EXP 	dots_test: autoDraw = False
95.9017 	DATA 	Keypress: left
95.9046 	EXP 	dots: autoDraw = False
95.9046 	EXP 	dots_test: autoDraw = False
95.9046 	EXP 	text_2: autoDraw = False
95.9046 	EXP 	dots_test: dir = 90.0
95.9046 	EXP 	dots: autoDraw = True
96.3992 	EXP 	dots: autoDraw = False
96.6971 	EXP 	dots_test: autoDraw = True
97.1825 	EXP 	dots_test: autoDraw = False
97.1973 	INFO 	Keyboard events cleared
97.1971 	EXP 	text_2: autoDraw = True
97.3877 	DATA 	Keypress: left
97.3971 	EXP 	dots: autoDraw = False
97.3971 	EXP 	dots_test: autoDraw = False
97.3971 	EXP 	text_2: autoDraw = False
97.3971 	EXP 	dots_test: dir = 90.0
97.3971 	EXP 	dots: autoDraw = True
97.8975 	EXP 	dots: autoDraw = False
98.1808 	EXP 	dots_test: autoDraw = True
98.6668 	EXP 	dots_test: autoDraw = False
98.6828 	INFO 	Keyboard events cleared
98.6826 	EXP 	text_2: autoDraw = True
99.0034 	DATA 	Keypress: left
99.0062 	EXP 	dots: autoDraw = False
99.0062 	EXP 	dots_test: autoDraw = False
99.0062 	EXP 	text_2: autoDraw = False
99.0062 	EXP 	dots_test: dir = 91.0
99.0062 	EXP 	dots: autoDraw = True
99.4989 	EXP 	dots: autoDraw = False
99.8146 	EXP 	dots_test: autoDraw = True
100.2974 	INFO 	Keyboard events cleared
100.2971 	EXP 	text_2: autoDraw = True
100.3014 	EXP 	dots_test: autoDraw = False
100.5221 	DATA 	Keypress: left
100.5303 	EXP 	dots: autoDraw = False
100.5303 	EXP 	dots_test: autoDraw = False
100.5303 	EXP 	text_2: autoDraw = False
100.5303 	EXP 	dots_test: dir = 91.0
100.5303 	EXP 	dots: autoDraw = True
101.0320 	EXP 	dots: autoDraw = False
101.3321 	EXP 	dots_test: autoDraw = True
101.8204 	INFO 	Keyboard events cleared
101.8199 	EXP 	text_2: autoDraw = True
101.8303 	EXP 	dots_test: autoDraw = False
102.1701 	DATA 	Keypress: left
102.1733 	EXP 	dots: autoDraw = False
102.1733 	EXP 	dots_test: autoDraw = False
102.1733 	EXP 	text_2: autoDraw = False
102.1733 	EXP 	dots_test: dir = 90.0
102.1733 	EXP 	dots: autoDraw = True
102.6814 	EXP 	dots: autoDraw = False
102.9812 	EXP 	dots_test: autoDraw = True
103.4640 	INFO 	Keyboard events cleared
103.4637 	EXP 	text_2: autoDraw = True
103.4668 	EXP 	dots_test: autoDraw = False
104.8374 	DATA 	Keypress: right
104.8470 	EXP 	dots: autoDraw = False
104.8470 	EXP 	dots_test: autoDraw = False
104.8470 	EXP 	text_2: autoDraw = False
104.8470 	EXP 	dots_test: dir = 89.5
104.8470 	EXP 	dots: autoDraw = True
105.3324 	EXP 	dots: autoDraw = False
105.6327 	EXP 	dots_test: autoDraw = True
106.1306 	INFO 	Keyboard events cleared
106.1303 	EXP 	dots_test: autoDraw = False
106.1303 	EXP 	text_2: autoDraw = True
106.3551 	DATA 	Keypress: left
106.3639 	EXP 	dots: autoDraw = False
106.3639 	EXP 	dots_test: autoDraw = False
106.3639 	EXP 	text_2: autoDraw = False
106.3639 	EXP 	dots_test: dir = 90.5
106.3639 	EXP 	dots: autoDraw = True
106.8648 	EXP 	dots: autoDraw = False
107.1509 	EXP 	dots_test: autoDraw = True
107.6496 	INFO 	Keyboard events cleared
107.6494 	EXP 	dots_test: autoDraw = False
107.6494 	EXP 	text_2: autoDraw = True
108.0851 	DATA 	Keypress: left
108.0878 	EXP 	dots: autoDraw = False
108.0878 	EXP 	dots_test: autoDraw = False
108.0878 	EXP 	text_2: autoDraw = False
108.0878 	EXP 	dots_test: dir = 90.5
108.0878 	EXP 	dots: autoDraw = True
108.5981 	EXP 	dots: autoDraw = False
108.8809 	EXP 	dots_test: autoDraw = True
109.3821 	INFO 	Keyboard events cleared
109.3814 	EXP 	dots_test: autoDraw = False
109.3814 	EXP 	text_2: autoDraw = True
109.5677 	DATA 	Keypress: left
109.5706 	EXP 	dots: autoDraw = False
109.5706 	EXP 	dots_test: autoDraw = False
109.5706 	EXP 	text_2: autoDraw = False
109.5706 	EXP 	dots_test: dir = 89.0
109.5706 	EXP 	dots: autoDraw = True
110.0653 	EXP 	dots: autoDraw = False
110.3533 	EXP 	dots_test: autoDraw = True
110.8652 	INFO 	Keyboard events cleared
110.8645 	EXP 	dots_test: autoDraw = False
110.8645 	EXP 	text_2: autoDraw = True
111.6700 	DATA 	Keypress: left
111.6730 	EXP 	dots: autoDraw = False
111.6730 	EXP 	dots_test: autoDraw = False
111.6730 	EXP 	text_2: autoDraw = False
111.6730 	EXP 	dots_test: dir = 90.0
111.6730 	EXP 	dots: autoDraw = True
112.1660 	EXP 	dots: autoDraw = False
112.4814 	EXP 	dots_test: autoDraw = True
112.9825 	INFO 	Keyboard events cleared
112.9819 	EXP 	dots_test: autoDraw = False
112.9819 	EXP 	text_2: autoDraw = True
113.4380 	DATA 	Keypress: right
113.4470 	EXP 	dots: autoDraw = False
113.4470 	EXP 	dots_test: autoDraw = False
113.4470 	EXP 	text_2: autoDraw = False
113.4470 	EXP 	dots_test: dir = 88.5
113.4470 	EXP 	dots: autoDraw = True
113.9326 	EXP 	dots: autoDraw = False
114.2298 	EXP 	dots_test: autoDraw = True
114.7164 	EXP 	dots_test: autoDraw = False
114.7327 	INFO 	Keyboard events cleared
114.7324 	EXP 	text_2: autoDraw = True
115.0851 	DATA 	Keypress: right
115.0879 	EXP 	dots: autoDraw = False
115.0879 	EXP 	dots_test: autoDraw = False
115.0879 	EXP 	text_2: autoDraw = False
115.0879 	EXP 	dots_test: dir = 90.0
115.0879 	EXP 	dots: autoDraw = True
115.5835 	EXP 	dots: autoDraw = False
115.8804 	EXP 	dots_test: autoDraw = True
116.3817 	INFO 	Keyboard events cleared
116.3813 	EXP 	dots_test: autoDraw = False
116.3813 	EXP 	text_2: autoDraw = True
116.8852 	DATA 	Keypress: right
116.8881 	EXP 	dots: autoDraw = False
116.8881 	EXP 	dots_test: autoDraw = False
116.8881 	EXP 	text_2: autoDraw = False
116.8881 	EXP 	dots_test: dir = 88.5
116.8881 	EXP 	dots: autoDraw = True
117.3823 	EXP 	dots: autoDraw = False
117.6815 	EXP 	dots_test: autoDraw = True
118.1662 	EXP 	dots_test: autoDraw = False
118.1806 	INFO 	Keyboard events cleared
118.1804 	EXP 	text_2: autoDraw = True
118.5676 	DATA 	Keypress: right
118.5705 	EXP 	dots: autoDraw = False
118.5705 	EXP 	dots_test: autoDraw = False
118.5705 	EXP 	text_2: autoDraw = False
118.5705 	EXP 	dots_test: dir = 90.0
118.5705 	EXP 	dots: autoDraw = True
119.0655 	EXP 	dots: autoDraw = False
119.3649 	EXP 	dots_test: autoDraw = True
119.8649 	INFO 	Keyboard events cleared
119.8646 	EXP 	dots_test: autoDraw = False
119.8646 	EXP 	text_2: autoDraw = True
120.1036 	DATA 	Keypress: right
120.1138 	EXP 	dots: autoDraw = False
120.1138 	EXP 	dots_test: autoDraw = False
120.1138 	EXP 	text_2: autoDraw = False
120.1138 	EXP 	dots_test: dir = 89.0
120.1138 	EXP 	dots: autoDraw = True
120.6149 	EXP 	dots: autoDraw = False
120.9143 	EXP 	dots_test: autoDraw = True
121.4006 	INFO 	Keyboard events cleared
121.4003 	EXP 	dots_test: autoDraw = False
121.4003 	EXP 	text_2: autoDraw = True
121.6521 	DATA 	Keypress: right
121.6551 	EXP 	dots: autoDraw = False
121.6551 	EXP 	dots_test: autoDraw = False
121.6551 	EXP 	text_2: autoDraw = False
121.6551 	EXP 	dots_test: dir = 90.0
121.6551 	EXP 	dots: autoDraw = True
122.1527 	EXP 	dots: autoDraw = False
122.4470 	EXP 	dots_test: autoDraw = True
122.9355 	EXP 	dots_test: autoDraw = False
122.9473 	INFO 	Keyboard events cleared
122.9470 	EXP 	text_2: autoDraw = True
123.2527 	DATA 	Keypress: left
123.2555 	EXP 	dots: autoDraw = False
123.2555 	EXP 	dots_test: autoDraw = False
123.2555 	EXP 	text_2: autoDraw = False
123.2555 	EXP 	dots_test: dir = 89.0
123.2555 	EXP 	dots: autoDraw = True
123.7652 	EXP 	dots: autoDraw = False
124.0470 	EXP 	dots_test: autoDraw = True
124.5485 	EXP 	dots_test: autoDraw = False
124.5650 	INFO 	Keyboard events cleared
124.5643 	EXP 	text_2: autoDraw = True
124.7858 	DATA 	Keypress: right
124.7972 	EXP 	dots: autoDraw = False
124.7972 	EXP 	dots_test: autoDraw = False
124.7972 	EXP 	text_2: autoDraw = False
124.7972 	EXP 	dots_test: dir = 89.5
124.7972 	EXP 	dots: autoDraw = True
125.2823 	EXP 	dots: autoDraw = False
125.5803 	EXP 	dots_test: autoDraw = True
126.0812 	EXP 	dots_test: autoDraw = False
126.0983 	INFO 	Keyboard events cleared
126.0980 	EXP 	text_2: autoDraw = True
126.4024 	DATA 	Keypress: right
126.4136 	EXP 	dots: autoDraw = False
126.4136 	EXP 	dots_test: autoDraw = False
126.4136 	EXP 	text_2: autoDraw = False
126.4136 	EXP 	dots_test: dir = 90.5
126.4136 	EXP 	dots: autoDraw = True
126.8992 	EXP 	dots: autoDraw = False
127.2144 	EXP 	dots_test: autoDraw = True
127.7153 	INFO 	Keyboard events cleared
127.7145 	EXP 	dots_test: autoDraw = False
127.7145 	EXP 	text_2: autoDraw = True
128.1520 	DATA 	Keypress: right
128.1549 	EXP 	dots: autoDraw = False
128.1549 	EXP 	dots_test: autoDraw = False
128.1549 	EXP 	text_2: autoDraw = False
128.1549 	EXP 	dots_test: dir = 91.0
128.1549 	EXP 	dots: autoDraw = True
128.6494 	EXP 	dots: autoDraw = False
128.9475 	EXP 	dots_test: autoDraw = True
129.4481 	EXP 	dots_test: autoDraw = False
129.4657 	INFO 	Keyboard events cleared
129.4651 	EXP 	text_2: autoDraw = True
129.8681 	DATA 	Keypress: right
129.8709 	EXP 	dots: autoDraw = False
129.8709 	EXP 	dots_test: autoDraw = False
129.8709 	EXP 	text_2: autoDraw = False
129.8709 	EXP 	dots_test: dir = 89.5
129.8709 	EXP 	dots: autoDraw = True
130.3819 	EXP 	dots: autoDraw = False
130.6646 	EXP 	dots_test: autoDraw = True
131.1657 	INFO 	Keyboard events cleared
131.1649 	EXP 	dots_test: autoDraw = False
131.1649 	EXP 	text_2: autoDraw = True
131.9698 	DATA 	Keypress: right
131.9805 	EXP 	dots: autoDraw = False
131.9805 	EXP 	dots_test: autoDraw = False
131.9805 	EXP 	text_2: autoDraw = False
131.9805 	EXP 	dots_test: dir = 91.5
131.9805 	EXP 	dots: autoDraw = True
132.4660 	EXP 	dots: autoDraw = False
132.7638 	EXP 	dots_test: autoDraw = True
133.2502 	EXP 	dots_test: autoDraw = False
133.2640 	INFO 	Keyboard events cleared
133.2637 	EXP 	text_2: autoDraw = True
133.6041 	DATA 	Keypress: left
133.6137 	EXP 	dots: autoDraw = False
133.6137 	EXP 	dots_test: autoDraw = False
133.6137 	EXP 	text_2: autoDraw = False
133.6137 	EXP 	dots_test: dir = 90.0
133.6137 	EXP 	dots: autoDraw = True
134.1146 	EXP 	dots: autoDraw = False
134.4143 	EXP 	dots_test: autoDraw = True
134.8996 	INFO 	Keyboard events cleared
134.8993 	EXP 	dots_test: autoDraw = False
134.8993 	EXP 	text_2: autoDraw = True
135.5192 	DATA 	Keypress: left
135.5221 	EXP 	dots: autoDraw = False
135.5221 	EXP 	dots_test: autoDraw = False
135.5221 	EXP 	text_2: autoDraw = False
135.5221 	EXP 	dots_test: dir = 90.0
135.5221 	EXP 	dots: autoDraw = True
136.0179 	EXP 	dots: autoDraw = False
136.3319 	EXP 	dots_test: autoDraw = True
136.8139 	INFO 	Keyboard events cleared
136.8136 	EXP 	text_2: autoDraw = True
136.8304 	EXP 	dots_test: autoDraw = False
137.4710 	DATA 	Keypress: right
137.4740 	EXP 	dots: autoDraw = False
137.4740 	EXP 	dots_test: autoDraw = False
137.4740 	EXP 	text_2: autoDraw = False
137.4740 	EXP 	dots_test: dir = 91.5
137.4740 	EXP 	dots: autoDraw = True
137.9658 	EXP 	dots: autoDraw = False
138.2649 	EXP 	dots_test: autoDraw = True
138.7647 	INFO 	Keyboard events cleared
138.7638 	EXP 	dots_test: autoDraw = False
138.7638 	EXP 	text_2: autoDraw = True
143.0200 	DATA 	Keypress: right
143.0306 	EXP 	dots: autoDraw = False
143.0306 	EXP 	dots_test: autoDraw = False
143.0306 	EXP 	text_2: autoDraw = False
143.0306 	EXP 	dots_test: dir = 89.5
143.0306 	EXP 	dots: autoDraw = True
143.5169 	EXP 	dots: autoDraw = False
143.8317 	EXP 	dots_test: autoDraw = True
144.3140 	INFO 	Keyboard events cleared
144.3138 	EXP 	text_2: autoDraw = True
144.3304 	EXP 	dots_test: autoDraw = False
145.2181 	DATA 	Keypress: right
145.2209 	EXP 	dots: autoDraw = False
145.2209 	EXP 	dots_test: autoDraw = False
145.2209 	EXP 	text_2: autoDraw = False
145.2209 	EXP 	dots_test: dir = 92.0
145.2209 	EXP 	dots: autoDraw = True
145.7319 	EXP 	dots: autoDraw = False
146.0148 	EXP 	dots_test: autoDraw = True
146.5141 	INFO 	Keyboard events cleared
146.5138 	EXP 	dots_test: autoDraw = False
146.5138 	EXP 	text_2: autoDraw = True
146.8024 	DATA 	Keypress: left
146.8053 	EXP 	dots: autoDraw = False
146.8053 	EXP 	dots_test: autoDraw = False
146.8053 	EXP 	text_2: autoDraw = False
146.8053 	EXP 	dots_test: dir = 92.0
146.8053 	EXP 	dots: autoDraw = True
147.3132 	EXP 	dots: autoDraw = False
147.5970 	EXP 	dots_test: autoDraw = True
148.0981 	INFO 	Keyboard events cleared
148.0977 	EXP 	dots_test: autoDraw = False
148.0977 	EXP 	text_2: autoDraw = True
149.2218 	DATA 	Keypress: left
149.2304 	EXP 	dots: autoDraw = False
149.2304 	EXP 	dots_test: autoDraw = False
149.2304 	EXP 	text_2: autoDraw = False
149.2304 	EXP 	dots_test: dir = 89.5
149.2304 	EXP 	dots: autoDraw = True
149.7191 	EXP 	dots: autoDraw = False
150.0314 	EXP 	dots_test: autoDraw = True
150.5319 	INFO 	Keyboard events cleared
150.5313 	EXP 	dots_test: autoDraw = False
150.5313 	EXP 	text_2: autoDraw = True
150.9052 	DATA 	Keypress: right
150.9137 	EXP 	dots: autoDraw = False
150.9137 	EXP 	dots_test: autoDraw = False
150.9137 	EXP 	text_2: autoDraw = False
150.9137 	EXP 	dots_test: dir = 90.0
150.9137 	EXP 	dots: autoDraw = True
151.4147 	EXP 	dots: autoDraw = False
151.7149 	EXP 	dots_test: autoDraw = True
152.1999 	INFO 	Keyboard events cleared
152.1997 	EXP 	text_2: autoDraw = True
152.2137 	EXP 	dots_test: autoDraw = False
152.5690 	DATA 	Keypress: right
152.5802 	EXP 	dots: autoDraw = False
152.5802 	EXP 	dots_test: autoDraw = False
152.5802 	EXP 	text_2: autoDraw = False
152.5802 	EXP 	dots_test: dir = 91.5
152.5802 	EXP 	dots: autoDraw = True
153.0660 	EXP 	dots: autoDraw = False
153.3637 	EXP 	dots_test: autoDraw = True
153.8490 	EXP 	dots_test: autoDraw = False
153.8639 	INFO 	Keyboard events cleared
153.8636 	EXP 	text_2: autoDraw = True
154.2845 	DATA 	Keypress: right
154.2883 	EXP 	dots: autoDraw = False
154.2883 	EXP 	dots_test: autoDraw = False
154.2883 	EXP 	text_2: autoDraw = False
154.2883 	EXP 	dots_test: dir = 92.0
154.2883 	EXP 	dots: autoDraw = True
154.7984 	EXP 	dots: autoDraw = False
155.0813 	EXP 	dots_test: autoDraw = True
155.5818 	INFO 	Keyboard events cleared
155.5809 	EXP 	dots_test: autoDraw = False
155.5809 	EXP 	text_2: autoDraw = True
156.2355 	DATA 	Keypress: left
156.2384 	EXP 	dots: autoDraw = False
156.2384 	EXP 	dots_test: autoDraw = False
156.2384 	EXP 	text_2: autoDraw = False
156.2384 	EXP 	dots_test: dir = 89.5
156.2384 	EXP 	dots: autoDraw = True
156.7328 	EXP 	dots: autoDraw = False
157.0313 	EXP 	dots_test: autoDraw = True
157.5315 	INFO 	Keyboard events cleared
157.5312 	EXP 	dots_test: autoDraw = False
157.5312 	EXP 	text_2: autoDraw = True
157.7702 	DATA 	Keypress: right
157.7803 	EXP 	dots: autoDraw = False
157.7803 	EXP 	dots_test: autoDraw = False
157.7803 	EXP 	text_2: autoDraw = False
157.7803 	EXP 	dots_test: dir = 89.5
157.7803 	EXP 	dots: autoDraw = True
158.2659 	EXP 	dots: autoDraw = False
158.5707 	EXP 	dots_test: autoDraw = True
159.0662 	INFO 	Keyboard events cleared
159.0659 	EXP 	dots_test: autoDraw = False
159.0659 	EXP 	text_2: autoDraw = True
160.2029 	DATA 	Keypress: left
160.2059 	EXP 	dots: autoDraw = False
160.2059 	EXP 	dots_test: autoDraw = False
160.2059 	EXP 	text_2: autoDraw = False
160.2059 	EXP 	dots_test: dir = 92.0
160.2059 	EXP 	dots: autoDraw = True
160.7144 	EXP 	dots: autoDraw = False
160.9971 	EXP 	dots_test: autoDraw = True
161.4830 	EXP 	dots_test: autoDraw = False
161.4973 	INFO 	Keyboard events cleared
161.4970 	EXP 	text_2: autoDraw = True
161.8550 	DATA 	Keypress: right
161.8578 	EXP 	dots: autoDraw = False
161.8578 	EXP 	dots_test: autoDraw = False
161.8578 	EXP 	text_2: autoDraw = False
161.8578 	EXP 	dots_test: dir = 89.0
161.8578 	EXP 	dots: autoDraw = True
162.3493 	EXP 	dots: autoDraw = False
162.6641 	EXP 	dots_test: autoDraw = True
163.1653 	INFO 	Keyboard events cleared
163.1644 	EXP 	dots_test: autoDraw = False
163.1644 	EXP 	text_2: autoDraw = True
164.0360 	DATA 	Keypress: right
164.0502 	EXP 	dots: autoDraw = False
164.0502 	EXP 	dots_test: autoDraw = False
164.0502 	EXP 	text_2: autoDraw = False
164.0502 	EXP 	dots_test: dir = 92.5
164.0502 	EXP 	dots: autoDraw = True
164.5650 	EXP 	dots: autoDraw = False
164.8473 	EXP 	dots_test: autoDraw = True
165.3474 	INFO 	Keyboard events cleared
165.3472 	EXP 	dots_test: autoDraw = False
165.3472 	EXP 	text_2: autoDraw = True
165.7870 	DATA 	Keypress: left
165.7972 	EXP 	dots: autoDraw = False
165.7972 	EXP 	dots_test: autoDraw = False
165.7972 	EXP 	text_2: autoDraw = False
165.7972 	EXP 	dots_test: dir = 89.0
165.7972 	EXP 	dots: autoDraw = True
166.2823 	EXP 	dots: autoDraw = False
166.5833 	EXP 	dots_test: autoDraw = True
167.0808 	INFO 	Keyboard events cleared
167.0805 	EXP 	dots_test: autoDraw = False
167.0805 	EXP 	text_2: autoDraw = True
167.5351 	DATA 	Keypress: right
167.5379 	EXP 	dots: autoDraw = False
167.5379 	EXP 	dots_test: autoDraw = False
167.5379 	EXP 	text_2: autoDraw = False
167.5379 	EXP 	dots_test: dir = 92.5
167.5379 	EXP 	dots: autoDraw = True
168.0478 	EXP 	dots: autoDraw = False
168.3304 	EXP 	dots_test: autoDraw = True
168.8178 	EXP 	dots_test: autoDraw = False
168.8319 	INFO 	Keyboard events cleared
168.8317 	EXP 	text_2: autoDraw = True
169.2197 	DATA 	Keypress: left
169.2305 	EXP 	dots: autoDraw = False
169.2305 	EXP 	dots_test: autoDraw = False
169.2305 	EXP 	text_2: autoDraw = False
169.2305 	EXP 	dots_test: dir = 92.0
169.2305 	EXP 	dots: autoDraw = True
169.7311 	EXP 	dots: autoDraw = False
170.0137 	EXP 	dots_test: autoDraw = True
170.5141 	EXP 	dots_test: autoDraw = False
170.5200 	INFO 	Keyboard events cleared
170.5196 	EXP 	text_2: autoDraw = True
170.8190 	DATA 	Keypress: left
170.8306 	EXP 	dots: autoDraw = False
170.8306 	EXP 	dots_test: autoDraw = False
170.8306 	EXP 	text_2: autoDraw = False
170.8306 	EXP 	dots_test: dir = 89.5
170.8306 	EXP 	dots: autoDraw = True
171.3311 	EXP 	dots: autoDraw = False
171.6148 	EXP 	dots_test: autoDraw = True
172.1146 	INFO 	Keyboard events cleared
172.1143 	EXP 	dots_test: autoDraw = False
172.1143 	EXP 	text_2: autoDraw = True
174.4049 	DATA 	Keypress: right
174.4139 	EXP 	dots: autoDraw = False
174.4139 	EXP 	dots_test: autoDraw = False
174.4139 	EXP 	text_2: autoDraw = False
174.4139 	EXP 	dots_test: dir = 89.5
174.4139 	EXP 	dots: autoDraw = True
174.9144 	EXP 	dots: autoDraw = False
175.2143 	EXP 	dots_test: autoDraw = True
175.7001 	INFO 	Keyboard events cleared
175.6997 	EXP 	dots_test: autoDraw = False
175.6997 	EXP 	text_2: autoDraw = True
176.1365 	DATA 	Keypress: right
176.1392 	EXP 	dots: autoDraw = False
176.1392 	EXP 	dots_test: autoDraw = False
176.1392 	EXP 	text_2: autoDraw = False
176.1392 	EXP 	dots_test: dir = 92.0
176.1392 	EXP 	dots: autoDraw = True
176.6487 	EXP 	dots: autoDraw = False
176.9305 	EXP 	dots_test: autoDraw = True
177.4162 	EXP 	dots_test: autoDraw = False
177.4307 	INFO 	Keyboard events cleared
177.4304 	EXP 	text_2: autoDraw = True
178.7849 	DATA 	Keypress: right
178.7879 	EXP 	dots: autoDraw = False
178.7879 	EXP 	dots_test: autoDraw = False
178.7879 	EXP 	text_2: autoDraw = False
178.7879 	EXP 	dots_test: dir = 92.5
178.7879 	EXP 	dots: autoDraw = True
179.2823 	EXP 	dots: autoDraw = False
179.5803 	EXP 	dots_test: autoDraw = True
180.0658 	EXP 	dots_test: autoDraw = False
180.0806 	INFO 	Keyboard events cleared
180.0804 	EXP 	text_2: autoDraw = True
180.3194 	DATA 	Keypress: left
180.3306 	EXP 	dots: autoDraw = False
180.3306 	EXP 	dots_test: autoDraw = False
180.3306 	EXP 	text_2: autoDraw = False
180.3306 	EXP 	dots_test: dir = 90.0
180.3306 	EXP 	dots: autoDraw = True
180.8317 	EXP 	dots: autoDraw = False
181.1138 	EXP 	dots_test: autoDraw = True
181.6143 	EXP 	dots_test: autoDraw = False
181.6201 	INFO 	Keyboard events cleared
181.6198 	EXP 	text_2: autoDraw = True
181.9352 	DATA 	Keypress: left
181.9381 	EXP 	dots: autoDraw = False
181.9381 	EXP 	dots_test: autoDraw = False
181.9381 	EXP 	text_2: autoDraw = False
181.9381 	EXP 	dots_test: dir = 92.5
181.9381 	EXP 	dots: autoDraw = True
182.4481 	EXP 	dots: autoDraw = False
182.7311 	EXP 	dots_test: autoDraw = True
183.2166 	EXP 	dots_test: autoDraw = False
183.2306 	INFO 	Keyboard events cleared
183.2304 	EXP 	text_2: autoDraw = True
183.4682 	DATA 	Keypress: left
183.4711 	EXP 	dots: autoDraw = False
183.4711 	EXP 	dots_test: autoDraw = False
183.4711 	EXP 	text_2: autoDraw = False
183.4711 	EXP 	dots_test: dir = 90.0
183.4711 	EXP 	dots: autoDraw = True
183.9691 	EXP 	dots: autoDraw = False
184.2647 	EXP 	dots_test: autoDraw = True
184.7640 	INFO 	Keyboard events cleared
184.7637 	EXP 	dots_test: autoDraw = False
184.7637 	EXP 	text_2: autoDraw = True
185.1863 	DATA 	Keypress: right
185.1971 	EXP 	dots: autoDraw = False
185.1971 	EXP 	dots_test: autoDraw = False
185.1971 	EXP 	text_2: autoDraw = False
185.1971 	EXP 	dots_test: dir = 89.5
185.1971 	EXP 	dots: autoDraw = True
185.6826 	EXP 	dots: autoDraw = False
185.9808 	EXP 	dots_test: autoDraw = True
186.4815 	EXP 	dots_test: autoDraw = False
186.4983 	INFO 	Keyboard events cleared
186.4976 	EXP 	text_2: autoDraw = True
186.7839 	DATA 	Keypress: right
186.7865 	EXP 	dots: autoDraw = False
186.7865 	EXP 	dots_test: autoDraw = False
186.7865 	EXP 	text_2: autoDraw = False
186.7865 	EXP 	dots_test: dir = 92.0
186.7865 	EXP 	dots: autoDraw = True
187.2975 	EXP 	dots: autoDraw = False
187.5703 	EXP 	dots_test: autoDraw = True
188.0812 	INFO 	Keyboard events cleared
188.0805 	EXP 	dots_test: autoDraw = False
188.0805 	EXP 	text_2: autoDraw = True
188.3684 	DATA 	Keypress: left
188.3713 	EXP 	dots: autoDraw = False
188.3713 	EXP 	dots_test: autoDraw = False
188.3713 	EXP 	text_2: autoDraw = False
188.3713 	EXP 	dots_test: dir = 92.0
188.3713 	EXP 	dots: autoDraw = True
188.8810 	EXP 	dots: autoDraw = False
189.1683 	WARNING 	Multiple dropped frames have occurred - I'll stop bothering you about them!
189.1682 	EXP 	dots_test: autoDraw = True
189.6641 	INFO 	Keyboard events cleared
189.6638 	EXP 	dots_test: autoDraw = False
189.6638 	EXP 	text_2: autoDraw = True
190.0518 	DATA 	Keypress: left
190.0548 	EXP 	dots: autoDraw = False
190.0548 	EXP 	dots_test: autoDraw = False
190.0548 	EXP 	text_2: autoDraw = False
190.0548 	EXP 	dots_test: dir = 89.5
190.0548 	EXP 	dots: autoDraw = True
190.5508 	EXP 	dots: autoDraw = False
190.8471 	EXP 	dots_test: autoDraw = True
191.3348 	EXP 	dots_test: autoDraw = False
191.3491 	INFO 	Keyboard events cleared
191.3484 	EXP 	text_2: autoDraw = True
191.8019 	DATA 	Keypress: right
191.8047 	EXP 	dots: autoDraw = False
191.8047 	EXP 	dots_test: autoDraw = False
191.8047 	EXP 	text_2: autoDraw = False
191.8047 	EXP 	dots_test: dir = 90.0
191.8047 	EXP 	dots: autoDraw = True
192.3150 	EXP 	dots: autoDraw = False
192.5977 	EXP 	dots_test: autoDraw = True
193.0826 	EXP 	dots_test: autoDraw = False
193.0974 	INFO 	Keyboard events cleared
193.0971 	EXP 	text_2: autoDraw = True
193.5350 	DATA 	Keypress: right
193.5380 	EXP 	dots: autoDraw = False
193.5380 	EXP 	dots_test: autoDraw = False
193.5380 	EXP 	text_2: autoDraw = False
193.5380 	EXP 	dots_test: dir = 91.5
193.5380 	EXP 	dots: autoDraw = True
194.0346 	EXP 	dots: autoDraw = False
194.3315 	EXP 	dots_test: autoDraw = True
194.8326 	INFO 	Keyboard events cleared
194.8315 	EXP 	dots_test: autoDraw = False
194.8315 	EXP 	text_2: autoDraw = True
195.3824 	DATA 	Keypress: right
195.3840 	EXP 	dots: autoDraw = False
195.3840 	EXP 	dots_test: autoDraw = False
195.3840 	EXP 	text_2: autoDraw = False
195.3840 	EXP 	dots_test: dir = 92.0
195.3840 	EXP 	dots: autoDraw = True
195.8977 	EXP 	dots: autoDraw = False
196.1669 	EXP 	dots_test: autoDraw = True
196.6637 	EXP 	dots_test: autoDraw = False
196.6663 	INFO 	Keyboard events cleared
196.6660 	EXP 	text_2: autoDraw = True
196.9351 	DATA 	Keypress: left
196.9379 	EXP 	dots: autoDraw = False
196.9379 	EXP 	dots_test: autoDraw = False
196.9379 	EXP 	text_2: autoDraw = False
196.9379 	EXP 	dots_test: dir = 89.5
196.9379 	EXP 	dots: autoDraw = True
197.4303 	EXP 	dots: autoDraw = False
197.7483 	EXP 	dots_test: autoDraw = True
198.2313 	INFO 	Keyboard events cleared
198.2304 	EXP 	text_2: autoDraw = True
198.2470 	EXP 	dots_test: autoDraw = False
198.9509 	DATA 	Keypress: right
198.9538 	EXP 	dots: autoDraw = False
198.9538 	EXP 	dots_test: autoDraw = False
198.9538 	EXP 	text_2: autoDraw = False
198.9538 	EXP 	dots_test: dir = 92.0
198.9538 	EXP 	dots: autoDraw = True
199.4648 	EXP 	dots: autoDraw = False
199.7330 	EXP 	dots_test: autoDraw = True
200.2304 	EXP 	dots_test: autoDraw = False
200.2337 	INFO 	Keyboard events cleared
200.2335 	EXP 	text_2: autoDraw = True
200.6345 	DATA 	Keypress: left
200.6375 	EXP 	dots: autoDraw = False
200.6375 	EXP 	dots_test: autoDraw = False
200.6375 	EXP 	text_2: autoDraw = False
200.6375 	EXP 	dots_test: dir = 89.5
200.6375 	EXP 	dots: autoDraw = True
201.1479 	EXP 	dots: autoDraw = False
201.4307 	EXP 	dots_test: autoDraw = True
201.9159 	EXP 	dots_test: autoDraw = False
201.9307 	INFO 	Keyboard events cleared
201.9304 	EXP 	text_2: autoDraw = True
202.3531 	DATA 	Keypress: right
202.3640 	EXP 	dots: autoDraw = False
202.3640 	EXP 	dots_test: autoDraw = False
202.3640 	EXP 	text_2: autoDraw = False
202.3640 	EXP 	dots_test: dir = 91.5
202.3640 	EXP 	dots: autoDraw = True
202.8491 	EXP 	dots: autoDraw = False
203.1647 	EXP 	dots_test: autoDraw = True
203.6474 	INFO 	Keyboard events cleared
203.6471 	EXP 	text_2: autoDraw = True
203.6499 	EXP 	dots_test: autoDraw = False
204.0017 	DATA 	Keypress: right
204.0044 	EXP 	dots: autoDraw = False
204.0044 	EXP 	dots_test: autoDraw = False
204.0044 	EXP 	text_2: autoDraw = False
204.0044 	EXP 	dots_test: dir = 90.0
204.0044 	EXP 	dots: autoDraw = True
204.4993 	EXP 	dots: autoDraw = False
204.7984 	EXP 	dots_test: autoDraw = True
205.2976 	INFO 	Keyboard events cleared
205.2971 	EXP 	dots_test: autoDraw = False
205.2971 	EXP 	text_2: autoDraw = True
205.8853 	DATA 	Keypress: right
205.8881 	EXP 	dots: autoDraw = False
205.8881 	EXP 	dots_test: autoDraw = False
205.8881 	EXP 	text_2: autoDraw = False
205.8881 	EXP 	dots_test: dir = 89.5
205.8881 	EXP 	dots: autoDraw = True
206.3803 	EXP 	dots: autoDraw = False
206.6815 	EXP 	dots_test: autoDraw = True
207.1813 	INFO 	Keyboard events cleared
207.1806 	EXP 	dots_test: autoDraw = False
207.1806 	EXP 	text_2: autoDraw = True
207.6708 	DATA 	Keypress: right
207.6805 	EXP 	dots: autoDraw = False
207.6805 	EXP 	dots_test: autoDraw = False
207.6805 	EXP 	text_2: autoDraw = False
207.6805 	EXP 	dots_test: dir = 92.0
207.6805 	EXP 	dots: autoDraw = True
208.1813 	EXP 	dots: autoDraw = False
208.4817 	EXP 	dots_test: autoDraw = True
208.9821 	INFO 	Keyboard events cleared
208.9815 	EXP 	dots_test: autoDraw = False
208.9815 	EXP 	text_2: autoDraw = True
209.6350 	DATA 	Keypress: left
209.6378 	EXP 	dots: autoDraw = False
209.6378 	EXP 	dots_test: autoDraw = False
209.6378 	EXP 	text_2: autoDraw = False
209.6378 	EXP 	dots_test: dir = 89.5
209.6378 	EXP 	dots: autoDraw = True
210.1325 	EXP 	dots: autoDraw = False
210.4320 	EXP 	dots_test: autoDraw = True
210.9307 	INFO 	Keyboard events cleared
210.9305 	EXP 	dots_test: autoDraw = False
210.9305 	EXP 	text_2: autoDraw = True
211.2380 	DATA 	Keypress: right
211.2473 	EXP 	dots: autoDraw = False
211.2473 	EXP 	dots_test: autoDraw = False
211.2473 	EXP 	text_2: autoDraw = False
211.2473 	EXP 	dots_test: dir = 92.0
211.2473 	EXP 	dots: autoDraw = True
211.7325 	EXP 	dots: autoDraw = False
212.0332 	EXP 	dots_test: autoDraw = True
212.5307 	INFO 	Keyboard events cleared
212.5305 	EXP 	dots_test: autoDraw = False
212.5305 	EXP 	text_2: autoDraw = True
212.6855 	DATA 	Keypress: left
212.6884 	EXP 	dots: autoDraw = False
212.6884 	EXP 	dots_test: autoDraw = False
212.6884 	EXP 	text_2: autoDraw = False
212.6884 	EXP 	dots_test: dir = 90.0
212.6884 	EXP 	dots: autoDraw = True
213.1847 	EXP 	dots: autoDraw = False
213.4874 	EXP 	dots_test: autoDraw = True
213.9822 	INFO 	Keyboard events cleared
213.9819 	EXP 	text_2: autoDraw = True
213.9984 	EXP 	dots_test: autoDraw = False
214.3681 	DATA 	Keypress: right
214.3711 	EXP 	dots: autoDraw = False
214.3711 	EXP 	dots_test: autoDraw = False
214.3711 	EXP 	text_2: autoDraw = False
214.3711 	EXP 	dots_test: dir = 91.5
214.3711 	EXP 	dots: autoDraw = True
214.8660 	EXP 	dots: autoDraw = False
215.1537 	EXP 	dots_test: autoDraw = True
215.6490 	EXP 	dots_test: autoDraw = False
215.6639 	INFO 	Keyboard events cleared
215.6637 	EXP 	text_2: autoDraw = True
218.9187 	DATA 	Keypress: right
218.9216 	EXP 	dots: autoDraw = False
218.9216 	EXP 	dots_test: autoDraw = False
218.9216 	EXP 	text_2: autoDraw = False
218.9216 	EXP 	dots_test: dir = 89.5
218.9216 	EXP 	dots: autoDraw = True
219.4157 	EXP 	dots: autoDraw = False
219.7310 	EXP 	dots_test: autoDraw = True
220.2142 	INFO 	Keyboard events cleared
220.2138 	EXP 	text_2: autoDraw = True
220.2175 	EXP 	dots_test: autoDraw = False
221.2178 	DATA 	Keypress: left
221.2208 	EXP 	dots: autoDraw = False
221.2208 	EXP 	dots_test: autoDraw = False
221.2208 	EXP 	text_2: autoDraw = False
221.2208 	EXP 	dots_test: dir = 92.0
221.2208 	EXP 	dots: autoDraw = True
221.7315 	EXP 	dots: autoDraw = False
222.0032 	EXP 	dots_test: autoDraw = True
222.5160 	INFO 	Keyboard events cleared
222.5152 	EXP 	dots_test: autoDraw = False
222.5152 	EXP 	text_2: autoDraw = True
223.1741 	DATA 	Keypress: left
223.1848 	EXP 	dots: autoDraw = False
223.1848 	EXP 	dots_test: autoDraw = False
223.1848 	EXP 	text_2: autoDraw = False
223.1848 	EXP 	dots_test: dir = 92.0
223.1848 	EXP 	dots: autoDraw = True
223.6984 	EXP 	dots: autoDraw = False
223.9815 	EXP 	dots_test: autoDraw = True
224.4669 	INFO 	Keyboard events cleared
224.4665 	EXP 	text_2: autoDraw = True
224.4805 	EXP 	dots_test: autoDraw = False
225.0344 	DATA 	Keypress: right
225.0373 	EXP 	dots: autoDraw = False
225.0373 	EXP 	dots_test: autoDraw = False
225.0373 	EXP 	text_2: autoDraw = False
225.0373 	EXP 	dots_test: dir = 89.0
225.0373 	EXP 	dots: autoDraw = True
225.5331 	EXP 	dots: autoDraw = False
225.8204 	EXP 	dots_test: autoDraw = True
226.3322 	INFO 	Keyboard events cleared
226.3315 	EXP 	dots_test: autoDraw = False
226.3315 	EXP 	text_2: autoDraw = True
226.7012 	DATA 	Keypress: right
226.7040 	EXP 	dots: autoDraw = False
226.7040 	EXP 	dots_test: autoDraw = False
226.7040 	EXP 	text_2: autoDraw = False
226.7040 	EXP 	dots_test: dir = 92.5
226.7040 	EXP 	dots: autoDraw = True
227.2145 	EXP 	dots: autoDraw = False
227.4978 	EXP 	dots_test: autoDraw = True
227.9832 	EXP 	dots_test: autoDraw = False
227.9974 	INFO 	Keyboard events cleared
227.9972 	EXP 	text_2: autoDraw = True
228.6537 	DATA 	Keypress: left
228.6637 	EXP 	dots: autoDraw = False
228.6637 	EXP 	dots_test: autoDraw = False
228.6637 	EXP 	text_2: autoDraw = False
228.6637 	EXP 	dots_test: dir = 89.0
228.6637 	EXP 	dots: autoDraw = True
229.1494 	EXP 	dots: autoDraw = False
229.4653 	EXP 	dots_test: autoDraw = True
229.9512 	INFO 	Keyboard events cleared
229.9509 	EXP 	text_2: autoDraw = True
229.9637 	EXP 	dots_test: autoDraw = False
230.4353 	DATA 	Keypress: right
230.4382 	EXP 	dots: autoDraw = False
230.4382 	EXP 	dots_test: autoDraw = False
230.4382 	EXP 	text_2: autoDraw = False
230.4382 	EXP 	dots_test: dir = 89.5
230.4382 	EXP 	dots: autoDraw = True
230.9325 	EXP 	dots: autoDraw = False
231.2318 	EXP 	dots_test: autoDraw = True
231.7308 	INFO 	Keyboard events cleared
231.7304 	EXP 	dots_test: autoDraw = False
231.7304 	EXP 	text_2: autoDraw = True
231.9216 	DATA 	Keypress: right
231.9304 	EXP 	dots: autoDraw = False
231.9304 	EXP 	dots_test: autoDraw = False
231.9304 	EXP 	text_2: autoDraw = False
231.9304 	EXP 	dots_test: dir = 92.5
231.9304 	EXP 	dots: autoDraw = True
232.4172 	EXP 	dots: autoDraw = False
232.7163 	EXP 	dots_test: autoDraw = True
233.2317 	INFO 	Keyboard events cleared
233.2314 	EXP 	dots_test: autoDraw = False
233.2314 	EXP 	text_2: autoDraw = True
233.6046 	DATA 	Keypress: right
233.6139 	EXP 	dots: autoDraw = False
233.6139 	EXP 	dots_test: autoDraw = False
233.6139 	EXP 	text_2: autoDraw = False
233.6139 	EXP 	dots_test: dir = 93.0
233.6139 	EXP 	dots: autoDraw = True
234.1143 	EXP 	dots: autoDraw = False
234.4002 	EXP 	dots_test: autoDraw = True
234.8975 	EXP 	dots_test: autoDraw = False
234.9002 	INFO 	Keyboard events cleared
234.8999 	EXP 	text_2: autoDraw = True
235.0853 	DATA 	Keypress: left
235.0971 	EXP 	dots: autoDraw = False
235.0971 	EXP 	dots_test: autoDraw = False
235.0971 	EXP 	text_2: autoDraw = False
235.0971 	EXP 	dots_test: dir = 89.5
235.0971 	EXP 	dots: autoDraw = True
235.5836 	EXP 	dots: autoDraw = False
235.8974 	EXP 	dots_test: autoDraw = True
236.3993 	INFO 	Keyboard events cleared
236.3986 	EXP 	dots_test: autoDraw = False
236.3986 	EXP 	text_2: autoDraw = True
236.6296 	DATA 	Keypress: left
236.6337 	EXP 	dots: autoDraw = False
236.6337 	EXP 	dots_test: autoDraw = False
236.6337 	EXP 	text_2: autoDraw = False
236.6337 	EXP 	dots_test: dir = 93.0
236.6337 	EXP 	dots: autoDraw = True
237.1325 	EXP 	dots: autoDraw = False
237.4313 	EXP 	dots_test: autoDraw = True
237.9167 	INFO 	Keyboard events cleared
237.9164 	EXP 	text_2: autoDraw = True
237.9304 	EXP 	dots_test: autoDraw = False
238.4384 	DATA 	Keypress: left
238.4472 	EXP 	dots: autoDraw = False
238.4472 	EXP 	dots_test: autoDraw = False
238.4472 	EXP 	text_2: autoDraw = False
238.4472 	EXP 	dots_test: dir = 89.0
238.4472 	EXP 	dots: autoDraw = True
238.9329 	EXP 	dots: autoDraw = False
239.2315 	EXP 	dots_test: autoDraw = True
239.7184 	EXP 	dots_test: autoDraw = False
239.7320 	INFO 	Keyboard events cleared
239.7311 	EXP 	text_2: autoDraw = True
240.1181 	DATA 	Keypress: right
240.1209 	EXP 	dots: autoDraw = False
240.1209 	EXP 	dots_test: autoDraw = False
240.1209 	EXP 	text_2: autoDraw = False
240.1209 	EXP 	dots_test: dir = 89.0
240.1209 	EXP 	dots: autoDraw = True
240.6161 	EXP 	dots: autoDraw = False
240.9149 	EXP 	dots_test: autoDraw = True
241.4141 	INFO 	Keyboard events cleared
241.4138 	EXP 	dots_test: autoDraw = False
241.4138 	EXP 	text_2: autoDraw = True
241.7881 	DATA 	Keypress: right
241.7970 	EXP 	dots: autoDraw = False
241.7970 	EXP 	dots_test: autoDraw = False
241.7970 	EXP 	text_2: autoDraw = False
241.7970 	EXP 	dots_test: dir = 92.5
241.7970 	EXP 	dots: autoDraw = True
242.2832 	EXP 	dots: autoDraw = False
242.5805 	EXP 	dots_test: autoDraw = True
243.0682 	EXP 	dots_test: autoDraw = False
243.0815 	INFO 	Keyboard events cleared
243.0811 	EXP 	text_2: autoDraw = True
243.3418 	DATA 	Keypress: left
243.3471 	EXP 	dots: autoDraw = False
243.3471 	EXP 	dots_test: autoDraw = False
243.3471 	EXP 	text_2: autoDraw = False
243.3471 	EXP 	dots_test: dir = 92.5
243.3471 	EXP 	dots: autoDraw = True
243.8483 	EXP 	dots: autoDraw = False
244.1363 	EXP 	dots_test: autoDraw = True
244.6336 	INFO 	Keyboard events cleared
244.6334 	EXP 	dots_test: autoDraw = False
244.6334 	EXP 	text_2: autoDraw = True
244.9513 	DATA 	Keypress: left
244.9540 	EXP 	dots: autoDraw = False
244.9540 	EXP 	dots_test: autoDraw = False
244.9540 	EXP 	text_2: autoDraw = False
244.9540 	EXP 	dots_test: dir = 89.5
244.9540 	EXP 	dots: autoDraw = True
245.4643 	EXP 	dots: autoDraw = False
245.7483 	EXP 	dots_test: autoDraw = True
246.2478 	INFO 	Keyboard events cleared
246.2471 	EXP 	dots_test: autoDraw = False
246.2471 	EXP 	text_2: autoDraw = True
246.6178 	DATA 	Keypress: left
246.6305 	EXP 	dots: autoDraw = False
246.6305 	EXP 	dots_test: autoDraw = False
246.6305 	EXP 	text_2: autoDraw = False
246.6306 	EXP 	2d-motion-direction-discrimination: status = STOPPED
246.6598 	INFO 	saved data to '/Users/kbonnen/Library/CloudStorage/OneDrive-IndianaUniversity/Courses/V768-Measuring-Perception/V768-Psychophysics-labs/07-3d-motion/2d-motion-direction-discrimation/data/258488_2d-motion-direction-discrimination_2025-02-27_07h06.21.954.csv'
246.6613 	INFO 	saved data to /Users/kbonnen/Library/CloudStorage/OneDrive-IndianaUniversity/Courses/V768-Measuring-Perception/V768-Psychophysics-labs/07-3d-motion/2d-motion-direction-discrimation/data/258488_2d-motion-direction-discrimination_2025-02-27_07h06.21.954.psydat
